<html>
<head>
<title>TestNG:  Results</title>
<link href="../testng.css" rel="stylesheet" type="text/css" />
<link href="../my-testng.css" rel="stylesheet" type="text/css" />

<style type="text/css">
.log { display: none;} 
.stack-trace { display: none;} 
</style>
<script type="text/javascript">
<!--
function flip(e) {
  current = e.style.display;
  if (current == 'block') {
    e.style.display = 'none';
    return 0;
  }
  else {
    e.style.display = 'block';
    return 1;
  }
}

function toggleBox(szDivId, elem, msg1, msg2)
{
  var res = -1;  if (document.getElementById) {
    res = flip(document.getElementById(szDivId));
  }
  else if (document.all) {
    // this is the way old msie versions work
    res = flip(document.all[szDivId]);
  }
  if(elem) {
    if(res == 0) elem.innerHTML = msg1; else elem.innerHTML = msg2;
  }

}

function toggleAllBoxes() {
  if (document.getElementsByTagName) {
    d = document.getElementsByTagName('div');
    for (i = 0; i < d.length; i++) {
      if (d[i].className == 'log') {
        flip(d[i]);
      }
    }
  }
}

// -->
</script>

</head>
<body>
<h2 align='center'>Results</h2><table border='1' align="center">
<tr>
<td>Tests passed/Failed/Skipped:</td><td>309/8/0</td>
</tr><tr>
<td>Started on:</td><td>Wed Mar 15 09:51:42 IST 2023</td>
</tr>
<tr><td>Total time:</td><td>8249 seconds (8249185 ms)</td>
</tr><tr>
<td>Included groups:</td><td></td>
</tr><tr>
<td>Excluded groups:</td><td></td>
</tr>
</table><p/>
<small><i>(Hover the method name to see the test class name)</i></small><p/>
<table width='100%' border='1' class='invocation-failed'>
<tr><td colspan='4' align='center'><b>FAILED TESTS</b></td></tr>
<tr><td><b>Test method</b></td>
<td width="30%"><b>Exception</b></td>
<td width="10%"><b>Time (seconds)</b></td>
<td><b>Instance</b></td>
</tr>
<tr>
<td title='driver.Driver.executeTestcase()'><b>executeTestcase</b><br>Test class: driver.Driver<br>Parameters: org.testng.TestRunner@3d484181</td>
<td><div><pre>java.lang.reflect.InvocationTargetException
	at driver.Driver.executeTestcase(Driver.java:145)
	at java.base/java.util.ArrayList.forEach(ArrayList.java:1511)
Caused by: org.openqa.selenium.NoSuchElementException: no such element: Unable to locate element: {&quot;method&quot;:&quot;xpath&quot;,&quot;selector&quot;:&quot;//h2[@id=&apos;subtitle&apos;]&quot;}
  (Session info: chrome=111.0.5563.65)
For documentation on this error, please visit: https://www.seleniumhq.org/exceptions/no_such_element.html
Build info: version: &apos;4.0.0-alpha-1&apos;, revision: &apos;d1d3728cae&apos;, time: &apos;2019-04-24T13:42:21&apos;
System info: host: &apos;Z3P5PUGDEV0062&apos;, ip: &apos;10.99.60.229&apos;, os.name: &apos;Windows 11&apos;, os.arch: &apos;amd64&apos;, os.version: &apos;10.0&apos;, java.version: &apos;19.0.1&apos;
Driver info: org.openqa.selenium.chrome.ChromeDriver
Capabilities {acceptInsecureCerts: false, browserName: chrome, browserVersion: 111.0.5563.65, chrome: {chromedriverVersion: 111.0.5563.64 (c710e93d5b63..., userDataDir: E:\fahmed2\AppData\Local\Te...}, goog:chromeOptions: {debuggerAddress: localhost:49875}, javascriptEnabled: true, networkConnectionEnabled: false, pageLoadStrategy: normal, platform: WINDOWS, platformName: WINDOWS, proxy: Proxy(), setWindowRect: true, strictFileInteractability: false, timeouts: {implicit: 0, pageLoad: 300000, script: 30000}, unhandledPromptBehavior: dismiss and notify, webauthn:extension:credBlob: true, webauthn:extension:largeBlob: true, webauthn:extension:minPinLength: true, webauthn:extension:prf: true, webauthn:virtualAuthenticators: true}
Session ID: 9c27fbc95f1aab6046f77ce574b938fc
*** Element info: {Using=xpath, value=//h2[@id=&apos;subtitle&apos;]}
	at org.openqa.selenium.remote.codec.w3c.W3CHttpResponseCodec.createException(W3CHttpResponseCodec.java:190)
	at org.openqa.selenium.remote.codec.w3c.W3CHttpResponseCodec.decode(W3CHttpResponseCodec.java:124)
	at org.openqa.selenium.remote.codec.w3c.W3CHttpResponseCodec.decode(W3CHttpResponseCodec.java:51)
	at org.openqa.selenium.remote.HttpCommandExecutor.execute(HttpCommandExecutor.java:161)
	at org.openqa.selenium.remote.service.DriverCommandExecutor.execute(DriverCommandExecutor.java:83)
	at org.openqa.selenium.remote.RemoteWebDriver.execute(RemoteWebDriver.java:577)
	at org.openqa.selenium.remote.RemoteWebDriver.findElement(RemoteWebDriver.java:328)
	at org.openqa.selenium.remote.RemoteWebDriver.findElementByXPath(RemoteWebDriver.java:446)
	at org.openqa.selenium.By$ByXPath.findElement(By.java:353)
	at org.openqa.selenium.remote.RemoteWebDriver.findElement(RemoteWebDriver.java:320)
	at org.openqa.selenium.support.events.EventFiringWebDriver.lambda$new$1(EventFiringWebDriver.java:106)
	at jdk.proxy2/jdk.proxy2.$Proxy11.findElement(Unknown Source)
	at org.openqa.selenium.support.events.EventFiringWebDriver.findElement(EventFiringWebDriver.java:195)
	at pages.MemberFormPage.verifyDeactivateError(MemberFormPage.java:2084)
	at testcases.Member.TestCase_9628.createMember(TestCase_9628.java:44)
	... 28 more
... Removed 33 stack frames</pre></div><a href='#' onClick='toggleBox("stack-trace153175845", this, "Click to show all stack frames", "Click to hide stack frames")'>Click to show all stack frames</a>
<div class='stack-trace' id='stack-trace153175845'><pre>java.lang.reflect.InvocationTargetException
	at java.base/jdk.internal.reflect.DirectMethodHandleAccessor.invoke(DirectMethodHandleAccessor.java:119)
	at java.base/java.lang.reflect.Method.invoke(Method.java:578)
	at driver.Driver.executeTestcase(Driver.java:145)
	at java.base/jdk.internal.reflect.DirectMethodHandleAccessor.invoke(DirectMethodHandleAccessor.java:104)
	at java.base/java.lang.reflect.Method.invoke(Method.java:578)
	at org.testng.internal.MethodInvocationHelper.invokeMethod(MethodInvocationHelper.java:133)
	at org.testng.internal.TestInvoker.invokeMethod(TestInvoker.java:598)
	at org.testng.internal.TestInvoker.invokeTestMethod(TestInvoker.java:173)
	at org.testng.internal.MethodRunner.runInSequence(MethodRunner.java:46)
	at org.testng.internal.TestInvoker$MethodInvocationAgent.invoke(TestInvoker.java:824)
	at org.testng.internal.TestInvoker.invokeTestMethods(TestInvoker.java:146)
	at org.testng.internal.TestMethodWorker.invokeTestMethods(TestMethodWorker.java:146)
	at org.testng.internal.TestMethodWorker.run(TestMethodWorker.java:128)
	at java.base/java.util.ArrayList.forEach(ArrayList.java:1511)
	at org.testng.TestRunner.privateRun(TestRunner.java:794)
	at org.testng.TestRunner.run(TestRunner.java:596)
	at org.testng.SuiteRunner.runTest(SuiteRunner.java:377)
	at org.testng.SuiteRunner.runSequentially(SuiteRunner.java:371)
	at org.testng.SuiteRunner.privateRun(SuiteRunner.java:332)
	at org.testng.SuiteRunner.run(SuiteRunner.java:276)
	at org.testng.SuiteRunnerWorker.runSuite(SuiteRunnerWorker.java:53)
	at org.testng.SuiteRunnerWorker.run(SuiteRunnerWorker.java:96)
	at org.testng.TestNG.runSuitesSequentially(TestNG.java:1212)
	at org.testng.TestNG.runSuitesLocally(TestNG.java:1134)
	at org.testng.TestNG.runSuites(TestNG.java:1063)
	at org.testng.TestNG.run(TestNG.java:1031)
	at org.testng.remote.AbstractRemoteTestNG.run(AbstractRemoteTestNG.java:115)
	at org.testng.remote.RemoteTestNG.initAndRun(RemoteTestNG.java:251)
	at org.testng.remote.RemoteTestNG.main(RemoteTestNG.java:77)
Caused by: org.openqa.selenium.NoSuchElementException: no such element: Unable to locate element: {&quot;method&quot;:&quot;xpath&quot;,&quot;selector&quot;:&quot;//h2[@id=&apos;subtitle&apos;]&quot;}
  (Session info: chrome=111.0.5563.65)
For documentation on this error, please visit: https://www.seleniumhq.org/exceptions/no_such_element.html
Build info: version: &apos;4.0.0-alpha-1&apos;, revision: &apos;d1d3728cae&apos;, time: &apos;2019-04-24T13:42:21&apos;
System info: host: &apos;Z3P5PUGDEV0062&apos;, ip: &apos;10.99.60.229&apos;, os.name: &apos;Windows 11&apos;, os.arch: &apos;amd64&apos;, os.version: &apos;10.0&apos;, java.version: &apos;19.0.1&apos;
Driver info: org.openqa.selenium.chrome.ChromeDriver
Capabilities {acceptInsecureCerts: false, browserName: chrome, browserVersion: 111.0.5563.65, chrome: {chromedriverVersion: 111.0.5563.64 (c710e93d5b63..., userDataDir: E:\fahmed2\AppData\Local\Te...}, goog:chromeOptions: {debuggerAddress: localhost:49875}, javascriptEnabled: true, networkConnectionEnabled: false, pageLoadStrategy: normal, platform: WINDOWS, platformName: WINDOWS, proxy: Proxy(), setWindowRect: true, strictFileInteractability: false, timeouts: {implicit: 0, pageLoad: 300000, script: 30000}, unhandledPromptBehavior: dismiss and notify, webauthn:extension:credBlob: true, webauthn:extension:largeBlob: true, webauthn:extension:minPinLength: true, webauthn:extension:prf: true, webauthn:virtualAuthenticators: true}
Session ID: 9c27fbc95f1aab6046f77ce574b938fc
*** Element info: {Using=xpath, value=//h2[@id=&apos;subtitle&apos;]}
	at java.base/jdk.internal.reflect.DirectConstructorHandleAccessor.newInstance(DirectConstructorHandleAccessor.java:67)
	at java.base/java.lang.reflect.Constructor.newInstanceWithCaller(Constructor.java:500)
	at java.base/java.lang.reflect.Constructor.newInstance(Constructor.java:484)
	at org.openqa.selenium.remote.codec.w3c.W3CHttpResponseCodec.createException(W3CHttpResponseCodec.java:190)
	at org.openqa.selenium.remote.codec.w3c.W3CHttpResponseCodec.decode(W3CHttpResponseCodec.java:124)
	at org.openqa.selenium.remote.codec.w3c.W3CHttpResponseCodec.decode(W3CHttpResponseCodec.java:51)
	at org.openqa.selenium.remote.HttpCommandExecutor.execute(HttpCommandExecutor.java:161)
	at org.openqa.selenium.remote.service.DriverCommandExecutor.execute(DriverCommandExecutor.java:83)
	at org.openqa.selenium.remote.RemoteWebDriver.execute(RemoteWebDriver.java:577)
	at org.openqa.selenium.remote.RemoteWebDriver.findElement(RemoteWebDriver.java:328)
	at org.openqa.selenium.remote.RemoteWebDriver.findElementByXPath(RemoteWebDriver.java:446)
	at org.openqa.selenium.By$ByXPath.findElement(By.java:353)
	at org.openqa.selenium.remote.RemoteWebDriver.findElement(RemoteWebDriver.java:320)
	at java.base/jdk.internal.reflect.DirectMethodHandleAccessor.invoke(DirectMethodHandleAccessor.java:104)
	at java.base/java.lang.reflect.Method.invoke(Method.java:578)
	at org.openqa.selenium.support.events.EventFiringWebDriver.lambda$new$1(EventFiringWebDriver.java:106)
	at jdk.proxy2/jdk.proxy2.$Proxy11.findElement(Unknown Source)
	at org.openqa.selenium.support.events.EventFiringWebDriver.findElement(EventFiringWebDriver.java:195)
	at pages.MemberFormPage.verifyDeactivateError(MemberFormPage.java:2084)
	at testcases.Member.TestCase_9628.createMember(TestCase_9628.java:44)
	at java.base/jdk.internal.reflect.DirectMethodHandleAccessor.invoke(DirectMethodHandleAccessor.java:104)
	... 28 more
</pre></div></td>
<td>197</td>
<td>driver.Driver@3568f9d2</td></tr>
<tr>
<td title='driver.Driver.executeTestcase()'><b>executeTestcase</b><br>Test class: driver.Driver<br>Parameters: org.testng.TestRunner@3d484181</td>
<td><div><pre>java.lang.reflect.InvocationTargetException
	at driver.Driver.executeTestcase(Driver.java:145)
	at java.base/java.util.ArrayList.forEach(ArrayList.java:1511)
Caused by: org.openqa.selenium.NoSuchElementException: no such element: Unable to locate element: {&quot;method&quot;:&quot;xpath&quot;,&quot;selector&quot;:&quot;//span[text()=&apos;Contacts&apos;]&quot;}
  (Session info: chrome=111.0.5563.65)
For documentation on this error, please visit: https://www.seleniumhq.org/exceptions/no_such_element.html
Build info: version: &apos;4.0.0-alpha-1&apos;, revision: &apos;d1d3728cae&apos;, time: &apos;2019-04-24T13:42:21&apos;
System info: host: &apos;Z3P5PUGDEV0062&apos;, ip: &apos;10.99.60.229&apos;, os.name: &apos;Windows 11&apos;, os.arch: &apos;amd64&apos;, os.version: &apos;10.0&apos;, java.version: &apos;19.0.1&apos;
Driver info: org.openqa.selenium.chrome.ChromeDriver
Capabilities {acceptInsecureCerts: false, browserName: chrome, browserVersion: 111.0.5563.65, chrome: {chromedriverVersion: 111.0.5563.64 (c710e93d5b63..., userDataDir: E:\fahmed2\AppData\Local\Te...}, goog:chromeOptions: {debuggerAddress: localhost:51515}, javascriptEnabled: true, networkConnectionEnabled: false, pageLoadStrategy: normal, platform: WINDOWS, platformName: WINDOWS, proxy: Proxy(), setWindowRect: true, strictFileInteractability: false, timeouts: {implicit: 0, pageLoad: 300000, script: 30000}, unhandledPromptBehavior: dismiss and notify, webauthn:extension:credBlob: true, webauthn:extension:largeBlob: true, webauthn:extension:minPinLength: true, webauthn:extension:prf: true, webauthn:virtualAuthenticators: true}
Session ID: a8ce82d52a841b16c34ac9089e45ee49
*** Element info: {Using=xpath, value=//span[text()=&apos;Contacts&apos;]}
	at org.openqa.selenium.remote.codec.w3c.W3CHttpResponseCodec.createException(W3CHttpResponseCodec.java:190)
	at org.openqa.selenium.remote.codec.w3c.W3CHttpResponseCodec.decode(W3CHttpResponseCodec.java:124)
	at org.openqa.selenium.remote.codec.w3c.W3CHttpResponseCodec.decode(W3CHttpResponseCodec.java:51)
	at org.openqa.selenium.remote.HttpCommandExecutor.execute(HttpCommandExecutor.java:161)
	at org.openqa.selenium.remote.service.DriverCommandExecutor.execute(DriverCommandExecutor.java:83)
	at org.openqa.selenium.remote.RemoteWebDriver.execute(RemoteWebDriver.java:577)
	at org.openqa.selenium.remote.RemoteWebDriver.findElement(RemoteWebDriver.java:328)
	at org.openqa.selenium.remote.RemoteWebDriver.findElementByXPath(RemoteWebDriver.java:446)
	at org.openqa.selenium.By$ByXPath.findElement(By.java:353)
	at org.openqa.selenium.remote.RemoteWebDriver.findElement(RemoteWebDriver.java:320)
	at org.openqa.selenium.support.events.EventFiringWebDriver.lambda$new$1(EventFiringWebDriver.java:106)
	at jdk.proxy2/jdk.proxy2.$Proxy11.findElement(Unknown Source)
	at org.openqa.selenium.support.events.EventFiringWebDriver.findElement(EventFiringWebDriver.java:195)
	at pages.DashboardPage.selectContacts(DashboardPage.java:23)
	at testcases.Contacts.TestCase_8772.updatPrimaryAccount(TestCase_8772.java:57)
	... 28 more
... Removed 33 stack frames</pre></div><a href='#' onClick='toggleBox("stack-trace1141362019", this, "Click to show all stack frames", "Click to hide stack frames")'>Click to show all stack frames</a>
<div class='stack-trace' id='stack-trace1141362019'><pre>java.lang.reflect.InvocationTargetException
	at java.base/jdk.internal.reflect.DirectMethodHandleAccessor.invoke(DirectMethodHandleAccessor.java:119)
	at java.base/java.lang.reflect.Method.invoke(Method.java:578)
	at driver.Driver.executeTestcase(Driver.java:145)
	at java.base/jdk.internal.reflect.DirectMethodHandleAccessor.invoke(DirectMethodHandleAccessor.java:104)
	at java.base/java.lang.reflect.Method.invoke(Method.java:578)
	at org.testng.internal.MethodInvocationHelper.invokeMethod(MethodInvocationHelper.java:133)
	at org.testng.internal.TestInvoker.invokeMethod(TestInvoker.java:598)
	at org.testng.internal.TestInvoker.invokeTestMethod(TestInvoker.java:173)
	at org.testng.internal.MethodRunner.runInSequence(MethodRunner.java:46)
	at org.testng.internal.TestInvoker$MethodInvocationAgent.invoke(TestInvoker.java:824)
	at org.testng.internal.TestInvoker.invokeTestMethods(TestInvoker.java:146)
	at org.testng.internal.TestMethodWorker.invokeTestMethods(TestMethodWorker.java:146)
	at org.testng.internal.TestMethodWorker.run(TestMethodWorker.java:128)
	at java.base/java.util.ArrayList.forEach(ArrayList.java:1511)
	at org.testng.TestRunner.privateRun(TestRunner.java:794)
	at org.testng.TestRunner.run(TestRunner.java:596)
	at org.testng.SuiteRunner.runTest(SuiteRunner.java:377)
	at org.testng.SuiteRunner.runSequentially(SuiteRunner.java:371)
	at org.testng.SuiteRunner.privateRun(SuiteRunner.java:332)
	at org.testng.SuiteRunner.run(SuiteRunner.java:276)
	at org.testng.SuiteRunnerWorker.runSuite(SuiteRunnerWorker.java:53)
	at org.testng.SuiteRunnerWorker.run(SuiteRunnerWorker.java:96)
	at org.testng.TestNG.runSuitesSequentially(TestNG.java:1212)
	at org.testng.TestNG.runSuitesLocally(TestNG.java:1134)
	at org.testng.TestNG.runSuites(TestNG.java:1063)
	at org.testng.TestNG.run(TestNG.java:1031)
	at org.testng.remote.AbstractRemoteTestNG.run(AbstractRemoteTestNG.java:115)
	at org.testng.remote.RemoteTestNG.initAndRun(RemoteTestNG.java:251)
	at org.testng.remote.RemoteTestNG.main(RemoteTestNG.java:77)
Caused by: org.openqa.selenium.NoSuchElementException: no such element: Unable to locate element: {&quot;method&quot;:&quot;xpath&quot;,&quot;selector&quot;:&quot;//span[text()=&apos;Contacts&apos;]&quot;}
  (Session info: chrome=111.0.5563.65)
For documentation on this error, please visit: https://www.seleniumhq.org/exceptions/no_such_element.html
Build info: version: &apos;4.0.0-alpha-1&apos;, revision: &apos;d1d3728cae&apos;, time: &apos;2019-04-24T13:42:21&apos;
System info: host: &apos;Z3P5PUGDEV0062&apos;, ip: &apos;10.99.60.229&apos;, os.name: &apos;Windows 11&apos;, os.arch: &apos;amd64&apos;, os.version: &apos;10.0&apos;, java.version: &apos;19.0.1&apos;
Driver info: org.openqa.selenium.chrome.ChromeDriver
Capabilities {acceptInsecureCerts: false, browserName: chrome, browserVersion: 111.0.5563.65, chrome: {chromedriverVersion: 111.0.5563.64 (c710e93d5b63..., userDataDir: E:\fahmed2\AppData\Local\Te...}, goog:chromeOptions: {debuggerAddress: localhost:51515}, javascriptEnabled: true, networkConnectionEnabled: false, pageLoadStrategy: normal, platform: WINDOWS, platformName: WINDOWS, proxy: Proxy(), setWindowRect: true, strictFileInteractability: false, timeouts: {implicit: 0, pageLoad: 300000, script: 30000}, unhandledPromptBehavior: dismiss and notify, webauthn:extension:credBlob: true, webauthn:extension:largeBlob: true, webauthn:extension:minPinLength: true, webauthn:extension:prf: true, webauthn:virtualAuthenticators: true}
Session ID: a8ce82d52a841b16c34ac9089e45ee49
*** Element info: {Using=xpath, value=//span[text()=&apos;Contacts&apos;]}
	at java.base/jdk.internal.reflect.DirectConstructorHandleAccessor.newInstance(DirectConstructorHandleAccessor.java:67)
	at java.base/java.lang.reflect.Constructor.newInstanceWithCaller(Constructor.java:500)
	at java.base/java.lang.reflect.Constructor.newInstance(Constructor.java:484)
	at org.openqa.selenium.remote.codec.w3c.W3CHttpResponseCodec.createException(W3CHttpResponseCodec.java:190)
	at org.openqa.selenium.remote.codec.w3c.W3CHttpResponseCodec.decode(W3CHttpResponseCodec.java:124)
	at org.openqa.selenium.remote.codec.w3c.W3CHttpResponseCodec.decode(W3CHttpResponseCodec.java:51)
	at org.openqa.selenium.remote.HttpCommandExecutor.execute(HttpCommandExecutor.java:161)
	at org.openqa.selenium.remote.service.DriverCommandExecutor.execute(DriverCommandExecutor.java:83)
	at org.openqa.selenium.remote.RemoteWebDriver.execute(RemoteWebDriver.java:577)
	at org.openqa.selenium.remote.RemoteWebDriver.findElement(RemoteWebDriver.java:328)
	at org.openqa.selenium.remote.RemoteWebDriver.findElementByXPath(RemoteWebDriver.java:446)
	at org.openqa.selenium.By$ByXPath.findElement(By.java:353)
	at org.openqa.selenium.remote.RemoteWebDriver.findElement(RemoteWebDriver.java:320)
	at java.base/jdk.internal.reflect.DirectMethodHandleAccessor.invoke(DirectMethodHandleAccessor.java:104)
	at java.base/java.lang.reflect.Method.invoke(Method.java:578)
	at org.openqa.selenium.support.events.EventFiringWebDriver.lambda$new$1(EventFiringWebDriver.java:106)
	at jdk.proxy2/jdk.proxy2.$Proxy11.findElement(Unknown Source)
	at org.openqa.selenium.support.events.EventFiringWebDriver.findElement(EventFiringWebDriver.java:195)
	at pages.DashboardPage.selectContacts(DashboardPage.java:23)
	at testcases.Contacts.TestCase_8772.updatPrimaryAccount(TestCase_8772.java:57)
	at java.base/jdk.internal.reflect.DirectMethodHandleAccessor.invoke(DirectMethodHandleAccessor.java:104)
	... 28 more
</pre></div></td>
<td>375</td>
<td>driver.Driver@3568f9d2</td></tr>
<tr>
<td title='driver.Driver.executeTestcase()'><b>executeTestcase</b><br>Test class: driver.Driver<br>Parameters: org.testng.TestRunner@3d484181</td>
<td><div><pre>java.lang.reflect.InvocationTargetException
	at driver.Driver.executeTestcase(Driver.java:145)
	at java.base/java.util.ArrayList.forEach(ArrayList.java:1511)
Caused by: org.openqa.selenium.NoSuchElementException: no such element: Unable to locate element: {&quot;method&quot;:&quot;xpath&quot;,&quot;selector&quot;:&quot;//label[contains(text(),&apos;Account Status&apos;)]&quot;}
  (Session info: chrome=111.0.5563.65)
For documentation on this error, please visit: https://www.seleniumhq.org/exceptions/no_such_element.html
Build info: version: &apos;4.0.0-alpha-1&apos;, revision: &apos;d1d3728cae&apos;, time: &apos;2019-04-24T13:42:21&apos;
System info: host: &apos;Z3P5PUGDEV0062&apos;, ip: &apos;10.99.60.229&apos;, os.name: &apos;Windows 11&apos;, os.arch: &apos;amd64&apos;, os.version: &apos;10.0&apos;, java.version: &apos;19.0.1&apos;
Driver info: org.openqa.selenium.chrome.ChromeDriver
Capabilities {acceptInsecureCerts: false, browserName: chrome, browserVersion: 111.0.5563.65, chrome: {chromedriverVersion: 111.0.5563.64 (c710e93d5b63..., userDataDir: E:\fahmed2\AppData\Local\Te...}, goog:chromeOptions: {debuggerAddress: localhost:49625}, javascriptEnabled: true, networkConnectionEnabled: false, pageLoadStrategy: normal, platform: WINDOWS, platformName: WINDOWS, proxy: Proxy(), setWindowRect: true, strictFileInteractability: false, timeouts: {implicit: 0, pageLoad: 300000, script: 30000}, unhandledPromptBehavior: dismiss and notify, webauthn:extension:credBlob: true, webauthn:extension:largeBlob: true, webauthn:extension:minPinLength: true, webauthn:extension:prf: true, webauthn:virtualAuthenticators: true}
Session ID: 5385955a9f90309f114add5c271c0b62
*** Element info: {Using=xpath, value=//label[contains(text(),&apos;Account Status&apos;)]}
	at org.openqa.selenium.remote.codec.w3c.W3CHttpResponseCodec.createException(W3CHttpResponseCodec.java:190)
	at org.openqa.selenium.remote.codec.w3c.W3CHttpResponseCodec.decode(W3CHttpResponseCodec.java:124)
	at org.openqa.selenium.remote.codec.w3c.W3CHttpResponseCodec.decode(W3CHttpResponseCodec.java:51)
	at org.openqa.selenium.remote.HttpCommandExecutor.execute(HttpCommandExecutor.java:161)
	at org.openqa.selenium.remote.service.DriverCommandExecutor.execute(DriverCommandExecutor.java:83)
	at org.openqa.selenium.remote.RemoteWebDriver.execute(RemoteWebDriver.java:577)
	at org.openqa.selenium.remote.RemoteWebDriver.findElement(RemoteWebDriver.java:328)
	at org.openqa.selenium.remote.RemoteWebDriver.findElementByXPath(RemoteWebDriver.java:446)
	at org.openqa.selenium.By$ByXPath.findElement(By.java:353)
	at org.openqa.selenium.remote.RemoteWebDriver.findElement(RemoteWebDriver.java:320)
	at org.openqa.selenium.support.events.EventFiringWebDriver.lambda$new$1(EventFiringWebDriver.java:106)
	at jdk.proxy2/jdk.proxy2.$Proxy11.findElement(Unknown Source)
	at org.openqa.selenium.support.events.EventFiringWebDriver.findElement(EventFiringWebDriver.java:195)
	at pages.MemberFormPage.chooseApplicationDate(MemberFormPage.java:366)
	at testcases.Member.TestCase_7150.createMemberTP(TestCase_7150.java:129)
	... 28 more
... Removed 33 stack frames</pre></div><a href='#' onClick='toggleBox("stack-trace627863418", this, "Click to show all stack frames", "Click to hide stack frames")'>Click to show all stack frames</a>
<div class='stack-trace' id='stack-trace627863418'><pre>java.lang.reflect.InvocationTargetException
	at java.base/jdk.internal.reflect.DirectMethodHandleAccessor.invoke(DirectMethodHandleAccessor.java:119)
	at java.base/java.lang.reflect.Method.invoke(Method.java:578)
	at driver.Driver.executeTestcase(Driver.java:145)
	at java.base/jdk.internal.reflect.DirectMethodHandleAccessor.invoke(DirectMethodHandleAccessor.java:104)
	at java.base/java.lang.reflect.Method.invoke(Method.java:578)
	at org.testng.internal.MethodInvocationHelper.invokeMethod(MethodInvocationHelper.java:133)
	at org.testng.internal.TestInvoker.invokeMethod(TestInvoker.java:598)
	at org.testng.internal.TestInvoker.invokeTestMethod(TestInvoker.java:173)
	at org.testng.internal.MethodRunner.runInSequence(MethodRunner.java:46)
	at org.testng.internal.TestInvoker$MethodInvocationAgent.invoke(TestInvoker.java:824)
	at org.testng.internal.TestInvoker.invokeTestMethods(TestInvoker.java:146)
	at org.testng.internal.TestMethodWorker.invokeTestMethods(TestMethodWorker.java:146)
	at org.testng.internal.TestMethodWorker.run(TestMethodWorker.java:128)
	at java.base/java.util.ArrayList.forEach(ArrayList.java:1511)
	at org.testng.TestRunner.privateRun(TestRunner.java:794)
	at org.testng.TestRunner.run(TestRunner.java:596)
	at org.testng.SuiteRunner.runTest(SuiteRunner.java:377)
	at org.testng.SuiteRunner.runSequentially(SuiteRunner.java:371)
	at org.testng.SuiteRunner.privateRun(SuiteRunner.java:332)
	at org.testng.SuiteRunner.run(SuiteRunner.java:276)
	at org.testng.SuiteRunnerWorker.runSuite(SuiteRunnerWorker.java:53)
	at org.testng.SuiteRunnerWorker.run(SuiteRunnerWorker.java:96)
	at org.testng.TestNG.runSuitesSequentially(TestNG.java:1212)
	at org.testng.TestNG.runSuitesLocally(TestNG.java:1134)
	at org.testng.TestNG.runSuites(TestNG.java:1063)
	at org.testng.TestNG.run(TestNG.java:1031)
	at org.testng.remote.AbstractRemoteTestNG.run(AbstractRemoteTestNG.java:115)
	at org.testng.remote.RemoteTestNG.initAndRun(RemoteTestNG.java:251)
	at org.testng.remote.RemoteTestNG.main(RemoteTestNG.java:77)
Caused by: org.openqa.selenium.NoSuchElementException: no such element: Unable to locate element: {&quot;method&quot;:&quot;xpath&quot;,&quot;selector&quot;:&quot;//label[contains(text(),&apos;Account Status&apos;)]&quot;}
  (Session info: chrome=111.0.5563.65)
For documentation on this error, please visit: https://www.seleniumhq.org/exceptions/no_such_element.html
Build info: version: &apos;4.0.0-alpha-1&apos;, revision: &apos;d1d3728cae&apos;, time: &apos;2019-04-24T13:42:21&apos;
System info: host: &apos;Z3P5PUGDEV0062&apos;, ip: &apos;10.99.60.229&apos;, os.name: &apos;Windows 11&apos;, os.arch: &apos;amd64&apos;, os.version: &apos;10.0&apos;, java.version: &apos;19.0.1&apos;
Driver info: org.openqa.selenium.chrome.ChromeDriver
Capabilities {acceptInsecureCerts: false, browserName: chrome, browserVersion: 111.0.5563.65, chrome: {chromedriverVersion: 111.0.5563.64 (c710e93d5b63..., userDataDir: E:\fahmed2\AppData\Local\Te...}, goog:chromeOptions: {debuggerAddress: localhost:49625}, javascriptEnabled: true, networkConnectionEnabled: false, pageLoadStrategy: normal, platform: WINDOWS, platformName: WINDOWS, proxy: Proxy(), setWindowRect: true, strictFileInteractability: false, timeouts: {implicit: 0, pageLoad: 300000, script: 30000}, unhandledPromptBehavior: dismiss and notify, webauthn:extension:credBlob: true, webauthn:extension:largeBlob: true, webauthn:extension:minPinLength: true, webauthn:extension:prf: true, webauthn:virtualAuthenticators: true}
Session ID: 5385955a9f90309f114add5c271c0b62
*** Element info: {Using=xpath, value=//label[contains(text(),&apos;Account Status&apos;)]}
	at java.base/jdk.internal.reflect.DirectConstructorHandleAccessor.newInstance(DirectConstructorHandleAccessor.java:67)
	at java.base/java.lang.reflect.Constructor.newInstanceWithCaller(Constructor.java:500)
	at java.base/java.lang.reflect.Constructor.newInstance(Constructor.java:484)
	at org.openqa.selenium.remote.codec.w3c.W3CHttpResponseCodec.createException(W3CHttpResponseCodec.java:190)
	at org.openqa.selenium.remote.codec.w3c.W3CHttpResponseCodec.decode(W3CHttpResponseCodec.java:124)
	at org.openqa.selenium.remote.codec.w3c.W3CHttpResponseCodec.decode(W3CHttpResponseCodec.java:51)
	at org.openqa.selenium.remote.HttpCommandExecutor.execute(HttpCommandExecutor.java:161)
	at org.openqa.selenium.remote.service.DriverCommandExecutor.execute(DriverCommandExecutor.java:83)
	at org.openqa.selenium.remote.RemoteWebDriver.execute(RemoteWebDriver.java:577)
	at org.openqa.selenium.remote.RemoteWebDriver.findElement(RemoteWebDriver.java:328)
	at org.openqa.selenium.remote.RemoteWebDriver.findElementByXPath(RemoteWebDriver.java:446)
	at org.openqa.selenium.By$ByXPath.findElement(By.java:353)
	at org.openqa.selenium.remote.RemoteWebDriver.findElement(RemoteWebDriver.java:320)
	at java.base/jdk.internal.reflect.DirectMethodHandleAccessor.invoke(DirectMethodHandleAccessor.java:104)
	at java.base/java.lang.reflect.Method.invoke(Method.java:578)
	at org.openqa.selenium.support.events.EventFiringWebDriver.lambda$new$1(EventFiringWebDriver.java:106)
	at jdk.proxy2/jdk.proxy2.$Proxy11.findElement(Unknown Source)
	at org.openqa.selenium.support.events.EventFiringWebDriver.findElement(EventFiringWebDriver.java:195)
	at pages.MemberFormPage.chooseApplicationDate(MemberFormPage.java:366)
	at testcases.Member.TestCase_7150.createMemberTP(TestCase_7150.java:129)
	at java.base/jdk.internal.reflect.DirectMethodHandleAccessor.invoke(DirectMethodHandleAccessor.java:104)
	... 28 more
</pre></div></td>
<td>610</td>
<td>driver.Driver@3568f9d2</td></tr>
<tr>
<td title='driver.Driver.executeTestcase()'><b>executeTestcase</b><br>Test class: driver.Driver<br>Parameters: org.testng.TestRunner@3d484181</td>
<td><div><pre>java.lang.reflect.InvocationTargetException
	at driver.Driver.executeTestcase(Driver.java:145)
	at java.base/java.util.ArrayList.forEach(ArrayList.java:1511)
Caused by: org.openqa.selenium.NoSuchElementException: no such element: Unable to locate element: {&quot;method&quot;:&quot;xpath&quot;,&quot;selector&quot;:&quot;(//span[normalize-space()=&apos;Manufacturer&apos;])[2]&quot;}
  (Session info: chrome=111.0.5563.65)
For documentation on this error, please visit: https://www.seleniumhq.org/exceptions/no_such_element.html
Build info: version: &apos;4.0.0-alpha-1&apos;, revision: &apos;d1d3728cae&apos;, time: &apos;2019-04-24T13:42:21&apos;
System info: host: &apos;Z3P5PUGDEV0062&apos;, ip: &apos;10.99.60.229&apos;, os.name: &apos;Windows 11&apos;, os.arch: &apos;amd64&apos;, os.version: &apos;10.0&apos;, java.version: &apos;19.0.1&apos;
Driver info: org.openqa.selenium.chrome.ChromeDriver
Capabilities {acceptInsecureCerts: false, browserName: chrome, browserVersion: 111.0.5563.65, chrome: {chromedriverVersion: 111.0.5563.64 (c710e93d5b63..., userDataDir: E:\fahmed2\AppData\Local\Te...}, goog:chromeOptions: {debuggerAddress: localhost:50303}, javascriptEnabled: true, networkConnectionEnabled: false, pageLoadStrategy: normal, platform: WINDOWS, platformName: WINDOWS, proxy: Proxy(), setWindowRect: true, strictFileInteractability: false, timeouts: {implicit: 0, pageLoad: 300000, script: 30000}, unhandledPromptBehavior: dismiss and notify, webauthn:extension:credBlob: true, webauthn:extension:largeBlob: true, webauthn:extension:minPinLength: true, webauthn:extension:prf: true, webauthn:virtualAuthenticators: true}
Session ID: 65736f4b9d7ece40ab6eb496110996b5
*** Element info: {Using=xpath, value=(//span[normalize-space()=&apos;Manufacturer&apos;])[2]}
	at org.openqa.selenium.remote.codec.w3c.W3CHttpResponseCodec.createException(W3CHttpResponseCodec.java:190)
	at org.openqa.selenium.remote.codec.w3c.W3CHttpResponseCodec.decode(W3CHttpResponseCodec.java:124)
	at org.openqa.selenium.remote.codec.w3c.W3CHttpResponseCodec.decode(W3CHttpResponseCodec.java:51)
	at org.openqa.selenium.remote.HttpCommandExecutor.execute(HttpCommandExecutor.java:161)
	at org.openqa.selenium.remote.service.DriverCommandExecutor.execute(DriverCommandExecutor.java:83)
	at org.openqa.selenium.remote.RemoteWebDriver.execute(RemoteWebDriver.java:577)
	at org.openqa.selenium.remote.RemoteWebDriver.findElement(RemoteWebDriver.java:328)
	at org.openqa.selenium.remote.RemoteWebDriver.findElementByXPath(RemoteWebDriver.java:446)
	at org.openqa.selenium.By$ByXPath.findElement(By.java:353)
	at org.openqa.selenium.remote.RemoteWebDriver.findElement(RemoteWebDriver.java:320)
	at org.openqa.selenium.support.events.EventFiringWebDriver.lambda$new$1(EventFiringWebDriver.java:106)
	at jdk.proxy2/jdk.proxy2.$Proxy11.findElement(Unknown Source)
	at org.openqa.selenium.support.events.EventFiringWebDriver.findElement(EventFiringWebDriver.java:195)
	at pages.SupplierFormPage.selectBusinessClassification(SupplierFormPage.java:498)
	at testcases.Supplier.TestCase_8786.createMember(TestCase_8786.java:79)
	... 28 more
... Removed 33 stack frames</pre></div><a href='#' onClick='toggleBox("stack-trace2059301111", this, "Click to show all stack frames", "Click to hide stack frames")'>Click to show all stack frames</a>
<div class='stack-trace' id='stack-trace2059301111'><pre>java.lang.reflect.InvocationTargetException
	at java.base/jdk.internal.reflect.DirectMethodHandleAccessor.invoke(DirectMethodHandleAccessor.java:119)
	at java.base/java.lang.reflect.Method.invoke(Method.java:578)
	at driver.Driver.executeTestcase(Driver.java:145)
	at java.base/jdk.internal.reflect.DirectMethodHandleAccessor.invoke(DirectMethodHandleAccessor.java:104)
	at java.base/java.lang.reflect.Method.invoke(Method.java:578)
	at org.testng.internal.MethodInvocationHelper.invokeMethod(MethodInvocationHelper.java:133)
	at org.testng.internal.TestInvoker.invokeMethod(TestInvoker.java:598)
	at org.testng.internal.TestInvoker.invokeTestMethod(TestInvoker.java:173)
	at org.testng.internal.MethodRunner.runInSequence(MethodRunner.java:46)
	at org.testng.internal.TestInvoker$MethodInvocationAgent.invoke(TestInvoker.java:824)
	at org.testng.internal.TestInvoker.invokeTestMethods(TestInvoker.java:146)
	at org.testng.internal.TestMethodWorker.invokeTestMethods(TestMethodWorker.java:146)
	at org.testng.internal.TestMethodWorker.run(TestMethodWorker.java:128)
	at java.base/java.util.ArrayList.forEach(ArrayList.java:1511)
	at org.testng.TestRunner.privateRun(TestRunner.java:794)
	at org.testng.TestRunner.run(TestRunner.java:596)
	at org.testng.SuiteRunner.runTest(SuiteRunner.java:377)
	at org.testng.SuiteRunner.runSequentially(SuiteRunner.java:371)
	at org.testng.SuiteRunner.privateRun(SuiteRunner.java:332)
	at org.testng.SuiteRunner.run(SuiteRunner.java:276)
	at org.testng.SuiteRunnerWorker.runSuite(SuiteRunnerWorker.java:53)
	at org.testng.SuiteRunnerWorker.run(SuiteRunnerWorker.java:96)
	at org.testng.TestNG.runSuitesSequentially(TestNG.java:1212)
	at org.testng.TestNG.runSuitesLocally(TestNG.java:1134)
	at org.testng.TestNG.runSuites(TestNG.java:1063)
	at org.testng.TestNG.run(TestNG.java:1031)
	at org.testng.remote.AbstractRemoteTestNG.run(AbstractRemoteTestNG.java:115)
	at org.testng.remote.RemoteTestNG.initAndRun(RemoteTestNG.java:251)
	at org.testng.remote.RemoteTestNG.main(RemoteTestNG.java:77)
Caused by: org.openqa.selenium.NoSuchElementException: no such element: Unable to locate element: {&quot;method&quot;:&quot;xpath&quot;,&quot;selector&quot;:&quot;(//span[normalize-space()=&apos;Manufacturer&apos;])[2]&quot;}
  (Session info: chrome=111.0.5563.65)
For documentation on this error, please visit: https://www.seleniumhq.org/exceptions/no_such_element.html
Build info: version: &apos;4.0.0-alpha-1&apos;, revision: &apos;d1d3728cae&apos;, time: &apos;2019-04-24T13:42:21&apos;
System info: host: &apos;Z3P5PUGDEV0062&apos;, ip: &apos;10.99.60.229&apos;, os.name: &apos;Windows 11&apos;, os.arch: &apos;amd64&apos;, os.version: &apos;10.0&apos;, java.version: &apos;19.0.1&apos;
Driver info: org.openqa.selenium.chrome.ChromeDriver
Capabilities {acceptInsecureCerts: false, browserName: chrome, browserVersion: 111.0.5563.65, chrome: {chromedriverVersion: 111.0.5563.64 (c710e93d5b63..., userDataDir: E:\fahmed2\AppData\Local\Te...}, goog:chromeOptions: {debuggerAddress: localhost:50303}, javascriptEnabled: true, networkConnectionEnabled: false, pageLoadStrategy: normal, platform: WINDOWS, platformName: WINDOWS, proxy: Proxy(), setWindowRect: true, strictFileInteractability: false, timeouts: {implicit: 0, pageLoad: 300000, script: 30000}, unhandledPromptBehavior: dismiss and notify, webauthn:extension:credBlob: true, webauthn:extension:largeBlob: true, webauthn:extension:minPinLength: true, webauthn:extension:prf: true, webauthn:virtualAuthenticators: true}
Session ID: 65736f4b9d7ece40ab6eb496110996b5
*** Element info: {Using=xpath, value=(//span[normalize-space()=&apos;Manufacturer&apos;])[2]}
	at java.base/jdk.internal.reflect.DirectConstructorHandleAccessor.newInstance(DirectConstructorHandleAccessor.java:67)
	at java.base/java.lang.reflect.Constructor.newInstanceWithCaller(Constructor.java:500)
	at java.base/java.lang.reflect.Constructor.newInstance(Constructor.java:484)
	at org.openqa.selenium.remote.codec.w3c.W3CHttpResponseCodec.createException(W3CHttpResponseCodec.java:190)
	at org.openqa.selenium.remote.codec.w3c.W3CHttpResponseCodec.decode(W3CHttpResponseCodec.java:124)
	at org.openqa.selenium.remote.codec.w3c.W3CHttpResponseCodec.decode(W3CHttpResponseCodec.java:51)
	at org.openqa.selenium.remote.HttpCommandExecutor.execute(HttpCommandExecutor.java:161)
	at org.openqa.selenium.remote.service.DriverCommandExecutor.execute(DriverCommandExecutor.java:83)
	at org.openqa.selenium.remote.RemoteWebDriver.execute(RemoteWebDriver.java:577)
	at org.openqa.selenium.remote.RemoteWebDriver.findElement(RemoteWebDriver.java:328)
	at org.openqa.selenium.remote.RemoteWebDriver.findElementByXPath(RemoteWebDriver.java:446)
	at org.openqa.selenium.By$ByXPath.findElement(By.java:353)
	at org.openqa.selenium.remote.RemoteWebDriver.findElement(RemoteWebDriver.java:320)
	at java.base/jdk.internal.reflect.DirectMethodHandleAccessor.invoke(DirectMethodHandleAccessor.java:104)
	at java.base/java.lang.reflect.Method.invoke(Method.java:578)
	at org.openqa.selenium.support.events.EventFiringWebDriver.lambda$new$1(EventFiringWebDriver.java:106)
	at jdk.proxy2/jdk.proxy2.$Proxy11.findElement(Unknown Source)
	at org.openqa.selenium.support.events.EventFiringWebDriver.findElement(EventFiringWebDriver.java:195)
	at pages.SupplierFormPage.selectBusinessClassification(SupplierFormPage.java:498)
	at testcases.Supplier.TestCase_8786.createMember(TestCase_8786.java:79)
	at java.base/jdk.internal.reflect.DirectMethodHandleAccessor.invoke(DirectMethodHandleAccessor.java:104)
	... 28 more
</pre></div></td>
<td>350</td>
<td>driver.Driver@3568f9d2</td></tr>
<tr>
<td title='driver.Driver.executeTestcase()'><b>executeTestcase</b><br>Test class: driver.Driver<br>Parameters: org.testng.TestRunner@3d484181</td>
<td><div><pre>java.lang.reflect.InvocationTargetException
	at driver.Driver.executeTestcase(Driver.java:145)
	at java.base/java.util.ArrayList.forEach(ArrayList.java:1511)
Caused by: org.openqa.selenium.NoSuchElementException: no such element: Unable to locate element: {&quot;method&quot;:&quot;xpath&quot;,&quot;selector&quot;:&quot;//input[@data-id=&apos;ix_calculatedname.fieldControl-text-box-text&apos;]&quot;}
  (Session info: chrome=111.0.5563.65)
For documentation on this error, please visit: https://www.seleniumhq.org/exceptions/no_such_element.html
Build info: version: &apos;4.0.0-alpha-1&apos;, revision: &apos;d1d3728cae&apos;, time: &apos;2019-04-24T13:42:21&apos;
System info: host: &apos;Z3P5PUGDEV0062&apos;, ip: &apos;10.99.60.229&apos;, os.name: &apos;Windows 11&apos;, os.arch: &apos;amd64&apos;, os.version: &apos;10.0&apos;, java.version: &apos;19.0.1&apos;
Driver info: org.openqa.selenium.chrome.ChromeDriver
Capabilities {acceptInsecureCerts: false, browserName: chrome, browserVersion: 111.0.5563.65, chrome: {chromedriverVersion: 111.0.5563.64 (c710e93d5b63..., userDataDir: E:\fahmed2\AppData\Local\Te...}, goog:chromeOptions: {debuggerAddress: localhost:50651}, javascriptEnabled: true, networkConnectionEnabled: false, pageLoadStrategy: normal, platform: WINDOWS, platformName: WINDOWS, proxy: Proxy(), setWindowRect: true, strictFileInteractability: false, timeouts: {implicit: 0, pageLoad: 300000, script: 30000}, unhandledPromptBehavior: dismiss and notify, webauthn:extension:credBlob: true, webauthn:extension:largeBlob: true, webauthn:extension:minPinLength: true, webauthn:extension:prf: true, webauthn:virtualAuthenticators: true}
Session ID: 3aebe12c8542653077f95d50d7313f97
*** Element info: {Using=xpath, value=//input[@data-id=&apos;ix_calculatedname.fieldControl-text-box-text&apos;]}
	at org.openqa.selenium.remote.codec.w3c.W3CHttpResponseCodec.createException(W3CHttpResponseCodec.java:190)
	at org.openqa.selenium.remote.codec.w3c.W3CHttpResponseCodec.decode(W3CHttpResponseCodec.java:124)
	at org.openqa.selenium.remote.codec.w3c.W3CHttpResponseCodec.decode(W3CHttpResponseCodec.java:51)
	at org.openqa.selenium.remote.HttpCommandExecutor.execute(HttpCommandExecutor.java:161)
	at org.openqa.selenium.remote.service.DriverCommandExecutor.execute(DriverCommandExecutor.java:83)
	at org.openqa.selenium.remote.RemoteWebDriver.execute(RemoteWebDriver.java:577)
	at org.openqa.selenium.remote.RemoteWebDriver.findElement(RemoteWebDriver.java:328)
	at org.openqa.selenium.remote.RemoteWebDriver.findElementByXPath(RemoteWebDriver.java:446)
	at org.openqa.selenium.By$ByXPath.findElement(By.java:353)
	at org.openqa.selenium.remote.RemoteWebDriver.findElement(RemoteWebDriver.java:320)
	at org.openqa.selenium.support.events.EventFiringWebDriver.lambda$new$1(EventFiringWebDriver.java:106)
	at jdk.proxy2/jdk.proxy2.$Proxy11.findElement(Unknown Source)
	at org.openqa.selenium.support.events.EventFiringWebDriver.findElement(EventFiringWebDriver.java:195)
	at pages.SupplierFormPage.verifyNameAndCalculatedNameInAccountNumbers(SupplierFormPage.java:1448)
	at testcases.Supplier.TestCase_10662.verifyAccountNumberEntity(TestCase_10662.java:44)
	... 28 more
... Removed 33 stack frames</pre></div><a href='#' onClick='toggleBox("stack-trace168060110", this, "Click to show all stack frames", "Click to hide stack frames")'>Click to show all stack frames</a>
<div class='stack-trace' id='stack-trace168060110'><pre>java.lang.reflect.InvocationTargetException
	at java.base/jdk.internal.reflect.DirectMethodHandleAccessor.invoke(DirectMethodHandleAccessor.java:119)
	at java.base/java.lang.reflect.Method.invoke(Method.java:578)
	at driver.Driver.executeTestcase(Driver.java:145)
	at java.base/jdk.internal.reflect.DirectMethodHandleAccessor.invoke(DirectMethodHandleAccessor.java:104)
	at java.base/java.lang.reflect.Method.invoke(Method.java:578)
	at org.testng.internal.MethodInvocationHelper.invokeMethod(MethodInvocationHelper.java:133)
	at org.testng.internal.TestInvoker.invokeMethod(TestInvoker.java:598)
	at org.testng.internal.TestInvoker.invokeTestMethod(TestInvoker.java:173)
	at org.testng.internal.MethodRunner.runInSequence(MethodRunner.java:46)
	at org.testng.internal.TestInvoker$MethodInvocationAgent.invoke(TestInvoker.java:824)
	at org.testng.internal.TestInvoker.invokeTestMethods(TestInvoker.java:146)
	at org.testng.internal.TestMethodWorker.invokeTestMethods(TestMethodWorker.java:146)
	at org.testng.internal.TestMethodWorker.run(TestMethodWorker.java:128)
	at java.base/java.util.ArrayList.forEach(ArrayList.java:1511)
	at org.testng.TestRunner.privateRun(TestRunner.java:794)
	at org.testng.TestRunner.run(TestRunner.java:596)
	at org.testng.SuiteRunner.runTest(SuiteRunner.java:377)
	at org.testng.SuiteRunner.runSequentially(SuiteRunner.java:371)
	at org.testng.SuiteRunner.privateRun(SuiteRunner.java:332)
	at org.testng.SuiteRunner.run(SuiteRunner.java:276)
	at org.testng.SuiteRunnerWorker.runSuite(SuiteRunnerWorker.java:53)
	at org.testng.SuiteRunnerWorker.run(SuiteRunnerWorker.java:96)
	at org.testng.TestNG.runSuitesSequentially(TestNG.java:1212)
	at org.testng.TestNG.runSuitesLocally(TestNG.java:1134)
	at org.testng.TestNG.runSuites(TestNG.java:1063)
	at org.testng.TestNG.run(TestNG.java:1031)
	at org.testng.remote.AbstractRemoteTestNG.run(AbstractRemoteTestNG.java:115)
	at org.testng.remote.RemoteTestNG.initAndRun(RemoteTestNG.java:251)
	at org.testng.remote.RemoteTestNG.main(RemoteTestNG.java:77)
Caused by: org.openqa.selenium.NoSuchElementException: no such element: Unable to locate element: {&quot;method&quot;:&quot;xpath&quot;,&quot;selector&quot;:&quot;//input[@data-id=&apos;ix_calculatedname.fieldControl-text-box-text&apos;]&quot;}
  (Session info: chrome=111.0.5563.65)
For documentation on this error, please visit: https://www.seleniumhq.org/exceptions/no_such_element.html
Build info: version: &apos;4.0.0-alpha-1&apos;, revision: &apos;d1d3728cae&apos;, time: &apos;2019-04-24T13:42:21&apos;
System info: host: &apos;Z3P5PUGDEV0062&apos;, ip: &apos;10.99.60.229&apos;, os.name: &apos;Windows 11&apos;, os.arch: &apos;amd64&apos;, os.version: &apos;10.0&apos;, java.version: &apos;19.0.1&apos;
Driver info: org.openqa.selenium.chrome.ChromeDriver
Capabilities {acceptInsecureCerts: false, browserName: chrome, browserVersion: 111.0.5563.65, chrome: {chromedriverVersion: 111.0.5563.64 (c710e93d5b63..., userDataDir: E:\fahmed2\AppData\Local\Te...}, goog:chromeOptions: {debuggerAddress: localhost:50651}, javascriptEnabled: true, networkConnectionEnabled: false, pageLoadStrategy: normal, platform: WINDOWS, platformName: WINDOWS, proxy: Proxy(), setWindowRect: true, strictFileInteractability: false, timeouts: {implicit: 0, pageLoad: 300000, script: 30000}, unhandledPromptBehavior: dismiss and notify, webauthn:extension:credBlob: true, webauthn:extension:largeBlob: true, webauthn:extension:minPinLength: true, webauthn:extension:prf: true, webauthn:virtualAuthenticators: true}
Session ID: 3aebe12c8542653077f95d50d7313f97
*** Element info: {Using=xpath, value=//input[@data-id=&apos;ix_calculatedname.fieldControl-text-box-text&apos;]}
	at java.base/jdk.internal.reflect.DirectConstructorHandleAccessor.newInstance(DirectConstructorHandleAccessor.java:67)
	at java.base/java.lang.reflect.Constructor.newInstanceWithCaller(Constructor.java:500)
	at java.base/java.lang.reflect.Constructor.newInstance(Constructor.java:484)
	at org.openqa.selenium.remote.codec.w3c.W3CHttpResponseCodec.createException(W3CHttpResponseCodec.java:190)
	at org.openqa.selenium.remote.codec.w3c.W3CHttpResponseCodec.decode(W3CHttpResponseCodec.java:124)
	at org.openqa.selenium.remote.codec.w3c.W3CHttpResponseCodec.decode(W3CHttpResponseCodec.java:51)
	at org.openqa.selenium.remote.HttpCommandExecutor.execute(HttpCommandExecutor.java:161)
	at org.openqa.selenium.remote.service.DriverCommandExecutor.execute(DriverCommandExecutor.java:83)
	at org.openqa.selenium.remote.RemoteWebDriver.execute(RemoteWebDriver.java:577)
	at org.openqa.selenium.remote.RemoteWebDriver.findElement(RemoteWebDriver.java:328)
	at org.openqa.selenium.remote.RemoteWebDriver.findElementByXPath(RemoteWebDriver.java:446)
	at org.openqa.selenium.By$ByXPath.findElement(By.java:353)
	at org.openqa.selenium.remote.RemoteWebDriver.findElement(RemoteWebDriver.java:320)
	at java.base/jdk.internal.reflect.DirectMethodHandleAccessor.invoke(DirectMethodHandleAccessor.java:104)
	at java.base/java.lang.reflect.Method.invoke(Method.java:578)
	at org.openqa.selenium.support.events.EventFiringWebDriver.lambda$new$1(EventFiringWebDriver.java:106)
	at jdk.proxy2/jdk.proxy2.$Proxy11.findElement(Unknown Source)
	at org.openqa.selenium.support.events.EventFiringWebDriver.findElement(EventFiringWebDriver.java:195)
	at pages.SupplierFormPage.verifyNameAndCalculatedNameInAccountNumbers(SupplierFormPage.java:1448)
	at testcases.Supplier.TestCase_10662.verifyAccountNumberEntity(TestCase_10662.java:44)
	at java.base/jdk.internal.reflect.DirectMethodHandleAccessor.invoke(DirectMethodHandleAccessor.java:104)
	... 28 more
</pre></div></td>
<td>283</td>
<td>driver.Driver@3568f9d2</td></tr>
<tr>
<td title='driver.Driver.executeTestcase()'><b>executeTestcase</b><br>Test class: driver.Driver<br>Parameters: org.testng.TestRunner@3d484181</td>
<td><div><pre>java.lang.reflect.InvocationTargetException
	at driver.Driver.executeTestcase(Driver.java:145)
	at java.base/java.util.ArrayList.forEach(ArrayList.java:1511)
Caused by: org.openqa.selenium.NoSuchElementException: no such element: Unable to locate element: {&quot;method&quot;:&quot;xpath&quot;,&quot;selector&quot;:&quot;(//*[text()=&apos;Membership&apos;])[2]&quot;}
  (Session info: chrome=111.0.5563.65)
For documentation on this error, please visit: https://www.seleniumhq.org/exceptions/no_such_element.html
Build info: version: &apos;4.0.0-alpha-1&apos;, revision: &apos;d1d3728cae&apos;, time: &apos;2019-04-24T13:42:21&apos;
System info: host: &apos;Z3P5PUGDEV0062&apos;, ip: &apos;10.99.60.229&apos;, os.name: &apos;Windows 11&apos;, os.arch: &apos;amd64&apos;, os.version: &apos;10.0&apos;, java.version: &apos;19.0.1&apos;
Driver info: org.openqa.selenium.chrome.ChromeDriver
Capabilities {acceptInsecureCerts: false, browserName: chrome, browserVersion: 111.0.5563.65, chrome: {chromedriverVersion: 111.0.5563.64 (c710e93d5b63..., userDataDir: E:\fahmed2\AppData\Local\Te...}, goog:chromeOptions: {debuggerAddress: localhost:49952}, javascriptEnabled: true, networkConnectionEnabled: false, pageLoadStrategy: normal, platform: WINDOWS, platformName: WINDOWS, proxy: Proxy(), setWindowRect: true, strictFileInteractability: false, timeouts: {implicit: 0, pageLoad: 300000, script: 30000}, unhandledPromptBehavior: dismiss and notify, webauthn:extension:credBlob: true, webauthn:extension:largeBlob: true, webauthn:extension:minPinLength: true, webauthn:extension:prf: true, webauthn:virtualAuthenticators: true}
Session ID: 5c7f46c5ad2259908ffd36c290ddc6a2
*** Element info: {Using=xpath, value=(//*[text()=&apos;Membership&apos;])[2]}
	at org.openqa.selenium.remote.codec.w3c.W3CHttpResponseCodec.createException(W3CHttpResponseCodec.java:190)
	at org.openqa.selenium.remote.codec.w3c.W3CHttpResponseCodec.decode(W3CHttpResponseCodec.java:124)
	at org.openqa.selenium.remote.codec.w3c.W3CHttpResponseCodec.decode(W3CHttpResponseCodec.java:51)
	at org.openqa.selenium.remote.HttpCommandExecutor.execute(HttpCommandExecutor.java:161)
	at org.openqa.selenium.remote.service.DriverCommandExecutor.execute(DriverCommandExecutor.java:83)
	at org.openqa.selenium.remote.RemoteWebDriver.execute(RemoteWebDriver.java:577)
	at org.openqa.selenium.remote.RemoteWebDriver.findElement(RemoteWebDriver.java:328)
	at org.openqa.selenium.remote.RemoteWebDriver.findElementByXPath(RemoteWebDriver.java:446)
	at org.openqa.selenium.By$ByXPath.findElement(By.java:353)
	at org.openqa.selenium.remote.RemoteWebDriver.findElement(RemoteWebDriver.java:320)
	at org.openqa.selenium.support.events.EventFiringWebDriver.lambda$new$1(EventFiringWebDriver.java:106)
	at jdk.proxy2/jdk.proxy2.$Proxy11.findElement(Unknown Source)
	at org.openqa.selenium.support.events.EventFiringWebDriver.findElement(EventFiringWebDriver.java:195)
	at pages.SupplierFormPage.selectMembership(SupplierFormPage.java:903)
	at testcases.Supplier.TestCase_5906.createSupplierWithSupplierLogin(TestCase_5906.java:83)
	... 28 more
... Removed 33 stack frames</pre></div><a href='#' onClick='toggleBox("stack-trace705837214", this, "Click to show all stack frames", "Click to hide stack frames")'>Click to show all stack frames</a>
<div class='stack-trace' id='stack-trace705837214'><pre>java.lang.reflect.InvocationTargetException
	at java.base/jdk.internal.reflect.DirectMethodHandleAccessor.invoke(DirectMethodHandleAccessor.java:119)
	at java.base/java.lang.reflect.Method.invoke(Method.java:578)
	at driver.Driver.executeTestcase(Driver.java:145)
	at java.base/jdk.internal.reflect.DirectMethodHandleAccessor.invoke(DirectMethodHandleAccessor.java:104)
	at java.base/java.lang.reflect.Method.invoke(Method.java:578)
	at org.testng.internal.MethodInvocationHelper.invokeMethod(MethodInvocationHelper.java:133)
	at org.testng.internal.TestInvoker.invokeMethod(TestInvoker.java:598)
	at org.testng.internal.TestInvoker.invokeTestMethod(TestInvoker.java:173)
	at org.testng.internal.MethodRunner.runInSequence(MethodRunner.java:46)
	at org.testng.internal.TestInvoker$MethodInvocationAgent.invoke(TestInvoker.java:824)
	at org.testng.internal.TestInvoker.invokeTestMethods(TestInvoker.java:146)
	at org.testng.internal.TestMethodWorker.invokeTestMethods(TestMethodWorker.java:146)
	at org.testng.internal.TestMethodWorker.run(TestMethodWorker.java:128)
	at java.base/java.util.ArrayList.forEach(ArrayList.java:1511)
	at org.testng.TestRunner.privateRun(TestRunner.java:794)
	at org.testng.TestRunner.run(TestRunner.java:596)
	at org.testng.SuiteRunner.runTest(SuiteRunner.java:377)
	at org.testng.SuiteRunner.runSequentially(SuiteRunner.java:371)
	at org.testng.SuiteRunner.privateRun(SuiteRunner.java:332)
	at org.testng.SuiteRunner.run(SuiteRunner.java:276)
	at org.testng.SuiteRunnerWorker.runSuite(SuiteRunnerWorker.java:53)
	at org.testng.SuiteRunnerWorker.run(SuiteRunnerWorker.java:96)
	at org.testng.TestNG.runSuitesSequentially(TestNG.java:1212)
	at org.testng.TestNG.runSuitesLocally(TestNG.java:1134)
	at org.testng.TestNG.runSuites(TestNG.java:1063)
	at org.testng.TestNG.run(TestNG.java:1031)
	at org.testng.remote.AbstractRemoteTestNG.run(AbstractRemoteTestNG.java:115)
	at org.testng.remote.RemoteTestNG.initAndRun(RemoteTestNG.java:251)
	at org.testng.remote.RemoteTestNG.main(RemoteTestNG.java:77)
Caused by: org.openqa.selenium.NoSuchElementException: no such element: Unable to locate element: {&quot;method&quot;:&quot;xpath&quot;,&quot;selector&quot;:&quot;(//*[text()=&apos;Membership&apos;])[2]&quot;}
  (Session info: chrome=111.0.5563.65)
For documentation on this error, please visit: https://www.seleniumhq.org/exceptions/no_such_element.html
Build info: version: &apos;4.0.0-alpha-1&apos;, revision: &apos;d1d3728cae&apos;, time: &apos;2019-04-24T13:42:21&apos;
System info: host: &apos;Z3P5PUGDEV0062&apos;, ip: &apos;10.99.60.229&apos;, os.name: &apos;Windows 11&apos;, os.arch: &apos;amd64&apos;, os.version: &apos;10.0&apos;, java.version: &apos;19.0.1&apos;
Driver info: org.openqa.selenium.chrome.ChromeDriver
Capabilities {acceptInsecureCerts: false, browserName: chrome, browserVersion: 111.0.5563.65, chrome: {chromedriverVersion: 111.0.5563.64 (c710e93d5b63..., userDataDir: E:\fahmed2\AppData\Local\Te...}, goog:chromeOptions: {debuggerAddress: localhost:49952}, javascriptEnabled: true, networkConnectionEnabled: false, pageLoadStrategy: normal, platform: WINDOWS, platformName: WINDOWS, proxy: Proxy(), setWindowRect: true, strictFileInteractability: false, timeouts: {implicit: 0, pageLoad: 300000, script: 30000}, unhandledPromptBehavior: dismiss and notify, webauthn:extension:credBlob: true, webauthn:extension:largeBlob: true, webauthn:extension:minPinLength: true, webauthn:extension:prf: true, webauthn:virtualAuthenticators: true}
Session ID: 5c7f46c5ad2259908ffd36c290ddc6a2
*** Element info: {Using=xpath, value=(//*[text()=&apos;Membership&apos;])[2]}
	at java.base/jdk.internal.reflect.DirectConstructorHandleAccessor.newInstance(DirectConstructorHandleAccessor.java:67)
	at java.base/java.lang.reflect.Constructor.newInstanceWithCaller(Constructor.java:500)
	at java.base/java.lang.reflect.Constructor.newInstance(Constructor.java:484)
	at org.openqa.selenium.remote.codec.w3c.W3CHttpResponseCodec.createException(W3CHttpResponseCodec.java:190)
	at org.openqa.selenium.remote.codec.w3c.W3CHttpResponseCodec.decode(W3CHttpResponseCodec.java:124)
	at org.openqa.selenium.remote.codec.w3c.W3CHttpResponseCodec.decode(W3CHttpResponseCodec.java:51)
	at org.openqa.selenium.remote.HttpCommandExecutor.execute(HttpCommandExecutor.java:161)
	at org.openqa.selenium.remote.service.DriverCommandExecutor.execute(DriverCommandExecutor.java:83)
	at org.openqa.selenium.remote.RemoteWebDriver.execute(RemoteWebDriver.java:577)
	at org.openqa.selenium.remote.RemoteWebDriver.findElement(RemoteWebDriver.java:328)
	at org.openqa.selenium.remote.RemoteWebDriver.findElementByXPath(RemoteWebDriver.java:446)
	at org.openqa.selenium.By$ByXPath.findElement(By.java:353)
	at org.openqa.selenium.remote.RemoteWebDriver.findElement(RemoteWebDriver.java:320)
	at java.base/jdk.internal.reflect.DirectMethodHandleAccessor.invoke(DirectMethodHandleAccessor.java:104)
	at java.base/java.lang.reflect.Method.invoke(Method.java:578)
	at org.openqa.selenium.support.events.EventFiringWebDriver.lambda$new$1(EventFiringWebDriver.java:106)
	at jdk.proxy2/jdk.proxy2.$Proxy11.findElement(Unknown Source)
	at org.openqa.selenium.support.events.EventFiringWebDriver.findElement(EventFiringWebDriver.java:195)
	at pages.SupplierFormPage.selectMembership(SupplierFormPage.java:903)
	at testcases.Supplier.TestCase_5906.createSupplierWithSupplierLogin(TestCase_5906.java:83)
	at java.base/jdk.internal.reflect.DirectMethodHandleAccessor.invoke(DirectMethodHandleAccessor.java:104)
	... 28 more
</pre></div></td>
<td>497</td>
<td>driver.Driver@3568f9d2</td></tr>
<tr>
<td title='driver.Driver.executeTestcase()'><b>executeTestcase</b><br>Test class: driver.Driver<br>Parameters: org.testng.TestRunner@3d484181</td>
<td><div><pre>java.lang.reflect.InvocationTargetException
	at driver.Driver.executeTestcase(Driver.java:145)
	at java.base/java.util.ArrayList.forEach(ArrayList.java:1511)
Caused by: org.openqa.selenium.NoSuchElementException: no such element: Unable to locate element: {&quot;method&quot;:&quot;xpath&quot;,&quot;selector&quot;:&quot;//*[contains(@id,&apos;ViewSelecto&apos;)]&quot;}
  (Session info: chrome=111.0.5563.65)
For documentation on this error, please visit: https://www.seleniumhq.org/exceptions/no_such_element.html
Build info: version: &apos;4.0.0-alpha-1&apos;, revision: &apos;d1d3728cae&apos;, time: &apos;2019-04-24T13:42:21&apos;
System info: host: &apos;Z3P5PUGDEV0062&apos;, ip: &apos;10.99.60.229&apos;, os.name: &apos;Windows 11&apos;, os.arch: &apos;amd64&apos;, os.version: &apos;10.0&apos;, java.version: &apos;19.0.1&apos;
Driver info: org.openqa.selenium.chrome.ChromeDriver
Capabilities {acceptInsecureCerts: false, browserName: chrome, browserVersion: 111.0.5563.65, chrome: {chromedriverVersion: 111.0.5563.64 (c710e93d5b63..., userDataDir: E:\fahmed2\AppData\Local\Te...}, goog:chromeOptions: {debuggerAddress: localhost:50899}, javascriptEnabled: true, networkConnectionEnabled: false, pageLoadStrategy: normal, platform: WINDOWS, platformName: WINDOWS, proxy: Proxy(), setWindowRect: true, strictFileInteractability: false, timeouts: {implicit: 0, pageLoad: 300000, script: 30000}, unhandledPromptBehavior: dismiss and notify, webauthn:extension:credBlob: true, webauthn:extension:largeBlob: true, webauthn:extension:minPinLength: true, webauthn:extension:prf: true, webauthn:virtualAuthenticators: true}
Session ID: 3a925b8585b5fe35e91a943839128cdb
*** Element info: {Using=xpath, value=//*[contains(@id,&apos;ViewSelecto&apos;)]}
	at org.openqa.selenium.remote.codec.w3c.W3CHttpResponseCodec.createException(W3CHttpResponseCodec.java:190)
	at org.openqa.selenium.remote.codec.w3c.W3CHttpResponseCodec.decode(W3CHttpResponseCodec.java:124)
	at org.openqa.selenium.remote.codec.w3c.W3CHttpResponseCodec.decode(W3CHttpResponseCodec.java:51)
	at org.openqa.selenium.remote.HttpCommandExecutor.execute(HttpCommandExecutor.java:161)
	at org.openqa.selenium.remote.service.DriverCommandExecutor.execute(DriverCommandExecutor.java:83)
	at org.openqa.selenium.remote.RemoteWebDriver.execute(RemoteWebDriver.java:577)
	at org.openqa.selenium.remote.RemoteWebDriver.findElement(RemoteWebDriver.java:328)
	at org.openqa.selenium.remote.RemoteWebDriver.findElementByXPath(RemoteWebDriver.java:446)
	at org.openqa.selenium.By$ByXPath.findElement(By.java:353)
	at org.openqa.selenium.remote.RemoteWebDriver.findElement(RemoteWebDriver.java:320)
	at org.openqa.selenium.support.events.EventFiringWebDriver.lambda$new$1(EventFiringWebDriver.java:106)
	at jdk.proxy2/jdk.proxy2.$Proxy11.findElement(Unknown Source)
	at org.openqa.selenium.support.events.EventFiringWebDriver.findElement(EventFiringWebDriver.java:195)
	at pages.AccountsPage.searchAccount(AccountsPage.java:53)
	at testcases.Supplier.TestCase_10662.verifyAccountNumberEntity(TestCase_10662.java:52)
	... 28 more
... Removed 33 stack frames</pre></div><a href='#' onClick='toggleBox("stack-trace2096556635", this, "Click to show all stack frames", "Click to hide stack frames")'>Click to show all stack frames</a>
<div class='stack-trace' id='stack-trace2096556635'><pre>java.lang.reflect.InvocationTargetException
	at java.base/jdk.internal.reflect.DirectMethodHandleAccessor.invoke(DirectMethodHandleAccessor.java:119)
	at java.base/java.lang.reflect.Method.invoke(Method.java:578)
	at driver.Driver.executeTestcase(Driver.java:145)
	at java.base/jdk.internal.reflect.DirectMethodHandleAccessor.invoke(DirectMethodHandleAccessor.java:104)
	at java.base/java.lang.reflect.Method.invoke(Method.java:578)
	at org.testng.internal.MethodInvocationHelper.invokeMethod(MethodInvocationHelper.java:133)
	at org.testng.internal.TestInvoker.invokeMethod(TestInvoker.java:598)
	at org.testng.internal.TestInvoker.invokeTestMethod(TestInvoker.java:173)
	at org.testng.internal.MethodRunner.runInSequence(MethodRunner.java:46)
	at org.testng.internal.TestInvoker$MethodInvocationAgent.invoke(TestInvoker.java:824)
	at org.testng.internal.TestInvoker.invokeTestMethods(TestInvoker.java:146)
	at org.testng.internal.TestMethodWorker.invokeTestMethods(TestMethodWorker.java:146)
	at org.testng.internal.TestMethodWorker.run(TestMethodWorker.java:128)
	at java.base/java.util.ArrayList.forEach(ArrayList.java:1511)
	at org.testng.TestRunner.privateRun(TestRunner.java:794)
	at org.testng.TestRunner.run(TestRunner.java:596)
	at org.testng.SuiteRunner.runTest(SuiteRunner.java:377)
	at org.testng.SuiteRunner.runSequentially(SuiteRunner.java:371)
	at org.testng.SuiteRunner.privateRun(SuiteRunner.java:332)
	at org.testng.SuiteRunner.run(SuiteRunner.java:276)
	at org.testng.SuiteRunnerWorker.runSuite(SuiteRunnerWorker.java:53)
	at org.testng.SuiteRunnerWorker.run(SuiteRunnerWorker.java:96)
	at org.testng.TestNG.runSuitesSequentially(TestNG.java:1212)
	at org.testng.TestNG.runSuitesLocally(TestNG.java:1134)
	at org.testng.TestNG.runSuites(TestNG.java:1063)
	at org.testng.TestNG.run(TestNG.java:1031)
	at org.testng.remote.AbstractRemoteTestNG.run(AbstractRemoteTestNG.java:115)
	at org.testng.remote.RemoteTestNG.initAndRun(RemoteTestNG.java:251)
	at org.testng.remote.RemoteTestNG.main(RemoteTestNG.java:77)
Caused by: org.openqa.selenium.NoSuchElementException: no such element: Unable to locate element: {&quot;method&quot;:&quot;xpath&quot;,&quot;selector&quot;:&quot;//*[contains(@id,&apos;ViewSelecto&apos;)]&quot;}
  (Session info: chrome=111.0.5563.65)
For documentation on this error, please visit: https://www.seleniumhq.org/exceptions/no_such_element.html
Build info: version: &apos;4.0.0-alpha-1&apos;, revision: &apos;d1d3728cae&apos;, time: &apos;2019-04-24T13:42:21&apos;
System info: host: &apos;Z3P5PUGDEV0062&apos;, ip: &apos;10.99.60.229&apos;, os.name: &apos;Windows 11&apos;, os.arch: &apos;amd64&apos;, os.version: &apos;10.0&apos;, java.version: &apos;19.0.1&apos;
Driver info: org.openqa.selenium.chrome.ChromeDriver
Capabilities {acceptInsecureCerts: false, browserName: chrome, browserVersion: 111.0.5563.65, chrome: {chromedriverVersion: 111.0.5563.64 (c710e93d5b63..., userDataDir: E:\fahmed2\AppData\Local\Te...}, goog:chromeOptions: {debuggerAddress: localhost:50899}, javascriptEnabled: true, networkConnectionEnabled: false, pageLoadStrategy: normal, platform: WINDOWS, platformName: WINDOWS, proxy: Proxy(), setWindowRect: true, strictFileInteractability: false, timeouts: {implicit: 0, pageLoad: 300000, script: 30000}, unhandledPromptBehavior: dismiss and notify, webauthn:extension:credBlob: true, webauthn:extension:largeBlob: true, webauthn:extension:minPinLength: true, webauthn:extension:prf: true, webauthn:virtualAuthenticators: true}
Session ID: 3a925b8585b5fe35e91a943839128cdb
*** Element info: {Using=xpath, value=//*[contains(@id,&apos;ViewSelecto&apos;)]}
	at java.base/jdk.internal.reflect.DirectConstructorHandleAccessor.newInstance(DirectConstructorHandleAccessor.java:67)
	at java.base/java.lang.reflect.Constructor.newInstanceWithCaller(Constructor.java:500)
	at java.base/java.lang.reflect.Constructor.newInstance(Constructor.java:484)
	at org.openqa.selenium.remote.codec.w3c.W3CHttpResponseCodec.createException(W3CHttpResponseCodec.java:190)
	at org.openqa.selenium.remote.codec.w3c.W3CHttpResponseCodec.decode(W3CHttpResponseCodec.java:124)
	at org.openqa.selenium.remote.codec.w3c.W3CHttpResponseCodec.decode(W3CHttpResponseCodec.java:51)
	at org.openqa.selenium.remote.HttpCommandExecutor.execute(HttpCommandExecutor.java:161)
	at org.openqa.selenium.remote.service.DriverCommandExecutor.execute(DriverCommandExecutor.java:83)
	at org.openqa.selenium.remote.RemoteWebDriver.execute(RemoteWebDriver.java:577)
	at org.openqa.selenium.remote.RemoteWebDriver.findElement(RemoteWebDriver.java:328)
	at org.openqa.selenium.remote.RemoteWebDriver.findElementByXPath(RemoteWebDriver.java:446)
	at org.openqa.selenium.By$ByXPath.findElement(By.java:353)
	at org.openqa.selenium.remote.RemoteWebDriver.findElement(RemoteWebDriver.java:320)
	at java.base/jdk.internal.reflect.DirectMethodHandleAccessor.invoke(DirectMethodHandleAccessor.java:104)
	at java.base/java.lang.reflect.Method.invoke(Method.java:578)
	at org.openqa.selenium.support.events.EventFiringWebDriver.lambda$new$1(EventFiringWebDriver.java:106)
	at jdk.proxy2/jdk.proxy2.$Proxy11.findElement(Unknown Source)
	at org.openqa.selenium.support.events.EventFiringWebDriver.findElement(EventFiringWebDriver.java:195)
	at pages.AccountsPage.searchAccount(AccountsPage.java:53)
	at testcases.Supplier.TestCase_10662.verifyAccountNumberEntity(TestCase_10662.java:52)
	at java.base/jdk.internal.reflect.DirectMethodHandleAccessor.invoke(DirectMethodHandleAccessor.java:104)
	... 28 more
</pre></div></td>
<td>289</td>
<td>driver.Driver@3568f9d2</td></tr>
<tr>
<td title='driver.Driver.executeTestcase()'><b>executeTestcase</b><br>Test class: driver.Driver<br>Parameters: org.testng.TestRunner@3d484181</td>
<td><div><pre>java.lang.reflect.InvocationTargetException
	at driver.Driver.executeTestcase(Driver.java:145)
	at java.base/java.util.ArrayList.forEach(ArrayList.java:1511)
Caused by: org.openqa.selenium.NoSuchElementException: no such element: Unable to locate element: {&quot;method&quot;:&quot;xpath&quot;,&quot;selector&quot;:&quot;//*[@data-id=&apos;ix_feeshareeligible.fieldControl-checkbox-select&apos;]&quot;}
  (Session info: chrome=111.0.5563.65)
For documentation on this error, please visit: https://www.seleniumhq.org/exceptions/no_such_element.html
Build info: version: &apos;4.0.0-alpha-1&apos;, revision: &apos;d1d3728cae&apos;, time: &apos;2019-04-24T13:42:21&apos;
System info: host: &apos;Z3P5PUGDEV0062&apos;, ip: &apos;10.99.60.229&apos;, os.name: &apos;Windows 11&apos;, os.arch: &apos;amd64&apos;, os.version: &apos;10.0&apos;, java.version: &apos;19.0.1&apos;
Driver info: org.openqa.selenium.chrome.ChromeDriver
Capabilities {acceptInsecureCerts: false, browserName: chrome, browserVersion: 111.0.5563.65, chrome: {chromedriverVersion: 111.0.5563.64 (c710e93d5b63..., userDataDir: E:\fahmed2\AppData\Local\Te...}, goog:chromeOptions: {debuggerAddress: localhost:49413}, javascriptEnabled: true, networkConnectionEnabled: false, pageLoadStrategy: normal, platform: WINDOWS, platformName: WINDOWS, proxy: Proxy(), setWindowRect: true, strictFileInteractability: false, timeouts: {implicit: 0, pageLoad: 300000, script: 30000}, unhandledPromptBehavior: dismiss and notify, webauthn:extension:credBlob: true, webauthn:extension:largeBlob: true, webauthn:extension:minPinLength: true, webauthn:extension:prf: true, webauthn:virtualAuthenticators: true}
Session ID: 28af85c43a7a3f7f2721223ccc7acf8c
*** Element info: {Using=xpath, value=//*[@data-id=&apos;ix_feeshareeligible.fieldControl-checkbox-select&apos;]}
	at org.openqa.selenium.remote.codec.w3c.W3CHttpResponseCodec.createException(W3CHttpResponseCodec.java:190)
	at org.openqa.selenium.remote.codec.w3c.W3CHttpResponseCodec.decode(W3CHttpResponseCodec.java:124)
	at org.openqa.selenium.remote.codec.w3c.W3CHttpResponseCodec.decode(W3CHttpResponseCodec.java:51)
	at org.openqa.selenium.remote.HttpCommandExecutor.execute(HttpCommandExecutor.java:161)
	at org.openqa.selenium.remote.service.DriverCommandExecutor.execute(DriverCommandExecutor.java:83)
	at org.openqa.selenium.remote.RemoteWebDriver.execute(RemoteWebDriver.java:577)
	at org.openqa.selenium.remote.RemoteWebDriver.findElement(RemoteWebDriver.java:328)
	at org.openqa.selenium.remote.RemoteWebDriver.findElementByXPath(RemoteWebDriver.java:446)
	at org.openqa.selenium.By$ByXPath.findElement(By.java:353)
	at org.openqa.selenium.remote.RemoteWebDriver.findElement(RemoteWebDriver.java:320)
	at org.openqa.selenium.support.events.EventFiringWebDriver.lambda$new$1(EventFiringWebDriver.java:106)
	at jdk.proxy2/jdk.proxy2.$Proxy11.findElement(Unknown Source)
	at org.openqa.selenium.support.events.EventFiringWebDriver.findElement(EventFiringWebDriver.java:195)
	at pages.MemberFormPage.changeFeeShareEligibleToYes(MemberFormPage.java:2997)
	at testcases.Member.TestCase_8841.createNewTPMember(TestCase_8841.java:97)
	... 28 more
... Removed 33 stack frames</pre></div><a href='#' onClick='toggleBox("stack-trace108760389", this, "Click to show all stack frames", "Click to hide stack frames")'>Click to show all stack frames</a>
<div class='stack-trace' id='stack-trace108760389'><pre>java.lang.reflect.InvocationTargetException
	at java.base/jdk.internal.reflect.DirectMethodHandleAccessor.invoke(DirectMethodHandleAccessor.java:119)
	at java.base/java.lang.reflect.Method.invoke(Method.java:578)
	at driver.Driver.executeTestcase(Driver.java:145)
	at java.base/jdk.internal.reflect.DirectMethodHandleAccessor.invoke(DirectMethodHandleAccessor.java:104)
	at java.base/java.lang.reflect.Method.invoke(Method.java:578)
	at org.testng.internal.MethodInvocationHelper.invokeMethod(MethodInvocationHelper.java:133)
	at org.testng.internal.TestInvoker.invokeMethod(TestInvoker.java:598)
	at org.testng.internal.TestInvoker.invokeTestMethod(TestInvoker.java:173)
	at org.testng.internal.MethodRunner.runInSequence(MethodRunner.java:46)
	at org.testng.internal.TestInvoker$MethodInvocationAgent.invoke(TestInvoker.java:824)
	at org.testng.internal.TestInvoker.invokeTestMethods(TestInvoker.java:146)
	at org.testng.internal.TestMethodWorker.invokeTestMethods(TestMethodWorker.java:146)
	at org.testng.internal.TestMethodWorker.run(TestMethodWorker.java:128)
	at java.base/java.util.ArrayList.forEach(ArrayList.java:1511)
	at org.testng.TestRunner.privateRun(TestRunner.java:794)
	at org.testng.TestRunner.run(TestRunner.java:596)
	at org.testng.SuiteRunner.runTest(SuiteRunner.java:377)
	at org.testng.SuiteRunner.runSequentially(SuiteRunner.java:371)
	at org.testng.SuiteRunner.privateRun(SuiteRunner.java:332)
	at org.testng.SuiteRunner.run(SuiteRunner.java:276)
	at org.testng.SuiteRunnerWorker.runSuite(SuiteRunnerWorker.java:53)
	at org.testng.SuiteRunnerWorker.run(SuiteRunnerWorker.java:96)
	at org.testng.TestNG.runSuitesSequentially(TestNG.java:1212)
	at org.testng.TestNG.runSuitesLocally(TestNG.java:1134)
	at org.testng.TestNG.runSuites(TestNG.java:1063)
	at org.testng.TestNG.run(TestNG.java:1031)
	at org.testng.remote.AbstractRemoteTestNG.run(AbstractRemoteTestNG.java:115)
	at org.testng.remote.RemoteTestNG.initAndRun(RemoteTestNG.java:251)
	at org.testng.remote.RemoteTestNG.main(RemoteTestNG.java:77)
Caused by: org.openqa.selenium.NoSuchElementException: no such element: Unable to locate element: {&quot;method&quot;:&quot;xpath&quot;,&quot;selector&quot;:&quot;//*[@data-id=&apos;ix_feeshareeligible.fieldControl-checkbox-select&apos;]&quot;}
  (Session info: chrome=111.0.5563.65)
For documentation on this error, please visit: https://www.seleniumhq.org/exceptions/no_such_element.html
Build info: version: &apos;4.0.0-alpha-1&apos;, revision: &apos;d1d3728cae&apos;, time: &apos;2019-04-24T13:42:21&apos;
System info: host: &apos;Z3P5PUGDEV0062&apos;, ip: &apos;10.99.60.229&apos;, os.name: &apos;Windows 11&apos;, os.arch: &apos;amd64&apos;, os.version: &apos;10.0&apos;, java.version: &apos;19.0.1&apos;
Driver info: org.openqa.selenium.chrome.ChromeDriver
Capabilities {acceptInsecureCerts: false, browserName: chrome, browserVersion: 111.0.5563.65, chrome: {chromedriverVersion: 111.0.5563.64 (c710e93d5b63..., userDataDir: E:\fahmed2\AppData\Local\Te...}, goog:chromeOptions: {debuggerAddress: localhost:49413}, javascriptEnabled: true, networkConnectionEnabled: false, pageLoadStrategy: normal, platform: WINDOWS, platformName: WINDOWS, proxy: Proxy(), setWindowRect: true, strictFileInteractability: false, timeouts: {implicit: 0, pageLoad: 300000, script: 30000}, unhandledPromptBehavior: dismiss and notify, webauthn:extension:credBlob: true, webauthn:extension:largeBlob: true, webauthn:extension:minPinLength: true, webauthn:extension:prf: true, webauthn:virtualAuthenticators: true}
Session ID: 28af85c43a7a3f7f2721223ccc7acf8c
*** Element info: {Using=xpath, value=//*[@data-id=&apos;ix_feeshareeligible.fieldControl-checkbox-select&apos;]}
	at java.base/jdk.internal.reflect.DirectConstructorHandleAccessor.newInstance(DirectConstructorHandleAccessor.java:67)
	at java.base/java.lang.reflect.Constructor.newInstanceWithCaller(Constructor.java:500)
	at java.base/java.lang.reflect.Constructor.newInstance(Constructor.java:484)
	at org.openqa.selenium.remote.codec.w3c.W3CHttpResponseCodec.createException(W3CHttpResponseCodec.java:190)
	at org.openqa.selenium.remote.codec.w3c.W3CHttpResponseCodec.decode(W3CHttpResponseCodec.java:124)
	at org.openqa.selenium.remote.codec.w3c.W3CHttpResponseCodec.decode(W3CHttpResponseCodec.java:51)
	at org.openqa.selenium.remote.HttpCommandExecutor.execute(HttpCommandExecutor.java:161)
	at org.openqa.selenium.remote.service.DriverCommandExecutor.execute(DriverCommandExecutor.java:83)
	at org.openqa.selenium.remote.RemoteWebDriver.execute(RemoteWebDriver.java:577)
	at org.openqa.selenium.remote.RemoteWebDriver.findElement(RemoteWebDriver.java:328)
	at org.openqa.selenium.remote.RemoteWebDriver.findElementByXPath(RemoteWebDriver.java:446)
	at org.openqa.selenium.By$ByXPath.findElement(By.java:353)
	at org.openqa.selenium.remote.RemoteWebDriver.findElement(RemoteWebDriver.java:320)
	at java.base/jdk.internal.reflect.DirectMethodHandleAccessor.invoke(DirectMethodHandleAccessor.java:104)
	at java.base/java.lang.reflect.Method.invoke(Method.java:578)
	at org.openqa.selenium.support.events.EventFiringWebDriver.lambda$new$1(EventFiringWebDriver.java:106)
	at jdk.proxy2/jdk.proxy2.$Proxy11.findElement(Unknown Source)
	at org.openqa.selenium.support.events.EventFiringWebDriver.findElement(EventFiringWebDriver.java:195)
	at pages.MemberFormPage.changeFeeShareEligibleToYes(MemberFormPage.java:2997)
	at testcases.Member.TestCase_8841.createNewTPMember(TestCase_8841.java:97)
	at java.base/jdk.internal.reflect.DirectMethodHandleAccessor.invoke(DirectMethodHandleAccessor.java:104)
	... 28 more
</pre></div></td>
<td>473</td>
<td>driver.Driver@3568f9d2</td></tr>
</table><p>
<table width='100%' border='1' class='invocation-passed'>
<tr><td colspan='4' align='center'><b>PASSED TESTS</b></td></tr>
<tr><td><b>Test method</b></td>
<td width="30%"><b>Exception</b></td>
<td width="10%"><b>Time (seconds)</b></td>
<td><b>Instance</b></td>
</tr>
<tr>
<td title='driver.Driver.executeTestcase()'><b>executeTestcase</b><br>Test class: driver.Driver<br>Parameters: org.testng.TestRunner@3d484181</td>
<td></td>
<td>0</td>
<td>driver.Driver@3568f9d2</td></tr>
<tr>
<td title='driver.Driver.executeTestcase()'><b>executeTestcase</b><br>Test class: driver.Driver<br>Parameters: org.testng.TestRunner@3d484181</td>
<td></td>
<td>0</td>
<td>driver.Driver@3568f9d2</td></tr>
<tr>
<td title='driver.Driver.executeTestcase()'><b>executeTestcase</b><br>Test class: driver.Driver<br>Parameters: org.testng.TestRunner@3d484181</td>
<td></td>
<td>0</td>
<td>driver.Driver@3568f9d2</td></tr>
<tr>
<td title='driver.Driver.executeTestcase()'><b>executeTestcase</b><br>Test class: driver.Driver<br>Parameters: org.testng.TestRunner@3d484181</td>
<td></td>
<td>0</td>
<td>driver.Driver@3568f9d2</td></tr>
<tr>
<td title='driver.Driver.executeTestcase()'><b>executeTestcase</b><br>Test class: driver.Driver<br>Parameters: org.testng.TestRunner@3d484181</td>
<td></td>
<td>0</td>
<td>driver.Driver@3568f9d2</td></tr>
<tr>
<td title='driver.Driver.executeTestcase()'><b>executeTestcase</b><br>Test class: driver.Driver<br>Parameters: org.testng.TestRunner@3d484181</td>
<td></td>
<td>0</td>
<td>driver.Driver@3568f9d2</td></tr>
<tr>
<td title='driver.Driver.executeTestcase()'><b>executeTestcase</b><br>Test class: driver.Driver<br>Parameters: org.testng.TestRunner@3d484181</td>
<td></td>
<td>0</td>
<td>driver.Driver@3568f9d2</td></tr>
<tr>
<td title='driver.Driver.executeTestcase()'><b>executeTestcase</b><br>Test class: driver.Driver<br>Parameters: org.testng.TestRunner@3d484181</td>
<td></td>
<td>0</td>
<td>driver.Driver@3568f9d2</td></tr>
<tr>
<td title='driver.Driver.executeTestcase()'><b>executeTestcase</b><br>Test class: driver.Driver<br>Parameters: org.testng.TestRunner@3d484181</td>
<td></td>
<td>0</td>
<td>driver.Driver@3568f9d2</td></tr>
<tr>
<td title='driver.Driver.executeTestcase()'><b>executeTestcase</b><br>Test class: driver.Driver<br>Parameters: org.testng.TestRunner@3d484181</td>
<td></td>
<td>0</td>
<td>driver.Driver@3568f9d2</td></tr>
<tr>
<td title='driver.Driver.executeTestcase()'><b>executeTestcase</b><br>Test class: driver.Driver<br>Parameters: org.testng.TestRunner@3d484181</td>
<td></td>
<td>0</td>
<td>driver.Driver@3568f9d2</td></tr>
<tr>
<td title='driver.Driver.executeTestcase()'><b>executeTestcase</b><br>Test class: driver.Driver<br>Parameters: org.testng.TestRunner@3d484181</td>
<td></td>
<td>0</td>
<td>driver.Driver@3568f9d2</td></tr>
<tr>
<td title='driver.Driver.executeTestcase()'><b>executeTestcase</b><br>Test class: driver.Driver<br>Parameters: org.testng.TestRunner@3d484181</td>
<td></td>
<td>0</td>
<td>driver.Driver@3568f9d2</td></tr>
<tr>
<td title='driver.Driver.executeTestcase()'><b>executeTestcase</b><br>Test class: driver.Driver<br>Parameters: org.testng.TestRunner@3d484181</td>
<td></td>
<td>573</td>
<td>driver.Driver@3568f9d2</td></tr>
<tr>
<td title='driver.Driver.executeTestcase()'><b>executeTestcase</b><br>Test class: driver.Driver<br>Parameters: org.testng.TestRunner@3d484181</td>
<td></td>
<td>0</td>
<td>driver.Driver@3568f9d2</td></tr>
<tr>
<td title='driver.Driver.executeTestcase()'><b>executeTestcase</b><br>Test class: driver.Driver<br>Parameters: org.testng.TestRunner@3d484181</td>
<td></td>
<td>0</td>
<td>driver.Driver@3568f9d2</td></tr>
<tr>
<td title='driver.Driver.executeTestcase()'><b>executeTestcase</b><br>Test class: driver.Driver<br>Parameters: org.testng.TestRunner@3d484181</td>
<td></td>
<td>0</td>
<td>driver.Driver@3568f9d2</td></tr>
<tr>
<td title='driver.Driver.executeTestcase()'><b>executeTestcase</b><br>Test class: driver.Driver<br>Parameters: org.testng.TestRunner@3d484181</td>
<td></td>
<td>0</td>
<td>driver.Driver@3568f9d2</td></tr>
<tr>
<td title='driver.Driver.executeTestcase()'><b>executeTestcase</b><br>Test class: driver.Driver<br>Parameters: org.testng.TestRunner@3d484181</td>
<td></td>
<td>0</td>
<td>driver.Driver@3568f9d2</td></tr>
<tr>
<td title='driver.Driver.executeTestcase()'><b>executeTestcase</b><br>Test class: driver.Driver<br>Parameters: org.testng.TestRunner@3d484181</td>
<td></td>
<td>0</td>
<td>driver.Driver@3568f9d2</td></tr>
<tr>
<td title='driver.Driver.executeTestcase()'><b>executeTestcase</b><br>Test class: driver.Driver<br>Parameters: org.testng.TestRunner@3d484181</td>
<td></td>
<td>0</td>
<td>driver.Driver@3568f9d2</td></tr>
<tr>
<td title='driver.Driver.executeTestcase()'><b>executeTestcase</b><br>Test class: driver.Driver<br>Parameters: org.testng.TestRunner@3d484181</td>
<td></td>
<td>0</td>
<td>driver.Driver@3568f9d2</td></tr>
<tr>
<td title='driver.Driver.executeTestcase()'><b>executeTestcase</b><br>Test class: driver.Driver<br>Parameters: org.testng.TestRunner@3d484181</td>
<td></td>
<td>0</td>
<td>driver.Driver@3568f9d2</td></tr>
<tr>
<td title='driver.Driver.executeTestcase()'><b>executeTestcase</b><br>Test class: driver.Driver<br>Parameters: org.testng.TestRunner@3d484181</td>
<td></td>
<td>0</td>
<td>driver.Driver@3568f9d2</td></tr>
<tr>
<td title='driver.Driver.executeTestcase()'><b>executeTestcase</b><br>Test class: driver.Driver<br>Parameters: org.testng.TestRunner@3d484181</td>
<td></td>
<td>0</td>
<td>driver.Driver@3568f9d2</td></tr>
<tr>
<td title='driver.Driver.executeTestcase()'><b>executeTestcase</b><br>Test class: driver.Driver<br>Parameters: org.testng.TestRunner@3d484181</td>
<td></td>
<td>0</td>
<td>driver.Driver@3568f9d2</td></tr>
<tr>
<td title='driver.Driver.executeTestcase()'><b>executeTestcase</b><br>Test class: driver.Driver<br>Parameters: org.testng.TestRunner@3d484181</td>
<td></td>
<td>0</td>
<td>driver.Driver@3568f9d2</td></tr>
<tr>
<td title='driver.Driver.executeTestcase()'><b>executeTestcase</b><br>Test class: driver.Driver<br>Parameters: org.testng.TestRunner@3d484181</td>
<td></td>
<td>0</td>
<td>driver.Driver@3568f9d2</td></tr>
<tr>
<td title='driver.Driver.executeTestcase()'><b>executeTestcase</b><br>Test class: driver.Driver<br>Parameters: org.testng.TestRunner@3d484181</td>
<td></td>
<td>0</td>
<td>driver.Driver@3568f9d2</td></tr>
<tr>
<td title='driver.Driver.executeTestcase()'><b>executeTestcase</b><br>Test class: driver.Driver<br>Parameters: org.testng.TestRunner@3d484181</td>
<td></td>
<td>0</td>
<td>driver.Driver@3568f9d2</td></tr>
<tr>
<td title='driver.Driver.executeTestcase()'><b>executeTestcase</b><br>Test class: driver.Driver<br>Parameters: org.testng.TestRunner@3d484181</td>
<td></td>
<td>0</td>
<td>driver.Driver@3568f9d2</td></tr>
<tr>
<td title='driver.Driver.executeTestcase()'><b>executeTestcase</b><br>Test class: driver.Driver<br>Parameters: org.testng.TestRunner@3d484181</td>
<td></td>
<td>0</td>
<td>driver.Driver@3568f9d2</td></tr>
<tr>
<td title='driver.Driver.executeTestcase()'><b>executeTestcase</b><br>Test class: driver.Driver<br>Parameters: org.testng.TestRunner@3d484181</td>
<td></td>
<td>0</td>
<td>driver.Driver@3568f9d2</td></tr>
<tr>
<td title='driver.Driver.executeTestcase()'><b>executeTestcase</b><br>Test class: driver.Driver<br>Parameters: org.testng.TestRunner@3d484181</td>
<td></td>
<td>0</td>
<td>driver.Driver@3568f9d2</td></tr>
<tr>
<td title='driver.Driver.executeTestcase()'><b>executeTestcase</b><br>Test class: driver.Driver<br>Parameters: org.testng.TestRunner@3d484181</td>
<td></td>
<td>0</td>
<td>driver.Driver@3568f9d2</td></tr>
<tr>
<td title='driver.Driver.executeTestcase()'><b>executeTestcase</b><br>Test class: driver.Driver<br>Parameters: org.testng.TestRunner@3d484181</td>
<td></td>
<td>0</td>
<td>driver.Driver@3568f9d2</td></tr>
<tr>
<td title='driver.Driver.executeTestcase()'><b>executeTestcase</b><br>Test class: driver.Driver<br>Parameters: org.testng.TestRunner@3d484181</td>
<td></td>
<td>0</td>
<td>driver.Driver@3568f9d2</td></tr>
<tr>
<td title='driver.Driver.executeTestcase()'><b>executeTestcase</b><br>Test class: driver.Driver<br>Parameters: org.testng.TestRunner@3d484181</td>
<td></td>
<td>0</td>
<td>driver.Driver@3568f9d2</td></tr>
<tr>
<td title='driver.Driver.executeTestcase()'><b>executeTestcase</b><br>Test class: driver.Driver<br>Parameters: org.testng.TestRunner@3d484181</td>
<td></td>
<td>0</td>
<td>driver.Driver@3568f9d2</td></tr>
<tr>
<td title='driver.Driver.executeTestcase()'><b>executeTestcase</b><br>Test class: driver.Driver<br>Parameters: org.testng.TestRunner@3d484181</td>
<td></td>
<td>0</td>
<td>driver.Driver@3568f9d2</td></tr>
<tr>
<td title='driver.Driver.executeTestcase()'><b>executeTestcase</b><br>Test class: driver.Driver<br>Parameters: org.testng.TestRunner@3d484181</td>
<td></td>
<td>0</td>
<td>driver.Driver@3568f9d2</td></tr>
<tr>
<td title='driver.Driver.executeTestcase()'><b>executeTestcase</b><br>Test class: driver.Driver<br>Parameters: org.testng.TestRunner@3d484181</td>
<td></td>
<td>0</td>
<td>driver.Driver@3568f9d2</td></tr>
<tr>
<td title='driver.Driver.executeTestcase()'><b>executeTestcase</b><br>Test class: driver.Driver<br>Parameters: org.testng.TestRunner@3d484181</td>
<td></td>
<td>0</td>
<td>driver.Driver@3568f9d2</td></tr>
<tr>
<td title='driver.Driver.executeTestcase()'><b>executeTestcase</b><br>Test class: driver.Driver<br>Parameters: org.testng.TestRunner@3d484181</td>
<td></td>
<td>0</td>
<td>driver.Driver@3568f9d2</td></tr>
<tr>
<td title='driver.Driver.executeTestcase()'><b>executeTestcase</b><br>Test class: driver.Driver<br>Parameters: org.testng.TestRunner@3d484181</td>
<td></td>
<td>0</td>
<td>driver.Driver@3568f9d2</td></tr>
<tr>
<td title='driver.Driver.executeTestcase()'><b>executeTestcase</b><br>Test class: driver.Driver<br>Parameters: org.testng.TestRunner@3d484181</td>
<td></td>
<td>0</td>
<td>driver.Driver@3568f9d2</td></tr>
<tr>
<td title='driver.Driver.executeTestcase()'><b>executeTestcase</b><br>Test class: driver.Driver<br>Parameters: org.testng.TestRunner@3d484181</td>
<td></td>
<td>0</td>
<td>driver.Driver@3568f9d2</td></tr>
<tr>
<td title='driver.Driver.executeTestcase()'><b>executeTestcase</b><br>Test class: driver.Driver<br>Parameters: org.testng.TestRunner@3d484181</td>
<td></td>
<td>0</td>
<td>driver.Driver@3568f9d2</td></tr>
<tr>
<td title='driver.Driver.executeTestcase()'><b>executeTestcase</b><br>Test class: driver.Driver<br>Parameters: org.testng.TestRunner@3d484181</td>
<td></td>
<td>0</td>
<td>driver.Driver@3568f9d2</td></tr>
<tr>
<td title='driver.Driver.executeTestcase()'><b>executeTestcase</b><br>Test class: driver.Driver<br>Parameters: org.testng.TestRunner@3d484181</td>
<td></td>
<td>0</td>
<td>driver.Driver@3568f9d2</td></tr>
<tr>
<td title='driver.Driver.executeTestcase()'><b>executeTestcase</b><br>Test class: driver.Driver<br>Parameters: org.testng.TestRunner@3d484181</td>
<td></td>
<td>0</td>
<td>driver.Driver@3568f9d2</td></tr>
<tr>
<td title='driver.Driver.executeTestcase()'><b>executeTestcase</b><br>Test class: driver.Driver<br>Parameters: org.testng.TestRunner@3d484181</td>
<td></td>
<td>0</td>
<td>driver.Driver@3568f9d2</td></tr>
<tr>
<td title='driver.Driver.executeTestcase()'><b>executeTestcase</b><br>Test class: driver.Driver<br>Parameters: org.testng.TestRunner@3d484181</td>
<td></td>
<td>0</td>
<td>driver.Driver@3568f9d2</td></tr>
<tr>
<td title='driver.Driver.executeTestcase()'><b>executeTestcase</b><br>Test class: driver.Driver<br>Parameters: org.testng.TestRunner@3d484181</td>
<td></td>
<td>0</td>
<td>driver.Driver@3568f9d2</td></tr>
<tr>
<td title='driver.Driver.executeTestcase()'><b>executeTestcase</b><br>Test class: driver.Driver<br>Parameters: org.testng.TestRunner@3d484181</td>
<td></td>
<td>0</td>
<td>driver.Driver@3568f9d2</td></tr>
<tr>
<td title='driver.Driver.executeTestcase()'><b>executeTestcase</b><br>Test class: driver.Driver<br>Parameters: org.testng.TestRunner@3d484181</td>
<td></td>
<td>0</td>
<td>driver.Driver@3568f9d2</td></tr>
<tr>
<td title='driver.Driver.executeTestcase()'><b>executeTestcase</b><br>Test class: driver.Driver<br>Parameters: org.testng.TestRunner@3d484181</td>
<td></td>
<td>0</td>
<td>driver.Driver@3568f9d2</td></tr>
<tr>
<td title='driver.Driver.executeTestcase()'><b>executeTestcase</b><br>Test class: driver.Driver<br>Parameters: org.testng.TestRunner@3d484181</td>
<td></td>
<td>0</td>
<td>driver.Driver@3568f9d2</td></tr>
<tr>
<td title='driver.Driver.executeTestcase()'><b>executeTestcase</b><br>Test class: driver.Driver<br>Parameters: org.testng.TestRunner@3d484181</td>
<td></td>
<td>0</td>
<td>driver.Driver@3568f9d2</td></tr>
<tr>
<td title='driver.Driver.executeTestcase()'><b>executeTestcase</b><br>Test class: driver.Driver<br>Parameters: org.testng.TestRunner@3d484181</td>
<td></td>
<td>0</td>
<td>driver.Driver@3568f9d2</td></tr>
<tr>
<td title='driver.Driver.executeTestcase()'><b>executeTestcase</b><br>Test class: driver.Driver<br>Parameters: org.testng.TestRunner@3d484181</td>
<td></td>
<td>0</td>
<td>driver.Driver@3568f9d2</td></tr>
<tr>
<td title='driver.Driver.executeTestcase()'><b>executeTestcase</b><br>Test class: driver.Driver<br>Parameters: org.testng.TestRunner@3d484181</td>
<td></td>
<td>0</td>
<td>driver.Driver@3568f9d2</td></tr>
<tr>
<td title='driver.Driver.executeTestcase()'><b>executeTestcase</b><br>Test class: driver.Driver<br>Parameters: org.testng.TestRunner@3d484181</td>
<td></td>
<td>0</td>
<td>driver.Driver@3568f9d2</td></tr>
<tr>
<td title='driver.Driver.executeTestcase()'><b>executeTestcase</b><br>Test class: driver.Driver<br>Parameters: org.testng.TestRunner@3d484181</td>
<td></td>
<td>0</td>
<td>driver.Driver@3568f9d2</td></tr>
<tr>
<td title='driver.Driver.executeTestcase()'><b>executeTestcase</b><br>Test class: driver.Driver<br>Parameters: org.testng.TestRunner@3d484181</td>
<td></td>
<td>0</td>
<td>driver.Driver@3568f9d2</td></tr>
<tr>
<td title='driver.Driver.executeTestcase()'><b>executeTestcase</b><br>Test class: driver.Driver<br>Parameters: org.testng.TestRunner@3d484181</td>
<td></td>
<td>0</td>
<td>driver.Driver@3568f9d2</td></tr>
<tr>
<td title='driver.Driver.executeTestcase()'><b>executeTestcase</b><br>Test class: driver.Driver<br>Parameters: org.testng.TestRunner@3d484181</td>
<td></td>
<td>0</td>
<td>driver.Driver@3568f9d2</td></tr>
<tr>
<td title='driver.Driver.executeTestcase()'><b>executeTestcase</b><br>Test class: driver.Driver<br>Parameters: org.testng.TestRunner@3d484181</td>
<td></td>
<td>0</td>
<td>driver.Driver@3568f9d2</td></tr>
<tr>
<td title='driver.Driver.executeTestcase()'><b>executeTestcase</b><br>Test class: driver.Driver<br>Parameters: org.testng.TestRunner@3d484181</td>
<td></td>
<td>215</td>
<td>driver.Driver@3568f9d2</td></tr>
<tr>
<td title='driver.Driver.executeTestcase()'><b>executeTestcase</b><br>Test class: driver.Driver<br>Parameters: org.testng.TestRunner@3d484181</td>
<td></td>
<td>0</td>
<td>driver.Driver@3568f9d2</td></tr>
<tr>
<td title='driver.Driver.executeTestcase()'><b>executeTestcase</b><br>Test class: driver.Driver<br>Parameters: org.testng.TestRunner@3d484181</td>
<td></td>
<td>0</td>
<td>driver.Driver@3568f9d2</td></tr>
<tr>
<td title='driver.Driver.executeTestcase()'><b>executeTestcase</b><br>Test class: driver.Driver<br>Parameters: org.testng.TestRunner@3d484181</td>
<td></td>
<td>0</td>
<td>driver.Driver@3568f9d2</td></tr>
<tr>
<td title='driver.Driver.executeTestcase()'><b>executeTestcase</b><br>Test class: driver.Driver<br>Parameters: org.testng.TestRunner@3d484181</td>
<td></td>
<td>0</td>
<td>driver.Driver@3568f9d2</td></tr>
<tr>
<td title='driver.Driver.executeTestcase()'><b>executeTestcase</b><br>Test class: driver.Driver<br>Parameters: org.testng.TestRunner@3d484181</td>
<td></td>
<td>0</td>
<td>driver.Driver@3568f9d2</td></tr>
<tr>
<td title='driver.Driver.executeTestcase()'><b>executeTestcase</b><br>Test class: driver.Driver<br>Parameters: org.testng.TestRunner@3d484181</td>
<td></td>
<td>0</td>
<td>driver.Driver@3568f9d2</td></tr>
<tr>
<td title='driver.Driver.executeTestcase()'><b>executeTestcase</b><br>Test class: driver.Driver<br>Parameters: org.testng.TestRunner@3d484181</td>
<td></td>
<td>0</td>
<td>driver.Driver@3568f9d2</td></tr>
<tr>
<td title='driver.Driver.executeTestcase()'><b>executeTestcase</b><br>Test class: driver.Driver<br>Parameters: org.testng.TestRunner@3d484181</td>
<td></td>
<td>0</td>
<td>driver.Driver@3568f9d2</td></tr>
<tr>
<td title='driver.Driver.executeTestcase()'><b>executeTestcase</b><br>Test class: driver.Driver<br>Parameters: org.testng.TestRunner@3d484181</td>
<td></td>
<td>0</td>
<td>driver.Driver@3568f9d2</td></tr>
<tr>
<td title='driver.Driver.executeTestcase()'><b>executeTestcase</b><br>Test class: driver.Driver<br>Parameters: org.testng.TestRunner@3d484181</td>
<td></td>
<td>0</td>
<td>driver.Driver@3568f9d2</td></tr>
<tr>
<td title='driver.Driver.executeTestcase()'><b>executeTestcase</b><br>Test class: driver.Driver<br>Parameters: org.testng.TestRunner@3d484181</td>
<td></td>
<td>0</td>
<td>driver.Driver@3568f9d2</td></tr>
<tr>
<td title='driver.Driver.executeTestcase()'><b>executeTestcase</b><br>Test class: driver.Driver<br>Parameters: org.testng.TestRunner@3d484181</td>
<td></td>
<td>0</td>
<td>driver.Driver@3568f9d2</td></tr>
<tr>
<td title='driver.Driver.executeTestcase()'><b>executeTestcase</b><br>Test class: driver.Driver<br>Parameters: org.testng.TestRunner@3d484181</td>
<td></td>
<td>0</td>
<td>driver.Driver@3568f9d2</td></tr>
<tr>
<td title='driver.Driver.executeTestcase()'><b>executeTestcase</b><br>Test class: driver.Driver<br>Parameters: org.testng.TestRunner@3d484181</td>
<td></td>
<td>0</td>
<td>driver.Driver@3568f9d2</td></tr>
<tr>
<td title='driver.Driver.executeTestcase()'><b>executeTestcase</b><br>Test class: driver.Driver<br>Parameters: org.testng.TestRunner@3d484181</td>
<td></td>
<td>0</td>
<td>driver.Driver@3568f9d2</td></tr>
<tr>
<td title='driver.Driver.executeTestcase()'><b>executeTestcase</b><br>Test class: driver.Driver<br>Parameters: org.testng.TestRunner@3d484181</td>
<td></td>
<td>0</td>
<td>driver.Driver@3568f9d2</td></tr>
<tr>
<td title='driver.Driver.executeTestcase()'><b>executeTestcase</b><br>Test class: driver.Driver<br>Parameters: org.testng.TestRunner@3d484181</td>
<td></td>
<td>0</td>
<td>driver.Driver@3568f9d2</td></tr>
<tr>
<td title='driver.Driver.executeTestcase()'><b>executeTestcase</b><br>Test class: driver.Driver<br>Parameters: org.testng.TestRunner@3d484181</td>
<td></td>
<td>0</td>
<td>driver.Driver@3568f9d2</td></tr>
<tr>
<td title='driver.Driver.executeTestcase()'><b>executeTestcase</b><br>Test class: driver.Driver<br>Parameters: org.testng.TestRunner@3d484181</td>
<td></td>
<td>0</td>
<td>driver.Driver@3568f9d2</td></tr>
<tr>
<td title='driver.Driver.executeTestcase()'><b>executeTestcase</b><br>Test class: driver.Driver<br>Parameters: org.testng.TestRunner@3d484181</td>
<td></td>
<td>0</td>
<td>driver.Driver@3568f9d2</td></tr>
<tr>
<td title='driver.Driver.executeTestcase()'><b>executeTestcase</b><br>Test class: driver.Driver<br>Parameters: org.testng.TestRunner@3d484181</td>
<td></td>
<td>0</td>
<td>driver.Driver@3568f9d2</td></tr>
<tr>
<td title='driver.Driver.executeTestcase()'><b>executeTestcase</b><br>Test class: driver.Driver<br>Parameters: org.testng.TestRunner@3d484181</td>
<td></td>
<td>0</td>
<td>driver.Driver@3568f9d2</td></tr>
<tr>
<td title='driver.Driver.executeTestcase()'><b>executeTestcase</b><br>Test class: driver.Driver<br>Parameters: org.testng.TestRunner@3d484181</td>
<td></td>
<td>0</td>
<td>driver.Driver@3568f9d2</td></tr>
<tr>
<td title='driver.Driver.executeTestcase()'><b>executeTestcase</b><br>Test class: driver.Driver<br>Parameters: org.testng.TestRunner@3d484181</td>
<td></td>
<td>0</td>
<td>driver.Driver@3568f9d2</td></tr>
<tr>
<td title='driver.Driver.executeTestcase()'><b>executeTestcase</b><br>Test class: driver.Driver<br>Parameters: org.testng.TestRunner@3d484181</td>
<td></td>
<td>0</td>
<td>driver.Driver@3568f9d2</td></tr>
<tr>
<td title='driver.Driver.executeTestcase()'><b>executeTestcase</b><br>Test class: driver.Driver<br>Parameters: org.testng.TestRunner@3d484181</td>
<td></td>
<td>0</td>
<td>driver.Driver@3568f9d2</td></tr>
<tr>
<td title='driver.Driver.executeTestcase()'><b>executeTestcase</b><br>Test class: driver.Driver<br>Parameters: org.testng.TestRunner@3d484181</td>
<td></td>
<td>0</td>
<td>driver.Driver@3568f9d2</td></tr>
<tr>
<td title='driver.Driver.executeTestcase()'><b>executeTestcase</b><br>Test class: driver.Driver<br>Parameters: org.testng.TestRunner@3d484181</td>
<td></td>
<td>0</td>
<td>driver.Driver@3568f9d2</td></tr>
<tr>
<td title='driver.Driver.executeTestcase()'><b>executeTestcase</b><br>Test class: driver.Driver<br>Parameters: org.testng.TestRunner@3d484181</td>
<td></td>
<td>0</td>
<td>driver.Driver@3568f9d2</td></tr>
<tr>
<td title='driver.Driver.executeTestcase()'><b>executeTestcase</b><br>Test class: driver.Driver<br>Parameters: org.testng.TestRunner@3d484181</td>
<td></td>
<td>0</td>
<td>driver.Driver@3568f9d2</td></tr>
<tr>
<td title='driver.Driver.executeTestcase()'><b>executeTestcase</b><br>Test class: driver.Driver<br>Parameters: org.testng.TestRunner@3d484181</td>
<td></td>
<td>0</td>
<td>driver.Driver@3568f9d2</td></tr>
<tr>
<td title='driver.Driver.executeTestcase()'><b>executeTestcase</b><br>Test class: driver.Driver<br>Parameters: org.testng.TestRunner@3d484181</td>
<td></td>
<td>0</td>
<td>driver.Driver@3568f9d2</td></tr>
<tr>
<td title='driver.Driver.executeTestcase()'><b>executeTestcase</b><br>Test class: driver.Driver<br>Parameters: org.testng.TestRunner@3d484181</td>
<td></td>
<td>0</td>
<td>driver.Driver@3568f9d2</td></tr>
<tr>
<td title='driver.Driver.executeTestcase()'><b>executeTestcase</b><br>Test class: driver.Driver<br>Parameters: org.testng.TestRunner@3d484181</td>
<td></td>
<td>0</td>
<td>driver.Driver@3568f9d2</td></tr>
<tr>
<td title='driver.Driver.executeTestcase()'><b>executeTestcase</b><br>Test class: driver.Driver<br>Parameters: org.testng.TestRunner@3d484181</td>
<td></td>
<td>0</td>
<td>driver.Driver@3568f9d2</td></tr>
<tr>
<td title='driver.Driver.executeTestcase()'><b>executeTestcase</b><br>Test class: driver.Driver<br>Parameters: org.testng.TestRunner@3d484181</td>
<td></td>
<td>0</td>
<td>driver.Driver@3568f9d2</td></tr>
<tr>
<td title='driver.Driver.executeTestcase()'><b>executeTestcase</b><br>Test class: driver.Driver<br>Parameters: org.testng.TestRunner@3d484181</td>
<td></td>
<td>0</td>
<td>driver.Driver@3568f9d2</td></tr>
<tr>
<td title='driver.Driver.executeTestcase()'><b>executeTestcase</b><br>Test class: driver.Driver<br>Parameters: org.testng.TestRunner@3d484181</td>
<td></td>
<td>0</td>
<td>driver.Driver@3568f9d2</td></tr>
<tr>
<td title='driver.Driver.executeTestcase()'><b>executeTestcase</b><br>Test class: driver.Driver<br>Parameters: org.testng.TestRunner@3d484181</td>
<td></td>
<td>0</td>
<td>driver.Driver@3568f9d2</td></tr>
<tr>
<td title='driver.Driver.executeTestcase()'><b>executeTestcase</b><br>Test class: driver.Driver<br>Parameters: org.testng.TestRunner@3d484181</td>
<td></td>
<td>0</td>
<td>driver.Driver@3568f9d2</td></tr>
<tr>
<td title='driver.Driver.executeTestcase()'><b>executeTestcase</b><br>Test class: driver.Driver<br>Parameters: org.testng.TestRunner@3d484181</td>
<td></td>
<td>0</td>
<td>driver.Driver@3568f9d2</td></tr>
<tr>
<td title='driver.Driver.executeTestcase()'><b>executeTestcase</b><br>Test class: driver.Driver<br>Parameters: org.testng.TestRunner@3d484181</td>
<td></td>
<td>0</td>
<td>driver.Driver@3568f9d2</td></tr>
<tr>
<td title='driver.Driver.executeTestcase()'><b>executeTestcase</b><br>Test class: driver.Driver<br>Parameters: org.testng.TestRunner@3d484181</td>
<td></td>
<td>0</td>
<td>driver.Driver@3568f9d2</td></tr>
<tr>
<td title='driver.Driver.executeTestcase()'><b>executeTestcase</b><br>Test class: driver.Driver<br>Parameters: org.testng.TestRunner@3d484181</td>
<td></td>
<td>0</td>
<td>driver.Driver@3568f9d2</td></tr>
<tr>
<td title='driver.Driver.executeTestcase()'><b>executeTestcase</b><br>Test class: driver.Driver<br>Parameters: org.testng.TestRunner@3d484181</td>
<td></td>
<td>0</td>
<td>driver.Driver@3568f9d2</td></tr>
<tr>
<td title='driver.Driver.executeTestcase()'><b>executeTestcase</b><br>Test class: driver.Driver<br>Parameters: org.testng.TestRunner@3d484181</td>
<td></td>
<td>0</td>
<td>driver.Driver@3568f9d2</td></tr>
<tr>
<td title='driver.Driver.executeTestcase()'><b>executeTestcase</b><br>Test class: driver.Driver<br>Parameters: org.testng.TestRunner@3d484181</td>
<td></td>
<td>0</td>
<td>driver.Driver@3568f9d2</td></tr>
<tr>
<td title='driver.Driver.executeTestcase()'><b>executeTestcase</b><br>Test class: driver.Driver<br>Parameters: org.testng.TestRunner@3d484181</td>
<td></td>
<td>0</td>
<td>driver.Driver@3568f9d2</td></tr>
<tr>
<td title='driver.Driver.executeTestcase()'><b>executeTestcase</b><br>Test class: driver.Driver<br>Parameters: org.testng.TestRunner@3d484181</td>
<td></td>
<td>0</td>
<td>driver.Driver@3568f9d2</td></tr>
<tr>
<td title='driver.Driver.executeTestcase()'><b>executeTestcase</b><br>Test class: driver.Driver<br>Parameters: org.testng.TestRunner@3d484181</td>
<td></td>
<td>0</td>
<td>driver.Driver@3568f9d2</td></tr>
<tr>
<td title='driver.Driver.executeTestcase()'><b>executeTestcase</b><br>Test class: driver.Driver<br>Parameters: org.testng.TestRunner@3d484181</td>
<td></td>
<td>0</td>
<td>driver.Driver@3568f9d2</td></tr>
<tr>
<td title='driver.Driver.executeTestcase()'><b>executeTestcase</b><br>Test class: driver.Driver<br>Parameters: org.testng.TestRunner@3d484181</td>
<td></td>
<td>0</td>
<td>driver.Driver@3568f9d2</td></tr>
<tr>
<td title='driver.Driver.executeTestcase()'><b>executeTestcase</b><br>Test class: driver.Driver<br>Parameters: org.testng.TestRunner@3d484181</td>
<td></td>
<td>0</td>
<td>driver.Driver@3568f9d2</td></tr>
<tr>
<td title='driver.Driver.executeTestcase()'><b>executeTestcase</b><br>Test class: driver.Driver<br>Parameters: org.testng.TestRunner@3d484181</td>
<td></td>
<td>0</td>
<td>driver.Driver@3568f9d2</td></tr>
<tr>
<td title='driver.Driver.executeTestcase()'><b>executeTestcase</b><br>Test class: driver.Driver<br>Parameters: org.testng.TestRunner@3d484181</td>
<td></td>
<td>0</td>
<td>driver.Driver@3568f9d2</td></tr>
<tr>
<td title='driver.Driver.executeTestcase()'><b>executeTestcase</b><br>Test class: driver.Driver<br>Parameters: org.testng.TestRunner@3d484181</td>
<td></td>
<td>0</td>
<td>driver.Driver@3568f9d2</td></tr>
<tr>
<td title='driver.Driver.executeTestcase()'><b>executeTestcase</b><br>Test class: driver.Driver<br>Parameters: org.testng.TestRunner@3d484181</td>
<td></td>
<td>0</td>
<td>driver.Driver@3568f9d2</td></tr>
<tr>
<td title='driver.Driver.executeTestcase()'><b>executeTestcase</b><br>Test class: driver.Driver<br>Parameters: org.testng.TestRunner@3d484181</td>
<td></td>
<td>0</td>
<td>driver.Driver@3568f9d2</td></tr>
<tr>
<td title='driver.Driver.executeTestcase()'><b>executeTestcase</b><br>Test class: driver.Driver<br>Parameters: org.testng.TestRunner@3d484181</td>
<td></td>
<td>0</td>
<td>driver.Driver@3568f9d2</td></tr>
<tr>
<td title='driver.Driver.executeTestcase()'><b>executeTestcase</b><br>Test class: driver.Driver<br>Parameters: org.testng.TestRunner@3d484181</td>
<td></td>
<td>0</td>
<td>driver.Driver@3568f9d2</td></tr>
<tr>
<td title='driver.Driver.executeTestcase()'><b>executeTestcase</b><br>Test class: driver.Driver<br>Parameters: org.testng.TestRunner@3d484181</td>
<td></td>
<td>0</td>
<td>driver.Driver@3568f9d2</td></tr>
<tr>
<td title='driver.Driver.executeTestcase()'><b>executeTestcase</b><br>Test class: driver.Driver<br>Parameters: org.testng.TestRunner@3d484181</td>
<td></td>
<td>0</td>
<td>driver.Driver@3568f9d2</td></tr>
<tr>
<td title='driver.Driver.executeTestcase()'><b>executeTestcase</b><br>Test class: driver.Driver<br>Parameters: org.testng.TestRunner@3d484181</td>
<td></td>
<td>0</td>
<td>driver.Driver@3568f9d2</td></tr>
<tr>
<td title='driver.Driver.executeTestcase()'><b>executeTestcase</b><br>Test class: driver.Driver<br>Parameters: org.testng.TestRunner@3d484181</td>
<td></td>
<td>0</td>
<td>driver.Driver@3568f9d2</td></tr>
<tr>
<td title='driver.Driver.executeTestcase()'><b>executeTestcase</b><br>Test class: driver.Driver<br>Parameters: org.testng.TestRunner@3d484181</td>
<td></td>
<td>0</td>
<td>driver.Driver@3568f9d2</td></tr>
<tr>
<td title='driver.Driver.executeTestcase()'><b>executeTestcase</b><br>Test class: driver.Driver<br>Parameters: org.testng.TestRunner@3d484181</td>
<td></td>
<td>0</td>
<td>driver.Driver@3568f9d2</td></tr>
<tr>
<td title='driver.Driver.executeTestcase()'><b>executeTestcase</b><br>Test class: driver.Driver<br>Parameters: org.testng.TestRunner@3d484181</td>
<td></td>
<td>0</td>
<td>driver.Driver@3568f9d2</td></tr>
<tr>
<td title='driver.Driver.executeTestcase()'><b>executeTestcase</b><br>Test class: driver.Driver<br>Parameters: org.testng.TestRunner@3d484181</td>
<td></td>
<td>0</td>
<td>driver.Driver@3568f9d2</td></tr>
<tr>
<td title='driver.Driver.executeTestcase()'><b>executeTestcase</b><br>Test class: driver.Driver<br>Parameters: org.testng.TestRunner@3d484181</td>
<td></td>
<td>0</td>
<td>driver.Driver@3568f9d2</td></tr>
<tr>
<td title='driver.Driver.executeTestcase()'><b>executeTestcase</b><br>Test class: driver.Driver<br>Parameters: org.testng.TestRunner@3d484181</td>
<td></td>
<td>0</td>
<td>driver.Driver@3568f9d2</td></tr>
<tr>
<td title='driver.Driver.executeTestcase()'><b>executeTestcase</b><br>Test class: driver.Driver<br>Parameters: org.testng.TestRunner@3d484181</td>
<td></td>
<td>0</td>
<td>driver.Driver@3568f9d2</td></tr>
<tr>
<td title='driver.Driver.executeTestcase()'><b>executeTestcase</b><br>Test class: driver.Driver<br>Parameters: org.testng.TestRunner@3d484181</td>
<td></td>
<td>0</td>
<td>driver.Driver@3568f9d2</td></tr>
<tr>
<td title='driver.Driver.executeTestcase()'><b>executeTestcase</b><br>Test class: driver.Driver<br>Parameters: org.testng.TestRunner@3d484181</td>
<td></td>
<td>0</td>
<td>driver.Driver@3568f9d2</td></tr>
<tr>
<td title='driver.Driver.executeTestcase()'><b>executeTestcase</b><br>Test class: driver.Driver<br>Parameters: org.testng.TestRunner@3d484181</td>
<td></td>
<td>237</td>
<td>driver.Driver@3568f9d2</td></tr>
<tr>
<td title='driver.Driver.executeTestcase()'><b>executeTestcase</b><br>Test class: driver.Driver<br>Parameters: org.testng.TestRunner@3d484181</td>
<td></td>
<td>0</td>
<td>driver.Driver@3568f9d2</td></tr>
<tr>
<td title='driver.Driver.executeTestcase()'><b>executeTestcase</b><br>Test class: driver.Driver<br>Parameters: org.testng.TestRunner@3d484181</td>
<td></td>
<td>0</td>
<td>driver.Driver@3568f9d2</td></tr>
<tr>
<td title='driver.Driver.executeTestcase()'><b>executeTestcase</b><br>Test class: driver.Driver<br>Parameters: org.testng.TestRunner@3d484181</td>
<td></td>
<td>0</td>
<td>driver.Driver@3568f9d2</td></tr>
<tr>
<td title='driver.Driver.executeTestcase()'><b>executeTestcase</b><br>Test class: driver.Driver<br>Parameters: org.testng.TestRunner@3d484181</td>
<td></td>
<td>0</td>
<td>driver.Driver@3568f9d2</td></tr>
<tr>
<td title='driver.Driver.executeTestcase()'><b>executeTestcase</b><br>Test class: driver.Driver<br>Parameters: org.testng.TestRunner@3d484181</td>
<td></td>
<td>0</td>
<td>driver.Driver@3568f9d2</td></tr>
<tr>
<td title='driver.Driver.executeTestcase()'><b>executeTestcase</b><br>Test class: driver.Driver<br>Parameters: org.testng.TestRunner@3d484181</td>
<td></td>
<td>0</td>
<td>driver.Driver@3568f9d2</td></tr>
<tr>
<td title='driver.Driver.executeTestcase()'><b>executeTestcase</b><br>Test class: driver.Driver<br>Parameters: org.testng.TestRunner@3d484181</td>
<td></td>
<td>0</td>
<td>driver.Driver@3568f9d2</td></tr>
<tr>
<td title='driver.Driver.executeTestcase()'><b>executeTestcase</b><br>Test class: driver.Driver<br>Parameters: org.testng.TestRunner@3d484181</td>
<td></td>
<td>0</td>
<td>driver.Driver@3568f9d2</td></tr>
<tr>
<td title='driver.Driver.executeTestcase()'><b>executeTestcase</b><br>Test class: driver.Driver<br>Parameters: org.testng.TestRunner@3d484181</td>
<td></td>
<td>0</td>
<td>driver.Driver@3568f9d2</td></tr>
<tr>
<td title='driver.Driver.executeTestcase()'><b>executeTestcase</b><br>Test class: driver.Driver<br>Parameters: org.testng.TestRunner@3d484181</td>
<td></td>
<td>0</td>
<td>driver.Driver@3568f9d2</td></tr>
<tr>
<td title='driver.Driver.executeTestcase()'><b>executeTestcase</b><br>Test class: driver.Driver<br>Parameters: org.testng.TestRunner@3d484181</td>
<td></td>
<td>0</td>
<td>driver.Driver@3568f9d2</td></tr>
<tr>
<td title='driver.Driver.executeTestcase()'><b>executeTestcase</b><br>Test class: driver.Driver<br>Parameters: org.testng.TestRunner@3d484181</td>
<td></td>
<td>0</td>
<td>driver.Driver@3568f9d2</td></tr>
<tr>
<td title='driver.Driver.executeTestcase()'><b>executeTestcase</b><br>Test class: driver.Driver<br>Parameters: org.testng.TestRunner@3d484181</td>
<td></td>
<td>0</td>
<td>driver.Driver@3568f9d2</td></tr>
<tr>
<td title='driver.Driver.executeTestcase()'><b>executeTestcase</b><br>Test class: driver.Driver<br>Parameters: org.testng.TestRunner@3d484181</td>
<td></td>
<td>0</td>
<td>driver.Driver@3568f9d2</td></tr>
<tr>
<td title='driver.Driver.executeTestcase()'><b>executeTestcase</b><br>Test class: driver.Driver<br>Parameters: org.testng.TestRunner@3d484181</td>
<td></td>
<td>0</td>
<td>driver.Driver@3568f9d2</td></tr>
<tr>
<td title='driver.Driver.executeTestcase()'><b>executeTestcase</b><br>Test class: driver.Driver<br>Parameters: org.testng.TestRunner@3d484181</td>
<td></td>
<td>0</td>
<td>driver.Driver@3568f9d2</td></tr>
<tr>
<td title='driver.Driver.executeTestcase()'><b>executeTestcase</b><br>Test class: driver.Driver<br>Parameters: org.testng.TestRunner@3d484181</td>
<td></td>
<td>0</td>
<td>driver.Driver@3568f9d2</td></tr>
<tr>
<td title='driver.Driver.executeTestcase()'><b>executeTestcase</b><br>Test class: driver.Driver<br>Parameters: org.testng.TestRunner@3d484181</td>
<td></td>
<td>0</td>
<td>driver.Driver@3568f9d2</td></tr>
<tr>
<td title='driver.Driver.executeTestcase()'><b>executeTestcase</b><br>Test class: driver.Driver<br>Parameters: org.testng.TestRunner@3d484181</td>
<td></td>
<td>0</td>
<td>driver.Driver@3568f9d2</td></tr>
<tr>
<td title='driver.Driver.executeTestcase()'><b>executeTestcase</b><br>Test class: driver.Driver<br>Parameters: org.testng.TestRunner@3d484181</td>
<td></td>
<td>0</td>
<td>driver.Driver@3568f9d2</td></tr>
<tr>
<td title='driver.Driver.executeTestcase()'><b>executeTestcase</b><br>Test class: driver.Driver<br>Parameters: org.testng.TestRunner@3d484181</td>
<td></td>
<td>0</td>
<td>driver.Driver@3568f9d2</td></tr>
<tr>
<td title='driver.Driver.executeTestcase()'><b>executeTestcase</b><br>Test class: driver.Driver<br>Parameters: org.testng.TestRunner@3d484181</td>
<td></td>
<td>0</td>
<td>driver.Driver@3568f9d2</td></tr>
<tr>
<td title='driver.Driver.executeTestcase()'><b>executeTestcase</b><br>Test class: driver.Driver<br>Parameters: org.testng.TestRunner@3d484181</td>
<td></td>
<td>0</td>
<td>driver.Driver@3568f9d2</td></tr>
<tr>
<td title='driver.Driver.executeTestcase()'><b>executeTestcase</b><br>Test class: driver.Driver<br>Parameters: org.testng.TestRunner@3d484181</td>
<td></td>
<td>0</td>
<td>driver.Driver@3568f9d2</td></tr>
<tr>
<td title='driver.Driver.executeTestcase()'><b>executeTestcase</b><br>Test class: driver.Driver<br>Parameters: org.testng.TestRunner@3d484181</td>
<td></td>
<td>0</td>
<td>driver.Driver@3568f9d2</td></tr>
<tr>
<td title='driver.Driver.executeTestcase()'><b>executeTestcase</b><br>Test class: driver.Driver<br>Parameters: org.testng.TestRunner@3d484181</td>
<td></td>
<td>0</td>
<td>driver.Driver@3568f9d2</td></tr>
<tr>
<td title='driver.Driver.executeTestcase()'><b>executeTestcase</b><br>Test class: driver.Driver<br>Parameters: org.testng.TestRunner@3d484181</td>
<td></td>
<td>0</td>
<td>driver.Driver@3568f9d2</td></tr>
<tr>
<td title='driver.Driver.executeTestcase()'><b>executeTestcase</b><br>Test class: driver.Driver<br>Parameters: org.testng.TestRunner@3d484181</td>
<td></td>
<td>0</td>
<td>driver.Driver@3568f9d2</td></tr>
<tr>
<td title='driver.Driver.executeTestcase()'><b>executeTestcase</b><br>Test class: driver.Driver<br>Parameters: org.testng.TestRunner@3d484181</td>
<td></td>
<td>0</td>
<td>driver.Driver@3568f9d2</td></tr>
<tr>
<td title='driver.Driver.executeTestcase()'><b>executeTestcase</b><br>Test class: driver.Driver<br>Parameters: org.testng.TestRunner@3d484181</td>
<td></td>
<td>0</td>
<td>driver.Driver@3568f9d2</td></tr>
<tr>
<td title='driver.Driver.executeTestcase()'><b>executeTestcase</b><br>Test class: driver.Driver<br>Parameters: org.testng.TestRunner@3d484181</td>
<td></td>
<td>0</td>
<td>driver.Driver@3568f9d2</td></tr>
<tr>
<td title='driver.Driver.executeTestcase()'><b>executeTestcase</b><br>Test class: driver.Driver<br>Parameters: org.testng.TestRunner@3d484181</td>
<td></td>
<td>0</td>
<td>driver.Driver@3568f9d2</td></tr>
<tr>
<td title='driver.Driver.executeTestcase()'><b>executeTestcase</b><br>Test class: driver.Driver<br>Parameters: org.testng.TestRunner@3d484181</td>
<td></td>
<td>0</td>
<td>driver.Driver@3568f9d2</td></tr>
<tr>
<td title='driver.Driver.executeTestcase()'><b>executeTestcase</b><br>Test class: driver.Driver<br>Parameters: org.testng.TestRunner@3d484181</td>
<td></td>
<td>0</td>
<td>driver.Driver@3568f9d2</td></tr>
<tr>
<td title='driver.Driver.executeTestcase()'><b>executeTestcase</b><br>Test class: driver.Driver<br>Parameters: org.testng.TestRunner@3d484181</td>
<td></td>
<td>0</td>
<td>driver.Driver@3568f9d2</td></tr>
<tr>
<td title='driver.Driver.executeTestcase()'><b>executeTestcase</b><br>Test class: driver.Driver<br>Parameters: org.testng.TestRunner@3d484181</td>
<td></td>
<td>0</td>
<td>driver.Driver@3568f9d2</td></tr>
<tr>
<td title='driver.Driver.executeTestcase()'><b>executeTestcase</b><br>Test class: driver.Driver<br>Parameters: org.testng.TestRunner@3d484181</td>
<td></td>
<td>0</td>
<td>driver.Driver@3568f9d2</td></tr>
<tr>
<td title='driver.Driver.executeTestcase()'><b>executeTestcase</b><br>Test class: driver.Driver<br>Parameters: org.testng.TestRunner@3d484181</td>
<td></td>
<td>0</td>
<td>driver.Driver@3568f9d2</td></tr>
<tr>
<td title='driver.Driver.executeTestcase()'><b>executeTestcase</b><br>Test class: driver.Driver<br>Parameters: org.testng.TestRunner@3d484181</td>
<td></td>
<td>0</td>
<td>driver.Driver@3568f9d2</td></tr>
<tr>
<td title='driver.Driver.executeTestcase()'><b>executeTestcase</b><br>Test class: driver.Driver<br>Parameters: org.testng.TestRunner@3d484181</td>
<td></td>
<td>0</td>
<td>driver.Driver@3568f9d2</td></tr>
<tr>
<td title='driver.Driver.executeTestcase()'><b>executeTestcase</b><br>Test class: driver.Driver<br>Parameters: org.testng.TestRunner@3d484181</td>
<td></td>
<td>0</td>
<td>driver.Driver@3568f9d2</td></tr>
<tr>
<td title='driver.Driver.executeTestcase()'><b>executeTestcase</b><br>Test class: driver.Driver<br>Parameters: org.testng.TestRunner@3d484181</td>
<td></td>
<td>0</td>
<td>driver.Driver@3568f9d2</td></tr>
<tr>
<td title='driver.Driver.executeTestcase()'><b>executeTestcase</b><br>Test class: driver.Driver<br>Parameters: org.testng.TestRunner@3d484181</td>
<td></td>
<td>561</td>
<td>driver.Driver@3568f9d2</td></tr>
<tr>
<td title='driver.Driver.executeTestcase()'><b>executeTestcase</b><br>Test class: driver.Driver<br>Parameters: org.testng.TestRunner@3d484181</td>
<td></td>
<td>0</td>
<td>driver.Driver@3568f9d2</td></tr>
<tr>
<td title='driver.Driver.executeTestcase()'><b>executeTestcase</b><br>Test class: driver.Driver<br>Parameters: org.testng.TestRunner@3d484181</td>
<td></td>
<td>0</td>
<td>driver.Driver@3568f9d2</td></tr>
<tr>
<td title='driver.Driver.executeTestcase()'><b>executeTestcase</b><br>Test class: driver.Driver<br>Parameters: org.testng.TestRunner@3d484181</td>
<td></td>
<td>0</td>
<td>driver.Driver@3568f9d2</td></tr>
<tr>
<td title='driver.Driver.executeTestcase()'><b>executeTestcase</b><br>Test class: driver.Driver<br>Parameters: org.testng.TestRunner@3d484181</td>
<td></td>
<td>0</td>
<td>driver.Driver@3568f9d2</td></tr>
<tr>
<td title='driver.Driver.executeTestcase()'><b>executeTestcase</b><br>Test class: driver.Driver<br>Parameters: org.testng.TestRunner@3d484181</td>
<td></td>
<td>0</td>
<td>driver.Driver@3568f9d2</td></tr>
<tr>
<td title='driver.Driver.executeTestcase()'><b>executeTestcase</b><br>Test class: driver.Driver<br>Parameters: org.testng.TestRunner@3d484181</td>
<td></td>
<td>0</td>
<td>driver.Driver@3568f9d2</td></tr>
<tr>
<td title='driver.Driver.executeTestcase()'><b>executeTestcase</b><br>Test class: driver.Driver<br>Parameters: org.testng.TestRunner@3d484181</td>
<td></td>
<td>0</td>
<td>driver.Driver@3568f9d2</td></tr>
<tr>
<td title='driver.Driver.executeTestcase()'><b>executeTestcase</b><br>Test class: driver.Driver<br>Parameters: org.testng.TestRunner@3d484181</td>
<td></td>
<td>0</td>
<td>driver.Driver@3568f9d2</td></tr>
<tr>
<td title='driver.Driver.executeTestcase()'><b>executeTestcase</b><br>Test class: driver.Driver<br>Parameters: org.testng.TestRunner@3d484181</td>
<td></td>
<td>0</td>
<td>driver.Driver@3568f9d2</td></tr>
<tr>
<td title='driver.Driver.executeTestcase()'><b>executeTestcase</b><br>Test class: driver.Driver<br>Parameters: org.testng.TestRunner@3d484181</td>
<td></td>
<td>0</td>
<td>driver.Driver@3568f9d2</td></tr>
<tr>
<td title='driver.Driver.executeTestcase()'><b>executeTestcase</b><br>Test class: driver.Driver<br>Parameters: org.testng.TestRunner@3d484181</td>
<td></td>
<td>0</td>
<td>driver.Driver@3568f9d2</td></tr>
<tr>
<td title='driver.Driver.executeTestcase()'><b>executeTestcase</b><br>Test class: driver.Driver<br>Parameters: org.testng.TestRunner@3d484181</td>
<td></td>
<td>0</td>
<td>driver.Driver@3568f9d2</td></tr>
<tr>
<td title='driver.Driver.executeTestcase()'><b>executeTestcase</b><br>Test class: driver.Driver<br>Parameters: org.testng.TestRunner@3d484181</td>
<td></td>
<td>0</td>
<td>driver.Driver@3568f9d2</td></tr>
<tr>
<td title='driver.Driver.executeTestcase()'><b>executeTestcase</b><br>Test class: driver.Driver<br>Parameters: org.testng.TestRunner@3d484181</td>
<td></td>
<td>0</td>
<td>driver.Driver@3568f9d2</td></tr>
<tr>
<td title='driver.Driver.executeTestcase()'><b>executeTestcase</b><br>Test class: driver.Driver<br>Parameters: org.testng.TestRunner@3d484181</td>
<td></td>
<td>0</td>
<td>driver.Driver@3568f9d2</td></tr>
<tr>
<td title='driver.Driver.executeTestcase()'><b>executeTestcase</b><br>Test class: driver.Driver<br>Parameters: org.testng.TestRunner@3d484181</td>
<td></td>
<td>0</td>
<td>driver.Driver@3568f9d2</td></tr>
<tr>
<td title='driver.Driver.executeTestcase()'><b>executeTestcase</b><br>Test class: driver.Driver<br>Parameters: org.testng.TestRunner@3d484181</td>
<td></td>
<td>0</td>
<td>driver.Driver@3568f9d2</td></tr>
<tr>
<td title='driver.Driver.executeTestcase()'><b>executeTestcase</b><br>Test class: driver.Driver<br>Parameters: org.testng.TestRunner@3d484181</td>
<td></td>
<td>0</td>
<td>driver.Driver@3568f9d2</td></tr>
<tr>
<td title='driver.Driver.executeTestcase()'><b>executeTestcase</b><br>Test class: driver.Driver<br>Parameters: org.testng.TestRunner@3d484181</td>
<td></td>
<td>0</td>
<td>driver.Driver@3568f9d2</td></tr>
<tr>
<td title='driver.Driver.executeTestcase()'><b>executeTestcase</b><br>Test class: driver.Driver<br>Parameters: org.testng.TestRunner@3d484181</td>
<td></td>
<td>0</td>
<td>driver.Driver@3568f9d2</td></tr>
<tr>
<td title='driver.Driver.executeTestcase()'><b>executeTestcase</b><br>Test class: driver.Driver<br>Parameters: org.testng.TestRunner@3d484181</td>
<td></td>
<td>0</td>
<td>driver.Driver@3568f9d2</td></tr>
<tr>
<td title='driver.Driver.executeTestcase()'><b>executeTestcase</b><br>Test class: driver.Driver<br>Parameters: org.testng.TestRunner@3d484181</td>
<td></td>
<td>0</td>
<td>driver.Driver@3568f9d2</td></tr>
<tr>
<td title='driver.Driver.executeTestcase()'><b>executeTestcase</b><br>Test class: driver.Driver<br>Parameters: org.testng.TestRunner@3d484181</td>
<td></td>
<td>0</td>
<td>driver.Driver@3568f9d2</td></tr>
<tr>
<td title='driver.Driver.executeTestcase()'><b>executeTestcase</b><br>Test class: driver.Driver<br>Parameters: org.testng.TestRunner@3d484181</td>
<td></td>
<td>0</td>
<td>driver.Driver@3568f9d2</td></tr>
<tr>
<td title='driver.Driver.executeTestcase()'><b>executeTestcase</b><br>Test class: driver.Driver<br>Parameters: org.testng.TestRunner@3d484181</td>
<td></td>
<td>861</td>
<td>driver.Driver@3568f9d2</td></tr>
<tr>
<td title='driver.Driver.executeTestcase()'><b>executeTestcase</b><br>Test class: driver.Driver<br>Parameters: org.testng.TestRunner@3d484181</td>
<td></td>
<td>0</td>
<td>driver.Driver@3568f9d2</td></tr>
<tr>
<td title='driver.Driver.executeTestcase()'><b>executeTestcase</b><br>Test class: driver.Driver<br>Parameters: org.testng.TestRunner@3d484181</td>
<td></td>
<td>0</td>
<td>driver.Driver@3568f9d2</td></tr>
<tr>
<td title='driver.Driver.executeTestcase()'><b>executeTestcase</b><br>Test class: driver.Driver<br>Parameters: org.testng.TestRunner@3d484181</td>
<td></td>
<td>0</td>
<td>driver.Driver@3568f9d2</td></tr>
<tr>
<td title='driver.Driver.executeTestcase()'><b>executeTestcase</b><br>Test class: driver.Driver<br>Parameters: org.testng.TestRunner@3d484181</td>
<td></td>
<td>0</td>
<td>driver.Driver@3568f9d2</td></tr>
<tr>
<td title='driver.Driver.executeTestcase()'><b>executeTestcase</b><br>Test class: driver.Driver<br>Parameters: org.testng.TestRunner@3d484181</td>
<td></td>
<td>0</td>
<td>driver.Driver@3568f9d2</td></tr>
<tr>
<td title='driver.Driver.executeTestcase()'><b>executeTestcase</b><br>Test class: driver.Driver<br>Parameters: org.testng.TestRunner@3d484181</td>
<td></td>
<td>0</td>
<td>driver.Driver@3568f9d2</td></tr>
<tr>
<td title='driver.Driver.executeTestcase()'><b>executeTestcase</b><br>Test class: driver.Driver<br>Parameters: org.testng.TestRunner@3d484181</td>
<td></td>
<td>0</td>
<td>driver.Driver@3568f9d2</td></tr>
<tr>
<td title='driver.Driver.executeTestcase()'><b>executeTestcase</b><br>Test class: driver.Driver<br>Parameters: org.testng.TestRunner@3d484181</td>
<td></td>
<td>0</td>
<td>driver.Driver@3568f9d2</td></tr>
<tr>
<td title='driver.Driver.executeTestcase()'><b>executeTestcase</b><br>Test class: driver.Driver<br>Parameters: org.testng.TestRunner@3d484181</td>
<td></td>
<td>0</td>
<td>driver.Driver@3568f9d2</td></tr>
<tr>
<td title='driver.Driver.executeTestcase()'><b>executeTestcase</b><br>Test class: driver.Driver<br>Parameters: org.testng.TestRunner@3d484181</td>
<td></td>
<td>0</td>
<td>driver.Driver@3568f9d2</td></tr>
<tr>
<td title='driver.Driver.executeTestcase()'><b>executeTestcase</b><br>Test class: driver.Driver<br>Parameters: org.testng.TestRunner@3d484181</td>
<td></td>
<td>0</td>
<td>driver.Driver@3568f9d2</td></tr>
<tr>
<td title='driver.Driver.executeTestcase()'><b>executeTestcase</b><br>Test class: driver.Driver<br>Parameters: org.testng.TestRunner@3d484181</td>
<td></td>
<td>0</td>
<td>driver.Driver@3568f9d2</td></tr>
<tr>
<td title='driver.Driver.executeTestcase()'><b>executeTestcase</b><br>Test class: driver.Driver<br>Parameters: org.testng.TestRunner@3d484181</td>
<td></td>
<td>0</td>
<td>driver.Driver@3568f9d2</td></tr>
<tr>
<td title='driver.Driver.executeTestcase()'><b>executeTestcase</b><br>Test class: driver.Driver<br>Parameters: org.testng.TestRunner@3d484181</td>
<td></td>
<td>0</td>
<td>driver.Driver@3568f9d2</td></tr>
<tr>
<td title='driver.Driver.executeTestcase()'><b>executeTestcase</b><br>Test class: driver.Driver<br>Parameters: org.testng.TestRunner@3d484181</td>
<td></td>
<td>0</td>
<td>driver.Driver@3568f9d2</td></tr>
<tr>
<td title='driver.Driver.executeTestcase()'><b>executeTestcase</b><br>Test class: driver.Driver<br>Parameters: org.testng.TestRunner@3d484181</td>
<td></td>
<td>0</td>
<td>driver.Driver@3568f9d2</td></tr>
<tr>
<td title='driver.Driver.executeTestcase()'><b>executeTestcase</b><br>Test class: driver.Driver<br>Parameters: org.testng.TestRunner@3d484181</td>
<td></td>
<td>0</td>
<td>driver.Driver@3568f9d2</td></tr>
<tr>
<td title='driver.Driver.executeTestcase()'><b>executeTestcase</b><br>Test class: driver.Driver<br>Parameters: org.testng.TestRunner@3d484181</td>
<td></td>
<td>0</td>
<td>driver.Driver@3568f9d2</td></tr>
<tr>
<td title='driver.Driver.executeTestcase()'><b>executeTestcase</b><br>Test class: driver.Driver<br>Parameters: org.testng.TestRunner@3d484181</td>
<td></td>
<td>0</td>
<td>driver.Driver@3568f9d2</td></tr>
<tr>
<td title='driver.Driver.executeTestcase()'><b>executeTestcase</b><br>Test class: driver.Driver<br>Parameters: org.testng.TestRunner@3d484181</td>
<td></td>
<td>0</td>
<td>driver.Driver@3568f9d2</td></tr>
<tr>
<td title='driver.Driver.executeTestcase()'><b>executeTestcase</b><br>Test class: driver.Driver<br>Parameters: org.testng.TestRunner@3d484181</td>
<td></td>
<td>0</td>
<td>driver.Driver@3568f9d2</td></tr>
<tr>
<td title='driver.Driver.executeTestcase()'><b>executeTestcase</b><br>Test class: driver.Driver<br>Parameters: org.testng.TestRunner@3d484181</td>
<td></td>
<td>0</td>
<td>driver.Driver@3568f9d2</td></tr>
<tr>
<td title='driver.Driver.executeTestcase()'><b>executeTestcase</b><br>Test class: driver.Driver<br>Parameters: org.testng.TestRunner@3d484181</td>
<td></td>
<td>0</td>
<td>driver.Driver@3568f9d2</td></tr>
<tr>
<td title='driver.Driver.executeTestcase()'><b>executeTestcase</b><br>Test class: driver.Driver<br>Parameters: org.testng.TestRunner@3d484181</td>
<td></td>
<td>0</td>
<td>driver.Driver@3568f9d2</td></tr>
<tr>
<td title='driver.Driver.executeTestcase()'><b>executeTestcase</b><br>Test class: driver.Driver<br>Parameters: org.testng.TestRunner@3d484181</td>
<td></td>
<td>0</td>
<td>driver.Driver@3568f9d2</td></tr>
<tr>
<td title='driver.Driver.executeTestcase()'><b>executeTestcase</b><br>Test class: driver.Driver<br>Parameters: org.testng.TestRunner@3d484181</td>
<td></td>
<td>0</td>
<td>driver.Driver@3568f9d2</td></tr>
<tr>
<td title='driver.Driver.executeTestcase()'><b>executeTestcase</b><br>Test class: driver.Driver<br>Parameters: org.testng.TestRunner@3d484181</td>
<td></td>
<td>0</td>
<td>driver.Driver@3568f9d2</td></tr>
<tr>
<td title='driver.Driver.executeTestcase()'><b>executeTestcase</b><br>Test class: driver.Driver<br>Parameters: org.testng.TestRunner@3d484181</td>
<td></td>
<td>0</td>
<td>driver.Driver@3568f9d2</td></tr>
<tr>
<td title='driver.Driver.executeTestcase()'><b>executeTestcase</b><br>Test class: driver.Driver<br>Parameters: org.testng.TestRunner@3d484181</td>
<td></td>
<td>706</td>
<td>driver.Driver@3568f9d2</td></tr>
<tr>
<td title='driver.Driver.executeTestcase()'><b>executeTestcase</b><br>Test class: driver.Driver<br>Parameters: org.testng.TestRunner@3d484181</td>
<td></td>
<td>0</td>
<td>driver.Driver@3568f9d2</td></tr>
<tr>
<td title='driver.Driver.executeTestcase()'><b>executeTestcase</b><br>Test class: driver.Driver<br>Parameters: org.testng.TestRunner@3d484181</td>
<td></td>
<td>0</td>
<td>driver.Driver@3568f9d2</td></tr>
<tr>
<td title='driver.Driver.executeTestcase()'><b>executeTestcase</b><br>Test class: driver.Driver<br>Parameters: org.testng.TestRunner@3d484181</td>
<td></td>
<td>0</td>
<td>driver.Driver@3568f9d2</td></tr>
<tr>
<td title='driver.Driver.executeTestcase()'><b>executeTestcase</b><br>Test class: driver.Driver<br>Parameters: org.testng.TestRunner@3d484181</td>
<td></td>
<td>0</td>
<td>driver.Driver@3568f9d2</td></tr>
<tr>
<td title='driver.Driver.executeTestcase()'><b>executeTestcase</b><br>Test class: driver.Driver<br>Parameters: org.testng.TestRunner@3d484181</td>
<td></td>
<td>0</td>
<td>driver.Driver@3568f9d2</td></tr>
<tr>
<td title='driver.Driver.executeTestcase()'><b>executeTestcase</b><br>Test class: driver.Driver<br>Parameters: org.testng.TestRunner@3d484181</td>
<td></td>
<td>0</td>
<td>driver.Driver@3568f9d2</td></tr>
<tr>
<td title='driver.Driver.executeTestcase()'><b>executeTestcase</b><br>Test class: driver.Driver<br>Parameters: org.testng.TestRunner@3d484181</td>
<td></td>
<td>0</td>
<td>driver.Driver@3568f9d2</td></tr>
<tr>
<td title='driver.Driver.executeTestcase()'><b>executeTestcase</b><br>Test class: driver.Driver<br>Parameters: org.testng.TestRunner@3d484181</td>
<td></td>
<td>0</td>
<td>driver.Driver@3568f9d2</td></tr>
<tr>
<td title='driver.Driver.executeTestcase()'><b>executeTestcase</b><br>Test class: driver.Driver<br>Parameters: org.testng.TestRunner@3d484181</td>
<td></td>
<td>0</td>
<td>driver.Driver@3568f9d2</td></tr>
<tr>
<td title='driver.Driver.executeTestcase()'><b>executeTestcase</b><br>Test class: driver.Driver<br>Parameters: org.testng.TestRunner@3d484181</td>
<td></td>
<td>0</td>
<td>driver.Driver@3568f9d2</td></tr>
<tr>
<td title='driver.Driver.executeTestcase()'><b>executeTestcase</b><br>Test class: driver.Driver<br>Parameters: org.testng.TestRunner@3d484181</td>
<td></td>
<td>0</td>
<td>driver.Driver@3568f9d2</td></tr>
<tr>
<td title='driver.Driver.executeTestcase()'><b>executeTestcase</b><br>Test class: driver.Driver<br>Parameters: org.testng.TestRunner@3d484181</td>
<td></td>
<td>0</td>
<td>driver.Driver@3568f9d2</td></tr>
<tr>
<td title='driver.Driver.executeTestcase()'><b>executeTestcase</b><br>Test class: driver.Driver<br>Parameters: org.testng.TestRunner@3d484181</td>
<td></td>
<td>0</td>
<td>driver.Driver@3568f9d2</td></tr>
<tr>
<td title='driver.Driver.executeTestcase()'><b>executeTestcase</b><br>Test class: driver.Driver<br>Parameters: org.testng.TestRunner@3d484181</td>
<td></td>
<td>0</td>
<td>driver.Driver@3568f9d2</td></tr>
<tr>
<td title='driver.Driver.executeTestcase()'><b>executeTestcase</b><br>Test class: driver.Driver<br>Parameters: org.testng.TestRunner@3d484181</td>
<td></td>
<td>0</td>
<td>driver.Driver@3568f9d2</td></tr>
<tr>
<td title='driver.Driver.executeTestcase()'><b>executeTestcase</b><br>Test class: driver.Driver<br>Parameters: org.testng.TestRunner@3d484181</td>
<td></td>
<td>0</td>
<td>driver.Driver@3568f9d2</td></tr>
<tr>
<td title='driver.Driver.executeTestcase()'><b>executeTestcase</b><br>Test class: driver.Driver<br>Parameters: org.testng.TestRunner@3d484181</td>
<td></td>
<td>0</td>
<td>driver.Driver@3568f9d2</td></tr>
<tr>
<td title='driver.Driver.executeTestcase()'><b>executeTestcase</b><br>Test class: driver.Driver<br>Parameters: org.testng.TestRunner@3d484181</td>
<td></td>
<td>0</td>
<td>driver.Driver@3568f9d2</td></tr>
<tr>
<td title='driver.Driver.executeTestcase()'><b>executeTestcase</b><br>Test class: driver.Driver<br>Parameters: org.testng.TestRunner@3d484181</td>
<td></td>
<td>0</td>
<td>driver.Driver@3568f9d2</td></tr>
<tr>
<td title='driver.Driver.executeTestcase()'><b>executeTestcase</b><br>Test class: driver.Driver<br>Parameters: org.testng.TestRunner@3d484181</td>
<td></td>
<td>0</td>
<td>driver.Driver@3568f9d2</td></tr>
<tr>
<td title='driver.Driver.executeTestcase()'><b>executeTestcase</b><br>Test class: driver.Driver<br>Parameters: org.testng.TestRunner@3d484181</td>
<td></td>
<td>0</td>
<td>driver.Driver@3568f9d2</td></tr>
<tr>
<td title='driver.Driver.executeTestcase()'><b>executeTestcase</b><br>Test class: driver.Driver<br>Parameters: org.testng.TestRunner@3d484181</td>
<td></td>
<td>0</td>
<td>driver.Driver@3568f9d2</td></tr>
<tr>
<td title='driver.Driver.executeTestcase()'><b>executeTestcase</b><br>Test class: driver.Driver<br>Parameters: org.testng.TestRunner@3d484181</td>
<td></td>
<td>0</td>
<td>driver.Driver@3568f9d2</td></tr>
<tr>
<td title='driver.Driver.executeTestcase()'><b>executeTestcase</b><br>Test class: driver.Driver<br>Parameters: org.testng.TestRunner@3d484181</td>
<td></td>
<td>0</td>
<td>driver.Driver@3568f9d2</td></tr>
<tr>
<td title='driver.Driver.executeTestcase()'><b>executeTestcase</b><br>Test class: driver.Driver<br>Parameters: org.testng.TestRunner@3d484181</td>
<td></td>
<td>0</td>
<td>driver.Driver@3568f9d2</td></tr>
<tr>
<td title='driver.Driver.executeTestcase()'><b>executeTestcase</b><br>Test class: driver.Driver<br>Parameters: org.testng.TestRunner@3d484181</td>
<td></td>
<td>0</td>
<td>driver.Driver@3568f9d2</td></tr>
<tr>
<td title='driver.Driver.executeTestcase()'><b>executeTestcase</b><br>Test class: driver.Driver<br>Parameters: org.testng.TestRunner@3d484181</td>
<td></td>
<td>0</td>
<td>driver.Driver@3568f9d2</td></tr>
<tr>
<td title='driver.Driver.executeTestcase()'><b>executeTestcase</b><br>Test class: driver.Driver<br>Parameters: org.testng.TestRunner@3d484181</td>
<td></td>
<td>0</td>
<td>driver.Driver@3568f9d2</td></tr>
<tr>
<td title='driver.Driver.executeTestcase()'><b>executeTestcase</b><br>Test class: driver.Driver<br>Parameters: org.testng.TestRunner@3d484181</td>
<td></td>
<td>0</td>
<td>driver.Driver@3568f9d2</td></tr>
<tr>
<td title='driver.Driver.executeTestcase()'><b>executeTestcase</b><br>Test class: driver.Driver<br>Parameters: org.testng.TestRunner@3d484181</td>
<td></td>
<td>0</td>
<td>driver.Driver@3568f9d2</td></tr>
<tr>
<td title='driver.Driver.executeTestcase()'><b>executeTestcase</b><br>Test class: driver.Driver<br>Parameters: org.testng.TestRunner@3d484181</td>
<td></td>
<td>0</td>
<td>driver.Driver@3568f9d2</td></tr>
<tr>
<td title='driver.Driver.executeTestcase()'><b>executeTestcase</b><br>Test class: driver.Driver<br>Parameters: org.testng.TestRunner@3d484181</td>
<td></td>
<td>0</td>
<td>driver.Driver@3568f9d2</td></tr>
<tr>
<td title='driver.Driver.executeTestcase()'><b>executeTestcase</b><br>Test class: driver.Driver<br>Parameters: org.testng.TestRunner@3d484181</td>
<td></td>
<td>0</td>
<td>driver.Driver@3568f9d2</td></tr>
<tr>
<td title='driver.Driver.executeTestcase()'><b>executeTestcase</b><br>Test class: driver.Driver<br>Parameters: org.testng.TestRunner@3d484181</td>
<td></td>
<td>0</td>
<td>driver.Driver@3568f9d2</td></tr>
<tr>
<td title='driver.Driver.executeTestcase()'><b>executeTestcase</b><br>Test class: driver.Driver<br>Parameters: org.testng.TestRunner@3d484181</td>
<td></td>
<td>0</td>
<td>driver.Driver@3568f9d2</td></tr>
<tr>
<td title='driver.Driver.executeTestcase()'><b>executeTestcase</b><br>Test class: driver.Driver<br>Parameters: org.testng.TestRunner@3d484181</td>
<td></td>
<td>0</td>
<td>driver.Driver@3568f9d2</td></tr>
<tr>
<td title='driver.Driver.executeTestcase()'><b>executeTestcase</b><br>Test class: driver.Driver<br>Parameters: org.testng.TestRunner@3d484181</td>
<td></td>
<td>0</td>
<td>driver.Driver@3568f9d2</td></tr>
<tr>
<td title='driver.Driver.executeTestcase()'><b>executeTestcase</b><br>Test class: driver.Driver<br>Parameters: org.testng.TestRunner@3d484181</td>
<td></td>
<td>0</td>
<td>driver.Driver@3568f9d2</td></tr>
<tr>
<td title='driver.Driver.executeTestcase()'><b>executeTestcase</b><br>Test class: driver.Driver<br>Parameters: org.testng.TestRunner@3d484181</td>
<td></td>
<td>0</td>
<td>driver.Driver@3568f9d2</td></tr>
<tr>
<td title='driver.Driver.executeTestcase()'><b>executeTestcase</b><br>Test class: driver.Driver<br>Parameters: org.testng.TestRunner@3d484181</td>
<td></td>
<td>0</td>
<td>driver.Driver@3568f9d2</td></tr>
<tr>
<td title='driver.Driver.executeTestcase()'><b>executeTestcase</b><br>Test class: driver.Driver<br>Parameters: org.testng.TestRunner@3d484181</td>
<td></td>
<td>0</td>
<td>driver.Driver@3568f9d2</td></tr>
<tr>
<td title='driver.Driver.executeTestcase()'><b>executeTestcase</b><br>Test class: driver.Driver<br>Parameters: org.testng.TestRunner@3d484181</td>
<td></td>
<td>0</td>
<td>driver.Driver@3568f9d2</td></tr>
<tr>
<td title='driver.Driver.executeTestcase()'><b>executeTestcase</b><br>Test class: driver.Driver<br>Parameters: org.testng.TestRunner@3d484181</td>
<td></td>
<td>0</td>
<td>driver.Driver@3568f9d2</td></tr>
<tr>
<td title='driver.Driver.executeTestcase()'><b>executeTestcase</b><br>Test class: driver.Driver<br>Parameters: org.testng.TestRunner@3d484181</td>
<td></td>
<td>558</td>
<td>driver.Driver@3568f9d2</td></tr>
<tr>
<td title='driver.Driver.executeTestcase()'><b>executeTestcase</b><br>Test class: driver.Driver<br>Parameters: org.testng.TestRunner@3d484181</td>
<td></td>
<td>0</td>
<td>driver.Driver@3568f9d2</td></tr>
<tr>
<td title='driver.Driver.executeTestcase()'><b>executeTestcase</b><br>Test class: driver.Driver<br>Parameters: org.testng.TestRunner@3d484181</td>
<td></td>
<td>0</td>
<td>driver.Driver@3568f9d2</td></tr>
<tr>
<td title='driver.Driver.executeTestcase()'><b>executeTestcase</b><br>Test class: driver.Driver<br>Parameters: org.testng.TestRunner@3d484181</td>
<td></td>
<td>0</td>
<td>driver.Driver@3568f9d2</td></tr>
<tr>
<td title='driver.Driver.executeTestcase()'><b>executeTestcase</b><br>Test class: driver.Driver<br>Parameters: org.testng.TestRunner@3d484181</td>
<td></td>
<td>0</td>
<td>driver.Driver@3568f9d2</td></tr>
<tr>
<td title='driver.Driver.executeTestcase()'><b>executeTestcase</b><br>Test class: driver.Driver<br>Parameters: org.testng.TestRunner@3d484181</td>
<td></td>
<td>0</td>
<td>driver.Driver@3568f9d2</td></tr>
<tr>
<td title='driver.Driver.executeTestcase()'><b>executeTestcase</b><br>Test class: driver.Driver<br>Parameters: org.testng.TestRunner@3d484181</td>
<td></td>
<td>0</td>
<td>driver.Driver@3568f9d2</td></tr>
<tr>
<td title='driver.Driver.executeTestcase()'><b>executeTestcase</b><br>Test class: driver.Driver<br>Parameters: org.testng.TestRunner@3d484181</td>
<td></td>
<td>0</td>
<td>driver.Driver@3568f9d2</td></tr>
<tr>
<td title='driver.Driver.executeTestcase()'><b>executeTestcase</b><br>Test class: driver.Driver<br>Parameters: org.testng.TestRunner@3d484181</td>
<td></td>
<td>0</td>
<td>driver.Driver@3568f9d2</td></tr>
<tr>
<td title='driver.Driver.executeTestcase()'><b>executeTestcase</b><br>Test class: driver.Driver<br>Parameters: org.testng.TestRunner@3d484181</td>
<td></td>
<td>0</td>
<td>driver.Driver@3568f9d2</td></tr>
<tr>
<td title='driver.Driver.executeTestcase()'><b>executeTestcase</b><br>Test class: driver.Driver<br>Parameters: org.testng.TestRunner@3d484181</td>
<td></td>
<td>0</td>
<td>driver.Driver@3568f9d2</td></tr>
<tr>
<td title='driver.Driver.executeTestcase()'><b>executeTestcase</b><br>Test class: driver.Driver<br>Parameters: org.testng.TestRunner@3d484181</td>
<td></td>
<td>0</td>
<td>driver.Driver@3568f9d2</td></tr>
<tr>
<td title='driver.Driver.executeTestcase()'><b>executeTestcase</b><br>Test class: driver.Driver<br>Parameters: org.testng.TestRunner@3d484181</td>
<td></td>
<td>1433</td>
<td>driver.Driver@3568f9d2</td></tr>
<tr>
<td title='driver.Driver.executeTestcase()'><b>executeTestcase</b><br>Test class: driver.Driver<br>Parameters: org.testng.TestRunner@3d484181</td>
<td></td>
<td>0</td>
<td>driver.Driver@3568f9d2</td></tr>
<tr>
<td title='driver.Driver.executeTestcase()'><b>executeTestcase</b><br>Test class: driver.Driver<br>Parameters: org.testng.TestRunner@3d484181</td>
<td></td>
<td>0</td>
<td>driver.Driver@3568f9d2</td></tr>
<tr>
<td title='driver.Driver.executeTestcase()'><b>executeTestcase</b><br>Test class: driver.Driver<br>Parameters: org.testng.TestRunner@3d484181</td>
<td></td>
<td>0</td>
<td>driver.Driver@3568f9d2</td></tr>
<tr>
<td title='driver.Driver.executeTestcase()'><b>executeTestcase</b><br>Test class: driver.Driver<br>Parameters: org.testng.TestRunner@3d484181</td>
<td></td>
<td>0</td>
<td>driver.Driver@3568f9d2</td></tr>
<tr>
<td title='driver.Driver.executeTestcase()'><b>executeTestcase</b><br>Test class: driver.Driver<br>Parameters: org.testng.TestRunner@3d484181</td>
<td></td>
<td>0</td>
<td>driver.Driver@3568f9d2</td></tr>
<tr>
<td title='driver.Driver.executeTestcase()'><b>executeTestcase</b><br>Test class: driver.Driver<br>Parameters: org.testng.TestRunner@3d484181</td>
<td></td>
<td>0</td>
<td>driver.Driver@3568f9d2</td></tr>
<tr>
<td title='driver.Driver.executeTestcase()'><b>executeTestcase</b><br>Test class: driver.Driver<br>Parameters: org.testng.TestRunner@3d484181</td>
<td></td>
<td>0</td>
<td>driver.Driver@3568f9d2</td></tr>
<tr>
<td title='driver.Driver.executeTestcase()'><b>executeTestcase</b><br>Test class: driver.Driver<br>Parameters: org.testng.TestRunner@3d484181</td>
<td></td>
<td>0</td>
<td>driver.Driver@3568f9d2</td></tr>
<tr>
<td title='driver.Driver.executeTestcase()'><b>executeTestcase</b><br>Test class: driver.Driver<br>Parameters: org.testng.TestRunner@3d484181</td>
<td></td>
<td>0</td>
<td>driver.Driver@3568f9d2</td></tr>
<tr>
<td title='driver.Driver.executeTestcase()'><b>executeTestcase</b><br>Test class: driver.Driver<br>Parameters: org.testng.TestRunner@3d484181</td>
<td></td>
<td>0</td>
<td>driver.Driver@3568f9d2</td></tr>
<tr>
<td title='driver.Driver.executeTestcase()'><b>executeTestcase</b><br>Test class: driver.Driver<br>Parameters: org.testng.TestRunner@3d484181</td>
<td></td>
<td>0</td>
<td>driver.Driver@3568f9d2</td></tr>
<tr>
<td title='driver.Driver.executeTestcase()'><b>executeTestcase</b><br>Test class: driver.Driver<br>Parameters: org.testng.TestRunner@3d484181</td>
<td></td>
<td>0</td>
<td>driver.Driver@3568f9d2</td></tr>
<tr>
<td title='driver.Driver.executeTestcase()'><b>executeTestcase</b><br>Test class: driver.Driver<br>Parameters: org.testng.TestRunner@3d484181</td>
<td></td>
<td>0</td>
<td>driver.Driver@3568f9d2</td></tr>
</table><p>
</body>
</html>