<!DOCTYPE html PUBLIC "-//W3C//DTD XHTML 1.1//EN" "https://www.w3.org/TR/xhtml11/DTD/xhtml11.dtd">
<html xmlns="https://www.w3.org/1999/xhtml">
<head>
<meta http-equiv="content-type" content="text/html; charset=UTF-8"/>
<title>TestNG Report</title>
<style type="text/css">table {margin-bottom:10px;border-collapse:collapse;empty-cells:show}th,td {border:1px solid #009;padding:.25em .5em}th {vertical-align:bottom}td {vertical-align:top}table a {font-weight:bold}.stripe td {background-color: #E6EBF9}.num {text-align:right}.passedodd td {background-color: #3F3}.passedeven td {background-color: #0A0}.skippedodd td {background-color: #DDD}.skippedeven td {background-color: #CCC}.failedodd td,.attn {background-color: #F33}.failedeven td,.stripe .attn {background-color: #D00}.stacktrace {white-space:pre;font-family:monospace}.totop {font-size:85%;text-align:center;border-bottom:2px solid #000}.invisible {display:none}</style>
</head>
<body>
<table>
<tr><th>Test</th><th># Passed</th><th># Skipped</th><th># Retried</th><th># Failed</th><th>Time (ms)</th><th>Included Groups</th><th>Excluded Groups</th></tr>
<tr><th colspan="8">Suite</th></tr>
<tr><td><a href="#t0">Results</a></td><td class="num">1</td><td class="num attn">170</td><td class="num">0</td><td class="num attn">2</td><td class="num">808,978</td><td></td><td></td></tr>
</table>
<table id='summary'><thead><tr><th>Class</th><th>Method</th><th>Start</th><th>Time (ms)</th></tr></thead><tbody><tr><th colspan="4">Suite</th></tr></tbody><tbody id="t0"><tr><th colspan="4">Results &#8212; failed</th></tr><tr class="failedeven"><td rowspan="2">driver.Driver</td><td><a href="#m0">executeTestcase</a></td><td rowspan="2">1650464896138</td><td rowspan="2">6</td></tr><tr class="failedeven"><td><a href="#m1">executeTestcase</a></td></tr><tr><th colspan="4">Results &#8212; skipped</th></tr><tr class="skippedeven"><td rowspan="170">driver.Driver</td><td><a href="#m2">executeTestcase</a></td><td rowspan="170">1650464828891</td><td rowspan="170">8</td></tr><tr class="skippedeven"><td><a href="#m3">executeTestcase</a></td></tr><tr class="skippedeven"><td><a href="#m4">executeTestcase</a></td></tr><tr class="skippedeven"><td><a href="#m5">executeTestcase</a></td></tr><tr class="skippedeven"><td><a href="#m6">executeTestcase</a></td></tr><tr class="skippedeven"><td><a href="#m7">executeTestcase</a></td></tr><tr class="skippedeven"><td><a href="#m8">executeTestcase</a></td></tr><tr class="skippedeven"><td><a href="#m9">executeTestcase</a></td></tr><tr class="skippedeven"><td><a href="#m10">executeTestcase</a></td></tr><tr class="skippedeven"><td><a href="#m11">executeTestcase</a></td></tr><tr class="skippedeven"><td><a href="#m12">executeTestcase</a></td></tr><tr class="skippedeven"><td><a href="#m13">executeTestcase</a></td></tr><tr class="skippedeven"><td><a href="#m14">executeTestcase</a></td></tr><tr class="skippedeven"><td><a href="#m15">executeTestcase</a></td></tr><tr class="skippedeven"><td><a href="#m16">executeTestcase</a></td></tr><tr class="skippedeven"><td><a href="#m17">executeTestcase</a></td></tr><tr class="skippedeven"><td><a href="#m18">executeTestcase</a></td></tr><tr class="skippedeven"><td><a href="#m19">executeTestcase</a></td></tr><tr class="skippedeven"><td><a href="#m20">executeTestcase</a></td></tr><tr class="skippedeven"><td><a href="#m21">executeTestcase</a></td></tr><tr class="skippedeven"><td><a href="#m22">executeTestcase</a></td></tr><tr class="skippedeven"><td><a href="#m23">executeTestcase</a></td></tr><tr class="skippedeven"><td><a href="#m24">executeTestcase</a></td></tr><tr class="skippedeven"><td><a href="#m25">executeTestcase</a></td></tr><tr class="skippedeven"><td><a href="#m26">executeTestcase</a></td></tr><tr class="skippedeven"><td><a href="#m27">executeTestcase</a></td></tr><tr class="skippedeven"><td><a href="#m28">executeTestcase</a></td></tr><tr class="skippedeven"><td><a href="#m29">executeTestcase</a></td></tr><tr class="skippedeven"><td><a href="#m30">executeTestcase</a></td></tr><tr class="skippedeven"><td><a href="#m31">executeTestcase</a></td></tr><tr class="skippedeven"><td><a href="#m32">executeTestcase</a></td></tr><tr class="skippedeven"><td><a href="#m33">executeTestcase</a></td></tr><tr class="skippedeven"><td><a href="#m34">executeTestcase</a></td></tr><tr class="skippedeven"><td><a href="#m35">executeTestcase</a></td></tr><tr class="skippedeven"><td><a href="#m36">executeTestcase</a></td></tr><tr class="skippedeven"><td><a href="#m37">executeTestcase</a></td></tr><tr class="skippedeven"><td><a href="#m38">executeTestcase</a></td></tr><tr class="skippedeven"><td><a href="#m39">executeTestcase</a></td></tr><tr class="skippedeven"><td><a href="#m40">executeTestcase</a></td></tr><tr class="skippedeven"><td><a href="#m41">executeTestcase</a></td></tr><tr class="skippedeven"><td><a href="#m42">executeTestcase</a></td></tr><tr class="skippedeven"><td><a href="#m43">executeTestcase</a></td></tr><tr class="skippedeven"><td><a href="#m44">executeTestcase</a></td></tr><tr class="skippedeven"><td><a href="#m45">executeTestcase</a></td></tr><tr class="skippedeven"><td><a href="#m46">executeTestcase</a></td></tr><tr class="skippedeven"><td><a href="#m47">executeTestcase</a></td></tr><tr class="skippedeven"><td><a href="#m48">executeTestcase</a></td></tr><tr class="skippedeven"><td><a href="#m49">executeTestcase</a></td></tr><tr class="skippedeven"><td><a href="#m50">executeTestcase</a></td></tr><tr class="skippedeven"><td><a href="#m51">executeTestcase</a></td></tr><tr class="skippedeven"><td><a href="#m52">executeTestcase</a></td></tr><tr class="skippedeven"><td><a href="#m53">executeTestcase</a></td></tr><tr class="skippedeven"><td><a href="#m54">executeTestcase</a></td></tr><tr class="skippedeven"><td><a href="#m55">executeTestcase</a></td></tr><tr class="skippedeven"><td><a href="#m56">executeTestcase</a></td></tr><tr class="skippedeven"><td><a href="#m57">executeTestcase</a></td></tr><tr class="skippedeven"><td><a href="#m58">executeTestcase</a></td></tr><tr class="skippedeven"><td><a href="#m59">executeTestcase</a></td></tr><tr class="skippedeven"><td><a href="#m60">executeTestcase</a></td></tr><tr class="skippedeven"><td><a href="#m61">executeTestcase</a></td></tr><tr class="skippedeven"><td><a href="#m62">executeTestcase</a></td></tr><tr class="skippedeven"><td><a href="#m63">executeTestcase</a></td></tr><tr class="skippedeven"><td><a href="#m64">executeTestcase</a></td></tr><tr class="skippedeven"><td><a href="#m65">executeTestcase</a></td></tr><tr class="skippedeven"><td><a href="#m66">executeTestcase</a></td></tr><tr class="skippedeven"><td><a href="#m67">executeTestcase</a></td></tr><tr class="skippedeven"><td><a href="#m68">executeTestcase</a></td></tr><tr class="skippedeven"><td><a href="#m69">executeTestcase</a></td></tr><tr class="skippedeven"><td><a href="#m70">executeTestcase</a></td></tr><tr class="skippedeven"><td><a href="#m71">executeTestcase</a></td></tr><tr class="skippedeven"><td><a href="#m72">executeTestcase</a></td></tr><tr class="skippedeven"><td><a href="#m73">executeTestcase</a></td></tr><tr class="skippedeven"><td><a href="#m74">executeTestcase</a></td></tr><tr class="skippedeven"><td><a href="#m75">executeTestcase</a></td></tr><tr class="skippedeven"><td><a href="#m76">executeTestcase</a></td></tr><tr class="skippedeven"><td><a href="#m77">executeTestcase</a></td></tr><tr class="skippedeven"><td><a href="#m78">executeTestcase</a></td></tr><tr class="skippedeven"><td><a href="#m79">executeTestcase</a></td></tr><tr class="skippedeven"><td><a href="#m80">executeTestcase</a></td></tr><tr class="skippedeven"><td><a href="#m81">executeTestcase</a></td></tr><tr class="skippedeven"><td><a href="#m82">executeTestcase</a></td></tr><tr class="skippedeven"><td><a href="#m83">executeTestcase</a></td></tr><tr class="skippedeven"><td><a href="#m84">executeTestcase</a></td></tr><tr class="skippedeven"><td><a href="#m85">executeTestcase</a></td></tr><tr class="skippedeven"><td><a href="#m86">executeTestcase</a></td></tr><tr class="skippedeven"><td><a href="#m87">executeTestcase</a></td></tr><tr class="skippedeven"><td><a href="#m88">executeTestcase</a></td></tr><tr class="skippedeven"><td><a href="#m89">executeTestcase</a></td></tr><tr class="skippedeven"><td><a href="#m90">executeTestcase</a></td></tr><tr class="skippedeven"><td><a href="#m91">executeTestcase</a></td></tr><tr class="skippedeven"><td><a href="#m92">executeTestcase</a></td></tr><tr class="skippedeven"><td><a href="#m93">executeTestcase</a></td></tr><tr class="skippedeven"><td><a href="#m94">executeTestcase</a></td></tr><tr class="skippedeven"><td><a href="#m95">executeTestcase</a></td></tr><tr class="skippedeven"><td><a href="#m96">executeTestcase</a></td></tr><tr class="skippedeven"><td><a href="#m97">executeTestcase</a></td></tr><tr class="skippedeven"><td><a href="#m98">executeTestcase</a></td></tr><tr class="skippedeven"><td><a href="#m99">executeTestcase</a></td></tr><tr class="skippedeven"><td><a href="#m100">executeTestcase</a></td></tr><tr class="skippedeven"><td><a href="#m101">executeTestcase</a></td></tr><tr class="skippedeven"><td><a href="#m102">executeTestcase</a></td></tr><tr class="skippedeven"><td><a href="#m103">executeTestcase</a></td></tr><tr class="skippedeven"><td><a href="#m104">executeTestcase</a></td></tr><tr class="skippedeven"><td><a href="#m105">executeTestcase</a></td></tr><tr class="skippedeven"><td><a href="#m106">executeTestcase</a></td></tr><tr class="skippedeven"><td><a href="#m107">executeTestcase</a></td></tr><tr class="skippedeven"><td><a href="#m108">executeTestcase</a></td></tr><tr class="skippedeven"><td><a href="#m109">executeTestcase</a></td></tr><tr class="skippedeven"><td><a href="#m110">executeTestcase</a></td></tr><tr class="skippedeven"><td><a href="#m111">executeTestcase</a></td></tr><tr class="skippedeven"><td><a href="#m112">executeTestcase</a></td></tr><tr class="skippedeven"><td><a href="#m113">executeTestcase</a></td></tr><tr class="skippedeven"><td><a href="#m114">executeTestcase</a></td></tr><tr class="skippedeven"><td><a href="#m115">executeTestcase</a></td></tr><tr class="skippedeven"><td><a href="#m116">executeTestcase</a></td></tr><tr class="skippedeven"><td><a href="#m117">executeTestcase</a></td></tr><tr class="skippedeven"><td><a href="#m118">executeTestcase</a></td></tr><tr class="skippedeven"><td><a href="#m119">executeTestcase</a></td></tr><tr class="skippedeven"><td><a href="#m120">executeTestcase</a></td></tr><tr class="skippedeven"><td><a href="#m121">executeTestcase</a></td></tr><tr class="skippedeven"><td><a href="#m122">executeTestcase</a></td></tr><tr class="skippedeven"><td><a href="#m123">executeTestcase</a></td></tr><tr class="skippedeven"><td><a href="#m124">executeTestcase</a></td></tr><tr class="skippedeven"><td><a href="#m125">executeTestcase</a></td></tr><tr class="skippedeven"><td><a href="#m126">executeTestcase</a></td></tr><tr class="skippedeven"><td><a href="#m127">executeTestcase</a></td></tr><tr class="skippedeven"><td><a href="#m128">executeTestcase</a></td></tr><tr class="skippedeven"><td><a href="#m129">executeTestcase</a></td></tr><tr class="skippedeven"><td><a href="#m130">executeTestcase</a></td></tr><tr class="skippedeven"><td><a href="#m131">executeTestcase</a></td></tr><tr class="skippedeven"><td><a href="#m132">executeTestcase</a></td></tr><tr class="skippedeven"><td><a href="#m133">executeTestcase</a></td></tr><tr class="skippedeven"><td><a href="#m134">executeTestcase</a></td></tr><tr class="skippedeven"><td><a href="#m135">executeTestcase</a></td></tr><tr class="skippedeven"><td><a href="#m136">executeTestcase</a></td></tr><tr class="skippedeven"><td><a href="#m137">executeTestcase</a></td></tr><tr class="skippedeven"><td><a href="#m138">executeTestcase</a></td></tr><tr class="skippedeven"><td><a href="#m139">executeTestcase</a></td></tr><tr class="skippedeven"><td><a href="#m140">executeTestcase</a></td></tr><tr class="skippedeven"><td><a href="#m141">executeTestcase</a></td></tr><tr class="skippedeven"><td><a href="#m142">executeTestcase</a></td></tr><tr class="skippedeven"><td><a href="#m143">executeTestcase</a></td></tr><tr class="skippedeven"><td><a href="#m144">executeTestcase</a></td></tr><tr class="skippedeven"><td><a href="#m145">executeTestcase</a></td></tr><tr class="skippedeven"><td><a href="#m146">executeTestcase</a></td></tr><tr class="skippedeven"><td><a href="#m147">executeTestcase</a></td></tr><tr class="skippedeven"><td><a href="#m148">executeTestcase</a></td></tr><tr class="skippedeven"><td><a href="#m149">executeTestcase</a></td></tr><tr class="skippedeven"><td><a href="#m150">executeTestcase</a></td></tr><tr class="skippedeven"><td><a href="#m151">executeTestcase</a></td></tr><tr class="skippedeven"><td><a href="#m152">executeTestcase</a></td></tr><tr class="skippedeven"><td><a href="#m153">executeTestcase</a></td></tr><tr class="skippedeven"><td><a href="#m154">executeTestcase</a></td></tr><tr class="skippedeven"><td><a href="#m155">executeTestcase</a></td></tr><tr class="skippedeven"><td><a href="#m156">executeTestcase</a></td></tr><tr class="skippedeven"><td><a href="#m157">executeTestcase</a></td></tr><tr class="skippedeven"><td><a href="#m158">executeTestcase</a></td></tr><tr class="skippedeven"><td><a href="#m159">executeTestcase</a></td></tr><tr class="skippedeven"><td><a href="#m160">executeTestcase</a></td></tr><tr class="skippedeven"><td><a href="#m161">executeTestcase</a></td></tr><tr class="skippedeven"><td><a href="#m162">executeTestcase</a></td></tr><tr class="skippedeven"><td><a href="#m163">executeTestcase</a></td></tr><tr class="skippedeven"><td><a href="#m164">executeTestcase</a></td></tr><tr class="skippedeven"><td><a href="#m165">executeTestcase</a></td></tr><tr class="skippedeven"><td><a href="#m166">executeTestcase</a></td></tr><tr class="skippedeven"><td><a href="#m167">executeTestcase</a></td></tr><tr class="skippedeven"><td><a href="#m168">executeTestcase</a></td></tr><tr class="skippedeven"><td><a href="#m169">executeTestcase</a></td></tr><tr class="skippedeven"><td><a href="#m170">executeTestcase</a></td></tr><tr class="skippedeven"><td><a href="#m171">executeTestcase</a></td></tr><tr><th colspan="4">Results &#8212; passed</th></tr><tr class="passedeven"><td rowspan="1">driver.Driver</td><td><a href="#m172">executeTestcase</a></td><td rowspan="1">1650464896858</td><td rowspan="1">681694</td></tr></tbody>
</table>
<h2>Results</h2><h3 id="m0">driver.Driver#executeTestcase</h3><table class="result"><tr class="param"><th>Parameter #1</th></tr><tr class="param stripe"><td>org.testng.TestRunner@48c40605</td></tr><tr><th>Exception</th></tr><tr><td><div class="stacktrace">java.lang.ClassNotFoundException: testcases.Member.TestCase_8906
	at java.base/jdk.internal.loader.BuiltinClassLoader.loadClass(BuiltinClassLoader.java:581)
	at java.base/jdk.internal.loader.ClassLoaders$AppClassLoader.loadClass(ClassLoaders.java:178)
	at java.base/java.lang.ClassLoader.loadClass(ClassLoader.java:521)
	at java.base/java.lang.Class.forName0(Native Method)
	at java.base/java.lang.Class.forName(Class.java:315)
	at driver.Driver.executeTestcase(Driver.java:68)
	at java.base/java.util.ArrayList.forEach(ArrayList.java:1541)
... Removed 26 stack frames</div></td></tr></table><p class="totop"><a href="#summary">back to summary</a></p>
<h3 id="m1">driver.Driver#executeTestcase</h3><table class="result"><tr class="param"><th>Parameter #1</th></tr><tr class="param stripe"><td>org.testng.TestRunner@48c40605</td></tr><tr><th>Exception</th></tr><tr><td><div class="stacktrace">java.lang.ClassNotFoundException: testcases.Member.TestCase_8906
	at java.base/jdk.internal.loader.BuiltinClassLoader.loadClass(BuiltinClassLoader.java:581)
	at java.base/jdk.internal.loader.ClassLoaders$AppClassLoader.loadClass(ClassLoaders.java:178)
	at java.base/java.lang.ClassLoader.loadClass(ClassLoader.java:521)
	at java.base/java.lang.Class.forName0(Native Method)
	at java.base/java.lang.Class.forName(Class.java:315)
	at driver.Driver.executeTestcase(Driver.java:68)
	at java.base/java.util.ArrayList.forEach(ArrayList.java:1541)
... Removed 26 stack frames</div></td></tr></table><p class="totop"><a href="#summary">back to summary</a></p>
<h3 id="m2">driver.Driver#executeTestcase</h3><table class="result"><tr class="param"><th>Parameter #1</th></tr><tr class="param stripe"><td>org.testng.TestRunner@48c40605</td></tr><tr><th>Exception</th></tr><tr><td><div class="stacktrace">org.testng.SkipException: Skipping execution for  :TFS ID_ 7545:Verify Premier Start Date is not calculated before adding any memberships to the account
	at driver.Driver.executeTestcase(Driver.java:83)
	at java.base/java.util.ArrayList.forEach(ArrayList.java:1541)
... Removed 26 stack frames</div></td></tr></table><p class="totop"><a href="#summary">back to summary</a></p>
<h3 id="m3">driver.Driver#executeTestcase</h3><table class="result"><tr class="param"><th>Parameter #1</th></tr><tr class="param stripe"><td>org.testng.TestRunner@48c40605</td></tr><tr><th>Exception</th></tr><tr><td><div class="stacktrace">org.testng.SkipException: Skipping execution for  :TFS ID_10707:Cloud: Automation : Verify whether DEA digit check- last seven characters should be numeric
	at driver.Driver.executeTestcase(Driver.java:83)
	at java.base/java.util.ArrayList.forEach(ArrayList.java:1541)
... Removed 26 stack frames</div></td></tr></table><p class="totop"><a href="#summary">back to summary</a></p>
<h3 id="m4">driver.Driver#executeTestcase</h3><table class="result"><tr class="param"><th>Parameter #1</th></tr><tr class="param stripe"><td>org.testng.TestRunner@48c40605</td></tr><tr><th>Exception</th></tr><tr><td><div class="stacktrace">org.testng.SkipException: Skipping execution for  :TFS ID_8938:Cloud: Verify AG and AG effective date on Account creation when AG populated based on TP and Business classification is Alternate Site
	at driver.Driver.executeTestcase(Driver.java:83)
	at java.base/java.util.ArrayList.forEach(ArrayList.java:1541)
... Removed 26 stack frames</div></td></tr></table><p class="totop"><a href="#summary">back to summary</a></p>
<h3 id="m5">driver.Driver#executeTestcase</h3><table class="result"><tr class="param"><th>Parameter #1</th></tr><tr class="param stripe"><td>org.testng.TestRunner@48c40605</td></tr><tr><th>Exception</th></tr><tr><td><div class="stacktrace">org.testng.SkipException: Skipping execution for  :TFS ID_8936:Cloud: Verify AG and AG effective date on Account creation when AG populated based on FBO and Business classification is Acute
	at driver.Driver.executeTestcase(Driver.java:83)
	at java.base/java.util.ArrayList.forEach(ArrayList.java:1541)
... Removed 26 stack frames</div></td></tr></table><p class="totop"><a href="#summary">back to summary</a></p>
<h3 id="m6">driver.Driver#executeTestcase</h3><table class="result"><tr class="param"><th>Parameter #1</th></tr><tr class="param stripe"><td>org.testng.TestRunner@48c40605</td></tr><tr><th>Exception</th></tr><tr><td><div class="stacktrace">org.testng.SkipException: Skipping execution for  :TFS ID_7138:Create new member - New Member form through sub account and save it as prospect first
	at driver.Driver.executeTestcase(Driver.java:83)
	at java.base/java.util.ArrayList.forEach(ArrayList.java:1541)
... Removed 27 stack frames</div></td></tr></table><p class="totop"><a href="#summary">back to summary</a></p>
<h3 id="m7">driver.Driver#executeTestcase</h3><table class="result"><tr class="param"><th>Parameter #1</th></tr><tr class="param stripe"><td>org.testng.TestRunner@48c40605</td></tr><tr><th>Exception</th></tr><tr><td><div class="stacktrace">org.testng.SkipException: Skipping execution for  :TFS ID_9201:Cloud-Verify new field Certifying Agency available in Supplier Diversity Entity
	at driver.Driver.executeTestcase(Driver.java:83)
	at java.base/java.util.ArrayList.forEach(ArrayList.java:1541)
... Removed 26 stack frames</div></td></tr></table><p class="totop"><a href="#summary">back to summary</a></p>
<h3 id="m8">driver.Driver#executeTestcase</h3><table class="result"><tr class="param"><th>Parameter #1</th></tr><tr class="param stripe"><td>org.testng.TestRunner@48c40605</td></tr><tr><th>Exception</th></tr><tr><td><div class="stacktrace">org.testng.SkipException: Skipping execution for  :TFS ID_8803:Cloud : Verify whether child Account cannot be published if DP does not have entity code
	at driver.Driver.executeTestcase(Driver.java:83)
	at java.base/java.util.ArrayList.forEach(ArrayList.java:1541)
... Removed 26 stack frames</div></td></tr></table><p class="totop"><a href="#summary">back to summary</a></p>
<h3 id="m9">driver.Driver#executeTestcase</h3><table class="result"><tr class="param"><th>Parameter #1</th></tr><tr class="param stripe"><td>org.testng.TestRunner@48c40605</td></tr><tr><th>Exception</th></tr><tr><td><div class="stacktrace">org.testng.SkipException: Skipping execution for  :TFS ID_8945:Cloud -Verify if the Supplier is Published directly through UI is moved to siebel by Supplier Supervisor
	at driver.Driver.executeTestcase(Driver.java:83)
	at java.base/java.util.ArrayList.forEach(ArrayList.java:1541)
... Removed 26 stack frames</div></td></tr></table><p class="totop"><a href="#summary">back to summary</a></p>
<h3 id="m10">driver.Driver#executeTestcase</h3><table class="result"><tr class="param"><th>Parameter #1</th></tr><tr class="param stripe"><td>org.testng.TestRunner@48c40605</td></tr><tr><th>Exception</th></tr><tr><td><div class="stacktrace">org.testng.SkipException: Skipping execution for  :TFS ID_8819:Cloud : Verify a GPO member can not be child of NON GPO member
	at driver.Driver.executeTestcase(Driver.java:83)
	at java.base/java.util.ArrayList.forEach(ArrayList.java:1541)
... Removed 26 stack frames</div></td></tr></table><p class="totop"><a href="#summary">back to summary</a></p>
<h3 id="m11">driver.Driver#executeTestcase</h3><table class="result"><tr class="param"><th>Parameter #1</th></tr><tr class="param stripe"><td>org.testng.TestRunner@48c40605</td></tr><tr><th>Exception</th></tr><tr><td><div class="stacktrace">org.testng.SkipException: Skipping execution for  :TFS ID_10620: Cloud : Verify whether Base Read only role cannot create &quot;Membership&quot; via Membership Entity
	at driver.Driver.executeTestcase(Driver.java:83)
	at java.base/java.util.ArrayList.forEach(ArrayList.java:1541)
... Removed 26 stack frames</div></td></tr></table><p class="totop"><a href="#summary">back to summary</a></p>
<h3 id="m12">driver.Driver#executeTestcase</h3><table class="result"><tr class="param"><th>Parameter #1</th></tr><tr class="param stripe"><td>org.testng.TestRunner@48c40605</td></tr><tr><th>Exception</th></tr><tr><td><div class="stacktrace">org.testng.SkipException: Skipping execution for  :TFS ID_8928:Cloud: Verify AG and AG effective date on Account termination when AG populated based on TP and Business classification is NON Healthcare
	at driver.Driver.executeTestcase(Driver.java:83)
	at java.base/java.util.ArrayList.forEach(ArrayList.java:1541)
... Removed 26 stack frames</div></td></tr></table><p class="totop"><a href="#summary">back to summary</a></p>
<h3 id="m13">driver.Driver#executeTestcase</h3><table class="result"><tr class="param"><th>Parameter #1</th></tr><tr class="param stripe"><td>org.testng.TestRunner@48c40605</td></tr><tr><th>Exception</th></tr><tr><td><div class="stacktrace">org.testng.SkipException: Skipping execution for  :TFS ID_8942:Cloud: Verify AG and AG effective date on Account creation when AG populated based on DP and Business classification is Acute
	at driver.Driver.executeTestcase(Driver.java:83)
	at java.base/java.util.ArrayList.forEach(ArrayList.java:1541)
... Removed 26 stack frames</div></td></tr></table><p class="totop"><a href="#summary">back to summary</a></p>
<h3 id="m14">driver.Driver#executeTestcase</h3><table class="result"><tr class="param"><th>Parameter #1</th></tr><tr class="param stripe"><td>org.testng.TestRunner@48c40605</td></tr><tr><th>Exception</th></tr><tr><td><div class="stacktrace">org.testng.SkipException: Skipping execution for  :TFS ID_  8949:Cloud -Supplier account can not be inactive
	at driver.Driver.executeTestcase(Driver.java:83)
	at java.base/java.util.ArrayList.forEach(ArrayList.java:1541)
... Removed 26 stack frames</div></td></tr></table><p class="totop"><a href="#summary">back to summary</a></p>
<h3 id="m15">driver.Driver#executeTestcase</h3><table class="result"><tr class="param"><th>Parameter #1</th></tr><tr class="param stripe"><td>org.testng.TestRunner@48c40605</td></tr><tr><th>Exception</th></tr><tr><td><div class="stacktrace">org.testng.SkipException: Skipping execution for  :TFS ID_ 10534:Cloud:Verify Limited Member fields that are NOT editable
	at driver.Driver.executeTestcase(Driver.java:83)
	at java.base/java.util.ArrayList.forEach(ArrayList.java:1541)
... Removed 26 stack frames</div></td></tr></table><p class="totop"><a href="#summary">back to summary</a></p>
<h3 id="m16">driver.Driver#executeTestcase</h3><table class="result"><tr class="param"><th>Parameter #1</th></tr><tr class="param stripe"><td>org.testng.TestRunner@48c40605</td></tr><tr><th>Exception</th></tr><tr><td><div class="stacktrace">org.testng.SkipException: Skipping execution for  :TFS ID_ 8924:Cloud: Verify AG and AG effective date on Account creation when AG populated for NONGPO account
	at driver.Driver.executeTestcase(Driver.java:83)
	at java.base/java.util.ArrayList.forEach(ArrayList.java:1541)
... Removed 26 stack frames</div></td></tr></table><p class="totop"><a href="#summary">back to summary</a></p>
<h3 id="m17">driver.Driver#executeTestcase</h3><table class="result"><tr class="param"><th>Parameter #1</th></tr><tr class="param stripe"><td>org.testng.TestRunner@48c40605</td></tr><tr><th>Exception</th></tr><tr><td><div class="stacktrace">org.testng.SkipException: Skipping execution for  :TFS ID_8798:Cloud : Verify DP Relation Date is cleared if Is Top Parent Is Set to Yes
	at driver.Driver.executeTestcase(Driver.java:83)
	at java.base/java.util.ArrayList.forEach(ArrayList.java:1541)
... Removed 26 stack frames</div></td></tr></table><p class="totop"><a href="#summary">back to summary</a></p>
<h3 id="m18">driver.Driver#executeTestcase</h3><table class="result"><tr class="param"><th>Parameter #1</th></tr><tr class="param stripe"><td>org.testng.TestRunner@48c40605</td></tr><tr><th>Exception</th></tr><tr><td><div class="stacktrace">org.testng.SkipException: Skipping execution for  :TFS ID_ 8927:Cloud: Verify AG and AG effective date on Account termination when AG populated based on FBO and Business classification is Acute
	at driver.Driver.executeTestcase(Driver.java:83)
	at java.base/java.util.ArrayList.forEach(ArrayList.java:1541)
... Removed 26 stack frames</div></td></tr></table><p class="totop"><a href="#summary">back to summary</a></p>
<h3 id="m19">driver.Driver#executeTestcase</h3><table class="result"><tr class="param"><th>Parameter #1</th></tr><tr class="param stripe"><td>org.testng.TestRunner@48c40605</td></tr><tr><th>Exception</th></tr><tr><td><div class="stacktrace">org.testng.SkipException: Skipping execution for  :TFS ID_8806:Cloud: Verify whether DP Exception Reason should not be required, while creating new account from sub account entity
	at driver.Driver.executeTestcase(Driver.java:83)
	at java.base/java.util.ArrayList.forEach(ArrayList.java:1541)
... Removed 26 stack frames</div></td></tr></table><p class="totop"><a href="#summary">back to summary</a></p>
<h3 id="m20">driver.Driver#executeTestcase</h3><table class="result"><tr class="param"><th>Parameter #1</th></tr><tr class="param stripe"><td>org.testng.TestRunner@48c40605</td></tr><tr><th>Exception</th></tr><tr><td><div class="stacktrace">org.testng.SkipException: Skipping execution for  :TFS ID_10752:Cloud:Verify on end dating HIN, user should not allow to enter End date which is today&apos;s date /Future date
	at driver.Driver.executeTestcase(Driver.java:83)
	at java.base/java.util.ArrayList.forEach(ArrayList.java:1541)
... Removed 26 stack frames</div></td></tr></table><p class="totop"><a href="#summary">back to summary</a></p>
<h3 id="m21">driver.Driver#executeTestcase</h3><table class="result"><tr class="param"><th>Parameter #1</th></tr><tr class="param stripe"><td>org.testng.TestRunner@48c40605</td></tr><tr><th>Exception</th></tr><tr><td><div class="stacktrace">org.testng.SkipException: Skipping execution for  :TFS ID_ 7421:Create New Membership Provider with type &quot;DSH&quot;
	at driver.Driver.executeTestcase(Driver.java:83)
	at java.base/java.util.ArrayList.forEach(ArrayList.java:1541)
... Removed 26 stack frames</div></td></tr></table><p class="totop"><a href="#summary">back to summary</a></p>
<h3 id="m22">driver.Driver#executeTestcase</h3><table class="result"><tr class="param"><th>Parameter #1</th></tr><tr class="param stripe"><td>org.testng.TestRunner@48c40605</td></tr><tr><th>Exception</th></tr><tr><td><div class="stacktrace">org.testng.SkipException: Skipping execution for  :TFS ID_8820:Cloud: Verify a non gpo account can be created under a GPO member
	at driver.Driver.executeTestcase(Driver.java:83)
	at java.base/java.util.ArrayList.forEach(ArrayList.java:1541)
... Removed 26 stack frames</div></td></tr></table><p class="totop"><a href="#summary">back to summary</a></p>
<h3 id="m23">driver.Driver#executeTestcase</h3><table class="result"><tr class="param"><th>Parameter #1</th></tr><tr class="param stripe"><td>org.testng.TestRunner@48c40605</td></tr><tr><th>Exception</th></tr><tr><td><div class="stacktrace">org.testng.SkipException: Skipping execution for  :TFS ID_10706:Cloud:Verify whether DEA digit check- accepts only 9 digits
	at driver.Driver.executeTestcase(Driver.java:83)
	at java.base/java.util.ArrayList.forEach(ArrayList.java:1541)
... Removed 26 stack frames</div></td></tr></table><p class="totop"><a href="#summary">back to summary</a></p>
<h3 id="m24">driver.Driver#executeTestcase</h3><table class="result"><tr class="param"><th>Parameter #1</th></tr><tr class="param stripe"><td>org.testng.TestRunner@48c40605</td></tr><tr><th>Exception</th></tr><tr><td><div class="stacktrace">org.testng.SkipException: Skipping execution for  :TFS ID_8926:Cloud: Verify AG and AG effective date on Account termination when AG populated based on FBO and Business classification is Alternate site
	at driver.Driver.executeTestcase(Driver.java:83)
	at java.base/java.util.ArrayList.forEach(ArrayList.java:1541)
... Removed 26 stack frames</div></td></tr></table><p class="totop"><a href="#summary">back to summary</a></p>
<h3 id="m25">driver.Driver#executeTestcase</h3><table class="result"><tr class="param"><th>Parameter #1</th></tr><tr class="param stripe"><td>org.testng.TestRunner@48c40605</td></tr><tr><th>Exception</th></tr><tr><td><div class="stacktrace">org.testng.SkipException: Skipping execution for  :TFS ID_8786:Cloud - Validate (Member/Supplier) Account Type once set to value other than Prospect cannot change.
	at driver.Driver.executeTestcase(Driver.java:83)
	at java.base/java.util.ArrayList.forEach(ArrayList.java:1541)
... Removed 26 stack frames</div></td></tr></table><p class="totop"><a href="#summary">back to summary</a></p>
<h3 id="m26">driver.Driver#executeTestcase</h3><table class="result"><tr class="param"><th>Parameter #1</th></tr><tr class="param stripe"><td>org.testng.TestRunner@48c40605</td></tr><tr><th>Exception</th></tr><tr><td><div class="stacktrace">org.testng.SkipException: Skipping execution for  :TFS ID_5906: Activate terminated supplier
	at driver.Driver.executeTestcase(Driver.java:83)
	at java.base/java.util.ArrayList.forEach(ArrayList.java:1541)
... Removed 26 stack frames</div></td></tr></table><p class="totop"><a href="#summary">back to summary</a></p>
<h3 id="m27">driver.Driver#executeTestcase</h3><table class="result"><tr class="param"><th>Parameter #1</th></tr><tr class="param stripe"><td>org.testng.TestRunner@48c40605</td></tr><tr><th>Exception</th></tr><tr><td><div class="stacktrace">org.testng.SkipException: Skipping execution for  :TFS ID_10662:Cloud:Verify whether user able to add same &quot;Federal Tax ID&quot; on different &quot;Supplier&quot; ,if they have the same Top Parent.
	at driver.Driver.executeTestcase(Driver.java:83)
	at java.base/java.util.ArrayList.forEach(ArrayList.java:1541)
... Removed 26 stack frames</div></td></tr></table><p class="totop"><a href="#summary">back to summary</a></p>
<h3 id="m28">driver.Driver#executeTestcase</h3><table class="result"><tr class="param"><th>Parameter #1</th></tr><tr class="param stripe"><td>org.testng.TestRunner@48c40605</td></tr><tr><th>Exception</th></tr><tr><td><div class="stacktrace">org.testng.SkipException: Skipping execution for  :TFS ID_ 10684 :Cloud:Verify on  deactivating active DEA ,should get removed from Member form.
	at driver.Driver.executeTestcase(Driver.java:83)
	at java.base/java.util.ArrayList.forEach(ArrayList.java:1541)
... Removed 26 stack frames</div></td></tr></table><p class="totop"><a href="#summary">back to summary</a></p>
<h3 id="m29">driver.Driver#executeTestcase</h3><table class="result"><tr class="param"><th>Parameter #1</th></tr><tr class="param stripe"><td>org.testng.TestRunner@48c40605</td></tr><tr><th>Exception</th></tr><tr><td><div class="stacktrace">org.testng.SkipException: Skipping execution for  :TFS ID_ 7156:Modify Address in an existing Supplier Account and re-publish as a Supplier Supervisor. Same Entity code should be retained
	at driver.Driver.executeTestcase(Driver.java:83)
	at java.base/java.util.ArrayList.forEach(ArrayList.java:1541)
... Removed 26 stack frames</div></td></tr></table><p class="totop"><a href="#summary">back to summary</a></p>
<h3 id="m30">driver.Driver#executeTestcase</h3><table class="result"><tr class="param"><th>Parameter #1</th></tr><tr class="param stripe"><td>org.testng.TestRunner@48c40605</td></tr><tr><th>Exception</th></tr><tr><td><div class="stacktrace">org.testng.SkipException: Skipping execution for  :TFS ID_ 7473:Change Account status to inactive for a Membership Provider with type &quot;SOAR&quot;
	at driver.Driver.executeTestcase(Driver.java:83)
	at java.base/java.util.ArrayList.forEach(ArrayList.java:1541)
... Removed 26 stack frames</div></td></tr></table><p class="totop"><a href="#summary">back to summary</a></p>
<h3 id="m31">driver.Driver#executeTestcase</h3><table class="result"><tr class="param"><th>Parameter #1</th></tr><tr class="param stripe"><td>org.testng.TestRunner@48c40605</td></tr><tr><th>Exception</th></tr><tr><td><div class="stacktrace">org.testng.SkipException: Skipping execution for  :TFS ID_ 10685 :Cloud:Verify whether newly added active DEA ,should appear on Member form.
	at driver.Driver.executeTestcase(Driver.java:83)
	at java.base/java.util.ArrayList.forEach(ArrayList.java:1541)
... Removed 26 stack frames</div></td></tr></table><p class="totop"><a href="#summary">back to summary</a></p>
<h3 id="m32">driver.Driver#executeTestcase</h3><table class="result"><tr class="param"><th>Parameter #1</th></tr><tr class="param stripe"><td>org.testng.TestRunner@48c40605</td></tr><tr><th>Exception</th></tr><tr><td><div class="stacktrace">org.testng.SkipException: Skipping execution for  :TFS ID_10527:Cloud -Verify New Diversity Type options available for the supplier
	at driver.Driver.executeTestcase(Driver.java:83)
	at java.base/java.util.ArrayList.forEach(ArrayList.java:1541)
... Removed 26 stack frames</div></td></tr></table><p class="totop"><a href="#summary">back to summary</a></p>
<h3 id="m33">driver.Driver#executeTestcase</h3><table class="result"><tr class="param"><th>Parameter #1</th></tr><tr class="param stripe"><td>org.testng.TestRunner@48c40605</td></tr><tr><th>Exception</th></tr><tr><td><div class="stacktrace">org.testng.SkipException: Skipping execution for  :TFS ID_10651:Cloud : Verify whether Base Read Only roles should not have access to add C-suite Job Function in a Contact.
	at driver.Driver.executeTestcase(Driver.java:83)
	at java.base/java.util.ArrayList.forEach(ArrayList.java:1541)
... Removed 26 stack frames</div></td></tr></table><p class="totop"><a href="#summary">back to summary</a></p>
<h3 id="m34">driver.Driver#executeTestcase</h3><table class="result"><tr class="param"><th>Parameter #1</th></tr><tr class="param stripe"><td>org.testng.TestRunner@48c40605</td></tr><tr><th>Exception</th></tr><tr><td><div class="stacktrace">org.testng.SkipException: Skipping execution for  :TFS ID_ 7154 :Create a supplier under a DP and save using Supplier Login
	at driver.Driver.executeTestcase(Driver.java:83)
	at java.base/java.util.ArrayList.forEach(ArrayList.java:1541)
... Removed 26 stack frames</div></td></tr></table><p class="totop"><a href="#summary">back to summary</a></p>
<h3 id="m35">driver.Driver#executeTestcase</h3><table class="result"><tr class="param"><th>Parameter #1</th></tr><tr class="param stripe"><td>org.testng.TestRunner@48c40605</td></tr><tr><th>Exception</th></tr><tr><td><div class="stacktrace">org.testng.SkipException: Skipping execution for  :TFS ID_8746:Cloud : Validate deactivating a contact result in updating the contact end date and inactivating the contact account association record
	at driver.Driver.executeTestcase(Driver.java:83)
	at java.base/java.util.ArrayList.forEach(ArrayList.java:1541)
... Removed 26 stack frames</div></td></tr></table><p class="totop"><a href="#summary">back to summary</a></p>
<h3 id="m36">driver.Driver#executeTestcase</h3><table class="result"><tr class="param"><th>Parameter #1</th></tr><tr class="param stripe"><td>org.testng.TestRunner@48c40605</td></tr><tr><th>Exception</th></tr><tr><td><div class="stacktrace">org.testng.SkipException: Skipping execution for  :TFS ID_10675:Cloud: Verify &quot;Referred by&quot; field is read only for Base Read Only  user
	at driver.Driver.executeTestcase(Driver.java:83)
	at java.base/java.util.ArrayList.forEach(ArrayList.java:1541)
... Removed 26 stack frames</div></td></tr></table><p class="totop"><a href="#summary">back to summary</a></p>
<h3 id="m37">driver.Driver#executeTestcase</h3><table class="result"><tr class="param"><th>Parameter #1</th></tr><tr class="param stripe"><td>org.testng.TestRunner@48c40605</td></tr><tr><th>Exception</th></tr><tr><td><div class="stacktrace">org.testng.SkipException: Skipping execution for  :TFS ID_8816:Cloud: Verify user is NOT able to create accounts directly with Terminated status
	at driver.Driver.executeTestcase(Driver.java:83)
	at java.base/java.util.ArrayList.forEach(ArrayList.java:1541)
... Removed 26 stack frames</div></td></tr></table><p class="totop"><a href="#summary">back to summary</a></p>
<h3 id="m38">driver.Driver#executeTestcase</h3><table class="result"><tr class="param"><th>Parameter #1</th></tr><tr class="param stripe"><td>org.testng.TestRunner@48c40605</td></tr><tr><th>Exception</th></tr><tr><td><div class="stacktrace">org.testng.SkipException: Skipping execution for  :TFS ID_4505:Verify TP can be created without providing DP relation date - Manual
	at driver.Driver.executeTestcase(Driver.java:83)
	at java.base/java.util.ArrayList.forEach(ArrayList.java:1541)
... Removed 26 stack frames</div></td></tr></table><p class="totop"><a href="#summary">back to summary</a></p>
<h3 id="m39">driver.Driver#executeTestcase</h3><table class="result"><tr class="param"><th>Parameter #1</th></tr><tr class="param stripe"><td>org.testng.TestRunner@48c40605</td></tr><tr><th>Exception</th></tr><tr><td><div class="stacktrace">org.testng.SkipException: Skipping execution for  :TFS ID_8780:Cloud : Verify corresponding LOB is getting deactivated when end dated membership is deactivated
	at driver.Driver.executeTestcase(Driver.java:83)
	at java.base/java.util.ArrayList.forEach(ArrayList.java:1541)
... Removed 26 stack frames</div></td></tr></table><p class="totop"><a href="#summary">back to summary</a></p>
<h3 id="m40">driver.Driver#executeTestcase</h3><table class="result"><tr class="param"><th>Parameter #1</th></tr><tr class="param stripe"><td>org.testng.TestRunner@48c40605</td></tr><tr><th>Exception</th></tr><tr><td><div class="stacktrace">org.testng.SkipException: Skipping execution for  :TFS ID_8932:Cloud: Verify AG and AG effective date on Account termination when AG populated based on DP and Business classification is Alternate site
	at driver.Driver.executeTestcase(Driver.java:83)
	at java.base/java.util.ArrayList.forEach(ArrayList.java:1541)
... Removed 26 stack frames</div></td></tr></table><p class="totop"><a href="#summary">back to summary</a></p>
<h3 id="m41">driver.Driver#executeTestcase</h3><table class="result"><tr class="param"><th>Parameter #1</th></tr><tr class="param stripe"><td>org.testng.TestRunner@48c40605</td></tr><tr><th>Exception</th></tr><tr><td><div class="stacktrace">org.testng.SkipException: Skipping execution for  :TFS ID_10516:Cloud -Replace existing primary contact with new one on a supplier
	at driver.Driver.executeTestcase(Driver.java:83)
	at java.base/java.util.ArrayList.forEach(ArrayList.java:1541)
... Removed 26 stack frames</div></td></tr></table><p class="totop"><a href="#summary">back to summary</a></p>
<h3 id="m42">driver.Driver#executeTestcase</h3><table class="result"><tr class="param"><th>Parameter #1</th></tr><tr class="param stripe"><td>org.testng.TestRunner@48c40605</td></tr><tr><th>Exception</th></tr><tr><td><div class="stacktrace">org.testng.SkipException: Skipping execution for  :TFS ID_ 8841:Cloud: Create new Top Parent member - New Member form and Save it as prospect first
	at driver.Driver.executeTestcase(Driver.java:83)
	at java.base/java.util.ArrayList.forEach(ArrayList.java:1541)
... Removed 27 stack frames</div></td></tr></table><p class="totop"><a href="#summary">back to summary</a></p>
<h3 id="m43">driver.Driver#executeTestcase</h3><table class="result"><tr class="param"><th>Parameter #1</th></tr><tr class="param stripe"><td>org.testng.TestRunner@48c40605</td></tr><tr><th>Exception</th></tr><tr><td><div class="stacktrace">org.testng.SkipException: Skipping execution for  :TFS ID_ 8838:Cloud: Create new Shipto account - New Member entry form and Save it as prospect first
	at driver.Driver.executeTestcase(Driver.java:83)
	at java.base/java.util.ArrayList.forEach(ArrayList.java:1541)
... Removed 27 stack frames</div></td></tr></table><p class="totop"><a href="#summary">back to summary</a></p>
<h3 id="m44">driver.Driver#executeTestcase</h3><table class="result"><tr class="param"><th>Parameter #1</th></tr><tr class="param stripe"><td>org.testng.TestRunner@48c40605</td></tr><tr><th>Exception</th></tr><tr><td><div class="stacktrace">org.testng.SkipException: Skipping execution for  :TFS ID_10746:Cloud:Verify whether user should not allow Duplicate HIN in an account.
	at driver.Driver.executeTestcase(Driver.java:83)
	at java.base/java.util.ArrayList.forEach(ArrayList.java:1541)
... Removed 26 stack frames</div></td></tr></table><p class="totop"><a href="#summary">back to summary</a></p>
<h3 id="m45">driver.Driver#executeTestcase</h3><table class="result"><tr class="param"><th>Parameter #1</th></tr><tr class="param stripe"><td>org.testng.TestRunner@48c40605</td></tr><tr><th>Exception</th></tr><tr><td><div class="stacktrace">org.testng.SkipException: Skipping execution for  :TFS ID_8751:Cloud : Verify once the Contact&apos;s relationship end date is updated then its job function and communications should get terminated
	at driver.Driver.executeTestcase(Driver.java:83)
	at java.base/java.util.ArrayList.forEach(ArrayList.java:1541)
... Removed 26 stack frames</div></td></tr></table><p class="totop"><a href="#summary">back to summary</a></p>
<h3 id="m46">driver.Driver#executeTestcase</h3><table class="result"><tr class="param"><th>Parameter #1</th></tr><tr class="param stripe"><td>org.testng.TestRunner@48c40605</td></tr><tr><th>Exception</th></tr><tr><td><div class="stacktrace">org.testng.SkipException: Skipping execution for  :TFS ID_10559:Cloud: Verify whether Limited Member should not be able to  create &quot;Line of business&quot;.
	at driver.Driver.executeTestcase(Driver.java:83)
	at java.base/java.util.ArrayList.forEach(ArrayList.java:1541)
... Removed 26 stack frames</div></td></tr></table><p class="totop"><a href="#summary">back to summary</a></p>
<h3 id="m47">driver.Driver#executeTestcase</h3><table class="result"><tr class="param"><th>Parameter #1</th></tr><tr class="param stripe"><td>org.testng.TestRunner@48c40605</td></tr><tr><th>Exception</th></tr><tr><td><div class="stacktrace">org.testng.SkipException: Skipping execution for  :TFS ID_8934:Cloud: Verify AG and AG effective date on Account creation when AG populated based on FBO and Business classification is NON Healthcare
	at driver.Driver.executeTestcase(Driver.java:83)
	at java.base/java.util.ArrayList.forEach(ArrayList.java:1541)
... Removed 26 stack frames</div></td></tr></table><p class="totop"><a href="#summary">back to summary</a></p>
<h3 id="m48">driver.Driver#executeTestcase</h3><table class="result"><tr class="param"><th>Parameter #1</th></tr><tr class="param stripe"><td>org.testng.TestRunner@48c40605</td></tr><tr><th>Exception</th></tr><tr><td><div class="stacktrace">org.testng.SkipException: Skipping execution for  :TFS ID_8761:Cloud :Verify Duplicate detection rule applies when Communication or Publication entered twice by the user
	at driver.Driver.executeTestcase(Driver.java:83)
	at java.base/java.util.ArrayList.forEach(ArrayList.java:1541)
... Removed 26 stack frames</div></td></tr></table><p class="totop"><a href="#summary">back to summary</a></p>
<h3 id="m49">driver.Driver#executeTestcase</h3><table class="result"><tr class="param"><th>Parameter #1</th></tr><tr class="param stripe"><td>org.testng.TestRunner@48c40605</td></tr><tr><th>Exception</th></tr><tr><td><div class="stacktrace">org.testng.SkipException: Skipping execution for  :TFS ID_10557:Cloud: Verify whether Limited Member should have access to &quot;Activities&quot; Entity.
	at driver.Driver.executeTestcase(Driver.java:83)
	at java.base/java.util.ArrayList.forEach(ArrayList.java:1541)
... Removed 26 stack frames</div></td></tr></table><p class="totop"><a href="#summary">back to summary</a></p>
<h3 id="m50">driver.Driver#executeTestcase</h3><table class="result"><tr class="param"><th>Parameter #1</th></tr><tr class="param stripe"><td>org.testng.TestRunner@48c40605</td></tr><tr><th>Exception</th></tr><tr><td><div class="stacktrace">org.testng.SkipException: Skipping execution for  :TFS ID_9642:Cloud : Verify whether &quot;Save &amp; New Button&quot; is not displayed in the form
	at driver.Driver.executeTestcase(Driver.java:83)
	at java.base/java.util.ArrayList.forEach(ArrayList.java:1541)
... Removed 26 stack frames</div></td></tr></table><p class="totop"><a href="#summary">back to summary</a></p>
<h3 id="m51">driver.Driver#executeTestcase</h3><table class="result"><tr class="param"><th>Parameter #1</th></tr><tr class="param stripe"><td>org.testng.TestRunner@48c40605</td></tr><tr><th>Exception</th></tr><tr><td><div class="stacktrace">org.testng.SkipException: Skipping execution for  :TFS ID_10762:Cloud:Verify whether HIN digit check- accepts only 9 digits
	at driver.Driver.executeTestcase(Driver.java:83)
	at java.base/java.util.ArrayList.forEach(ArrayList.java:1541)
... Removed 26 stack frames</div></td></tr></table><p class="totop"><a href="#summary">back to summary</a></p>
<h3 id="m52">driver.Driver#executeTestcase</h3><table class="result"><tr class="param"><th>Parameter #1</th></tr><tr class="param stripe"><td>org.testng.TestRunner@48c40605</td></tr><tr><th>Exception</th></tr><tr><td><div class="stacktrace">org.testng.SkipException: Skipping execution for  :TFS ID_ 8835:Cloud: Add and update Primary contact to a Member account
	at driver.Driver.executeTestcase(Driver.java:83)
	at java.base/java.util.ArrayList.forEach(ArrayList.java:1541)
... Removed 26 stack frames</div></td></tr></table><p class="totop"><a href="#summary">back to summary</a></p>
<h3 id="m53">driver.Driver#executeTestcase</h3><table class="result"><tr class="param"><th>Parameter #1</th></tr><tr class="param stripe"><td>org.testng.TestRunner@48c40605</td></tr><tr><th>Exception</th></tr><tr><td><div class="stacktrace">org.testng.SkipException: Skipping execution for  :TFS ID_9195:Cloud - Verify if Published Supplier Accounts cannot be made Inactive
	at driver.Driver.executeTestcase(Driver.java:83)
	at java.base/java.util.ArrayList.forEach(ArrayList.java:1541)
... Removed 26 stack frames</div></td></tr></table><p class="totop"><a href="#summary">back to summary</a></p>
<h3 id="m54">driver.Driver#executeTestcase</h3><table class="result"><tr class="param"><th>Parameter #1</th></tr><tr class="param stripe"><td>org.testng.TestRunner@48c40605</td></tr><tr><th>Exception</th></tr><tr><td><div class="stacktrace">org.testng.SkipException: Skipping execution for  :TFS ID_10560:Cloud : Verify whether Limited Member should not be able to  create &quot;Member attributes&quot;.
	at driver.Driver.executeTestcase(Driver.java:83)
	at java.base/java.util.ArrayList.forEach(ArrayList.java:1541)
... Removed 26 stack frames</div></td></tr></table><p class="totop"><a href="#summary">back to summary</a></p>
<h3 id="m55">driver.Driver#executeTestcase</h3><table class="result"><tr class="param"><th>Parameter #1</th></tr><tr class="param stripe"><td>org.testng.TestRunner@48c40605</td></tr><tr><th>Exception</th></tr><tr><td><div class="stacktrace">org.testng.SkipException: Skipping execution for  :TFS ID_8946:Cloud -Verify if Supplier User is not able to publish Supplier form directly or from draft through UI
	at driver.Driver.executeTestcase(Driver.java:83)
	at java.base/java.util.ArrayList.forEach(ArrayList.java:1541)
... Removed 26 stack frames</div></td></tr></table><p class="totop"><a href="#summary">back to summary</a></p>
<h3 id="m56">driver.Driver#executeTestcase</h3><table class="result"><tr class="param"><th>Parameter #1</th></tr><tr class="param stripe"><td>org.testng.TestRunner@48c40605</td></tr><tr><th>Exception</th></tr><tr><td><div class="stacktrace">org.testng.SkipException: Skipping execution for  :TFS ID_ 8752:Cloud : Verify once the contact is end dated then the related Contact Account Association should get terminated
	at driver.Driver.executeTestcase(Driver.java:83)
	at java.base/java.util.ArrayList.forEach(ArrayList.java:1541)
... Removed 26 stack frames</div></td></tr></table><p class="totop"><a href="#summary">back to summary</a></p>
<h3 id="m57">driver.Driver#executeTestcase</h3><table class="result"><tr class="param"><th>Parameter #1</th></tr><tr class="param stripe"><td>org.testng.TestRunner@48c40605</td></tr><tr><th>Exception</th></tr><tr><td><div class="stacktrace">org.testng.SkipException: Skipping execution for  :TFS ID_ 1111:Create Supplier with all available fields
	at driver.Driver.executeTestcase(Driver.java:83)
	at java.base/java.util.ArrayList.forEach(ArrayList.java:1541)
... Removed 26 stack frames</div></td></tr></table><p class="totop"><a href="#summary">back to summary</a></p>
<h3 id="m58">driver.Driver#executeTestcase</h3><table class="result"><tr class="param"><th>Parameter #1</th></tr><tr class="param stripe"><td>org.testng.TestRunner@48c40605</td></tr><tr><th>Exception</th></tr><tr><td><div class="stacktrace">org.testng.SkipException: Skipping execution for  :TFS ID_10674:Cloud :Base Read Only should NOT have access to &quot;# of Estimated Locations&quot;
	at driver.Driver.executeTestcase(Driver.java:83)
	at java.base/java.util.ArrayList.forEach(ArrayList.java:1541)
... Removed 26 stack frames</div></td></tr></table><p class="totop"><a href="#summary">back to summary</a></p>
<h3 id="m59">driver.Driver#executeTestcase</h3><table class="result"><tr class="param"><th>Parameter #1</th></tr><tr class="param stripe"><td>org.testng.TestRunner@48c40605</td></tr><tr><th>Exception</th></tr><tr><td><div class="stacktrace">org.testng.SkipException: Skipping execution for  :TFS ID_10655:Cloud : Verify whether Base Read Only roles should not have access to edit the contact which as C-suite Job Function in it already.
	at driver.Driver.executeTestcase(Driver.java:83)
	at java.base/java.util.ArrayList.forEach(ArrayList.java:1541)
... Removed 26 stack frames</div></td></tr></table><p class="totop"><a href="#summary">back to summary</a></p>
<h3 id="m60">driver.Driver#executeTestcase</h3><table class="result"><tr class="param"><th>Parameter #1</th></tr><tr class="param stripe"><td>org.testng.TestRunner@48c40605</td></tr><tr><th>Exception</th></tr><tr><td><div class="stacktrace">org.testng.SkipException: Skipping execution for  :TFS ID_10622:Cloud : Verify whether &quot;Member&quot; Fields are read only for Base Read only role .
	at driver.Driver.executeTestcase(Driver.java:83)
	at java.base/java.util.ArrayList.forEach(ArrayList.java:1541)
... Removed 26 stack frames</div></td></tr></table><p class="totop"><a href="#summary">back to summary</a></p>
<h3 id="m61">driver.Driver#executeTestcase</h3><table class="result"><tr class="param"><th>Parameter #1</th></tr><tr class="param stripe"><td>org.testng.TestRunner@48c40605</td></tr><tr><th>Exception</th></tr><tr><td><div class="stacktrace">org.testng.SkipException: Skipping execution for  :TFS ID_ 7160 :Create a supplier -Ship To Location Type -Save and Publish Supplier Supervisor Login
	at driver.Driver.executeTestcase(Driver.java:83)
	at java.base/java.util.ArrayList.forEach(ArrayList.java:1541)
... Removed 26 stack frames</div></td></tr></table><p class="totop"><a href="#summary">back to summary</a></p>
<h3 id="m62">driver.Driver#executeTestcase</h3><table class="result"><tr class="param"><th>Parameter #1</th></tr><tr class="param stripe"><td>org.testng.TestRunner@48c40605</td></tr><tr><th>Exception</th></tr><tr><td><div class="stacktrace">org.testng.SkipException: Skipping execution for  :TTFS ID_8940:Cloud: Verify AG and AG effective date on Account creation when AG populated based on DP and Business classification is NON Healthcare
	at driver.Driver.executeTestcase(Driver.java:83)
	at java.base/java.util.ArrayList.forEach(ArrayList.java:1541)
... Removed 26 stack frames</div></td></tr></table><p class="totop"><a href="#summary">back to summary</a></p>
<h3 id="m63">driver.Driver#executeTestcase</h3><table class="result"><tr class="param"><th>Parameter #1</th></tr><tr class="param stripe"><td>org.testng.TestRunner@48c40605</td></tr><tr><th>Exception</th></tr><tr><td><div class="stacktrace">org.testng.SkipException: Skipping execution for  :TFS ID_10615:Cloud : Verify whether Base Read only role cannot create &quot;Member&quot; Account.
	at driver.Driver.executeTestcase(Driver.java:83)
	at java.base/java.util.ArrayList.forEach(ArrayList.java:1541)
... Removed 26 stack frames</div></td></tr></table><p class="totop"><a href="#summary">back to summary</a></p>
<h3 id="m64">driver.Driver#executeTestcase</h3><table class="result"><tr class="param"><th>Parameter #1</th></tr><tr class="param stripe"><td>org.testng.TestRunner@48c40605</td></tr><tr><th>Exception</th></tr><tr><td><div class="stacktrace">org.testng.SkipException: Skipping execution for  :TFS ID_7193:Verify and Validate &quot;Premier Start Date&quot; Logic based on Multiple GPO Membership records.
	at driver.Driver.executeTestcase(Driver.java:83)
	at java.base/java.util.ArrayList.forEach(ArrayList.java:1541)
... Removed 26 stack frames</div></td></tr></table><p class="totop"><a href="#summary">back to summary</a></p>
<h3 id="m65">driver.Driver#executeTestcase</h3><table class="result"><tr class="param"><th>Parameter #1</th></tr><tr class="param stripe"><td>org.testng.TestRunner@48c40605</td></tr><tr><th>Exception</th></tr><tr><td><div class="stacktrace">org.testng.SkipException: Skipping execution for  :TFS ID_8790:Cloud - Verify FBO calculated correctly after prospect become a member
	at driver.Driver.executeTestcase(Driver.java:83)
	at java.base/java.util.ArrayList.forEach(ArrayList.java:1541)
... Removed 26 stack frames</div></td></tr></table><p class="totop"><a href="#summary">back to summary</a></p>
<h3 id="m66">driver.Driver#executeTestcase</h3><table class="result"><tr class="param"><th>Parameter #1</th></tr><tr class="param stripe"><td>org.testng.TestRunner@48c40605</td></tr><tr><th>Exception</th></tr><tr><td><div class="stacktrace">org.testng.SkipException: Skipping execution for  :TFS ID_ 7420:Create New Membership Provider with type &quot;Program&quot;
	at driver.Driver.executeTestcase(Driver.java:83)
	at java.base/java.util.ArrayList.forEach(ArrayList.java:1541)
... Removed 26 stack frames</div></td></tr></table><p class="totop"><a href="#summary">back to summary</a></p>
<h3 id="m67">driver.Driver#executeTestcase</h3><table class="result"><tr class="param"><th>Parameter #1</th></tr><tr class="param stripe"><td>org.testng.TestRunner@48c40605</td></tr><tr><th>Exception</th></tr><tr><td><div class="stacktrace">org.testng.SkipException: Skipping execution for  :TFS ID_10681:Cloud:Verify whether user should not allow invalid DEA in an account.
	at driver.Driver.executeTestcase(Driver.java:83)
	at java.base/java.util.ArrayList.forEach(ArrayList.java:1541)
... Removed 26 stack frames</div></td></tr></table><p class="totop"><a href="#summary">back to summary</a></p>
<h3 id="m68">driver.Driver#executeTestcase</h3><table class="result"><tr class="param"><th>Parameter #1</th></tr><tr class="param stripe"><td>org.testng.TestRunner@48c40605</td></tr><tr><th>Exception</th></tr><tr><td><div class="stacktrace">org.testng.SkipException: Skipping execution for  :TFS ID_7151:Create new Bill to account - New Member form and Save it as prospect first
	at driver.Driver.executeTestcase(Driver.java:83)
	at java.base/java.util.ArrayList.forEach(ArrayList.java:1541)
... Removed 27 stack frames</div></td></tr></table><p class="totop"><a href="#summary">back to summary</a></p>
<h3 id="m69">driver.Driver#executeTestcase</h3><table class="result"><tr class="param"><th>Parameter #1</th></tr><tr class="param stripe"><td>org.testng.TestRunner@48c40605</td></tr><tr><th>Exception</th></tr><tr><td><div class="stacktrace">org.testng.SkipException: Skipping execution for  :TFS ID_9193:Cloud - Supplier Form should default Account Type and Account Status 
	at driver.Driver.executeTestcase(Driver.java:83)
	at java.base/java.util.ArrayList.forEach(ArrayList.java:1541)
... Removed 26 stack frames</div></td></tr></table><p class="totop"><a href="#summary">back to summary</a></p>
<h3 id="m70">driver.Driver#executeTestcase</h3><table class="result"><tr class="param"><th>Parameter #1</th></tr><tr class="param stripe"><td>org.testng.TestRunner@48c40605</td></tr><tr><th>Exception</th></tr><tr><td><div class="stacktrace">org.testng.SkipException: Skipping execution for  :TFS ID_9635:Cloud: Verify on add LOB ,user should not get any script error.
	at driver.Driver.executeTestcase(Driver.java:83)
	at java.base/java.util.ArrayList.forEach(ArrayList.java:1541)
... Removed 26 stack frames</div></td></tr></table><p class="totop"><a href="#summary">back to summary</a></p>
<h3 id="m71">driver.Driver#executeTestcase</h3><table class="result"><tr class="param"><th>Parameter #1</th></tr><tr class="param stripe"><td>org.testng.TestRunner@48c40605</td></tr><tr><th>Exception</th></tr><tr><td><div class="stacktrace">org.testng.SkipException: Skipping execution for  :TFS ID_ 7137:Create new member - New Member form and Save it as prospect first
	at driver.Driver.executeTestcase(Driver.java:83)
	at java.base/java.util.ArrayList.forEach(ArrayList.java:1541)
... Removed 27 stack frames</div></td></tr></table><p class="totop"><a href="#summary">back to summary</a></p>
<h3 id="m72">driver.Driver#executeTestcase</h3><table class="result"><tr class="param"><th>Parameter #1</th></tr><tr class="param stripe"><td>org.testng.TestRunner@48c40605</td></tr><tr><th>Exception</th></tr><tr><td><div class="stacktrace">org.testng.SkipException: Skipping execution for  :TFS ID_ 8834:Cloud: Verify reactivating a terminated member
	at driver.Driver.executeTestcase(Driver.java:83)
	at java.base/java.util.ArrayList.forEach(ArrayList.java:1541)
... Removed 26 stack frames</div></td></tr></table><p class="totop"><a href="#summary">back to summary</a></p>
<h3 id="m73">driver.Driver#executeTestcase</h3><table class="result"><tr class="param"><th>Parameter #1</th></tr><tr class="param stripe"><td>org.testng.TestRunner@48c40605</td></tr><tr><th>Exception</th></tr><tr><td><div class="stacktrace">org.testng.SkipException: Skipping execution for  :TFS ID_10592:Cloud :Verify Limited Member will not able to add new membership to a Member
	at driver.Driver.executeTestcase(Driver.java:83)
	at java.base/java.util.ArrayList.forEach(ArrayList.java:1541)
... Removed 26 stack frames</div></td></tr></table><p class="totop"><a href="#summary">back to summary</a></p>
<h3 id="m74">driver.Driver#executeTestcase</h3><table class="result"><tr class="param"><th>Parameter #1</th></tr><tr class="param stripe"><td>org.testng.TestRunner@48c40605</td></tr><tr><th>Exception</th></tr><tr><td><div class="stacktrace">org.testng.SkipException: Skipping execution for  :TFS ID_10617:Cloud : Verify whether Base Read only role cannot create &quot;Prospect&quot; Account.
	at driver.Driver.executeTestcase(Driver.java:83)
	at java.base/java.util.ArrayList.forEach(ArrayList.java:1541)
... Removed 26 stack frames</div></td></tr></table><p class="totop"><a href="#summary">back to summary</a></p>
<h3 id="m75">driver.Driver#executeTestcase</h3><table class="result"><tr class="param"><th>Parameter #1</th></tr><tr class="param stripe"><td>org.testng.TestRunner@48c40605</td></tr><tr><th>Exception</th></tr><tr><td><div class="stacktrace">org.testng.SkipException: Skipping execution for  :TFS ID_8937:Cloud: Verify AG and AG effective date on Account creation when AG populated based on TP and Business classification is NON Healthcare
	at driver.Driver.executeTestcase(Driver.java:83)
	at java.base/java.util.ArrayList.forEach(ArrayList.java:1541)
... Removed 26 stack frames</div></td></tr></table><p class="totop"><a href="#summary">back to summary</a></p>
<h3 id="m76">driver.Driver#executeTestcase</h3><table class="result"><tr class="param"><th>Parameter #1</th></tr><tr class="param stripe"><td>org.testng.TestRunner@48c40605</td></tr><tr><th>Exception</th></tr><tr><td><div class="stacktrace">org.testng.SkipException: Skipping execution for  :TFS ID_10683:Cloud: Verify on  End dating active DEA ,should get removed from Member form.
	at driver.Driver.executeTestcase(Driver.java:83)
	at java.base/java.util.ArrayList.forEach(ArrayList.java:1541)
... Removed 26 stack frames</div></td></tr></table><p class="totop"><a href="#summary">back to summary</a></p>
<h3 id="m77">driver.Driver#executeTestcase</h3><table class="result"><tr class="param"><th>Parameter #1</th></tr><tr class="param stripe"><td>org.testng.TestRunner@48c40605</td></tr><tr><th>Exception</th></tr><tr><td><div class="stacktrace">org.testng.SkipException: Skipping execution for  :TFS ID_ 7423:Create New Membership Provider with type &quot;SOAR&quot;
	at driver.Driver.executeTestcase(Driver.java:83)
	at java.base/java.util.ArrayList.forEach(ArrayList.java:1541)
... Removed 26 stack frames</div></td></tr></table><p class="totop"><a href="#summary">back to summary</a></p>
<h3 id="m78">driver.Driver#executeTestcase</h3><table class="result"><tr class="param"><th>Parameter #1</th></tr><tr class="param stripe"><td>org.testng.TestRunner@48c40605</td></tr><tr><th>Exception</th></tr><tr><td><div class="stacktrace">org.testng.SkipException: Skipping execution for  :TFS ID_ 8954:Cloud -Create a new supplier and add existing contact as a Primary contact
	at driver.Driver.executeTestcase(Driver.java:83)
	at java.base/java.util.ArrayList.forEach(ArrayList.java:1541)
... Removed 26 stack frames</div></td></tr></table><p class="totop"><a href="#summary">back to summary</a></p>
<h3 id="m79">driver.Driver#executeTestcase</h3><table class="result"><tr class="param"><th>Parameter #1</th></tr><tr class="param stripe"><td>org.testng.TestRunner@48c40605</td></tr><tr><th>Exception</th></tr><tr><td><div class="stacktrace">org.testng.SkipException: Skipping execution for  :TFS ID_ 8836:Cloud: Create new Mail to account - New Member form and Save it as prospect first
	at driver.Driver.executeTestcase(Driver.java:83)
	at java.base/java.util.ArrayList.forEach(ArrayList.java:1541)
... Removed 27 stack frames</div></td></tr></table><p class="totop"><a href="#summary">back to summary</a></p>
<h3 id="m80">driver.Driver#executeTestcase</h3><table class="result"><tr class="param"><th>Parameter #1</th></tr><tr class="param stripe"><td>org.testng.TestRunner@48c40605</td></tr><tr><th>Exception</th></tr><tr><td><div class="stacktrace">org.testng.SkipException: Skipping execution for  :TFS ID_8939:Cloud: Verify AG and AG effective date on Account creation when AG populated based on TP and Business classification is Acute
	at driver.Driver.executeTestcase(Driver.java:83)
	at java.base/java.util.ArrayList.forEach(ArrayList.java:1541)
... Removed 26 stack frames</div></td></tr></table><p class="totop"><a href="#summary">back to summary</a></p>
<h3 id="m81">driver.Driver#executeTestcase</h3><table class="result"><tr class="param"><th>Parameter #1</th></tr><tr class="param stripe"><td>org.testng.TestRunner@48c40605</td></tr><tr><th>Exception</th></tr><tr><td><div class="stacktrace">org.testng.SkipException: Skipping execution for  :TFS ID_8930:Cloud: Verify AG and AG effective date on Account termination when AG populated based on TP and Business classification is Acute
	at driver.Driver.executeTestcase(Driver.java:83)
	at java.base/java.util.ArrayList.forEach(ArrayList.java:1541)
... Removed 26 stack frames</div></td></tr></table><p class="totop"><a href="#summary">back to summary</a></p>
<h3 id="m82">driver.Driver#executeTestcase</h3><table class="result"><tr class="param"><th>Parameter #1</th></tr><tr class="param stripe"><td>org.testng.TestRunner@48c40605</td></tr><tr><th>Exception</th></tr><tr><td><div class="stacktrace">org.testng.SkipException: Skipping execution for  :TFS ID_8756:Cloud : Restrict when user enters blank communication record in Contact account associations
	at driver.Driver.executeTestcase(Driver.java:83)
	at java.base/java.util.ArrayList.forEach(ArrayList.java:1541)
... Removed 26 stack frames</div></td></tr></table><p class="totop"><a href="#summary">back to summary</a></p>
<h3 id="m83">driver.Driver#executeTestcase</h3><table class="result"><tr class="param"><th>Parameter #1</th></tr><tr class="param stripe"><td>org.testng.TestRunner@48c40605</td></tr><tr><th>Exception</th></tr><tr><td><div class="stacktrace">org.testng.SkipException: Skipping execution for  :TFS ID_ 7158:Modify Address in an existing Supplier Account as a Supplier and Verify Record Change Status
	at driver.Driver.executeTestcase(Driver.java:83)
	at java.base/java.util.ArrayList.forEach(ArrayList.java:1541)
... Removed 26 stack frames</div></td></tr></table><p class="totop"><a href="#summary">back to summary</a></p>
<h3 id="m84">driver.Driver#executeTestcase</h3><table class="result"><tr class="param"><th>Parameter #1</th></tr><tr class="param stripe"><td>org.testng.TestRunner@48c40605</td></tr><tr><th>Exception</th></tr><tr><td><div class="stacktrace">org.testng.SkipException: Skipping execution for  :TFS ID_8935:Cloud: Verify AG and AG effective date on Account creation when AG populated based on FBO and Business classification is Alternate Site
	at driver.Driver.executeTestcase(Driver.java:83)
	at java.base/java.util.ArrayList.forEach(ArrayList.java:1541)
... Removed 26 stack frames</div></td></tr></table><p class="totop"><a href="#summary">back to summary</a></p>
<h3 id="m85">driver.Driver#executeTestcase</h3><table class="result"><tr class="param"><th>Parameter #1</th></tr><tr class="param stripe"><td>org.testng.TestRunner@48c40605</td></tr><tr><th>Exception</th></tr><tr><td><div class="stacktrace">org.testng.SkipException: Skipping execution for  :TFS ID_ 9183:Cloud-Create a supplier Top Parent_Save and Publish as a Supplier Supervisor
	at driver.Driver.executeTestcase(Driver.java:83)
	at java.base/java.util.ArrayList.forEach(ArrayList.java:1541)
... Removed 26 stack frames</div></td></tr></table><p class="totop"><a href="#summary">back to summary</a></p>
<h3 id="m86">driver.Driver#executeTestcase</h3><table class="result"><tr class="param"><th>Parameter #1</th></tr><tr class="param stripe"><td>org.testng.TestRunner@48c40605</td></tr><tr><th>Exception</th></tr><tr><td><div class="stacktrace">org.testng.SkipException: Skipping execution for  :TFS ID_ 7159 :Create a supplier under DP -Save and Publish Supplier Supervisor Login
	at driver.Driver.executeTestcase(Driver.java:83)
	at java.base/java.util.ArrayList.forEach(ArrayList.java:1541)
... Removed 26 stack frames</div></td></tr></table><p class="totop"><a href="#summary">back to summary</a></p>
<h3 id="m87">driver.Driver#executeTestcase</h3><table class="result"><tr class="param"><th>Parameter #1</th></tr><tr class="param stripe"><td>org.testng.TestRunner@48c40605</td></tr><tr><th>Exception</th></tr><tr><td><div class="stacktrace">org.testng.SkipException: Skipping execution for  :TFS ID_8750:Cloud : Verify if duplicate contact account association cannot be created for any contact
	at driver.Driver.executeTestcase(Driver.java:83)
	at java.base/java.util.ArrayList.forEach(ArrayList.java:1541)
... Removed 26 stack frames</div></td></tr></table><p class="totop"><a href="#summary">back to summary</a></p>
<h3 id="m88">driver.Driver#executeTestcase</h3><table class="result"><tr class="param"><th>Parameter #1</th></tr><tr class="param stripe"><td>org.testng.TestRunner@48c40605</td></tr><tr><th>Exception</th></tr><tr><td><div class="stacktrace">org.testng.SkipException: Skipping execution for  :TFS ID_8755:Cloud : Restrict when user enters blank job function in Contact account associations
	at driver.Driver.executeTestcase(Driver.java:83)
	at java.base/java.util.ArrayList.forEach(ArrayList.java:1541)
... Removed 26 stack frames</div></td></tr></table><p class="totop"><a href="#summary">back to summary</a></p>
<h3 id="m89">driver.Driver#executeTestcase</h3><table class="result"><tr class="param"><th>Parameter #1</th></tr><tr class="param stripe"><td>org.testng.TestRunner@48c40605</td></tr><tr><th>Exception</th></tr><tr><td><div class="stacktrace">org.testng.SkipException: Skipping execution for  :TFS ID_ 7162 :Convert a Supplier Main Account to Ship To Location Type Account using Supplier  Supervisor Login
	at driver.Driver.executeTestcase(Driver.java:83)
	at java.base/java.util.ArrayList.forEach(ArrayList.java:1541)
... Removed 26 stack frames</div></td></tr></table><p class="totop"><a href="#summary">back to summary</a></p>
<h3 id="m90">driver.Driver#executeTestcase</h3><table class="result"><tr class="param"><th>Parameter #1</th></tr><tr class="param stripe"><td>org.testng.TestRunner@48c40605</td></tr><tr><th>Exception</th></tr><tr><td><div class="stacktrace">org.testng.SkipException: Skipping execution for  :TFS ID_9200:Cloud- Verify new Supplier Diversity Types and Sub Classifications are available
	at driver.Driver.executeTestcase(Driver.java:83)
	at java.base/java.util.ArrayList.forEach(ArrayList.java:1541)
... Removed 26 stack frames</div></td></tr></table><p class="totop"><a href="#summary">back to summary</a></p>
<h3 id="m91">driver.Driver#executeTestcase</h3><table class="result"><tr class="param"><th>Parameter #1</th></tr><tr class="param stripe"><td>org.testng.TestRunner@48c40605</td></tr><tr><th>Exception</th></tr><tr><td><div class="stacktrace">org.testng.SkipException: Skipping execution for  :TFS ID_7313:Verify Account status is defaulted to Active on a member &amp; member entry form
	at driver.Driver.executeTestcase(Driver.java:83)
	at java.base/java.util.ArrayList.forEach(ArrayList.java:1541)
... Removed 26 stack frames</div></td></tr></table><p class="totop"><a href="#summary">back to summary</a></p>
<h3 id="m92">driver.Driver#executeTestcase</h3><table class="result"><tr class="param"><th>Parameter #1</th></tr><tr class="param stripe"><td>org.testng.TestRunner@48c40605</td></tr><tr><th>Exception</th></tr><tr><td><div class="stacktrace">org.testng.SkipException: Skipping execution for  :TFS ID_10652:Cloud :Automation:Verify Base-Read Only user is not able to add new membership to a Member
	at driver.Driver.executeTestcase(Driver.java:83)
	at java.base/java.util.ArrayList.forEach(ArrayList.java:1541)
... Removed 26 stack frames</div></td></tr></table><p class="totop"><a href="#summary">back to summary</a></p>
<h3 id="m93">driver.Driver#executeTestcase</h3><table class="result"><tr class="param"><th>Parameter #1</th></tr><tr class="param stripe"><td>org.testng.TestRunner@48c40605</td></tr><tr><th>Exception</th></tr><tr><td><div class="stacktrace">org.testng.SkipException: Skipping execution for  :TFS ID_ 10758 :Cloud:Verify on  deactivating active HIN ,should get removed from Member form.
	at driver.Driver.executeTestcase(Driver.java:83)
	at java.base/java.util.ArrayList.forEach(ArrayList.java:1541)
... Removed 26 stack frames</div></td></tr></table><p class="totop"><a href="#summary">back to summary</a></p>
<h3 id="m94">driver.Driver#executeTestcase</h3><table class="result"><tr class="param"><th>Parameter #1</th></tr><tr class="param stripe"><td>org.testng.TestRunner@48c40605</td></tr><tr><th>Exception</th></tr><tr><td><div class="stacktrace">org.testng.SkipException: Skipping execution for  :TFS ID_10556:Cloud: Verify whether Limited Member should have access to &quot;Account Number Entity&quot; .
	at driver.Driver.executeTestcase(Driver.java:83)
	at java.base/java.util.ArrayList.forEach(ArrayList.java:1541)
... Removed 26 stack frames</div></td></tr></table><p class="totop"><a href="#summary">back to summary</a></p>
<h3 id="m95">driver.Driver#executeTestcase</h3><table class="result"><tr class="param"><th>Parameter #1</th></tr><tr class="param stripe"><td>org.testng.TestRunner@48c40605</td></tr><tr><th>Exception</th></tr><tr><td><div class="stacktrace">org.testng.SkipException: Skipping execution for  :TFS ID_8955:Cloud -Update a new primary contact to a supplier
	at driver.Driver.executeTestcase(Driver.java:83)
	at java.base/java.util.ArrayList.forEach(ArrayList.java:1541)
... Removed 26 stack frames</div></td></tr></table><p class="totop"><a href="#summary">back to summary</a></p>
<h3 id="m96">driver.Driver#executeTestcase</h3><table class="result"><tr class="param"><th>Parameter #1</th></tr><tr class="param stripe"><td>org.testng.TestRunner@48c40605</td></tr><tr><th>Exception</th></tr><tr><td><div class="stacktrace">org.testng.SkipException: Skipping execution for  :TFS ID_8785:Cloud - Validate Active Member requires one active LOB
	at driver.Driver.executeTestcase(Driver.java:83)
	at java.base/java.util.ArrayList.forEach(ArrayList.java:1541)
... Removed 26 stack frames</div></td></tr></table><p class="totop"><a href="#summary">back to summary</a></p>
<h3 id="m97">driver.Driver#executeTestcase</h3><table class="result"><tr class="param"><th>Parameter #1</th></tr><tr class="param stripe"><td>org.testng.TestRunner@48c40605</td></tr><tr><th>Exception</th></tr><tr><td><div class="stacktrace">org.testng.SkipException: Skipping execution for  :TFS ID_8786:Cloud - Validate (Member/Supplier) Account Type once set to value other than Prospect cannot change.
	at driver.Driver.executeTestcase(Driver.java:83)
	at java.base/java.util.ArrayList.forEach(ArrayList.java:1541)
... Removed 26 stack frames</div></td></tr></table><p class="totop"><a href="#summary">back to summary</a></p>
<h3 id="m98">driver.Driver#executeTestcase</h3><table class="result"><tr class="param"><th>Parameter #1</th></tr><tr class="param stripe"><td>org.testng.TestRunner@48c40605</td></tr><tr><th>Exception</th></tr><tr><td><div class="stacktrace">org.testng.SkipException: Skipping execution for  :TFS ID_10616:Cloud : Verify whether Base Read only role cannot edit &quot;Member&quot; Account.
	at driver.Driver.executeTestcase(Driver.java:83)
	at java.base/java.util.ArrayList.forEach(ArrayList.java:1541)
... Removed 26 stack frames</div></td></tr></table><p class="totop"><a href="#summary">back to summary</a></p>
<h3 id="m99">driver.Driver#executeTestcase</h3><table class="result"><tr class="param"><th>Parameter #1</th></tr><tr class="param stripe"><td>org.testng.TestRunner@48c40605</td></tr><tr><th>Exception</th></tr><tr><td><div class="stacktrace">org.testng.SkipException: Skipping execution for  :TFS ID_10558:Cloud : Verify whether Limited Member should have access to &quot;Contact Entity&quot;
	at driver.Driver.executeTestcase(Driver.java:83)
	at java.base/java.util.ArrayList.forEach(ArrayList.java:1541)
... Removed 26 stack frames</div></td></tr></table><p class="totop"><a href="#summary">back to summary</a></p>
<h3 id="m100">driver.Driver#executeTestcase</h3><table class="result"><tr class="param"><th>Parameter #1</th></tr><tr class="param stripe"><td>org.testng.TestRunner@48c40605</td></tr><tr><th>Exception</th></tr><tr><td><div class="stacktrace">org.testng.SkipException: Skipping execution for  :TFS ID_10619:Cloud : Verify whether Base Read only role cannot create &quot;LOB&quot; via Line of Business Entity
	at driver.Driver.executeTestcase(Driver.java:83)
	at java.base/java.util.ArrayList.forEach(ArrayList.java:1541)
... Removed 26 stack frames</div></td></tr></table><p class="totop"><a href="#summary">back to summary</a></p>
<h3 id="m101">driver.Driver#executeTestcase</h3><table class="result"><tr class="param"><th>Parameter #1</th></tr><tr class="param stripe"><td>org.testng.TestRunner@48c40605</td></tr><tr><th>Exception</th></tr><tr><td><div class="stacktrace">org.testng.SkipException: Skipping execution for  :TFS ID_10753:Cloud:Verify on End dating active HIN ,should get removed from Member form
	at driver.Driver.executeTestcase(Driver.java:83)
	at java.base/java.util.ArrayList.forEach(ArrayList.java:1541)
... Removed 26 stack frames</div></td></tr></table><p class="totop"><a href="#summary">back to summary</a></p>
<h3 id="m102">driver.Driver#executeTestcase</h3><table class="result"><tr class="param"><th>Parameter #1</th></tr><tr class="param stripe"><td>org.testng.TestRunner@48c40605</td></tr><tr><th>Exception</th></tr><tr><td><div class="stacktrace">org.testng.SkipException: Skipping execution for  :TFS ID_2222:Create member hierarchy
	at driver.Driver.executeTestcase(Driver.java:83)
	at java.base/java.util.ArrayList.forEach(ArrayList.java:1541)
... Removed 26 stack frames</div></td></tr></table><p class="totop"><a href="#summary">back to summary</a></p>
<h3 id="m103">driver.Driver#executeTestcase</h3><table class="result"><tr class="param"><th>Parameter #1</th></tr><tr class="param stripe"><td>org.testng.TestRunner@48c40605</td></tr><tr><th>Exception</th></tr><tr><td><div class="stacktrace">org.testng.SkipException: Skipping execution for  :TFS ID_ 7474:Change Account status to Terminated for a Membership Provider with type &quot;Aggregation Affiliation&quot;
	at driver.Driver.executeTestcase(Driver.java:83)
	at java.base/java.util.ArrayList.forEach(ArrayList.java:1541)
... Removed 26 stack frames</div></td></tr></table><p class="totop"><a href="#summary">back to summary</a></p>
<h3 id="m104">driver.Driver#executeTestcase</h3><table class="result"><tr class="param"><th>Parameter #1</th></tr><tr class="param stripe"><td>org.testng.TestRunner@48c40605</td></tr><tr><th>Exception</th></tr><tr><td><div class="stacktrace">org.testng.SkipException: Skipping execution for  :TFS ID_8933:Cloud: Verify AG and AG effective date on Account termination when AG populated based on DP and Business classification is Acute
	at driver.Driver.executeTestcase(Driver.java:83)
	at java.base/java.util.ArrayList.forEach(ArrayList.java:1541)
... Removed 26 stack frames</div></td></tr></table><p class="totop"><a href="#summary">back to summary</a></p>
<h3 id="m105">driver.Driver#executeTestcase</h3><table class="result"><tr class="param"><th>Parameter #1</th></tr><tr class="param stripe"><td>org.testng.TestRunner@48c40605</td></tr><tr><th>Exception</th></tr><tr><td><div class="stacktrace">org.testng.SkipException: Skipping execution for  :TFS ID_ 7157:Modify Address in an existing Supplier Account as a Supplier Supervisor and Verify Record Change Status
	at driver.Driver.executeTestcase(Driver.java:83)
	at java.base/java.util.ArrayList.forEach(ArrayList.java:1541)
... Removed 26 stack frames</div></td></tr></table><p class="totop"><a href="#summary">back to summary</a></p>
<h3 id="m106">driver.Driver#executeTestcase</h3><table class="result"><tr class="param"><th>Parameter #1</th></tr><tr class="param stripe"><td>org.testng.TestRunner@48c40605</td></tr><tr><th>Exception</th></tr><tr><td><div class="stacktrace">org.testng.SkipException: Skipping execution for  :TFS ID_ 7485:Verify on &quot;Update&quot; following fields in Limited Member ,&quot;Record status&quot; should get changed to Need Approval.
	at driver.Driver.executeTestcase(Driver.java:83)
	at java.base/java.util.ArrayList.forEach(ArrayList.java:1541)
... Removed 26 stack frames</div></td></tr></table><p class="totop"><a href="#summary">back to summary</a></p>
<h3 id="m107">driver.Driver#executeTestcase</h3><table class="result"><tr class="param"><th>Parameter #1</th></tr><tr class="param stripe"><td>org.testng.TestRunner@48c40605</td></tr><tr><th>Exception</th></tr><tr><td><div class="stacktrace">org.testng.SkipException: Skipping execution for  :TFS ID_ 7161 :Convert a Supplier Ship To Location Type to Main Account using Supplier  Supervisor Login
	at driver.Driver.executeTestcase(Driver.java:83)
	at java.base/java.util.ArrayList.forEach(ArrayList.java:1541)
... Removed 26 stack frames</div></td></tr></table><p class="totop"><a href="#summary">back to summary</a></p>
<h3 id="m108">driver.Driver#executeTestcase</h3><table class="result"><tr class="param"><th>Parameter #1</th></tr><tr class="param stripe"><td>org.testng.TestRunner@48c40605</td></tr><tr><th>Exception</th></tr><tr><td><div class="stacktrace">org.testng.SkipException: Skipping execution for  :TFS ID_8952:Cloud -Create a supplier all type of location type accounts
	at driver.Driver.executeTestcase(Driver.java:83)
	at java.base/java.util.ArrayList.forEach(ArrayList.java:1541)
... Removed 26 stack frames</div></td></tr></table><p class="totop"><a href="#summary">back to summary</a></p>
<h3 id="m109">driver.Driver#executeTestcase</h3><table class="result"><tr class="param"><th>Parameter #1</th></tr><tr class="param stripe"><td>org.testng.TestRunner@48c40605</td></tr><tr><th>Exception</th></tr><tr><td><div class="stacktrace">org.testng.SkipException: Skipping execution for  :TFS ID_10518:Cloud -Verify if Supplier Supervisor User is able to publish Supplier from draft status
	at driver.Driver.executeTestcase(Driver.java:83)
	at java.base/java.util.ArrayList.forEach(ArrayList.java:1541)
... Removed 26 stack frames</div></td></tr></table><p class="totop"><a href="#summary">back to summary</a></p>
<h3 id="m110">driver.Driver#executeTestcase</h3><table class="result"><tr class="param"><th>Parameter #1</th></tr><tr class="param stripe"><td>org.testng.TestRunner@48c40605</td></tr><tr><th>Exception</th></tr><tr><td><div class="stacktrace">org.testng.SkipException: Skipping execution for  :TFS ID_ 8837:Cloud: Create new Bill to account - New Member form and Save it as prospect first
	at driver.Driver.executeTestcase(Driver.java:83)
	at java.base/java.util.ArrayList.forEach(ArrayList.java:1541)
... Removed 27 stack frames</div></td></tr></table><p class="totop"><a href="#summary">back to summary</a></p>
<h3 id="m111">driver.Driver#executeTestcase</h3><table class="result"><tr class="param"><th>Parameter #1</th></tr><tr class="param stripe"><td>org.testng.TestRunner@48c40605</td></tr><tr><th>Exception</th></tr><tr><td><div class="stacktrace">org.testng.SkipException: Skipping execution for  :TFS ID_7531:Verify user can not create membership provider with same name as duplicate
	at driver.Driver.executeTestcase(Driver.java:83)
	at java.base/java.util.ArrayList.forEach(ArrayList.java:1541)
... Removed 26 stack frames</div></td></tr></table><p class="totop"><a href="#summary">back to summary</a></p>
<h3 id="m112">driver.Driver#executeTestcase</h3><table class="result"><tr class="param"><th>Parameter #1</th></tr><tr class="param stripe"><td>org.testng.TestRunner@48c40605</td></tr><tr><th>Exception</th></tr><tr><td><div class="stacktrace">org.testng.SkipException: Skipping execution for  :TFS ID_7543:Verify the Premier Start Date is not recalculated when any of the Premier Membership is end Dated
	at driver.Driver.executeTestcase(Driver.java:83)
	at java.base/java.util.ArrayList.forEach(ArrayList.java:1541)
... Removed 26 stack frames</div></td></tr></table><p class="totop"><a href="#summary">back to summary</a></p>
<h3 id="m113">driver.Driver#executeTestcase</h3><table class="result"><tr class="param"><th>Parameter #1</th></tr><tr class="param stripe"><td>org.testng.TestRunner@48c40605</td></tr><tr><th>Exception</th></tr><tr><td><div class="stacktrace">org.testng.SkipException: Skipping execution for  :TFS ID_10680:Cloud:Verify whether user should not allow Duplicate DEA in an account.
	at driver.Driver.executeTestcase(Driver.java:83)
	at java.base/java.util.ArrayList.forEach(ArrayList.java:1541)
... Removed 26 stack frames</div></td></tr></table><p class="totop"><a href="#summary">back to summary</a></p>
<h3 id="m114">driver.Driver#executeTestcase</h3><table class="result"><tr class="param"><th>Parameter #1</th></tr><tr class="param stripe"><td>org.testng.TestRunner@48c40605</td></tr><tr><th>Exception</th></tr><tr><td><div class="stacktrace">org.testng.SkipException: Skipping execution for  :TFS ID_10618:Cloud : Verify whether Base Read only role cannot create &quot;Account Number&quot; via Account Number Entity.
	at driver.Driver.executeTestcase(Driver.java:83)
	at java.base/java.util.ArrayList.forEach(ArrayList.java:1541)
... Removed 26 stack frames</div></td></tr></table><p class="totop"><a href="#summary">back to summary</a></p>
<h3 id="m115">driver.Driver#executeTestcase</h3><table class="result"><tr class="param"><th>Parameter #1</th></tr><tr class="param stripe"><td>org.testng.TestRunner@48c40605</td></tr><tr><th>Exception</th></tr><tr><td><div class="stacktrace">org.testng.SkipException: Skipping execution for  :TFS ID_ 7926: Cloud : Verify limited member will not able to terminate a member
	at driver.Driver.executeTestcase(Driver.java:83)
	at java.base/java.util.ArrayList.forEach(ArrayList.java:1541)
... Removed 26 stack frames</div></td></tr></table><p class="totop"><a href="#summary">back to summary</a></p>
<h3 id="m116">driver.Driver#executeTestcase</h3><table class="result"><tr class="param"><th>Parameter #1</th></tr><tr class="param stripe"><td>org.testng.TestRunner@48c40605</td></tr><tr><th>Exception</th></tr><tr><td><div class="stacktrace">org.testng.SkipException: Skipping execution for  :TFS ID_10747:Cloud:Verify whether user should not allow invalid HIN in an account.
	at driver.Driver.executeTestcase(Driver.java:83)
	at java.base/java.util.ArrayList.forEach(ArrayList.java:1541)
... Removed 26 stack frames</div></td></tr></table><p class="totop"><a href="#summary">back to summary</a></p>
<h3 id="m117">driver.Driver#executeTestcase</h3><table class="result"><tr class="param"><th>Parameter #1</th></tr><tr class="param stripe"><td>org.testng.TestRunner@48c40605</td></tr><tr><th>Exception</th></tr><tr><td><div class="stacktrace">org.testng.SkipException: Skipping execution for  :TFS ID_10682:Cloud:Verify on end dating DEA, user should not allow to enter End date which is today&apos;s date /Future date
	at driver.Driver.executeTestcase(Driver.java:83)
	at java.base/java.util.ArrayList.forEach(ArrayList.java:1541)
... Removed 26 stack frames</div></td></tr></table><p class="totop"><a href="#summary">back to summary</a></p>
<h3 id="m118">driver.Driver#executeTestcase</h3><table class="result"><tr class="param"><th>Parameter #1</th></tr><tr class="param stripe"><td>org.testng.TestRunner@48c40605</td></tr><tr><th>Exception</th></tr><tr><td><div class="stacktrace">org.testng.SkipException: Skipping execution for  :TFS ID_8794:Cloud - Verify TP exception reason should not be mandatory when creating new member with DP is same as TP
	at driver.Driver.executeTestcase(Driver.java:83)
	at java.base/java.util.ArrayList.forEach(ArrayList.java:1541)
... Removed 26 stack frames</div></td></tr></table><p class="totop"><a href="#summary">back to summary</a></p>
<h3 id="m119">driver.Driver#executeTestcase</h3><table class="result"><tr class="param"><th>Parameter #1</th></tr><tr class="param stripe"><td>org.testng.TestRunner@48c40605</td></tr><tr><th>Exception</th></tr><tr><td><div class="stacktrace">org.testng.SkipException: Skipping execution for  :TFS ID_ 10535:Cloud:Verify Limited Member fields that are editable
	at driver.Driver.executeTestcase(Driver.java:83)
	at java.base/java.util.ArrayList.forEach(ArrayList.java:1541)
... Removed 26 stack frames</div></td></tr></table><p class="totop"><a href="#summary">back to summary</a></p>
<h3 id="m120">driver.Driver#executeTestcase</h3><table class="result"><tr class="param"><th>Parameter #1</th></tr><tr class="param stripe"><td>org.testng.TestRunner@48c40605</td></tr><tr><th>Exception</th></tr><tr><td><div class="stacktrace">org.testng.SkipException: Skipping execution for  :TFS ID_8805:Cloud - Verify for &quot;Prospect&quot; Account, on update FBO Manual Override field as &quot;Member&quot; login &quot;Error Message&quot; should be thrown.
	at driver.Driver.executeTestcase(Driver.java:83)
	at java.base/java.util.ArrayList.forEach(ArrayList.java:1541)
... Removed 26 stack frames</div></td></tr></table><p class="totop"><a href="#summary">back to summary</a></p>
<h3 id="m121">driver.Driver#executeTestcase</h3><table class="result"><tr class="param"><th>Parameter #1</th></tr><tr class="param stripe"><td>org.testng.TestRunner@48c40605</td></tr><tr><th>Exception</th></tr><tr><td><div class="stacktrace">org.testng.SkipException: Skipping execution for  :TFS ID_10624:Cloud : Verify whether Base Read Only roles should have access to create a &quot;Contact&quot;.
	at driver.Driver.executeTestcase(Driver.java:83)
	at java.base/java.util.ArrayList.forEach(ArrayList.java:1541)
... Removed 26 stack frames</div></td></tr></table><p class="totop"><a href="#summary">back to summary</a></p>
<h3 id="m122">driver.Driver#executeTestcase</h3><table class="result"><tr class="param"><th>Parameter #1</th></tr><tr class="param stripe"><td>org.testng.TestRunner@48c40605</td></tr><tr><th>Exception</th></tr><tr><td><div class="stacktrace">org.testng.SkipException: Skipping execution for  :TFS ID_8929:Cloud: Verify AG and AG effective date on Account termination when AG populated based on TP and Business classification is Alternate site
	at driver.Driver.executeTestcase(Driver.java:83)
	at java.base/java.util.ArrayList.forEach(ArrayList.java:1541)
... Removed 26 stack frames</div></td></tr></table><p class="totop"><a href="#summary">back to summary</a></p>
<h3 id="m123">driver.Driver#executeTestcase</h3><table class="result"><tr class="param"><th>Parameter #1</th></tr><tr class="param stripe"><td>org.testng.TestRunner@48c40605</td></tr><tr><th>Exception</th></tr><tr><td><div class="stacktrace">org.testng.SkipException: Skipping execution for  :TFS ID_ 7155 :Publish an existing supplier using Supplier  Supervisor Login
	at driver.Driver.executeTestcase(Driver.java:83)
	at java.base/java.util.ArrayList.forEach(ArrayList.java:1541)
... Removed 26 stack frames</div></td></tr></table><p class="totop"><a href="#summary">back to summary</a></p>
<h3 id="m124">driver.Driver#executeTestcase</h3><table class="result"><tr class="param"><th>Parameter #1</th></tr><tr class="param stripe"><td>org.testng.TestRunner@48c40605</td></tr><tr><th>Exception</th></tr><tr><td><div class="stacktrace">org.testng.SkipException: Skipping execution for  :TFS ID_10621:Cloud : Verify whether Base Read only role cannot create  &quot;Account Representative&quot; via Account Representative Entity
	at driver.Driver.executeTestcase(Driver.java:83)
	at java.base/java.util.ArrayList.forEach(ArrayList.java:1541)
... Removed 26 stack frames</div></td></tr></table><p class="totop"><a href="#summary">back to summary</a></p>
<h3 id="m125">driver.Driver#executeTestcase</h3><table class="result"><tr class="param"><th>Parameter #1</th></tr><tr class="param stripe"><td>org.testng.TestRunner@48c40605</td></tr><tr><th>Exception</th></tr><tr><td><div class="stacktrace">org.testng.SkipException: Skipping execution for  :TFS ID_8781:Cloud : Verify CP, FSP, FBORD, AG dates are recalculated when reactivating an account
	at driver.Driver.executeTestcase(Driver.java:83)
	at java.base/java.util.ArrayList.forEach(ArrayList.java:1541)
... Removed 26 stack frames</div></td></tr></table><p class="totop"><a href="#summary">back to summary</a></p>
<h3 id="m126">driver.Driver#executeTestcase</h3><table class="result"><tr class="param"><th>Parameter #1</th></tr><tr class="param stripe"><td>org.testng.TestRunner@48c40605</td></tr><tr><th>Exception</th></tr><tr><td><div class="stacktrace">org.testng.SkipException: Skipping execution for  :TFS ID_9182:Cloud -Add Diversity information to a supplier
	at driver.Driver.executeTestcase(Driver.java:83)
	at java.base/java.util.ArrayList.forEach(ArrayList.java:1541)
... Removed 26 stack frames</div></td></tr></table><p class="totop"><a href="#summary">back to summary</a></p>
<h3 id="m127">driver.Driver#executeTestcase</h3><table class="result"><tr class="param"><th>Parameter #1</th></tr><tr class="param stripe"><td>org.testng.TestRunner@48c40605</td></tr><tr><th>Exception</th></tr><tr><td><div class="stacktrace">org.testng.SkipException: Skipping execution for  :TFS ID_10654:Cloud : Verify whether Base Read Only roles should not have access to add &apos;Owner distribution&apos; communication in a Contact.
	at driver.Driver.executeTestcase(Driver.java:83)
	at java.base/java.util.ArrayList.forEach(ArrayList.java:1541)
... Removed 26 stack frames</div></td></tr></table><p class="totop"><a href="#summary">back to summary</a></p>
<h3 id="m128">driver.Driver#executeTestcase</h3><table class="result"><tr class="param"><th>Parameter #1</th></tr><tr class="param stripe"><td>org.testng.TestRunner@48c40605</td></tr><tr><th>Exception</th></tr><tr><td><div class="stacktrace">org.testng.SkipException: Skipping execution for  :TFS ID_10669:Cloud :Verify whether Base Read Only user should not be able to  create &quot;Member attributes&quot;.
	at driver.Driver.executeTestcase(Driver.java:83)
	at java.base/java.util.ArrayList.forEach(ArrayList.java:1541)
... Removed 26 stack frames</div></td></tr></table><p class="totop"><a href="#summary">back to summary</a></p>
<h3 id="m129">driver.Driver#executeTestcase</h3><table class="result"><tr class="param"><th>Parameter #1</th></tr><tr class="param stripe"><td>org.testng.TestRunner@48c40605</td></tr><tr><th>Exception</th></tr><tr><td><div class="stacktrace">org.testng.SkipException: Skipping execution for  :TFS ID_8789:Cloud -Verify AG calculated correctly after prospect become a member
	at driver.Driver.executeTestcase(Driver.java:83)
	at java.base/java.util.ArrayList.forEach(ArrayList.java:1541)
... Removed 26 stack frames</div></td></tr></table><p class="totop"><a href="#summary">back to summary</a></p>
<h3 id="m130">driver.Driver#executeTestcase</h3><table class="result"><tr class="param"><th>Parameter #1</th></tr><tr class="param stripe"><td>org.testng.TestRunner@48c40605</td></tr><tr><th>Exception</th></tr><tr><td><div class="stacktrace">org.testng.SkipException: Skipping execution for  :TFS ID_7142: Create new member - New Member entry form and Save it as member first
	at driver.Driver.executeTestcase(Driver.java:83)
	at java.base/java.util.ArrayList.forEach(ArrayList.java:1541)
... Removed 27 stack frames</div></td></tr></table><p class="totop"><a href="#summary">back to summary</a></p>
<h3 id="m131">driver.Driver#executeTestcase</h3><table class="result"><tr class="param"><th>Parameter #1</th></tr><tr class="param stripe"><td>org.testng.TestRunner@48c40605</td></tr><tr><th>Exception</th></tr><tr><td><div class="stacktrace">org.testng.SkipException: Skipping execution for  :TFS ID_ 8925:Cloud: Verify AG and AG effective date on Account termination when AG populated based on FBO and Business classification is NON Healthcare
	at driver.Driver.executeTestcase(Driver.java:83)
	at java.base/java.util.ArrayList.forEach(ArrayList.java:1541)
... Removed 26 stack frames</div></td></tr></table><p class="totop"><a href="#summary">back to summary</a></p>
<h3 id="m132">driver.Driver#executeTestcase</h3><table class="result"><tr class="param"><th>Parameter #1</th></tr><tr class="param stripe"><td>org.testng.TestRunner@48c40605</td></tr><tr><th>Exception</th></tr><tr><td><div class="stacktrace">org.testng.SkipException: Skipping execution for  :TFS ID_ 9430:Cloud : Member Form -Verify if Limited Member can create a Prospect Member Account without throwing any Error.
	at driver.Driver.executeTestcase(Driver.java:83)
	at java.base/java.util.ArrayList.forEach(ArrayList.java:1541)
... Removed 26 stack frames</div></td></tr></table><p class="totop"><a href="#summary">back to summary</a></p>
<h3 id="m133">driver.Driver#executeTestcase</h3><table class="result"><tr class="param"><th>Parameter #1</th></tr><tr class="param stripe"><td>org.testng.TestRunner@48c40605</td></tr><tr><th>Exception</th></tr><tr><td><div class="stacktrace">org.testng.SkipException: Skipping execution for  :TFS ID_ 8879:Cloud : Limited member should have access to &quot;NAICS code&quot;
	at driver.Driver.executeTestcase(Driver.java:83)
	at java.base/java.util.ArrayList.forEach(ArrayList.java:1541)
... Removed 26 stack frames</div></td></tr></table><p class="totop"><a href="#summary">back to summary</a></p>
<h3 id="m134">driver.Driver#executeTestcase</h3><table class="result"><tr class="param"><th>Parameter #1</th></tr><tr class="param stripe"><td>org.testng.TestRunner@48c40605</td></tr><tr><th>Exception</th></tr><tr><td><div class="stacktrace">org.testng.SkipException: Skipping execution for  :TFS ID_7141:Create new member - New Member form and Save it as member first
	at driver.Driver.executeTestcase(Driver.java:83)
	at java.base/java.util.ArrayList.forEach(ArrayList.java:1541)
... Removed 27 stack frames</div></td></tr></table><p class="totop"><a href="#summary">back to summary</a></p>
<h3 id="m135">driver.Driver#executeTestcase</h3><table class="result"><tr class="param"><th>Parameter #1</th></tr><tr class="param stripe"><td>org.testng.TestRunner@48c40605</td></tr><tr><th>Exception</th></tr><tr><td><div class="stacktrace">org.testng.SkipException: Skipping execution for  :TFS ID_ 7277:Verify member account can not be published without one active Premier membership created
	at driver.Driver.executeTestcase(Driver.java:83)
	at java.base/java.util.ArrayList.forEach(ArrayList.java:1541)
... Removed 26 stack frames</div></td></tr></table><p class="totop"><a href="#summary">back to summary</a></p>
<h3 id="m136">driver.Driver#executeTestcase</h3><table class="result"><tr class="param"><th>Parameter #1</th></tr><tr class="param stripe"><td>org.testng.TestRunner@48c40605</td></tr><tr><th>Exception</th></tr><tr><td><div class="stacktrace">org.testng.SkipException: Skipping execution for  :TFS ID_9192:Cloud - Verify a supplier can not be terminated if its has active child account
	at driver.Driver.executeTestcase(Driver.java:83)
	at java.base/java.util.ArrayList.forEach(ArrayList.java:1541)
... Removed 26 stack frames</div></td></tr></table><p class="totop"><a href="#summary">back to summary</a></p>
<h3 id="m137">driver.Driver#executeTestcase</h3><table class="result"><tr class="param"><th>Parameter #1</th></tr><tr class="param stripe"><td>org.testng.TestRunner@48c40605</td></tr><tr><th>Exception</th></tr><tr><td><div class="stacktrace">org.testng.SkipException: Skipping execution for  :TFS ID_ 7422:Create New Membership Provider with type &quot;Aggregation Affiliation&quot;
	at driver.Driver.executeTestcase(Driver.java:83)
	at java.base/java.util.ArrayList.forEach(ArrayList.java:1541)
... Removed 26 stack frames</div></td></tr></table><p class="totop"><a href="#summary">back to summary</a></p>
<h3 id="m138">driver.Driver#executeTestcase</h3><table class="result"><tr class="param"><th>Parameter #1</th></tr><tr class="param stripe"><td>org.testng.TestRunner@48c40605</td></tr><tr><th>Exception</th></tr><tr><td><div class="stacktrace">org.testng.SkipException: Skipping execution for  :TFS ID_ 7491:Create New Business Partner account using member supervisor
	at driver.Driver.executeTestcase(Driver.java:83)
	at java.base/java.util.ArrayList.forEach(ArrayList.java:1541)
... Removed 26 stack frames</div></td></tr></table><p class="totop"><a href="#summary">back to summary</a></p>
<h3 id="m139">driver.Driver#executeTestcase</h3><table class="result"><tr class="param"><th>Parameter #1</th></tr><tr class="param stripe"><td>org.testng.TestRunner@48c40605</td></tr><tr><th>Exception</th></tr><tr><td><div class="stacktrace">org.testng.SkipException: Skipping execution for  :TFS ID_8749:Cloud : Verify if primary account of a contact has been changed then other associated Contact account association should not get end dated
	at driver.Driver.executeTestcase(Driver.java:83)
	at java.base/java.util.ArrayList.forEach(ArrayList.java:1541)
... Removed 26 stack frames</div></td></tr></table><p class="totop"><a href="#summary">back to summary</a></p>
<h3 id="m140">driver.Driver#executeTestcase</h3><table class="result"><tr class="param"><th>Parameter #1</th></tr><tr class="param stripe"><td>org.testng.TestRunner@48c40605</td></tr><tr><th>Exception</th></tr><tr><td><div class="stacktrace">org.testng.SkipException: Skipping execution for  :TFS ID_ 7671:Verify Premier Start date is updated in member form when Premier Membership is created in Prospect.
	at driver.Driver.executeTestcase(Driver.java:83)
	at java.base/java.util.ArrayList.forEach(ArrayList.java:1541)
... Removed 26 stack frames</div></td></tr></table><p class="totop"><a href="#summary">back to summary</a></p>
<h3 id="m141">driver.Driver#executeTestcase</h3><table class="result"><tr class="param"><th>Parameter #1</th></tr><tr class="param stripe"><td>org.testng.TestRunner@48c40605</td></tr><tr><th>Exception</th></tr><tr><td><div class="stacktrace">org.testng.SkipException: Skipping execution for  :TFS ID_7147:Create new Shipto account - New Member form through sub account and save it as prospect first
	at driver.Driver.executeTestcase(Driver.java:83)
	at java.base/java.util.ArrayList.forEach(ArrayList.java:1541)
... Removed 27 stack frames</div></td></tr></table><p class="totop"><a href="#summary">back to summary</a></p>
<h3 id="m142">driver.Driver#executeTestcase</h3><table class="result"><tr class="param"><th>Parameter #1</th></tr><tr class="param stripe"><td>org.testng.TestRunner@48c40605</td></tr><tr><th>Exception</th></tr><tr><td><div class="stacktrace">org.testng.SkipException: Skipping execution for  :TFS ID_7144:Create new Top Parent member - New Member form and Save it as Member first
	at driver.Driver.executeTestcase(Driver.java:83)
	at java.base/java.util.ArrayList.forEach(ArrayList.java:1541)
... Removed 27 stack frames</div></td></tr></table><p class="totop"><a href="#summary">back to summary</a></p>
<h3 id="m143">driver.Driver#executeTestcase</h3><table class="result"><tr class="param"><th>Parameter #1</th></tr><tr class="param stripe"><td>org.testng.TestRunner@48c40605</td></tr><tr><th>Exception</th></tr><tr><td><div class="stacktrace">org.testng.SkipException: Skipping execution for  :TFS ID_8951:Cloud -Terminate a supplier
	at driver.Driver.executeTestcase(Driver.java:83)
	at java.base/java.util.ArrayList.forEach(ArrayList.java:1541)
... Removed 26 stack frames</div></td></tr></table><p class="totop"><a href="#summary">back to summary</a></p>
<h3 id="m144">driver.Driver#executeTestcase</h3><table class="result"><tr class="param"><th>Parameter #1</th></tr><tr class="param stripe"><td>org.testng.TestRunner@48c40605</td></tr><tr><th>Exception</th></tr><tr><td><div class="stacktrace">org.testng.SkipException: Skipping execution for  :TFS ID_7150: Create new Shipto to main account conversion
	at driver.Driver.executeTestcase(Driver.java:83)
	at java.base/java.util.ArrayList.forEach(ArrayList.java:1541)
... Removed 27 stack frames</div></td></tr></table><p class="totop"><a href="#summary">back to summary</a></p>
<h3 id="m145">driver.Driver#executeTestcase</h3><table class="result"><tr class="param"><th>Parameter #1</th></tr><tr class="param stripe"><td>org.testng.TestRunner@48c40605</td></tr><tr><th>Exception</th></tr><tr><td><div class="stacktrace">org.testng.SkipException: Skipping execution for  :TFS ID_9628:Cloud : Verify whether user is able to &quot;deactivate&quot; Premier Membership in Published state when there is no other active Premier Membership.
	at driver.Driver.executeTestcase(Driver.java:83)
	at java.base/java.util.ArrayList.forEach(ArrayList.java:1541)
... Removed 26 stack frames</div></td></tr></table><p class="totop"><a href="#summary">back to summary</a></p>
<h3 id="m146">driver.Driver#executeTestcase</h3><table class="result"><tr class="param"><th>Parameter #1</th></tr><tr class="param stripe"><td>org.testng.TestRunner@48c40605</td></tr><tr><th>Exception</th></tr><tr><td><div class="stacktrace">org.testng.SkipException: Skipping execution for  :TFS ID_8931:Cloud: Verify AG and AG effective date on Account termination when AG populated based on DP and Business classification is NON Healthcare
	at driver.Driver.executeTestcase(Driver.java:83)
	at java.base/java.util.ArrayList.forEach(ArrayList.java:1541)
... Removed 26 stack frames</div></td></tr></table><p class="totop"><a href="#summary">back to summary</a></p>
<h3 id="m147">driver.Driver#executeTestcase</h3><table class="result"><tr class="param"><th>Parameter #1</th></tr><tr class="param stripe"><td>org.testng.TestRunner@48c40605</td></tr><tr><th>Exception</th></tr><tr><td><div class="stacktrace">org.testng.SkipException: Skipping execution for  :TFS ID_ 8998:Cloud: Validate Business Key and BK Active fields
	at driver.Driver.executeTestcase(Driver.java:83)
	at java.base/java.util.ArrayList.forEach(ArrayList.java:1541)
... Removed 27 stack frames</div></td></tr></table><p class="totop"><a href="#summary">back to summary</a></p>
<h3 id="m148">driver.Driver#executeTestcase</h3><table class="result"><tr class="param"><th>Parameter #1</th></tr><tr class="param stripe"><td>org.testng.TestRunner@48c40605</td></tr><tr><th>Exception</th></tr><tr><td><div class="stacktrace">org.testng.SkipException: Skipping execution for  :TFS ID_10644:Cloud :Automation:Verify Base-Read Only will not able to add new membership to a prospect
	at driver.Driver.executeTestcase(Driver.java:83)
	at java.base/java.util.ArrayList.forEach(ArrayList.java:1541)
... Removed 26 stack frames</div></td></tr></table><p class="totop"><a href="#summary">back to summary</a></p>
<h3 id="m149">driver.Driver#executeTestcase</h3><table class="result"><tr class="param"><th>Parameter #1</th></tr><tr class="param stripe"><td>org.testng.TestRunner@48c40605</td></tr><tr><th>Exception</th></tr><tr><td><div class="stacktrace">org.testng.SkipException: Skipping execution for  :TFS ID_9216:Cloud - Supplier diversity information view changes in sub grid for active and inactive diversity information
	at driver.Driver.executeTestcase(Driver.java:83)
	at java.base/java.util.ArrayList.forEach(ArrayList.java:1541)
... Removed 26 stack frames</div></td></tr></table><p class="totop"><a href="#summary">back to summary</a></p>
<h3 id="m150">driver.Driver#executeTestcase</h3><table class="result"><tr class="param"><th>Parameter #1</th></tr><tr class="param stripe"><td>org.testng.TestRunner@48c40605</td></tr><tr><th>Exception</th></tr><tr><td><div class="stacktrace">org.testng.SkipException: Skipping execution for  :TFS ID_ 1111:Create Member with all available fields
	at driver.Driver.executeTestcase(Driver.java:83)
	at java.base/java.util.ArrayList.forEach(ArrayList.java:1541)
... Removed 26 stack frames</div></td></tr></table><p class="totop"><a href="#summary">back to summary</a></p>
<h3 id="m151">driver.Driver#executeTestcase</h3><table class="result"><tr class="param"><th>Parameter #1</th></tr><tr class="param stripe"><td>org.testng.TestRunner@48c40605</td></tr><tr><th>Exception</th></tr><tr><td><div class="stacktrace">org.testng.SkipException: Skipping execution for  :TFS ID_9191:Cloud - Create a supplier child account
	at driver.Driver.executeTestcase(Driver.java:83)
	at java.base/java.util.ArrayList.forEach(ArrayList.java:1541)
... Removed 26 stack frames</div></td></tr></table><p class="totop"><a href="#summary">back to summary</a></p>
<h3 id="m152">driver.Driver#executeTestcase</h3><table class="result"><tr class="param"><th>Parameter #1</th></tr><tr class="param stripe"><td>org.testng.TestRunner@48c40605</td></tr><tr><th>Exception</th></tr><tr><td><div class="stacktrace">org.testng.SkipException: Skipping execution for  :TFS ID_8941:Cloud: Verify AG and AG effective date on Account creation when AG populated based on DP and Business classification is Alternate site
	at driver.Driver.executeTestcase(Driver.java:83)
	at java.base/java.util.ArrayList.forEach(ArrayList.java:1541)
... Removed 26 stack frames</div></td></tr></table><p class="totop"><a href="#summary">back to summary</a></p>
<h3 id="m153">driver.Driver#executeTestcase</h3><table class="result"><tr class="param"><th>Parameter #1</th></tr><tr class="param stripe"><td>org.testng.TestRunner@48c40605</td></tr><tr><th>Exception</th></tr><tr><td><div class="stacktrace">org.testng.SkipException: Skipping execution for  :TFS ID_ 10759 :Cloud:Verify whether newly added active HIN ,should appear on Member form.
	at driver.Driver.executeTestcase(Driver.java:83)
	at java.base/java.util.ArrayList.forEach(ArrayList.java:1541)
... Removed 26 stack frames</div></td></tr></table><p class="totop"><a href="#summary">back to summary</a></p>
<h3 id="m154">driver.Driver#executeTestcase</h3><table class="result"><tr class="param"><th>Parameter #1</th></tr><tr class="param stripe"><td>org.testng.TestRunner@48c40605</td></tr><tr><th>Exception</th></tr><tr><td><div class="stacktrace">org.testng.SkipException: Skipping execution for  :TFS ID_ 9649:Cloud: Verify if Limited member can access &quot;Referred by&quot; field
	at driver.Driver.executeTestcase(Driver.java:83)
	at java.base/java.util.ArrayList.forEach(ArrayList.java:1541)
... Removed 26 stack frames</div></td></tr></table><p class="totop"><a href="#summary">back to summary</a></p>
<h3 id="m155">driver.Driver#executeTestcase</h3><table class="result"><tr class="param"><th>Parameter #1</th></tr><tr class="param stripe"><td>org.testng.TestRunner@48c40605</td></tr><tr><th>Exception</th></tr><tr><td><div class="stacktrace">org.testng.SkipException: Skipping execution for  :TFS ID_10763:Cloud:Verify whether HIN digit check- characters should be alpha numeric only
	at driver.Driver.executeTestcase(Driver.java:83)
	at java.base/java.util.ArrayList.forEach(ArrayList.java:1541)
... Removed 26 stack frames</div></td></tr></table><p class="totop"><a href="#summary">back to summary</a></p>
<h3 id="m156">driver.Driver#executeTestcase</h3><table class="result"><tr class="param"><th>Parameter #1</th></tr><tr class="param stripe"><td>org.testng.TestRunner@48c40605</td></tr><tr><th>Exception</th></tr><tr><td><div class="stacktrace">org.testng.SkipException: Skipping execution for  :TFS ID_8923:Cloud: Verify AG and AG effective date on Account termination when AG populated for NONGPO account
	at driver.Driver.executeTestcase(Driver.java:83)
	at java.base/java.util.ArrayList.forEach(ArrayList.java:1541)
... Removed 26 stack frames</div></td></tr></table><p class="totop"><a href="#summary">back to summary</a></p>
<h3 id="m157">driver.Driver#executeTestcase</h3><table class="result"><tr class="param"><th>Parameter #1</th></tr><tr class="param stripe"><td>org.testng.TestRunner@48c40605</td></tr><tr><th>Exception</th></tr><tr><td><div class="stacktrace">org.testng.SkipException: Skipping execution for  :TFS ID_ 10562:Cloud : Member Entry Form -Verify if Limited Member can create a Prospect Member Account without throwing any Error.
	at driver.Driver.executeTestcase(Driver.java:83)
	at java.base/java.util.ArrayList.forEach(ArrayList.java:1541)
... Removed 26 stack frames</div></td></tr></table><p class="totop"><a href="#summary">back to summary</a></p>
<h3 id="m158">driver.Driver#executeTestcase</h3><table class="result"><tr class="param"><th>Parameter #1</th></tr><tr class="param stripe"><td>org.testng.TestRunner@48c40605</td></tr><tr><th>Exception</th></tr><tr><td><div class="stacktrace">org.testng.SkipException: Skipping execution for  :TFS ID_10596:Cloud :Verify Limited Member will not able to add new membership to a Prospect
	at driver.Driver.executeTestcase(Driver.java:83)
	at java.base/java.util.ArrayList.forEach(ArrayList.java:1541)
... Removed 26 stack frames</div></td></tr></table><p class="totop"><a href="#summary">back to summary</a></p>
<h3 id="m159">driver.Driver#executeTestcase</h3><table class="result"><tr class="param"><th>Parameter #1</th></tr><tr class="param stripe"><td>org.testng.TestRunner@48c40605</td></tr><tr><th>Exception</th></tr><tr><td><div class="stacktrace">org.testng.SkipException: Skipping execution for  :TFS ID_ 7608:Create a new contact and add job function and communication/publication
	at driver.Driver.executeTestcase(Driver.java:83)
	at java.base/java.util.ArrayList.forEach(ArrayList.java:1541)
... Removed 26 stack frames</div></td></tr></table><p class="totop"><a href="#summary">back to summary</a></p>
<h3 id="m160">driver.Driver#executeTestcase</h3><table class="result"><tr class="param"><th>Parameter #1</th></tr><tr class="param stripe"><td>org.testng.TestRunner@48c40605</td></tr><tr><th>Exception</th></tr><tr><td><div class="stacktrace">org.testng.SkipException: Skipping execution for  :TFS ID_8784:Cloud -Validate Publish Rec Status and LOB
	at driver.Driver.executeTestcase(Driver.java:83)
	at java.base/java.util.ArrayList.forEach(ArrayList.java:1541)
... Removed 26 stack frames</div></td></tr></table><p class="totop"><a href="#summary">back to summary</a></p>
<h3 id="m161">driver.Driver#executeTestcase</h3><table class="result"><tr class="param"><th>Parameter #1</th></tr><tr class="param stripe"><td>org.testng.TestRunner@48c40605</td></tr><tr><th>Exception</th></tr><tr><td><div class="stacktrace">org.testng.SkipException: Skipping execution for  :TFS ID_ 8878:Cloud : Limited member should have access to &quot;# of Estimated Locations&quot;
	at driver.Driver.executeTestcase(Driver.java:83)
	at java.base/java.util.ArrayList.forEach(ArrayList.java:1541)
... Removed 26 stack frames</div></td></tr></table><p class="totop"><a href="#summary">back to summary</a></p>
<h3 id="m162">driver.Driver#executeTestcase</h3><table class="result"><tr class="param"><th>Parameter #1</th></tr><tr class="param stripe"><td>org.testng.TestRunner@48c40605</td></tr><tr><th>Exception</th></tr><tr><td><div class="stacktrace">org.testng.SkipException: Skipping execution for  :TFS ID_10604:Cloud: Verify whether Limited Member should not be able to  add and create &quot;Competitor&quot;.
	at driver.Driver.executeTestcase(Driver.java:83)
	at java.base/java.util.ArrayList.forEach(ArrayList.java:1541)
... Removed 26 stack frames</div></td></tr></table><p class="totop"><a href="#summary">back to summary</a></p>
<h3 id="m163">driver.Driver#executeTestcase</h3><table class="result"><tr class="param"><th>Parameter #1</th></tr><tr class="param stripe"><td>org.testng.TestRunner@48c40605</td></tr><tr><th>Exception</th></tr><tr><td><div class="stacktrace">org.testng.SkipException: Skipping execution for  :TFS ID_8821:Cloud: Verify member can not be terminated if its child account is active
	at driver.Driver.executeTestcase(Driver.java:83)
	at java.base/java.util.ArrayList.forEach(ArrayList.java:1541)
... Removed 26 stack frames</div></td></tr></table><p class="totop"><a href="#summary">back to summary</a></p>
<h3 id="m164">driver.Driver#executeTestcase</h3><table class="result"><tr class="param"><th>Parameter #1</th></tr><tr class="param stripe"><td>org.testng.TestRunner@48c40605</td></tr><tr><th>Exception</th></tr><tr><td><div class="stacktrace">org.testng.SkipException: Skipping execution for  :TFS ID_10526:Cloud -Add Duplicate Diversity information to a supplier
	at driver.Driver.executeTestcase(Driver.java:83)
	at java.base/java.util.ArrayList.forEach(ArrayList.java:1541)
... Removed 26 stack frames</div></td></tr></table><p class="totop"><a href="#summary">back to summary</a></p>
<h3 id="m165">driver.Driver#executeTestcase</h3><table class="result"><tr class="param"><th>Parameter #1</th></tr><tr class="param stripe"><td>org.testng.TestRunner@48c40605</td></tr><tr><th>Exception</th></tr><tr><td><div class="stacktrace">org.testng.SkipException: Skipping execution for  :TFS ID_9287:Cloud-Member Accounts with Entity code should not be able to Deactivate
	at driver.Driver.executeTestcase(Driver.java:83)
	at java.base/java.util.ArrayList.forEach(ArrayList.java:1541)
... Removed 26 stack frames</div></td></tr></table><p class="totop"><a href="#summary">back to summary</a></p>
<h3 id="m166">driver.Driver#executeTestcase</h3><table class="result"><tr class="param"><th>Parameter #1</th></tr><tr class="param stripe"><td>org.testng.TestRunner@48c40605</td></tr><tr><th>Exception</th></tr><tr><td><div class="stacktrace">org.testng.SkipException: Skipping execution for  :TFS ID_8787:Cloud - Verify TP can be created without providing DP relation date - Manual
	at driver.Driver.executeTestcase(Driver.java:83)
	at java.base/java.util.ArrayList.forEach(ArrayList.java:1541)
... Removed 26 stack frames</div></td></tr></table><p class="totop"><a href="#summary">back to summary</a></p>
<h3 id="m167">driver.Driver#executeTestcase</h3><table class="result"><tr class="param"><th>Parameter #1</th></tr><tr class="param stripe"><td>org.testng.TestRunner@48c40605</td></tr><tr><th>Exception</th></tr><tr><td><div class="stacktrace">org.testng.SkipException: Skipping execution for  :TFS ID_ 5921 : Create a supplier top parent
	at driver.Driver.executeTestcase(Driver.java:83)
	at java.base/java.util.ArrayList.forEach(ArrayList.java:1541)
... Removed 26 stack frames</div></td></tr></table><p class="totop"><a href="#summary">back to summary</a></p>
<h3 id="m168">driver.Driver#executeTestcase</h3><table class="result"><tr class="param"><th>Parameter #1</th></tr><tr class="param stripe"><td>org.testng.TestRunner@48c40605</td></tr><tr><th>Exception</th></tr><tr><td><div class="stacktrace">org.testng.SkipException: Skipping execution for  :TFS ID_7140: Create new member - New Member entry form and Save it as prospect first
	at driver.Driver.executeTestcase(Driver.java:83)
	at java.base/java.util.ArrayList.forEach(ArrayList.java:1541)
... Removed 27 stack frames</div></td></tr></table><p class="totop"><a href="#summary">back to summary</a></p>
<h3 id="m169">driver.Driver#executeTestcase</h3><table class="result"><tr class="param"><th>Parameter #1</th></tr><tr class="param stripe"><td>org.testng.TestRunner@48c40605</td></tr><tr><th>Exception</th></tr><tr><td><div class="stacktrace">org.testng.SkipException: Skipping execution for  :TFS ID_8953:Cloud -Terminate a supplier location type account
	at driver.Driver.executeTestcase(Driver.java:83)
	at java.base/java.util.ArrayList.forEach(ArrayList.java:1541)
... Removed 26 stack frames</div></td></tr></table><p class="totop"><a href="#summary">back to summary</a></p>
<h3 id="m170">driver.Driver#executeTestcase</h3><table class="result"><tr class="param"><th>Parameter #1</th></tr><tr class="param stripe"><td>org.testng.TestRunner@48c40605</td></tr><tr><th>Exception</th></tr><tr><td><div class="stacktrace">org.testng.SkipException: Skipping execution for  :TFS ID_7139:Create new member - New Member entry form through sub account and save it as prospect first
	at driver.Driver.executeTestcase(Driver.java:83)
	at java.base/java.util.ArrayList.forEach(ArrayList.java:1541)
... Removed 27 stack frames</div></td></tr></table><p class="totop"><a href="#summary">back to summary</a></p>
<h3 id="m171">driver.Driver#executeTestcase</h3><table class="result"><tr class="param"><th>Parameter #1</th></tr><tr class="param stripe"><td>org.testng.TestRunner@48c40605</td></tr><tr><th>Exception</th></tr><tr><td><div class="stacktrace">org.testng.SkipException: Skipping execution for  :TFS ID_7149:Create new Shipto account for conversion scenario - New Member form and Save it as member first
	at driver.Driver.executeTestcase(Driver.java:83)
	at java.base/java.util.ArrayList.forEach(ArrayList.java:1541)
... Removed 27 stack frames</div></td></tr></table><p class="totop"><a href="#summary">back to summary</a></p>
<h3 id="m172">driver.Driver#executeTestcase</h3><table class="result"><tr class="param"><th>Parameter #1</th></tr><tr class="param stripe"><td>org.testng.TestRunner@48c40605</td></tr></table><p class="totop"><a href="#summary">back to summary</a></p>
</body>
</html>
