<!DOCTYPE html>

<html>
  <head>
  <meta charset='utf-8'>
  <title>TestNG reports</title>

    <link type="text/css" href="testng-reports1.css" rel="stylesheet" id="ultra" />
    <link type="text/css" href="testng-reports.css" rel="stylesheet" id="retro" disabled="false"/>
    <script type="text/javascript" src="jquery-3.4.1.min.js"></script>
    <script type="text/javascript" src="testng-reports.js"></script>
    <script type="text/javascript" src="https://www.google.com/jsapi"></script>
    <script type='text/javascript'>
      google.load('visualization', '1', {packages:['table']});
      google.setOnLoadCallback(drawTable);
      var suiteTableInitFunctions = new Array();
      var suiteTableData = new Array();
    </script>
    <!--
      <script type="text/javascript" src="jquery-ui/js/jquery-ui-1.8.16.custom.min.js"></script>
     -->
  </head>

  <body>
    <div class="top-banner-root">
      <span class="top-banner-title-font">Test results</span>
      <button id="button" class="button">Switch Retro Theme</button> <!-- button -->
      <br/>
      <span class="top-banner-font-1">1 suite, 1 failed test</span>
    </div> <!-- top-banner-root -->
    <div class="navigator-root">
      <div class="navigator-suite-header">
        <span>All suites</span>
        <a href="#" title="Collapse/expand all the suites" class="collapse-all-link">
          <img src="collapseall.gif" class="collapse-all-icon">
          </img> <!-- collapse-all-icon -->
        </a> <!-- collapse-all-link -->
      </div> <!-- navigator-suite-header -->
      <div class="suite">
        <div class="rounded-window">
          <div class="suite-header light-rounded-window-top">
            <a href="#" panel-name="suite-Suite" class="navigator-link">
              <span class="suite-name border-failed">Suite</span>
            </a> <!-- navigator-link -->
          </div> <!-- suite-header light-rounded-window-top -->
          <div class="navigator-suite-content">
            <div class="suite-section-title">
              <span>Info</span>
            </div> <!-- suite-section-title -->
            <div class="suite-section-content">
              <ul>
                <li>
                  <a href="#" panel-name="test-xml-Suite" class="navigator-link ">
                    <span>E:\schandr3\eclipse-workspace\Dynamics-CRM-Cloud\testng_CRMDev2.xml</span>
                  </a> <!-- navigator-link  -->
                </li>
                <li>
                  <a href="#" panel-name="testlist-Suite" class="navigator-link ">
                    <span class="test-stats">1 test</span>
                  </a> <!-- navigator-link  -->
                </li>
                <li>
                  <a href="#" panel-name="group-Suite" class="navigator-link ">
                    <span>0 groups</span>
                  </a> <!-- navigator-link  -->
                </li>
                <li>
                  <a href="#" panel-name="times-Suite" class="navigator-link ">
                    <span>Times</span>
                  </a> <!-- navigator-link  -->
                </li>
                <li>
                  <a href="#" panel-name="reporter-Suite" class="navigator-link ">
                    <span>Reporter output</span>
                  </a> <!-- navigator-link  -->
                </li>
                <li>
                  <a href="#" panel-name="ignored-methods-Suite" class="navigator-link ">
                    <span>Ignored methods</span>
                  </a> <!-- navigator-link  -->
                </li>
                <li>
                  <a href="#" panel-name="chronological-Suite" class="navigator-link ">
                    <span>Chronological view</span>
                  </a> <!-- navigator-link  -->
                </li>
              </ul>
            </div> <!-- suite-section-content -->
            <div class="result-section">
              <div class="suite-section-title">
                <span>Results</span>
              </div> <!-- suite-section-title -->
              <div class="suite-section-content">
                <ul>
                  <li>
                    <span class="method-stats">86 methods, 1 failed,  85 skipped,  </span>
                  </li>
                  <li>
                    <span class="method-list-title failed">Failed methods</span>
                    <span class="show-or-hide-methods failed">
                      <a href="#" panel-name="suite-Suite" class="hide-methods failed suite-Suite"> (hide)</a> <!-- hide-methods failed suite-Suite -->
                      <a href="#" panel-name="suite-Suite" class="show-methods failed suite-Suite"> (show)</a> <!-- show-methods failed suite-Suite -->
                    </span>
                    <div class="method-list-content failed suite-Suite">
                      <span>
                        <img src="failed.png" width="3%"/>
                        <a href="#" panel-name="suite-Suite" title="driver.Driver" class="method navigator-link" hash-for-method="executeTestcase(org.testng.TestRunner@2c4ca0f9)">executeTestcase(org.testng.TestRunner@2c4ca0f9)</a> <!-- method navigator-link -->
                      </span>
                      <br/>
                    </div> <!-- method-list-content failed suite-Suite -->
                  </li>
                  <li>
                    <span class="method-list-title skipped">Skipped methods</span>
                    <span class="show-or-hide-methods skipped">
                      <a href="#" panel-name="suite-Suite" class="hide-methods skipped suite-Suite"> (hide)</a> <!-- hide-methods skipped suite-Suite -->
                      <a href="#" panel-name="suite-Suite" class="show-methods skipped suite-Suite"> (show)</a> <!-- show-methods skipped suite-Suite -->
                    </span>
                    <div class="method-list-content skipped suite-Suite">
                      <span>
                        <img src="skipped.png" width="3%"/>
                        <a href="#" panel-name="suite-Suite" title="driver.Driver" class="method navigator-link" hash-for-method="executeTestcase(org.testng.TestRunner@2c4ca0f9)">executeTestcase(org.testng.TestRunner@2c4ca0f9)</a> <!-- method navigator-link -->
                      </span>
                      <br/>
                      <span>
                        <img src="skipped.png" width="3%"/>
                        <a href="#" panel-name="suite-Suite" title="driver.Driver" class="method navigator-link" hash-for-method="executeTestcase(org.testng.TestRunner@2c4ca0f9)">executeTestcase(org.testng.TestRunner@2c4ca0f9)</a> <!-- method navigator-link -->
                      </span>
                      <br/>
                      <span>
                        <img src="skipped.png" width="3%"/>
                        <a href="#" panel-name="suite-Suite" title="driver.Driver" class="method navigator-link" hash-for-method="executeTestcase(org.testng.TestRunner@2c4ca0f9)">executeTestcase(org.testng.TestRunner@2c4ca0f9)</a> <!-- method navigator-link -->
                      </span>
                      <br/>
                      <span>
                        <img src="skipped.png" width="3%"/>
                        <a href="#" panel-name="suite-Suite" title="driver.Driver" class="method navigator-link" hash-for-method="executeTestcase(org.testng.TestRunner@2c4ca0f9)">executeTestcase(org.testng.TestRunner@2c4ca0f9)</a> <!-- method navigator-link -->
                      </span>
                      <br/>
                      <span>
                        <img src="skipped.png" width="3%"/>
                        <a href="#" panel-name="suite-Suite" title="driver.Driver" class="method navigator-link" hash-for-method="executeTestcase(org.testng.TestRunner@2c4ca0f9)">executeTestcase(org.testng.TestRunner@2c4ca0f9)</a> <!-- method navigator-link -->
                      </span>
                      <br/>
                      <span>
                        <img src="skipped.png" width="3%"/>
                        <a href="#" panel-name="suite-Suite" title="driver.Driver" class="method navigator-link" hash-for-method="executeTestcase(org.testng.TestRunner@2c4ca0f9)">executeTestcase(org.testng.TestRunner@2c4ca0f9)</a> <!-- method navigator-link -->
                      </span>
                      <br/>
                      <span>
                        <img src="skipped.png" width="3%"/>
                        <a href="#" panel-name="suite-Suite" title="driver.Driver" class="method navigator-link" hash-for-method="executeTestcase(org.testng.TestRunner@2c4ca0f9)">executeTestcase(org.testng.TestRunner@2c4ca0f9)</a> <!-- method navigator-link -->
                      </span>
                      <br/>
                      <span>
                        <img src="skipped.png" width="3%"/>
                        <a href="#" panel-name="suite-Suite" title="driver.Driver" class="method navigator-link" hash-for-method="executeTestcase(org.testng.TestRunner@2c4ca0f9)">executeTestcase(org.testng.TestRunner@2c4ca0f9)</a> <!-- method navigator-link -->
                      </span>
                      <br/>
                      <span>
                        <img src="skipped.png" width="3%"/>
                        <a href="#" panel-name="suite-Suite" title="driver.Driver" class="method navigator-link" hash-for-method="executeTestcase(org.testng.TestRunner@2c4ca0f9)">executeTestcase(org.testng.TestRunner@2c4ca0f9)</a> <!-- method navigator-link -->
                      </span>
                      <br/>
                      <span>
                        <img src="skipped.png" width="3%"/>
                        <a href="#" panel-name="suite-Suite" title="driver.Driver" class="method navigator-link" hash-for-method="executeTestcase(org.testng.TestRunner@2c4ca0f9)">executeTestcase(org.testng.TestRunner@2c4ca0f9)</a> <!-- method navigator-link -->
                      </span>
                      <br/>
                      <span>
                        <img src="skipped.png" width="3%"/>
                        <a href="#" panel-name="suite-Suite" title="driver.Driver" class="method navigator-link" hash-for-method="executeTestcase(org.testng.TestRunner@2c4ca0f9)">executeTestcase(org.testng.TestRunner@2c4ca0f9)</a> <!-- method navigator-link -->
                      </span>
                      <br/>
                      <span>
                        <img src="skipped.png" width="3%"/>
                        <a href="#" panel-name="suite-Suite" title="driver.Driver" class="method navigator-link" hash-for-method="executeTestcase(org.testng.TestRunner@2c4ca0f9)">executeTestcase(org.testng.TestRunner@2c4ca0f9)</a> <!-- method navigator-link -->
                      </span>
                      <br/>
                      <span>
                        <img src="skipped.png" width="3%"/>
                        <a href="#" panel-name="suite-Suite" title="driver.Driver" class="method navigator-link" hash-for-method="executeTestcase(org.testng.TestRunner@2c4ca0f9)">executeTestcase(org.testng.TestRunner@2c4ca0f9)</a> <!-- method navigator-link -->
                      </span>
                      <br/>
                      <span>
                        <img src="skipped.png" width="3%"/>
                        <a href="#" panel-name="suite-Suite" title="driver.Driver" class="method navigator-link" hash-for-method="executeTestcase(org.testng.TestRunner@2c4ca0f9)">executeTestcase(org.testng.TestRunner@2c4ca0f9)</a> <!-- method navigator-link -->
                      </span>
                      <br/>
                      <span>
                        <img src="skipped.png" width="3%"/>
                        <a href="#" panel-name="suite-Suite" title="driver.Driver" class="method navigator-link" hash-for-method="executeTestcase(org.testng.TestRunner@2c4ca0f9)">executeTestcase(org.testng.TestRunner@2c4ca0f9)</a> <!-- method navigator-link -->
                      </span>
                      <br/>
                      <span>
                        <img src="skipped.png" width="3%"/>
                        <a href="#" panel-name="suite-Suite" title="driver.Driver" class="method navigator-link" hash-for-method="executeTestcase(org.testng.TestRunner@2c4ca0f9)">executeTestcase(org.testng.TestRunner@2c4ca0f9)</a> <!-- method navigator-link -->
                      </span>
                      <br/>
                      <span>
                        <img src="skipped.png" width="3%"/>
                        <a href="#" panel-name="suite-Suite" title="driver.Driver" class="method navigator-link" hash-for-method="executeTestcase(org.testng.TestRunner@2c4ca0f9)">executeTestcase(org.testng.TestRunner@2c4ca0f9)</a> <!-- method navigator-link -->
                      </span>
                      <br/>
                      <span>
                        <img src="skipped.png" width="3%"/>
                        <a href="#" panel-name="suite-Suite" title="driver.Driver" class="method navigator-link" hash-for-method="executeTestcase(org.testng.TestRunner@2c4ca0f9)">executeTestcase(org.testng.TestRunner@2c4ca0f9)</a> <!-- method navigator-link -->
                      </span>
                      <br/>
                      <span>
                        <img src="skipped.png" width="3%"/>
                        <a href="#" panel-name="suite-Suite" title="driver.Driver" class="method navigator-link" hash-for-method="executeTestcase(org.testng.TestRunner@2c4ca0f9)">executeTestcase(org.testng.TestRunner@2c4ca0f9)</a> <!-- method navigator-link -->
                      </span>
                      <br/>
                      <span>
                        <img src="skipped.png" width="3%"/>
                        <a href="#" panel-name="suite-Suite" title="driver.Driver" class="method navigator-link" hash-for-method="executeTestcase(org.testng.TestRunner@2c4ca0f9)">executeTestcase(org.testng.TestRunner@2c4ca0f9)</a> <!-- method navigator-link -->
                      </span>
                      <br/>
                      <span>
                        <img src="skipped.png" width="3%"/>
                        <a href="#" panel-name="suite-Suite" title="driver.Driver" class="method navigator-link" hash-for-method="executeTestcase(org.testng.TestRunner@2c4ca0f9)">executeTestcase(org.testng.TestRunner@2c4ca0f9)</a> <!-- method navigator-link -->
                      </span>
                      <br/>
                      <span>
                        <img src="skipped.png" width="3%"/>
                        <a href="#" panel-name="suite-Suite" title="driver.Driver" class="method navigator-link" hash-for-method="executeTestcase(org.testng.TestRunner@2c4ca0f9)">executeTestcase(org.testng.TestRunner@2c4ca0f9)</a> <!-- method navigator-link -->
                      </span>
                      <br/>
                      <span>
                        <img src="skipped.png" width="3%"/>
                        <a href="#" panel-name="suite-Suite" title="driver.Driver" class="method navigator-link" hash-for-method="executeTestcase(org.testng.TestRunner@2c4ca0f9)">executeTestcase(org.testng.TestRunner@2c4ca0f9)</a> <!-- method navigator-link -->
                      </span>
                      <br/>
                      <span>
                        <img src="skipped.png" width="3%"/>
                        <a href="#" panel-name="suite-Suite" title="driver.Driver" class="method navigator-link" hash-for-method="executeTestcase(org.testng.TestRunner@2c4ca0f9)">executeTestcase(org.testng.TestRunner@2c4ca0f9)</a> <!-- method navigator-link -->
                      </span>
                      <br/>
                      <span>
                        <img src="skipped.png" width="3%"/>
                        <a href="#" panel-name="suite-Suite" title="driver.Driver" class="method navigator-link" hash-for-method="executeTestcase(org.testng.TestRunner@2c4ca0f9)">executeTestcase(org.testng.TestRunner@2c4ca0f9)</a> <!-- method navigator-link -->
                      </span>
                      <br/>
                      <span>
                        <img src="skipped.png" width="3%"/>
                        <a href="#" panel-name="suite-Suite" title="driver.Driver" class="method navigator-link" hash-for-method="executeTestcase(org.testng.TestRunner@2c4ca0f9)">executeTestcase(org.testng.TestRunner@2c4ca0f9)</a> <!-- method navigator-link -->
                      </span>
                      <br/>
                      <span>
                        <img src="skipped.png" width="3%"/>
                        <a href="#" panel-name="suite-Suite" title="driver.Driver" class="method navigator-link" hash-for-method="executeTestcase(org.testng.TestRunner@2c4ca0f9)">executeTestcase(org.testng.TestRunner@2c4ca0f9)</a> <!-- method navigator-link -->
                      </span>
                      <br/>
                      <span>
                        <img src="skipped.png" width="3%"/>
                        <a href="#" panel-name="suite-Suite" title="driver.Driver" class="method navigator-link" hash-for-method="executeTestcase(org.testng.TestRunner@2c4ca0f9)">executeTestcase(org.testng.TestRunner@2c4ca0f9)</a> <!-- method navigator-link -->
                      </span>
                      <br/>
                      <span>
                        <img src="skipped.png" width="3%"/>
                        <a href="#" panel-name="suite-Suite" title="driver.Driver" class="method navigator-link" hash-for-method="executeTestcase(org.testng.TestRunner@2c4ca0f9)">executeTestcase(org.testng.TestRunner@2c4ca0f9)</a> <!-- method navigator-link -->
                      </span>
                      <br/>
                      <span>
                        <img src="skipped.png" width="3%"/>
                        <a href="#" panel-name="suite-Suite" title="driver.Driver" class="method navigator-link" hash-for-method="executeTestcase(org.testng.TestRunner@2c4ca0f9)">executeTestcase(org.testng.TestRunner@2c4ca0f9)</a> <!-- method navigator-link -->
                      </span>
                      <br/>
                      <span>
                        <img src="skipped.png" width="3%"/>
                        <a href="#" panel-name="suite-Suite" title="driver.Driver" class="method navigator-link" hash-for-method="executeTestcase(org.testng.TestRunner@2c4ca0f9)">executeTestcase(org.testng.TestRunner@2c4ca0f9)</a> <!-- method navigator-link -->
                      </span>
                      <br/>
                      <span>
                        <img src="skipped.png" width="3%"/>
                        <a href="#" panel-name="suite-Suite" title="driver.Driver" class="method navigator-link" hash-for-method="executeTestcase(org.testng.TestRunner@2c4ca0f9)">executeTestcase(org.testng.TestRunner@2c4ca0f9)</a> <!-- method navigator-link -->
                      </span>
                      <br/>
                      <span>
                        <img src="skipped.png" width="3%"/>
                        <a href="#" panel-name="suite-Suite" title="driver.Driver" class="method navigator-link" hash-for-method="executeTestcase(org.testng.TestRunner@2c4ca0f9)">executeTestcase(org.testng.TestRunner@2c4ca0f9)</a> <!-- method navigator-link -->
                      </span>
                      <br/>
                      <span>
                        <img src="skipped.png" width="3%"/>
                        <a href="#" panel-name="suite-Suite" title="driver.Driver" class="method navigator-link" hash-for-method="executeTestcase(org.testng.TestRunner@2c4ca0f9)">executeTestcase(org.testng.TestRunner@2c4ca0f9)</a> <!-- method navigator-link -->
                      </span>
                      <br/>
                      <span>
                        <img src="skipped.png" width="3%"/>
                        <a href="#" panel-name="suite-Suite" title="driver.Driver" class="method navigator-link" hash-for-method="executeTestcase(org.testng.TestRunner@2c4ca0f9)">executeTestcase(org.testng.TestRunner@2c4ca0f9)</a> <!-- method navigator-link -->
                      </span>
                      <br/>
                      <span>
                        <img src="skipped.png" width="3%"/>
                        <a href="#" panel-name="suite-Suite" title="driver.Driver" class="method navigator-link" hash-for-method="executeTestcase(org.testng.TestRunner@2c4ca0f9)">executeTestcase(org.testng.TestRunner@2c4ca0f9)</a> <!-- method navigator-link -->
                      </span>
                      <br/>
                      <span>
                        <img src="skipped.png" width="3%"/>
                        <a href="#" panel-name="suite-Suite" title="driver.Driver" class="method navigator-link" hash-for-method="executeTestcase(org.testng.TestRunner@2c4ca0f9)">executeTestcase(org.testng.TestRunner@2c4ca0f9)</a> <!-- method navigator-link -->
                      </span>
                      <br/>
                      <span>
                        <img src="skipped.png" width="3%"/>
                        <a href="#" panel-name="suite-Suite" title="driver.Driver" class="method navigator-link" hash-for-method="executeTestcase(org.testng.TestRunner@2c4ca0f9)">executeTestcase(org.testng.TestRunner@2c4ca0f9)</a> <!-- method navigator-link -->
                      </span>
                      <br/>
                      <span>
                        <img src="skipped.png" width="3%"/>
                        <a href="#" panel-name="suite-Suite" title="driver.Driver" class="method navigator-link" hash-for-method="executeTestcase(org.testng.TestRunner@2c4ca0f9)">executeTestcase(org.testng.TestRunner@2c4ca0f9)</a> <!-- method navigator-link -->
                      </span>
                      <br/>
                      <span>
                        <img src="skipped.png" width="3%"/>
                        <a href="#" panel-name="suite-Suite" title="driver.Driver" class="method navigator-link" hash-for-method="executeTestcase(org.testng.TestRunner@2c4ca0f9)">executeTestcase(org.testng.TestRunner@2c4ca0f9)</a> <!-- method navigator-link -->
                      </span>
                      <br/>
                      <span>
                        <img src="skipped.png" width="3%"/>
                        <a href="#" panel-name="suite-Suite" title="driver.Driver" class="method navigator-link" hash-for-method="executeTestcase(org.testng.TestRunner@2c4ca0f9)">executeTestcase(org.testng.TestRunner@2c4ca0f9)</a> <!-- method navigator-link -->
                      </span>
                      <br/>
                      <span>
                        <img src="skipped.png" width="3%"/>
                        <a href="#" panel-name="suite-Suite" title="driver.Driver" class="method navigator-link" hash-for-method="executeTestcase(org.testng.TestRunner@2c4ca0f9)">executeTestcase(org.testng.TestRunner@2c4ca0f9)</a> <!-- method navigator-link -->
                      </span>
                      <br/>
                      <span>
                        <img src="skipped.png" width="3%"/>
                        <a href="#" panel-name="suite-Suite" title="driver.Driver" class="method navigator-link" hash-for-method="executeTestcase(org.testng.TestRunner@2c4ca0f9)">executeTestcase(org.testng.TestRunner@2c4ca0f9)</a> <!-- method navigator-link -->
                      </span>
                      <br/>
                      <span>
                        <img src="skipped.png" width="3%"/>
                        <a href="#" panel-name="suite-Suite" title="driver.Driver" class="method navigator-link" hash-for-method="executeTestcase(org.testng.TestRunner@2c4ca0f9)">executeTestcase(org.testng.TestRunner@2c4ca0f9)</a> <!-- method navigator-link -->
                      </span>
                      <br/>
                      <span>
                        <img src="skipped.png" width="3%"/>
                        <a href="#" panel-name="suite-Suite" title="driver.Driver" class="method navigator-link" hash-for-method="executeTestcase(org.testng.TestRunner@2c4ca0f9)">executeTestcase(org.testng.TestRunner@2c4ca0f9)</a> <!-- method navigator-link -->
                      </span>
                      <br/>
                      <span>
                        <img src="skipped.png" width="3%"/>
                        <a href="#" panel-name="suite-Suite" title="driver.Driver" class="method navigator-link" hash-for-method="executeTestcase(org.testng.TestRunner@2c4ca0f9)">executeTestcase(org.testng.TestRunner@2c4ca0f9)</a> <!-- method navigator-link -->
                      </span>
                      <br/>
                      <span>
                        <img src="skipped.png" width="3%"/>
                        <a href="#" panel-name="suite-Suite" title="driver.Driver" class="method navigator-link" hash-for-method="executeTestcase(org.testng.TestRunner@2c4ca0f9)">executeTestcase(org.testng.TestRunner@2c4ca0f9)</a> <!-- method navigator-link -->
                      </span>
                      <br/>
                      <span>
                        <img src="skipped.png" width="3%"/>
                        <a href="#" panel-name="suite-Suite" title="driver.Driver" class="method navigator-link" hash-for-method="executeTestcase(org.testng.TestRunner@2c4ca0f9)">executeTestcase(org.testng.TestRunner@2c4ca0f9)</a> <!-- method navigator-link -->
                      </span>
                      <br/>
                      <span>
                        <img src="skipped.png" width="3%"/>
                        <a href="#" panel-name="suite-Suite" title="driver.Driver" class="method navigator-link" hash-for-method="executeTestcase(org.testng.TestRunner@2c4ca0f9)">executeTestcase(org.testng.TestRunner@2c4ca0f9)</a> <!-- method navigator-link -->
                      </span>
                      <br/>
                      <span>
                        <img src="skipped.png" width="3%"/>
                        <a href="#" panel-name="suite-Suite" title="driver.Driver" class="method navigator-link" hash-for-method="executeTestcase(org.testng.TestRunner@2c4ca0f9)">executeTestcase(org.testng.TestRunner@2c4ca0f9)</a> <!-- method navigator-link -->
                      </span>
                      <br/>
                      <span>
                        <img src="skipped.png" width="3%"/>
                        <a href="#" panel-name="suite-Suite" title="driver.Driver" class="method navigator-link" hash-for-method="executeTestcase(org.testng.TestRunner@2c4ca0f9)">executeTestcase(org.testng.TestRunner@2c4ca0f9)</a> <!-- method navigator-link -->
                      </span>
                      <br/>
                      <span>
                        <img src="skipped.png" width="3%"/>
                        <a href="#" panel-name="suite-Suite" title="driver.Driver" class="method navigator-link" hash-for-method="executeTestcase(org.testng.TestRunner@2c4ca0f9)">executeTestcase(org.testng.TestRunner@2c4ca0f9)</a> <!-- method navigator-link -->
                      </span>
                      <br/>
                      <span>
                        <img src="skipped.png" width="3%"/>
                        <a href="#" panel-name="suite-Suite" title="driver.Driver" class="method navigator-link" hash-for-method="executeTestcase(org.testng.TestRunner@2c4ca0f9)">executeTestcase(org.testng.TestRunner@2c4ca0f9)</a> <!-- method navigator-link -->
                      </span>
                      <br/>
                      <span>
                        <img src="skipped.png" width="3%"/>
                        <a href="#" panel-name="suite-Suite" title="driver.Driver" class="method navigator-link" hash-for-method="executeTestcase(org.testng.TestRunner@2c4ca0f9)">executeTestcase(org.testng.TestRunner@2c4ca0f9)</a> <!-- method navigator-link -->
                      </span>
                      <br/>
                      <span>
                        <img src="skipped.png" width="3%"/>
                        <a href="#" panel-name="suite-Suite" title="driver.Driver" class="method navigator-link" hash-for-method="executeTestcase(org.testng.TestRunner@2c4ca0f9)">executeTestcase(org.testng.TestRunner@2c4ca0f9)</a> <!-- method navigator-link -->
                      </span>
                      <br/>
                      <span>
                        <img src="skipped.png" width="3%"/>
                        <a href="#" panel-name="suite-Suite" title="driver.Driver" class="method navigator-link" hash-for-method="executeTestcase(org.testng.TestRunner@2c4ca0f9)">executeTestcase(org.testng.TestRunner@2c4ca0f9)</a> <!-- method navigator-link -->
                      </span>
                      <br/>
                      <span>
                        <img src="skipped.png" width="3%"/>
                        <a href="#" panel-name="suite-Suite" title="driver.Driver" class="method navigator-link" hash-for-method="executeTestcase(org.testng.TestRunner@2c4ca0f9)">executeTestcase(org.testng.TestRunner@2c4ca0f9)</a> <!-- method navigator-link -->
                      </span>
                      <br/>
                      <span>
                        <img src="skipped.png" width="3%"/>
                        <a href="#" panel-name="suite-Suite" title="driver.Driver" class="method navigator-link" hash-for-method="executeTestcase(org.testng.TestRunner@2c4ca0f9)">executeTestcase(org.testng.TestRunner@2c4ca0f9)</a> <!-- method navigator-link -->
                      </span>
                      <br/>
                      <span>
                        <img src="skipped.png" width="3%"/>
                        <a href="#" panel-name="suite-Suite" title="driver.Driver" class="method navigator-link" hash-for-method="executeTestcase(org.testng.TestRunner@2c4ca0f9)">executeTestcase(org.testng.TestRunner@2c4ca0f9)</a> <!-- method navigator-link -->
                      </span>
                      <br/>
                      <span>
                        <img src="skipped.png" width="3%"/>
                        <a href="#" panel-name="suite-Suite" title="driver.Driver" class="method navigator-link" hash-for-method="executeTestcase(org.testng.TestRunner@2c4ca0f9)">executeTestcase(org.testng.TestRunner@2c4ca0f9)</a> <!-- method navigator-link -->
                      </span>
                      <br/>
                      <span>
                        <img src="skipped.png" width="3%"/>
                        <a href="#" panel-name="suite-Suite" title="driver.Driver" class="method navigator-link" hash-for-method="executeTestcase(org.testng.TestRunner@2c4ca0f9)">executeTestcase(org.testng.TestRunner@2c4ca0f9)</a> <!-- method navigator-link -->
                      </span>
                      <br/>
                      <span>
                        <img src="skipped.png" width="3%"/>
                        <a href="#" panel-name="suite-Suite" title="driver.Driver" class="method navigator-link" hash-for-method="executeTestcase(org.testng.TestRunner@2c4ca0f9)">executeTestcase(org.testng.TestRunner@2c4ca0f9)</a> <!-- method navigator-link -->
                      </span>
                      <br/>
                      <span>
                        <img src="skipped.png" width="3%"/>
                        <a href="#" panel-name="suite-Suite" title="driver.Driver" class="method navigator-link" hash-for-method="executeTestcase(org.testng.TestRunner@2c4ca0f9)">executeTestcase(org.testng.TestRunner@2c4ca0f9)</a> <!-- method navigator-link -->
                      </span>
                      <br/>
                      <span>
                        <img src="skipped.png" width="3%"/>
                        <a href="#" panel-name="suite-Suite" title="driver.Driver" class="method navigator-link" hash-for-method="executeTestcase(org.testng.TestRunner@2c4ca0f9)">executeTestcase(org.testng.TestRunner@2c4ca0f9)</a> <!-- method navigator-link -->
                      </span>
                      <br/>
                      <span>
                        <img src="skipped.png" width="3%"/>
                        <a href="#" panel-name="suite-Suite" title="driver.Driver" class="method navigator-link" hash-for-method="executeTestcase(org.testng.TestRunner@2c4ca0f9)">executeTestcase(org.testng.TestRunner@2c4ca0f9)</a> <!-- method navigator-link -->
                      </span>
                      <br/>
                      <span>
                        <img src="skipped.png" width="3%"/>
                        <a href="#" panel-name="suite-Suite" title="driver.Driver" class="method navigator-link" hash-for-method="executeTestcase(org.testng.TestRunner@2c4ca0f9)">executeTestcase(org.testng.TestRunner@2c4ca0f9)</a> <!-- method navigator-link -->
                      </span>
                      <br/>
                      <span>
                        <img src="skipped.png" width="3%"/>
                        <a href="#" panel-name="suite-Suite" title="driver.Driver" class="method navigator-link" hash-for-method="executeTestcase(org.testng.TestRunner@2c4ca0f9)">executeTestcase(org.testng.TestRunner@2c4ca0f9)</a> <!-- method navigator-link -->
                      </span>
                      <br/>
                      <span>
                        <img src="skipped.png" width="3%"/>
                        <a href="#" panel-name="suite-Suite" title="driver.Driver" class="method navigator-link" hash-for-method="executeTestcase(org.testng.TestRunner@2c4ca0f9)">executeTestcase(org.testng.TestRunner@2c4ca0f9)</a> <!-- method navigator-link -->
                      </span>
                      <br/>
                      <span>
                        <img src="skipped.png" width="3%"/>
                        <a href="#" panel-name="suite-Suite" title="driver.Driver" class="method navigator-link" hash-for-method="executeTestcase(org.testng.TestRunner@2c4ca0f9)">executeTestcase(org.testng.TestRunner@2c4ca0f9)</a> <!-- method navigator-link -->
                      </span>
                      <br/>
                      <span>
                        <img src="skipped.png" width="3%"/>
                        <a href="#" panel-name="suite-Suite" title="driver.Driver" class="method navigator-link" hash-for-method="executeTestcase(org.testng.TestRunner@2c4ca0f9)">executeTestcase(org.testng.TestRunner@2c4ca0f9)</a> <!-- method navigator-link -->
                      </span>
                      <br/>
                      <span>
                        <img src="skipped.png" width="3%"/>
                        <a href="#" panel-name="suite-Suite" title="driver.Driver" class="method navigator-link" hash-for-method="executeTestcase(org.testng.TestRunner@2c4ca0f9)">executeTestcase(org.testng.TestRunner@2c4ca0f9)</a> <!-- method navigator-link -->
                      </span>
                      <br/>
                      <span>
                        <img src="skipped.png" width="3%"/>
                        <a href="#" panel-name="suite-Suite" title="driver.Driver" class="method navigator-link" hash-for-method="executeTestcase(org.testng.TestRunner@2c4ca0f9)">executeTestcase(org.testng.TestRunner@2c4ca0f9)</a> <!-- method navigator-link -->
                      </span>
                      <br/>
                      <span>
                        <img src="skipped.png" width="3%"/>
                        <a href="#" panel-name="suite-Suite" title="driver.Driver" class="method navigator-link" hash-for-method="executeTestcase(org.testng.TestRunner@2c4ca0f9)">executeTestcase(org.testng.TestRunner@2c4ca0f9)</a> <!-- method navigator-link -->
                      </span>
                      <br/>
                      <span>
                        <img src="skipped.png" width="3%"/>
                        <a href="#" panel-name="suite-Suite" title="driver.Driver" class="method navigator-link" hash-for-method="executeTestcase(org.testng.TestRunner@2c4ca0f9)">executeTestcase(org.testng.TestRunner@2c4ca0f9)</a> <!-- method navigator-link -->
                      </span>
                      <br/>
                      <span>
                        <img src="skipped.png" width="3%"/>
                        <a href="#" panel-name="suite-Suite" title="driver.Driver" class="method navigator-link" hash-for-method="executeTestcase(org.testng.TestRunner@2c4ca0f9)">executeTestcase(org.testng.TestRunner@2c4ca0f9)</a> <!-- method navigator-link -->
                      </span>
                      <br/>
                      <span>
                        <img src="skipped.png" width="3%"/>
                        <a href="#" panel-name="suite-Suite" title="driver.Driver" class="method navigator-link" hash-for-method="executeTestcase(org.testng.TestRunner@2c4ca0f9)">executeTestcase(org.testng.TestRunner@2c4ca0f9)</a> <!-- method navigator-link -->
                      </span>
                      <br/>
                      <span>
                        <img src="skipped.png" width="3%"/>
                        <a href="#" panel-name="suite-Suite" title="driver.Driver" class="method navigator-link" hash-for-method="executeTestcase(org.testng.TestRunner@2c4ca0f9)">executeTestcase(org.testng.TestRunner@2c4ca0f9)</a> <!-- method navigator-link -->
                      </span>
                      <br/>
                      <span>
                        <img src="skipped.png" width="3%"/>
                        <a href="#" panel-name="suite-Suite" title="driver.Driver" class="method navigator-link" hash-for-method="executeTestcase(org.testng.TestRunner@2c4ca0f9)">executeTestcase(org.testng.TestRunner@2c4ca0f9)</a> <!-- method navigator-link -->
                      </span>
                      <br/>
                      <span>
                        <img src="skipped.png" width="3%"/>
                        <a href="#" panel-name="suite-Suite" title="driver.Driver" class="method navigator-link" hash-for-method="executeTestcase(org.testng.TestRunner@2c4ca0f9)">executeTestcase(org.testng.TestRunner@2c4ca0f9)</a> <!-- method navigator-link -->
                      </span>
                      <br/>
                      <span>
                        <img src="skipped.png" width="3%"/>
                        <a href="#" panel-name="suite-Suite" title="driver.Driver" class="method navigator-link" hash-for-method="executeTestcase(org.testng.TestRunner@2c4ca0f9)">executeTestcase(org.testng.TestRunner@2c4ca0f9)</a> <!-- method navigator-link -->
                      </span>
                      <br/>
                      <span>
                        <img src="skipped.png" width="3%"/>
                        <a href="#" panel-name="suite-Suite" title="driver.Driver" class="method navigator-link" hash-for-method="executeTestcase(org.testng.TestRunner@2c4ca0f9)">executeTestcase(org.testng.TestRunner@2c4ca0f9)</a> <!-- method navigator-link -->
                      </span>
                      <br/>
                      <span>
                        <img src="skipped.png" width="3%"/>
                        <a href="#" panel-name="suite-Suite" title="driver.Driver" class="method navigator-link" hash-for-method="executeTestcase(org.testng.TestRunner@2c4ca0f9)">executeTestcase(org.testng.TestRunner@2c4ca0f9)</a> <!-- method navigator-link -->
                      </span>
                      <br/>
                      <span>
                        <img src="skipped.png" width="3%"/>
                        <a href="#" panel-name="suite-Suite" title="driver.Driver" class="method navigator-link" hash-for-method="executeTestcase(org.testng.TestRunner@2c4ca0f9)">executeTestcase(org.testng.TestRunner@2c4ca0f9)</a> <!-- method navigator-link -->
                      </span>
                      <br/>
                      <span>
                        <img src="skipped.png" width="3%"/>
                        <a href="#" panel-name="suite-Suite" title="driver.Driver" class="method navigator-link" hash-for-method="executeTestcase(org.testng.TestRunner@2c4ca0f9)">executeTestcase(org.testng.TestRunner@2c4ca0f9)</a> <!-- method navigator-link -->
                      </span>
                      <br/>
                      <span>
                        <img src="skipped.png" width="3%"/>
                        <a href="#" panel-name="suite-Suite" title="driver.Driver" class="method navigator-link" hash-for-method="executeTestcase(org.testng.TestRunner@2c4ca0f9)">executeTestcase(org.testng.TestRunner@2c4ca0f9)</a> <!-- method navigator-link -->
                      </span>
                      <br/>
                    </div> <!-- method-list-content skipped suite-Suite -->
                  </li>
                </ul>
              </div> <!-- suite-section-content -->
            </div> <!-- result-section -->
          </div> <!-- navigator-suite-content -->
        </div> <!-- rounded-window -->
      </div> <!-- suite -->
    </div> <!-- navigator-root -->
    <div class="wrapper">
      <div class="main-panel-root">
        <div panel-name="suite-Suite" class="panel Suite">
          <div class="suite-Suite-class-failed">
            <div class="main-panel-header rounded-window-top">
              <img src="failed.png"/>
              <span class="class-name">driver.Driver</span>
            </div> <!-- main-panel-header rounded-window-top -->
            <div class="main-panel-content rounded-window-bottom">
              <div class="method">
                <div class="method-content">
                  <a name="executeTestcase(org.testng.TestRunner@2c4ca0f9)">
                  </a> <!-- executeTestcase(org.testng.TestRunner@2c4ca0f9) -->
                  <span class="method-name">executeTestcase</span>
                  <span class="parameters">(org.testng.TestRunner@2c4ca0f9)</span>
                  <div class="stack-trace">java.lang.reflect.InvocationTargetException
	at driver.Driver.executeTestcase(Driver.java:76)
	at java.base/java.util.ArrayList.forEach(ArrayList.java:1541)
Caused by: org.openqa.selenium.NoSuchElementException: no such element: Unable to locate element: {&quot;method&quot;:&quot;xpath&quot;,&quot;selector&quot;:&quot;//*[@data-id=&apos;ix_topparentrelationship.fieldControl-option-set-select&apos;]&quot;}
  (Session info: chrome=94.0.4606.81)
For documentation on this error, please visit: https://www.seleniumhq.org/exceptions/no_such_element.html
Build info: version: &apos;4.0.0-alpha-1&apos;, revision: &apos;d1d3728cae&apos;, time: &apos;2019-04-24T13:42:21&apos;
System info: host: &apos;Z3P4PUGAVS0080&apos;, ip: &apos;10.99.36.94&apos;, os.name: &apos;Windows 10&apos;, os.arch: &apos;amd64&apos;, os.version: &apos;10.0&apos;, java.version: &apos;11.0.10&apos;
Driver info: org.openqa.selenium.chrome.ChromeDriver
Capabilities {acceptInsecureCerts: false, browserName: chrome, browserVersion: 94.0.4606.81, chrome: {chromedriverVersion: 94.0.4606.41 (333e85df3c9b6..., userDataDir: E:\schandr3\AppData\Local\T...}, goog:chromeOptions: {debuggerAddress: localhost:49310}, javascriptEnabled: true, networkConnectionEnabled: false, pageLoadStrategy: normal, platform: WINDOWS, platformName: WINDOWS, proxy: Proxy(), setWindowRect: true, strictFileInteractability: false, timeouts: {implicit: 0, pageLoad: 300000, script: 30000}, unhandledPromptBehavior: dismiss and notify, webauthn:extension:credBlob: true, webauthn:extension:largeBlob: true, webauthn:virtualAuthenticators: true}
Session ID: cddbf86d97186e96ac43c5721b37e633
*** Element info: {Using=xpath, value=//*[@data-id=&apos;ix_topparentrelationship.fieldControl-option-set-select&apos;]}
	at org.openqa.selenium.remote.codec.w3c.W3CHttpResponseCodec.createException(W3CHttpResponseCodec.java:190)
	at org.openqa.selenium.remote.codec.w3c.W3CHttpResponseCodec.decode(W3CHttpResponseCodec.java:124)
	at org.openqa.selenium.remote.codec.w3c.W3CHttpResponseCodec.decode(W3CHttpResponseCodec.java:51)
	at org.openqa.selenium.remote.HttpCommandExecutor.execute(HttpCommandExecutor.java:161)
	at org.openqa.selenium.remote.service.DriverCommandExecutor.execute(DriverCommandExecutor.java:83)
	at org.openqa.selenium.remote.RemoteWebDriver.execute(RemoteWebDriver.java:577)
	at org.openqa.selenium.remote.RemoteWebDriver.findElement(RemoteWebDriver.java:328)
	at org.openqa.selenium.remote.RemoteWebDriver.findElementByXPath(RemoteWebDriver.java:446)
	at org.openqa.selenium.By$ByXPath.findElement(By.java:353)
	at org.openqa.selenium.remote.RemoteWebDriver.findElement(RemoteWebDriver.java:320)
	at org.openqa.selenium.support.events.EventFiringWebDriver.lambda$new$1(EventFiringWebDriver.java:106)
	at com.sun.proxy.$Proxy11.findElement(Unknown Source)
	at org.openqa.selenium.support.events.EventFiringWebDriver.findElement(EventFiringWebDriver.java:195)
	at pages.MemberFormPage.selectTopParentRelationMEF(MemberFormPage.java:869)
	at testcases.Member.TestCase_7139.createMemberTP(TestCase_7139.java:41)
	... 33 more
... Removed 38 stack frames
</div> <!-- stack-trace -->
                </div> <!-- method-content -->
              </div> <!-- method -->
            </div> <!-- main-panel-content rounded-window-bottom -->
          </div> <!-- suite-Suite-class-failed -->
          <div class="suite-Suite-class-skipped">
            <div class="main-panel-header rounded-window-top">
              <img src="skipped.png"/>
              <span class="class-name">driver.Driver</span>
            </div> <!-- main-panel-header rounded-window-top -->
            <div class="main-panel-content rounded-window-bottom">
              <div class="method">
                <div class="method-content">
                  <a name="executeTestcase(org.testng.TestRunner@2c4ca0f9)">
                  </a> <!-- executeTestcase(org.testng.TestRunner@2c4ca0f9) -->
                  <span class="method-name">executeTestcase</span>
                  <span class="parameters">(org.testng.TestRunner@2c4ca0f9)</span>
                  <div class="stack-trace">org.testng.SkipException: Skipping execution for  :TFS ID_ 7485:Verify on &quot;Update&quot; following fields in Limited Member ,&quot;Record status&quot; should get changed to Need Approval.
	at driver.Driver.executeTestcase(Driver.java:81)
	at java.base/java.util.ArrayList.forEach(ArrayList.java:1541)
... Removed 26 stack frames
</div> <!-- stack-trace -->
                </div> <!-- method-content -->
              </div> <!-- method -->
              <div class="method">
                <div class="method-content">
                  <a name="executeTestcase(org.testng.TestRunner@2c4ca0f9)">
                  </a> <!-- executeTestcase(org.testng.TestRunner@2c4ca0f9) -->
                  <span class="method-name">executeTestcase</span>
                  <span class="parameters">(org.testng.TestRunner@2c4ca0f9)</span>
                  <div class="stack-trace">org.testng.SkipException: Skipping execution for  :TFS ID_ 7137:Create new member - New Member form and Save it as prospect first
	at driver.Driver.executeTestcase(Driver.java:81)
	at java.base/java.util.ArrayList.forEach(ArrayList.java:1541)
... Removed 27 stack frames
</div> <!-- stack-trace -->
                </div> <!-- method-content -->
              </div> <!-- method -->
              <div class="method">
                <div class="method-content">
                  <a name="executeTestcase(org.testng.TestRunner@2c4ca0f9)">
                  </a> <!-- executeTestcase(org.testng.TestRunner@2c4ca0f9) -->
                  <span class="method-name">executeTestcase</span>
                  <span class="parameters">(org.testng.TestRunner@2c4ca0f9)</span>
                  <div class="stack-trace">org.testng.SkipException: Skipping execution for  :TFS ID_ 8838:Cloud: Create new Shipto account - New Member entry form and Save it as prospect first
	at driver.Driver.executeTestcase(Driver.java:81)
	at java.base/java.util.ArrayList.forEach(ArrayList.java:1541)
... Removed 27 stack frames
</div> <!-- stack-trace -->
                </div> <!-- method-content -->
              </div> <!-- method -->
              <div class="method">
                <div class="method-content">
                  <a name="executeTestcase(org.testng.TestRunner@2c4ca0f9)">
                  </a> <!-- executeTestcase(org.testng.TestRunner@2c4ca0f9) -->
                  <span class="method-name">executeTestcase</span>
                  <span class="parameters">(org.testng.TestRunner@2c4ca0f9)</span>
                  <div class="stack-trace">org.testng.SkipException: Skipping execution for  :TFS ID_7144:Create new Top Parent member - New Member form and Save it as Member first
	at driver.Driver.executeTestcase(Driver.java:81)
	at java.base/java.util.ArrayList.forEach(ArrayList.java:1541)
... Removed 27 stack frames
</div> <!-- stack-trace -->
                </div> <!-- method-content -->
              </div> <!-- method -->
              <div class="method">
                <div class="method-content">
                  <a name="executeTestcase(org.testng.TestRunner@2c4ca0f9)">
                  </a> <!-- executeTestcase(org.testng.TestRunner@2c4ca0f9) -->
                  <span class="method-name">executeTestcase</span>
                  <span class="parameters">(org.testng.TestRunner@2c4ca0f9)</span>
                  <div class="stack-trace">org.testng.SkipException: Skipping execution for  :TFS ID_7140: Create new member - New Member entry form and Save it as prospect first
	at driver.Driver.executeTestcase(Driver.java:81)
	at java.base/java.util.ArrayList.forEach(ArrayList.java:1541)
... Removed 27 stack frames
</div> <!-- stack-trace -->
                </div> <!-- method-content -->
              </div> <!-- method -->
              <div class="method">
                <div class="method-content">
                  <a name="executeTestcase(org.testng.TestRunner@2c4ca0f9)">
                  </a> <!-- executeTestcase(org.testng.TestRunner@2c4ca0f9) -->
                  <span class="method-name">executeTestcase</span>
                  <span class="parameters">(org.testng.TestRunner@2c4ca0f9)</span>
                  <div class="stack-trace">org.testng.SkipException: Skipping execution for  :TFS ID_ 7473:Change Account status to inactive for a Membership Provider with type &quot;SOAR&quot;
	at driver.Driver.executeTestcase(Driver.java:81)
	at java.base/java.util.ArrayList.forEach(ArrayList.java:1541)
... Removed 26 stack frames
</div> <!-- stack-trace -->
                </div> <!-- method-content -->
              </div> <!-- method -->
              <div class="method">
                <div class="method-content">
                  <a name="executeTestcase(org.testng.TestRunner@2c4ca0f9)">
                  </a> <!-- executeTestcase(org.testng.TestRunner@2c4ca0f9) -->
                  <span class="method-name">executeTestcase</span>
                  <span class="parameters">(org.testng.TestRunner@2c4ca0f9)</span>
                  <div class="stack-trace">org.testng.SkipException: Skipping execution for  :TFS ID_ 8925:Cloud: Verify AG and AG effective date on Account termination when AG populated based on FBO and Business classification is NON Healthcare
	at driver.Driver.executeTestcase(Driver.java:81)
	at java.base/java.util.ArrayList.forEach(ArrayList.java:1541)
... Removed 26 stack frames
</div> <!-- stack-trace -->
                </div> <!-- method-content -->
              </div> <!-- method -->
              <div class="method">
                <div class="method-content">
                  <a name="executeTestcase(org.testng.TestRunner@2c4ca0f9)">
                  </a> <!-- executeTestcase(org.testng.TestRunner@2c4ca0f9) -->
                  <span class="method-name">executeTestcase</span>
                  <span class="parameters">(org.testng.TestRunner@2c4ca0f9)</span>
                  <div class="stack-trace">org.testng.SkipException: Skipping execution for  :TFS ID_ 7157:Modify Address in an existing Supplier Account as a Supplier Supervisor and Verify Record Change Status
	at driver.Driver.executeTestcase(Driver.java:81)
	at java.base/java.util.ArrayList.forEach(ArrayList.java:1541)
... Removed 26 stack frames
</div> <!-- stack-trace -->
                </div> <!-- method-content -->
              </div> <!-- method -->
              <div class="method">
                <div class="method-content">
                  <a name="executeTestcase(org.testng.TestRunner@2c4ca0f9)">
                  </a> <!-- executeTestcase(org.testng.TestRunner@2c4ca0f9) -->
                  <span class="method-name">executeTestcase</span>
                  <span class="parameters">(org.testng.TestRunner@2c4ca0f9)</span>
                  <div class="stack-trace">org.testng.SkipException: Skipping execution for  :TFS ID_ 8927:Cloud: Verify AG and AG effective date on Account termination when AG populated based on FBO and Business classification is Acute
	at driver.Driver.executeTestcase(Driver.java:81)
	at java.base/java.util.ArrayList.forEach(ArrayList.java:1541)
... Removed 26 stack frames
</div> <!-- stack-trace -->
                </div> <!-- method-content -->
              </div> <!-- method -->
              <div class="method">
                <div class="method-content">
                  <a name="executeTestcase(org.testng.TestRunner@2c4ca0f9)">
                  </a> <!-- executeTestcase(org.testng.TestRunner@2c4ca0f9) -->
                  <span class="method-name">executeTestcase</span>
                  <span class="parameters">(org.testng.TestRunner@2c4ca0f9)</span>
                  <div class="stack-trace">org.testng.SkipException: Skipping execution for  :TFS ID_ 8834:Cloud: Verify reactivating a terminated member
	at driver.Driver.executeTestcase(Driver.java:81)
	at java.base/java.util.ArrayList.forEach(ArrayList.java:1541)
... Removed 26 stack frames
</div> <!-- stack-trace -->
                </div> <!-- method-content -->
              </div> <!-- method -->
              <div class="method">
                <div class="method-content">
                  <a name="executeTestcase(org.testng.TestRunner@2c4ca0f9)">
                  </a> <!-- executeTestcase(org.testng.TestRunner@2c4ca0f9) -->
                  <span class="method-name">executeTestcase</span>
                  <span class="parameters">(org.testng.TestRunner@2c4ca0f9)</span>
                  <div class="stack-trace">org.testng.SkipException: Skipping execution for  :TFS ID_9191:Cloud - Create a supplier child account
	at driver.Driver.executeTestcase(Driver.java:81)
	at java.base/java.util.ArrayList.forEach(ArrayList.java:1541)
... Removed 26 stack frames
</div> <!-- stack-trace -->
                </div> <!-- method-content -->
              </div> <!-- method -->
              <div class="method">
                <div class="method-content">
                  <a name="executeTestcase(org.testng.TestRunner@2c4ca0f9)">
                  </a> <!-- executeTestcase(org.testng.TestRunner@2c4ca0f9) -->
                  <span class="method-name">executeTestcase</span>
                  <span class="parameters">(org.testng.TestRunner@2c4ca0f9)</span>
                  <div class="stack-trace">org.testng.SkipException: Skipping execution for  :TFS ID_8952:Cloud -Create a supplier all type of location type accounts
	at driver.Driver.executeTestcase(Driver.java:81)
	at java.base/java.util.ArrayList.forEach(ArrayList.java:1541)
... Removed 26 stack frames
</div> <!-- stack-trace -->
                </div> <!-- method-content -->
              </div> <!-- method -->
              <div class="method">
                <div class="method-content">
                  <a name="executeTestcase(org.testng.TestRunner@2c4ca0f9)">
                  </a> <!-- executeTestcase(org.testng.TestRunner@2c4ca0f9) -->
                  <span class="method-name">executeTestcase</span>
                  <span class="parameters">(org.testng.TestRunner@2c4ca0f9)</span>
                  <div class="stack-trace">org.testng.SkipException: Skipping execution for  :TFS ID_8953:Cloud -Terminate a supplier location type account
	at driver.Driver.executeTestcase(Driver.java:81)
	at java.base/java.util.ArrayList.forEach(ArrayList.java:1541)
... Removed 26 stack frames
</div> <!-- stack-trace -->
                </div> <!-- method-content -->
              </div> <!-- method -->
              <div class="method">
                <div class="method-content">
                  <a name="executeTestcase(org.testng.TestRunner@2c4ca0f9)">
                  </a> <!-- executeTestcase(org.testng.TestRunner@2c4ca0f9) -->
                  <span class="method-name">executeTestcase</span>
                  <span class="parameters">(org.testng.TestRunner@2c4ca0f9)</span>
                  <div class="stack-trace">org.testng.SkipException: Skipping execution for  :TFS ID_8946:Cloud -Verify if Supplier User is not able to publish Supplier form directly or from draft through UI
	at driver.Driver.executeTestcase(Driver.java:81)
	at java.base/java.util.ArrayList.forEach(ArrayList.java:1541)
... Removed 26 stack frames
</div> <!-- stack-trace -->
                </div> <!-- method-content -->
              </div> <!-- method -->
              <div class="method">
                <div class="method-content">
                  <a name="executeTestcase(org.testng.TestRunner@2c4ca0f9)">
                  </a> <!-- executeTestcase(org.testng.TestRunner@2c4ca0f9) -->
                  <span class="method-name">executeTestcase</span>
                  <span class="parameters">(org.testng.TestRunner@2c4ca0f9)</span>
                  <div class="stack-trace">org.testng.SkipException: Skipping execution for  :TFS ID_8755:Cloud : Restrict when user enters blank job function in Contact account associations
	at driver.Driver.executeTestcase(Driver.java:81)
	at java.base/java.util.ArrayList.forEach(ArrayList.java:1541)
... Removed 26 stack frames
</div> <!-- stack-trace -->
                </div> <!-- method-content -->
              </div> <!-- method -->
              <div class="method">
                <div class="method-content">
                  <a name="executeTestcase(org.testng.TestRunner@2c4ca0f9)">
                  </a> <!-- executeTestcase(org.testng.TestRunner@2c4ca0f9) -->
                  <span class="method-name">executeTestcase</span>
                  <span class="parameters">(org.testng.TestRunner@2c4ca0f9)</span>
                  <div class="stack-trace">org.testng.SkipException: Skipping execution for  :TFS ID_7138:Create new member - New Member form through sub account and save it as prospect first
	at driver.Driver.executeTestcase(Driver.java:81)
	at java.base/java.util.ArrayList.forEach(ArrayList.java:1541)
... Removed 27 stack frames
</div> <!-- stack-trace -->
                </div> <!-- method-content -->
              </div> <!-- method -->
              <div class="method">
                <div class="method-content">
                  <a name="executeTestcase(org.testng.TestRunner@2c4ca0f9)">
                  </a> <!-- executeTestcase(org.testng.TestRunner@2c4ca0f9) -->
                  <span class="method-name">executeTestcase</span>
                  <span class="parameters">(org.testng.TestRunner@2c4ca0f9)</span>
                  <div class="stack-trace">org.testng.SkipException: Skipping execution for  :TFS ID_ 8837:Cloud: Create new Bill to account - New Member form and Save it as prospect first
	at driver.Driver.executeTestcase(Driver.java:81)
	at java.base/java.util.ArrayList.forEach(ArrayList.java:1541)
... Removed 27 stack frames
</div> <!-- stack-trace -->
                </div> <!-- method-content -->
              </div> <!-- method -->
              <div class="method">
                <div class="method-content">
                  <a name="executeTestcase(org.testng.TestRunner@2c4ca0f9)">
                  </a> <!-- executeTestcase(org.testng.TestRunner@2c4ca0f9) -->
                  <span class="method-name">executeTestcase</span>
                  <span class="parameters">(org.testng.TestRunner@2c4ca0f9)</span>
                  <div class="stack-trace">org.testng.SkipException: Skipping execution for  :TFS ID_ 7608:Create a new contact and add job function and communication/publication
	at driver.Driver.executeTestcase(Driver.java:81)
	at java.base/java.util.ArrayList.forEach(ArrayList.java:1541)
... Removed 26 stack frames
</div> <!-- stack-trace -->
                </div> <!-- method-content -->
              </div> <!-- method -->
              <div class="method">
                <div class="method-content">
                  <a name="executeTestcase(org.testng.TestRunner@2c4ca0f9)">
                  </a> <!-- executeTestcase(org.testng.TestRunner@2c4ca0f9) -->
                  <span class="method-name">executeTestcase</span>
                  <span class="parameters">(org.testng.TestRunner@2c4ca0f9)</span>
                  <div class="stack-trace">org.testng.SkipException: Skipping execution for  :TFS ID_ 8954:Cloud -Create a new supplier and add existing contact as a Primary contact
	at driver.Driver.executeTestcase(Driver.java:81)
	at java.base/java.util.ArrayList.forEach(ArrayList.java:1541)
... Removed 26 stack frames
</div> <!-- stack-trace -->
                </div> <!-- method-content -->
              </div> <!-- method -->
              <div class="method">
                <div class="method-content">
                  <a name="executeTestcase(org.testng.TestRunner@2c4ca0f9)">
                  </a> <!-- executeTestcase(org.testng.TestRunner@2c4ca0f9) -->
                  <span class="method-name">executeTestcase</span>
                  <span class="parameters">(org.testng.TestRunner@2c4ca0f9)</span>
                  <div class="stack-trace">org.testng.SkipException: Skipping execution for  :TFS ID_  8949:Cloud -Supplier account can not be inactive
	at driver.Driver.executeTestcase(Driver.java:81)
	at java.base/java.util.ArrayList.forEach(ArrayList.java:1541)
... Removed 26 stack frames
</div> <!-- stack-trace -->
                </div> <!-- method-content -->
              </div> <!-- method -->
              <div class="method">
                <div class="method-content">
                  <a name="executeTestcase(org.testng.TestRunner@2c4ca0f9)">
                  </a> <!-- executeTestcase(org.testng.TestRunner@2c4ca0f9) -->
                  <span class="method-name">executeTestcase</span>
                  <span class="parameters">(org.testng.TestRunner@2c4ca0f9)</span>
                  <div class="stack-trace">org.testng.SkipException: Skipping execution for  :TFS ID_ 7545:Verify Premier Start Date is not calculated before adding any memberships to the account
	at driver.Driver.executeTestcase(Driver.java:81)
	at java.base/java.util.ArrayList.forEach(ArrayList.java:1541)
... Removed 26 stack frames
</div> <!-- stack-trace -->
                </div> <!-- method-content -->
              </div> <!-- method -->
              <div class="method">
                <div class="method-content">
                  <a name="executeTestcase(org.testng.TestRunner@2c4ca0f9)">
                  </a> <!-- executeTestcase(org.testng.TestRunner@2c4ca0f9) -->
                  <span class="method-name">executeTestcase</span>
                  <span class="parameters">(org.testng.TestRunner@2c4ca0f9)</span>
                  <div class="stack-trace">org.testng.SkipException: Skipping execution for  :TFS ID_ 7162 :Convert a Supplier Main Account to Ship To Location Type Account using Supplier  Supervisor Login
	at driver.Driver.executeTestcase(Driver.java:81)
	at java.base/java.util.ArrayList.forEach(ArrayList.java:1541)
... Removed 26 stack frames
</div> <!-- stack-trace -->
                </div> <!-- method-content -->
              </div> <!-- method -->
              <div class="method">
                <div class="method-content">
                  <a name="executeTestcase(org.testng.TestRunner@2c4ca0f9)">
                  </a> <!-- executeTestcase(org.testng.TestRunner@2c4ca0f9) -->
                  <span class="method-name">executeTestcase</span>
                  <span class="parameters">(org.testng.TestRunner@2c4ca0f9)</span>
                  <div class="stack-trace">org.testng.SkipException: Skipping execution for  :TFS ID_ 7474:Change Account status to Terminated for a Membership Provider with type &quot;Aggregation Affiliation&quot;
	at driver.Driver.executeTestcase(Driver.java:81)
	at java.base/java.util.ArrayList.forEach(ArrayList.java:1541)
... Removed 26 stack frames
</div> <!-- stack-trace -->
                </div> <!-- method-content -->
              </div> <!-- method -->
              <div class="method">
                <div class="method-content">
                  <a name="executeTestcase(org.testng.TestRunner@2c4ca0f9)">
                  </a> <!-- executeTestcase(org.testng.TestRunner@2c4ca0f9) -->
                  <span class="method-name">executeTestcase</span>
                  <span class="parameters">(org.testng.TestRunner@2c4ca0f9)</span>
                  <div class="stack-trace">org.testng.SkipException: Skipping execution for  :TFS ID_7149:Create new Shipto account for conversion scenario - New Member form and Save it as member first
	at driver.Driver.executeTestcase(Driver.java:81)
	at java.base/java.util.ArrayList.forEach(ArrayList.java:1541)
... Removed 27 stack frames
</div> <!-- stack-trace -->
                </div> <!-- method-content -->
              </div> <!-- method -->
              <div class="method">
                <div class="method-content">
                  <a name="executeTestcase(org.testng.TestRunner@2c4ca0f9)">
                  </a> <!-- executeTestcase(org.testng.TestRunner@2c4ca0f9) -->
                  <span class="method-name">executeTestcase</span>
                  <span class="parameters">(org.testng.TestRunner@2c4ca0f9)</span>
                  <div class="stack-trace">org.testng.SkipException: Skipping execution for  :TFS ID_ 7156:Modify Address in an existing Supplier Account and re-publish as a Supplier Supervisor. Same Entity code should be retained
	at driver.Driver.executeTestcase(Driver.java:81)
	at java.base/java.util.ArrayList.forEach(ArrayList.java:1541)
... Removed 26 stack frames
</div> <!-- stack-trace -->
                </div> <!-- method-content -->
              </div> <!-- method -->
              <div class="method">
                <div class="method-content">
                  <a name="executeTestcase(org.testng.TestRunner@2c4ca0f9)">
                  </a> <!-- executeTestcase(org.testng.TestRunner@2c4ca0f9) -->
                  <span class="method-name">executeTestcase</span>
                  <span class="parameters">(org.testng.TestRunner@2c4ca0f9)</span>
                  <div class="stack-trace">org.testng.SkipException: Skipping execution for  :TFS ID_ 1111:Create Member with all available fields
	at driver.Driver.executeTestcase(Driver.java:81)
	at java.base/java.util.ArrayList.forEach(ArrayList.java:1541)
... Removed 26 stack frames
</div> <!-- stack-trace -->
                </div> <!-- method-content -->
              </div> <!-- method -->
              <div class="method">
                <div class="method-content">
                  <a name="executeTestcase(org.testng.TestRunner@2c4ca0f9)">
                  </a> <!-- executeTestcase(org.testng.TestRunner@2c4ca0f9) -->
                  <span class="method-name">executeTestcase</span>
                  <span class="parameters">(org.testng.TestRunner@2c4ca0f9)</span>
                  <div class="stack-trace">org.testng.SkipException: Skipping execution for  :TFS ID_8934:Cloud: Verify AG and AG effective date on Account creation when AG populated based on FBO and Business classification is NON Healthcare
	at driver.Driver.executeTestcase(Driver.java:81)
	at java.base/java.util.ArrayList.forEach(ArrayList.java:1541)
... Removed 26 stack frames
</div> <!-- stack-trace -->
                </div> <!-- method-content -->
              </div> <!-- method -->
              <div class="method">
                <div class="method-content">
                  <a name="executeTestcase(org.testng.TestRunner@2c4ca0f9)">
                  </a> <!-- executeTestcase(org.testng.TestRunner@2c4ca0f9) -->
                  <span class="method-name">executeTestcase</span>
                  <span class="parameters">(org.testng.TestRunner@2c4ca0f9)</span>
                  <div class="stack-trace">org.testng.SkipException: Skipping execution for  :TFS ID_8931:Cloud: Verify AG and AG effective date on Account termination when AG populated based on DP and Business classification is NON Healthcare
	at driver.Driver.executeTestcase(Driver.java:81)
	at java.base/java.util.ArrayList.forEach(ArrayList.java:1541)
... Removed 26 stack frames
</div> <!-- stack-trace -->
                </div> <!-- method-content -->
              </div> <!-- method -->
              <div class="method">
                <div class="method-content">
                  <a name="executeTestcase(org.testng.TestRunner@2c4ca0f9)">
                  </a> <!-- executeTestcase(org.testng.TestRunner@2c4ca0f9) -->
                  <span class="method-name">executeTestcase</span>
                  <span class="parameters">(org.testng.TestRunner@2c4ca0f9)</span>
                  <div class="stack-trace">org.testng.SkipException: Skipping execution for  :TFS ID_8939:Cloud: Verify AG and AG effective date on Account creation when AG populated based on TP and Business classification is Acute
	at driver.Driver.executeTestcase(Driver.java:81)
	at java.base/java.util.ArrayList.forEach(ArrayList.java:1541)
... Removed 26 stack frames
</div> <!-- stack-trace -->
                </div> <!-- method-content -->
              </div> <!-- method -->
              <div class="method">
                <div class="method-content">
                  <a name="executeTestcase(org.testng.TestRunner@2c4ca0f9)">
                  </a> <!-- executeTestcase(org.testng.TestRunner@2c4ca0f9) -->
                  <span class="method-name">executeTestcase</span>
                  <span class="parameters">(org.testng.TestRunner@2c4ca0f9)</span>
                  <div class="stack-trace">org.testng.SkipException: Skipping execution for  :TFS ID_8749:Cloud : Verify if primary account of a contact has been changed then other associated Contact account association should not get end dated
	at driver.Driver.executeTestcase(Driver.java:81)
	at java.base/java.util.ArrayList.forEach(ArrayList.java:1541)
... Removed 26 stack frames
</div> <!-- stack-trace -->
                </div> <!-- method-content -->
              </div> <!-- method -->
              <div class="method">
                <div class="method-content">
                  <a name="executeTestcase(org.testng.TestRunner@2c4ca0f9)">
                  </a> <!-- executeTestcase(org.testng.TestRunner@2c4ca0f9) -->
                  <span class="method-name">executeTestcase</span>
                  <span class="parameters">(org.testng.TestRunner@2c4ca0f9)</span>
                  <div class="stack-trace">org.testng.SkipException: Skipping execution for  :TFS ID_ 8835:Cloud: Add and update Primary contact to a Member account
	at driver.Driver.executeTestcase(Driver.java:81)
	at java.base/java.util.ArrayList.forEach(ArrayList.java:1541)
... Removed 26 stack frames
</div> <!-- stack-trace -->
                </div> <!-- method-content -->
              </div> <!-- method -->
              <div class="method">
                <div class="method-content">
                  <a name="executeTestcase(org.testng.TestRunner@2c4ca0f9)">
                  </a> <!-- executeTestcase(org.testng.TestRunner@2c4ca0f9) -->
                  <span class="method-name">executeTestcase</span>
                  <span class="parameters">(org.testng.TestRunner@2c4ca0f9)</span>
                  <div class="stack-trace">org.testng.SkipException: Skipping execution for  :TFS ID_ 7159 :Create a supplier under DP -Save and Publish Supplier Supervisor Login
	at driver.Driver.executeTestcase(Driver.java:81)
	at java.base/java.util.ArrayList.forEach(ArrayList.java:1541)
... Removed 26 stack frames
</div> <!-- stack-trace -->
                </div> <!-- method-content -->
              </div> <!-- method -->
              <div class="method">
                <div class="method-content">
                  <a name="executeTestcase(org.testng.TestRunner@2c4ca0f9)">
                  </a> <!-- executeTestcase(org.testng.TestRunner@2c4ca0f9) -->
                  <span class="method-name">executeTestcase</span>
                  <span class="parameters">(org.testng.TestRunner@2c4ca0f9)</span>
                  <div class="stack-trace">org.testng.SkipException: Skipping execution for  :TFS ID_7141:Create new member - New Member form and Save it as member first
	at driver.Driver.executeTestcase(Driver.java:81)
	at java.base/java.util.ArrayList.forEach(ArrayList.java:1541)
... Removed 27 stack frames
</div> <!-- stack-trace -->
                </div> <!-- method-content -->
              </div> <!-- method -->
              <div class="method">
                <div class="method-content">
                  <a name="executeTestcase(org.testng.TestRunner@2c4ca0f9)">
                  </a> <!-- executeTestcase(org.testng.TestRunner@2c4ca0f9) -->
                  <span class="method-name">executeTestcase</span>
                  <span class="parameters">(org.testng.TestRunner@2c4ca0f9)</span>
                  <div class="stack-trace">org.testng.SkipException: Skipping execution for  :TFS ID_8945:Cloud -Verify if the Supplier is Published directly through UI is moved to siebel by Supplier Supervisor
	at driver.Driver.executeTestcase(Driver.java:81)
	at java.base/java.util.ArrayList.forEach(ArrayList.java:1541)
... Removed 26 stack frames
</div> <!-- stack-trace -->
                </div> <!-- method-content -->
              </div> <!-- method -->
              <div class="method">
                <div class="method-content">
                  <a name="executeTestcase(org.testng.TestRunner@2c4ca0f9)">
                  </a> <!-- executeTestcase(org.testng.TestRunner@2c4ca0f9) -->
                  <span class="method-name">executeTestcase</span>
                  <span class="parameters">(org.testng.TestRunner@2c4ca0f9)</span>
                  <div class="stack-trace">org.testng.SkipException: Skipping execution for  :TFS ID_ 7671:Verify Premier Start date is updated in member form when Premier Membership is created in Prospect.
	at driver.Driver.executeTestcase(Driver.java:81)
	at java.base/java.util.ArrayList.forEach(ArrayList.java:1541)
... Removed 26 stack frames
</div> <!-- stack-trace -->
                </div> <!-- method-content -->
              </div> <!-- method -->
              <div class="method">
                <div class="method-content">
                  <a name="executeTestcase(org.testng.TestRunner@2c4ca0f9)">
                  </a> <!-- executeTestcase(org.testng.TestRunner@2c4ca0f9) -->
                  <span class="method-name">executeTestcase</span>
                  <span class="parameters">(org.testng.TestRunner@2c4ca0f9)</span>
                  <div class="stack-trace">org.testng.SkipException: Skipping execution for  :TFS ID_8923:Cloud: Verify AG and AG effective date on Account termination when AG populated for NONGPO account
	at driver.Driver.executeTestcase(Driver.java:81)
	at java.base/java.util.ArrayList.forEach(ArrayList.java:1541)
... Removed 26 stack frames
</div> <!-- stack-trace -->
                </div> <!-- method-content -->
              </div> <!-- method -->
              <div class="method">
                <div class="method-content">
                  <a name="executeTestcase(org.testng.TestRunner@2c4ca0f9)">
                  </a> <!-- executeTestcase(org.testng.TestRunner@2c4ca0f9) -->
                  <span class="method-name">executeTestcase</span>
                  <span class="parameters">(org.testng.TestRunner@2c4ca0f9)</span>
                  <div class="stack-trace">org.testng.SkipException: Skipping execution for  :TFS ID_8930:Cloud: Verify AG and AG effective date on Account termination when AG populated based on TP and Business classification is Acute
	at driver.Driver.executeTestcase(Driver.java:81)
	at java.base/java.util.ArrayList.forEach(ArrayList.java:1541)
... Removed 26 stack frames
</div> <!-- stack-trace -->
                </div> <!-- method-content -->
              </div> <!-- method -->
              <div class="method">
                <div class="method-content">
                  <a name="executeTestcase(org.testng.TestRunner@2c4ca0f9)">
                  </a> <!-- executeTestcase(org.testng.TestRunner@2c4ca0f9) -->
                  <span class="method-name">executeTestcase</span>
                  <span class="parameters">(org.testng.TestRunner@2c4ca0f9)</span>
                  <div class="stack-trace">org.testng.SkipException: Skipping execution for  :TFS ID_ 8924:Cloud: Verify AG and AG effective date on Account creation when AG populated for NONGPO account
	at driver.Driver.executeTestcase(Driver.java:81)
	at java.base/java.util.ArrayList.forEach(ArrayList.java:1541)
... Removed 26 stack frames
</div> <!-- stack-trace -->
                </div> <!-- method-content -->
              </div> <!-- method -->
              <div class="method">
                <div class="method-content">
                  <a name="executeTestcase(org.testng.TestRunner@2c4ca0f9)">
                  </a> <!-- executeTestcase(org.testng.TestRunner@2c4ca0f9) -->
                  <span class="method-name">executeTestcase</span>
                  <span class="parameters">(org.testng.TestRunner@2c4ca0f9)</span>
                  <div class="stack-trace">org.testng.SkipException: Skipping execution for  :TFS ID_ 8841:Cloud: Create new Top Parent member - New Member form and Save it as prospect first
	at driver.Driver.executeTestcase(Driver.java:81)
	at java.base/java.util.ArrayList.forEach(ArrayList.java:1541)
... Removed 27 stack frames
</div> <!-- stack-trace -->
                </div> <!-- method-content -->
              </div> <!-- method -->
              <div class="method">
                <div class="method-content">
                  <a name="executeTestcase(org.testng.TestRunner@2c4ca0f9)">
                  </a> <!-- executeTestcase(org.testng.TestRunner@2c4ca0f9) -->
                  <span class="method-name">executeTestcase</span>
                  <span class="parameters">(org.testng.TestRunner@2c4ca0f9)</span>
                  <div class="stack-trace">org.testng.SkipException: Skipping execution for  :TFS ID_ 9183:Cloud-Create a supplier Top Parent_Save and Publish as a Supplier Supervisor
	at driver.Driver.executeTestcase(Driver.java:81)
	at java.base/java.util.ArrayList.forEach(ArrayList.java:1541)
... Removed 26 stack frames
</div> <!-- stack-trace -->
                </div> <!-- method-content -->
              </div> <!-- method -->
              <div class="method">
                <div class="method-content">
                  <a name="executeTestcase(org.testng.TestRunner@2c4ca0f9)">
                  </a> <!-- executeTestcase(org.testng.TestRunner@2c4ca0f9) -->
                  <span class="method-name">executeTestcase</span>
                  <span class="parameters">(org.testng.TestRunner@2c4ca0f9)</span>
                  <div class="stack-trace">org.testng.SkipException: Skipping execution for  :TFS ID_ 7161 :Convert a Supplier Ship To Location Type to Main Account using Supplier  Supervisor Login
	at driver.Driver.executeTestcase(Driver.java:81)
	at java.base/java.util.ArrayList.forEach(ArrayList.java:1541)
... Removed 26 stack frames
</div> <!-- stack-trace -->
                </div> <!-- method-content -->
              </div> <!-- method -->
              <div class="method">
                <div class="method-content">
                  <a name="executeTestcase(org.testng.TestRunner@2c4ca0f9)">
                  </a> <!-- executeTestcase(org.testng.TestRunner@2c4ca0f9) -->
                  <span class="method-name">executeTestcase</span>
                  <span class="parameters">(org.testng.TestRunner@2c4ca0f9)</span>
                  <div class="stack-trace">org.testng.SkipException: Skipping execution for  :TFS ID_ 7158:Modify Address in an existing Supplier Account as a Supplier and Verify Record Change Status
	at driver.Driver.executeTestcase(Driver.java:81)
	at java.base/java.util.ArrayList.forEach(ArrayList.java:1541)
... Removed 26 stack frames
</div> <!-- stack-trace -->
                </div> <!-- method-content -->
              </div> <!-- method -->
              <div class="method">
                <div class="method-content">
                  <a name="executeTestcase(org.testng.TestRunner@2c4ca0f9)">
                  </a> <!-- executeTestcase(org.testng.TestRunner@2c4ca0f9) -->
                  <span class="method-name">executeTestcase</span>
                  <span class="parameters">(org.testng.TestRunner@2c4ca0f9)</span>
                  <div class="stack-trace">org.testng.SkipException: Skipping execution for  :TFS ID_8751:Cloud : Verify once the Contact&apos;s relationship end date is updated then its job function and communications should get terminated
	at driver.Driver.executeTestcase(Driver.java:81)
	at java.base/java.util.ArrayList.forEach(ArrayList.java:1541)
... Removed 26 stack frames
</div> <!-- stack-trace -->
                </div> <!-- method-content -->
              </div> <!-- method -->
              <div class="method">
                <div class="method-content">
                  <a name="executeTestcase(org.testng.TestRunner@2c4ca0f9)">
                  </a> <!-- executeTestcase(org.testng.TestRunner@2c4ca0f9) -->
                  <span class="method-name">executeTestcase</span>
                  <span class="parameters">(org.testng.TestRunner@2c4ca0f9)</span>
                  <div class="stack-trace">org.testng.SkipException: Skipping execution for  :TFS ID_ 7491:Create New Business Partner account using member supervisor
	at driver.Driver.executeTestcase(Driver.java:81)
	at java.base/java.util.ArrayList.forEach(ArrayList.java:1541)
... Removed 26 stack frames
</div> <!-- stack-trace -->
                </div> <!-- method-content -->
              </div> <!-- method -->
              <div class="method">
                <div class="method-content">
                  <a name="executeTestcase(org.testng.TestRunner@2c4ca0f9)">
                  </a> <!-- executeTestcase(org.testng.TestRunner@2c4ca0f9) -->
                  <span class="method-name">executeTestcase</span>
                  <span class="parameters">(org.testng.TestRunner@2c4ca0f9)</span>
                  <div class="stack-trace">org.testng.SkipException: Skipping execution for  :TFS ID_8937:Cloud: Verify AG and AG effective date on Account creation when AG populated based on TP and Business classification is NON Healthcare
	at driver.Driver.executeTestcase(Driver.java:81)
	at java.base/java.util.ArrayList.forEach(ArrayList.java:1541)
... Removed 26 stack frames
</div> <!-- stack-trace -->
                </div> <!-- method-content -->
              </div> <!-- method -->
              <div class="method">
                <div class="method-content">
                  <a name="executeTestcase(org.testng.TestRunner@2c4ca0f9)">
                  </a> <!-- executeTestcase(org.testng.TestRunner@2c4ca0f9) -->
                  <span class="method-name">executeTestcase</span>
                  <span class="parameters">(org.testng.TestRunner@2c4ca0f9)</span>
                  <div class="stack-trace">org.testng.SkipException: Skipping execution for  :TFS ID_8929:Cloud: Verify AG and AG effective date on Account termination when AG populated based on TP and Business classification is Alternate site
	at driver.Driver.executeTestcase(Driver.java:81)
	at java.base/java.util.ArrayList.forEach(ArrayList.java:1541)
... Removed 26 stack frames
</div> <!-- stack-trace -->
                </div> <!-- method-content -->
              </div> <!-- method -->
              <div class="method">
                <div class="method-content">
                  <a name="executeTestcase(org.testng.TestRunner@2c4ca0f9)">
                  </a> <!-- executeTestcase(org.testng.TestRunner@2c4ca0f9) -->
                  <span class="method-name">executeTestcase</span>
                  <span class="parameters">(org.testng.TestRunner@2c4ca0f9)</span>
                  <div class="stack-trace">org.testng.SkipException: Skipping execution for  :TTFS ID_8940:Cloud: Verify AG and AG effective date on Account creation when AG populated based on DP and Business classification is NON Healthcare
	at driver.Driver.executeTestcase(Driver.java:81)
	at java.base/java.util.ArrayList.forEach(ArrayList.java:1541)
... Removed 26 stack frames
</div> <!-- stack-trace -->
                </div> <!-- method-content -->
              </div> <!-- method -->
              <div class="method">
                <div class="method-content">
                  <a name="executeTestcase(org.testng.TestRunner@2c4ca0f9)">
                  </a> <!-- executeTestcase(org.testng.TestRunner@2c4ca0f9) -->
                  <span class="method-name">executeTestcase</span>
                  <span class="parameters">(org.testng.TestRunner@2c4ca0f9)</span>
                  <div class="stack-trace">org.testng.SkipException: Skipping execution for  :TFS ID_ 7277:Verify member account can not be published without one active Premier membership created
	at driver.Driver.executeTestcase(Driver.java:81)
	at java.base/java.util.ArrayList.forEach(ArrayList.java:1541)
... Removed 26 stack frames
</div> <!-- stack-trace -->
                </div> <!-- method-content -->
              </div> <!-- method -->
              <div class="method">
                <div class="method-content">
                  <a name="executeTestcase(org.testng.TestRunner@2c4ca0f9)">
                  </a> <!-- executeTestcase(org.testng.TestRunner@2c4ca0f9) -->
                  <span class="method-name">executeTestcase</span>
                  <span class="parameters">(org.testng.TestRunner@2c4ca0f9)</span>
                  <div class="stack-trace">org.testng.SkipException: Skipping execution for  :TFS ID_ 7154 :Create a supplier under a DP and save using Supplier Login
	at driver.Driver.executeTestcase(Driver.java:81)
	at java.base/java.util.ArrayList.forEach(ArrayList.java:1541)
... Removed 26 stack frames
</div> <!-- stack-trace -->
                </div> <!-- method-content -->
              </div> <!-- method -->
              <div class="method">
                <div class="method-content">
                  <a name="executeTestcase(org.testng.TestRunner@2c4ca0f9)">
                  </a> <!-- executeTestcase(org.testng.TestRunner@2c4ca0f9) -->
                  <span class="method-name">executeTestcase</span>
                  <span class="parameters">(org.testng.TestRunner@2c4ca0f9)</span>
                  <div class="stack-trace">org.testng.SkipException: Skipping execution for  :TFS ID_7142: Create new member - New Member entry form and Save it as member first
	at driver.Driver.executeTestcase(Driver.java:81)
	at java.base/java.util.ArrayList.forEach(ArrayList.java:1541)
... Removed 27 stack frames
</div> <!-- stack-trace -->
                </div> <!-- method-content -->
              </div> <!-- method -->
              <div class="method">
                <div class="method-content">
                  <a name="executeTestcase(org.testng.TestRunner@2c4ca0f9)">
                  </a> <!-- executeTestcase(org.testng.TestRunner@2c4ca0f9) -->
                  <span class="method-name">executeTestcase</span>
                  <span class="parameters">(org.testng.TestRunner@2c4ca0f9)</span>
                  <div class="stack-trace">org.testng.SkipException: Skipping execution for  :TFS ID_7150: Create new Shipto to main account conversion
	at driver.Driver.executeTestcase(Driver.java:81)
	at java.base/java.util.ArrayList.forEach(ArrayList.java:1541)
... Removed 27 stack frames
</div> <!-- stack-trace -->
                </div> <!-- method-content -->
              </div> <!-- method -->
              <div class="method">
                <div class="method-content">
                  <a name="executeTestcase(org.testng.TestRunner@2c4ca0f9)">
                  </a> <!-- executeTestcase(org.testng.TestRunner@2c4ca0f9) -->
                  <span class="method-name">executeTestcase</span>
                  <span class="parameters">(org.testng.TestRunner@2c4ca0f9)</span>
                  <div class="stack-trace">org.testng.SkipException: Skipping execution for  :TFS ID_ 8836:Cloud: Create new Mail to account - New Member form and Save it as prospect first
	at driver.Driver.executeTestcase(Driver.java:81)
	at java.base/java.util.ArrayList.forEach(ArrayList.java:1541)
... Removed 27 stack frames
</div> <!-- stack-trace -->
                </div> <!-- method-content -->
              </div> <!-- method -->
              <div class="method">
                <div class="method-content">
                  <a name="executeTestcase(org.testng.TestRunner@2c4ca0f9)">
                  </a> <!-- executeTestcase(org.testng.TestRunner@2c4ca0f9) -->
                  <span class="method-name">executeTestcase</span>
                  <span class="parameters">(org.testng.TestRunner@2c4ca0f9)</span>
                  <div class="stack-trace">org.testng.SkipException: Skipping execution for  :TFS ID_ 5921 : Create a supplier top parent
	at driver.Driver.executeTestcase(Driver.java:81)
	at java.base/java.util.ArrayList.forEach(ArrayList.java:1541)
... Removed 26 stack frames
</div> <!-- stack-trace -->
                </div> <!-- method-content -->
              </div> <!-- method -->
              <div class="method">
                <div class="method-content">
                  <a name="executeTestcase(org.testng.TestRunner@2c4ca0f9)">
                  </a> <!-- executeTestcase(org.testng.TestRunner@2c4ca0f9) -->
                  <span class="method-name">executeTestcase</span>
                  <span class="parameters">(org.testng.TestRunner@2c4ca0f9)</span>
                  <div class="stack-trace">org.testng.SkipException: Skipping execution for  :TFS ID_9192:Cloud - Verify a supplier can not be terminated if its has active child account
	at driver.Driver.executeTestcase(Driver.java:81)
	at java.base/java.util.ArrayList.forEach(ArrayList.java:1541)
... Removed 26 stack frames
</div> <!-- stack-trace -->
                </div> <!-- method-content -->
              </div> <!-- method -->
              <div class="method">
                <div class="method-content">
                  <a name="executeTestcase(org.testng.TestRunner@2c4ca0f9)">
                  </a> <!-- executeTestcase(org.testng.TestRunner@2c4ca0f9) -->
                  <span class="method-name">executeTestcase</span>
                  <span class="parameters">(org.testng.TestRunner@2c4ca0f9)</span>
                  <div class="stack-trace">org.testng.SkipException: Skipping execution for  :TFS ID_8746:Cloud : Validate deactivating a contact result in updating the contact end date and inactivating the contact account association record
	at driver.Driver.executeTestcase(Driver.java:81)
	at java.base/java.util.ArrayList.forEach(ArrayList.java:1541)
... Removed 26 stack frames
</div> <!-- stack-trace -->
                </div> <!-- method-content -->
              </div> <!-- method -->
              <div class="method">
                <div class="method-content">
                  <a name="executeTestcase(org.testng.TestRunner@2c4ca0f9)">
                  </a> <!-- executeTestcase(org.testng.TestRunner@2c4ca0f9) -->
                  <span class="method-name">executeTestcase</span>
                  <span class="parameters">(org.testng.TestRunner@2c4ca0f9)</span>
                  <div class="stack-trace">org.testng.SkipException: Skipping execution for  :TFS ID_7531:Verify user can not create membership provider with same name as duplicate
	at driver.Driver.executeTestcase(Driver.java:81)
	at java.base/java.util.ArrayList.forEach(ArrayList.java:1541)
... Removed 26 stack frames
</div> <!-- stack-trace -->
                </div> <!-- method-content -->
              </div> <!-- method -->
              <div class="method">
                <div class="method-content">
                  <a name="executeTestcase(org.testng.TestRunner@2c4ca0f9)">
                  </a> <!-- executeTestcase(org.testng.TestRunner@2c4ca0f9) -->
                  <span class="method-name">executeTestcase</span>
                  <span class="parameters">(org.testng.TestRunner@2c4ca0f9)</span>
                  <div class="stack-trace">org.testng.SkipException: Skipping execution for  :TFS ID_ 7421:Create New Membership Provider with type &quot;DSH&quot;
	at driver.Driver.executeTestcase(Driver.java:81)
	at java.base/java.util.ArrayList.forEach(ArrayList.java:1541)
... Removed 26 stack frames
</div> <!-- stack-trace -->
                </div> <!-- method-content -->
              </div> <!-- method -->
              <div class="method">
                <div class="method-content">
                  <a name="executeTestcase(org.testng.TestRunner@2c4ca0f9)">
                  </a> <!-- executeTestcase(org.testng.TestRunner@2c4ca0f9) -->
                  <span class="method-name">executeTestcase</span>
                  <span class="parameters">(org.testng.TestRunner@2c4ca0f9)</span>
                  <div class="stack-trace">org.testng.SkipException: Skipping execution for  :TFS ID_8935:Cloud: Verify AG and AG effective date on Account creation when AG populated based on FBO and Business classification is Alternate Site
	at driver.Driver.executeTestcase(Driver.java:81)
	at java.base/java.util.ArrayList.forEach(ArrayList.java:1541)
... Removed 26 stack frames
</div> <!-- stack-trace -->
                </div> <!-- method-content -->
              </div> <!-- method -->
              <div class="method">
                <div class="method-content">
                  <a name="executeTestcase(org.testng.TestRunner@2c4ca0f9)">
                  </a> <!-- executeTestcase(org.testng.TestRunner@2c4ca0f9) -->
                  <span class="method-name">executeTestcase</span>
                  <span class="parameters">(org.testng.TestRunner@2c4ca0f9)</span>
                  <div class="stack-trace">org.testng.SkipException: Skipping execution for  :TFS ID_8932:Cloud: Verify AG and AG effective date on Account termination when AG populated based on DP and Business classification is Alternate site
	at driver.Driver.executeTestcase(Driver.java:81)
	at java.base/java.util.ArrayList.forEach(ArrayList.java:1541)
... Removed 26 stack frames
</div> <!-- stack-trace -->
                </div> <!-- method-content -->
              </div> <!-- method -->
              <div class="method">
                <div class="method-content">
                  <a name="executeTestcase(org.testng.TestRunner@2c4ca0f9)">
                  </a> <!-- executeTestcase(org.testng.TestRunner@2c4ca0f9) -->
                  <span class="method-name">executeTestcase</span>
                  <span class="parameters">(org.testng.TestRunner@2c4ca0f9)</span>
                  <div class="stack-trace">org.testng.SkipException: Skipping execution for  :TFS ID_ 7160 :Create a supplier -Ship To Location Type -Save and Publish Supplier Supervisor Login
	at driver.Driver.executeTestcase(Driver.java:81)
	at java.base/java.util.ArrayList.forEach(ArrayList.java:1541)
... Removed 26 stack frames
</div> <!-- stack-trace -->
                </div> <!-- method-content -->
              </div> <!-- method -->
              <div class="method">
                <div class="method-content">
                  <a name="executeTestcase(org.testng.TestRunner@2c4ca0f9)">
                  </a> <!-- executeTestcase(org.testng.TestRunner@2c4ca0f9) -->
                  <span class="method-name">executeTestcase</span>
                  <span class="parameters">(org.testng.TestRunner@2c4ca0f9)</span>
                  <div class="stack-trace">org.testng.SkipException: Skipping execution for  :TFS ID_8756:Cloud : Restrict when user enters blank communication record in Contact account associations
	at driver.Driver.executeTestcase(Driver.java:81)
	at java.base/java.util.ArrayList.forEach(ArrayList.java:1541)
... Removed 26 stack frames
</div> <!-- stack-trace -->
                </div> <!-- method-content -->
              </div> <!-- method -->
              <div class="method">
                <div class="method-content">
                  <a name="executeTestcase(org.testng.TestRunner@2c4ca0f9)">
                  </a> <!-- executeTestcase(org.testng.TestRunner@2c4ca0f9) -->
                  <span class="method-name">executeTestcase</span>
                  <span class="parameters">(org.testng.TestRunner@2c4ca0f9)</span>
                  <div class="stack-trace">org.testng.SkipException: Skipping execution for  :TFS ID_ 7420:Create New Membership Provider with type &quot;Program&quot;
	at driver.Driver.executeTestcase(Driver.java:81)
	at java.base/java.util.ArrayList.forEach(ArrayList.java:1541)
... Removed 26 stack frames
</div> <!-- stack-trace -->
                </div> <!-- method-content -->
              </div> <!-- method -->
              <div class="method">
                <div class="method-content">
                  <a name="executeTestcase(org.testng.TestRunner@2c4ca0f9)">
                  </a> <!-- executeTestcase(org.testng.TestRunner@2c4ca0f9) -->
                  <span class="method-name">executeTestcase</span>
                  <span class="parameters">(org.testng.TestRunner@2c4ca0f9)</span>
                  <div class="stack-trace">org.testng.SkipException: Skipping execution for  :TFS ID_8936:Cloud: Verify AG and AG effective date on Account creation when AG populated based on FBO and Business classification is Acute
	at driver.Driver.executeTestcase(Driver.java:81)
	at java.base/java.util.ArrayList.forEach(ArrayList.java:1541)
... Removed 26 stack frames
</div> <!-- stack-trace -->
                </div> <!-- method-content -->
              </div> <!-- method -->
              <div class="method">
                <div class="method-content">
                  <a name="executeTestcase(org.testng.TestRunner@2c4ca0f9)">
                  </a> <!-- executeTestcase(org.testng.TestRunner@2c4ca0f9) -->
                  <span class="method-name">executeTestcase</span>
                  <span class="parameters">(org.testng.TestRunner@2c4ca0f9)</span>
                  <div class="stack-trace">org.testng.SkipException: Skipping execution for  :TFS ID_8761:Cloud :Verify Duplicate detection rule applies when Communication or Publication entered twice by the user
	at driver.Driver.executeTestcase(Driver.java:81)
	at java.base/java.util.ArrayList.forEach(ArrayList.java:1541)
... Removed 26 stack frames
</div> <!-- stack-trace -->
                </div> <!-- method-content -->
              </div> <!-- method -->
              <div class="method">
                <div class="method-content">
                  <a name="executeTestcase(org.testng.TestRunner@2c4ca0f9)">
                  </a> <!-- executeTestcase(org.testng.TestRunner@2c4ca0f9) -->
                  <span class="method-name">executeTestcase</span>
                  <span class="parameters">(org.testng.TestRunner@2c4ca0f9)</span>
                  <div class="stack-trace">org.testng.SkipException: Skipping execution for  :TFS ID_8938:Cloud: Verify AG and AG effective date on Account creation when AG populated based on TP and Business classification is Alternate Site
	at driver.Driver.executeTestcase(Driver.java:81)
	at java.base/java.util.ArrayList.forEach(ArrayList.java:1541)
... Removed 26 stack frames
</div> <!-- stack-trace -->
                </div> <!-- method-content -->
              </div> <!-- method -->
              <div class="method">
                <div class="method-content">
                  <a name="executeTestcase(org.testng.TestRunner@2c4ca0f9)">
                  </a> <!-- executeTestcase(org.testng.TestRunner@2c4ca0f9) -->
                  <span class="method-name">executeTestcase</span>
                  <span class="parameters">(org.testng.TestRunner@2c4ca0f9)</span>
                  <div class="stack-trace">org.testng.SkipException: Skipping execution for  :TFS ID_ 1111:Create Supplier with all available fields
	at driver.Driver.executeTestcase(Driver.java:81)
	at java.base/java.util.ArrayList.forEach(ArrayList.java:1541)
... Removed 26 stack frames
</div> <!-- stack-trace -->
                </div> <!-- method-content -->
              </div> <!-- method -->
              <div class="method">
                <div class="method-content">
                  <a name="executeTestcase(org.testng.TestRunner@2c4ca0f9)">
                  </a> <!-- executeTestcase(org.testng.TestRunner@2c4ca0f9) -->
                  <span class="method-name">executeTestcase</span>
                  <span class="parameters">(org.testng.TestRunner@2c4ca0f9)</span>
                  <div class="stack-trace">org.testng.SkipException: Skipping execution for  :TFS ID_7543:Verify the Premier Start Date is not recalculated when any of the Premier Membership is end Dated
	at driver.Driver.executeTestcase(Driver.java:81)
	at java.base/java.util.ArrayList.forEach(ArrayList.java:1541)
... Removed 26 stack frames
</div> <!-- stack-trace -->
                </div> <!-- method-content -->
              </div> <!-- method -->
              <div class="method">
                <div class="method-content">
                  <a name="executeTestcase(org.testng.TestRunner@2c4ca0f9)">
                  </a> <!-- executeTestcase(org.testng.TestRunner@2c4ca0f9) -->
                  <span class="method-name">executeTestcase</span>
                  <span class="parameters">(org.testng.TestRunner@2c4ca0f9)</span>
                  <div class="stack-trace">org.testng.SkipException: Skipping execution for  :TFS ID_8941:Cloud: Verify AG and AG effective date on Account creation when AG populated based on DP and Business classification is Alternate site
	at driver.Driver.executeTestcase(Driver.java:81)
	at java.base/java.util.ArrayList.forEach(ArrayList.java:1541)
... Removed 26 stack frames
</div> <!-- stack-trace -->
                </div> <!-- method-content -->
              </div> <!-- method -->
              <div class="method">
                <div class="method-content">
                  <a name="executeTestcase(org.testng.TestRunner@2c4ca0f9)">
                  </a> <!-- executeTestcase(org.testng.TestRunner@2c4ca0f9) -->
                  <span class="method-name">executeTestcase</span>
                  <span class="parameters">(org.testng.TestRunner@2c4ca0f9)</span>
                  <div class="stack-trace">org.testng.SkipException: Skipping execution for  :TFS ID_ 7422:Create New Membership Provider with type &quot;Aggregation Affiliation&quot;
	at driver.Driver.executeTestcase(Driver.java:81)
	at java.base/java.util.ArrayList.forEach(ArrayList.java:1541)
... Removed 26 stack frames
</div> <!-- stack-trace -->
                </div> <!-- method-content -->
              </div> <!-- method -->
              <div class="method">
                <div class="method-content">
                  <a name="executeTestcase(org.testng.TestRunner@2c4ca0f9)">
                  </a> <!-- executeTestcase(org.testng.TestRunner@2c4ca0f9) -->
                  <span class="method-name">executeTestcase</span>
                  <span class="parameters">(org.testng.TestRunner@2c4ca0f9)</span>
                  <div class="stack-trace">org.testng.SkipException: Skipping execution for  :TFS ID_7151:Create new Bill to account - New Member form and Save it as prospect first
	at driver.Driver.executeTestcase(Driver.java:81)
	at java.base/java.util.ArrayList.forEach(ArrayList.java:1541)
... Removed 27 stack frames
</div> <!-- stack-trace -->
                </div> <!-- method-content -->
              </div> <!-- method -->
              <div class="method">
                <div class="method-content">
                  <a name="executeTestcase(org.testng.TestRunner@2c4ca0f9)">
                  </a> <!-- executeTestcase(org.testng.TestRunner@2c4ca0f9) -->
                  <span class="method-name">executeTestcase</span>
                  <span class="parameters">(org.testng.TestRunner@2c4ca0f9)</span>
                  <div class="stack-trace">org.testng.SkipException: Skipping execution for  :TFS ID_8750:Cloud : Verify if duplicate contact account association cannot be created for any contact
	at driver.Driver.executeTestcase(Driver.java:81)
	at java.base/java.util.ArrayList.forEach(ArrayList.java:1541)
... Removed 26 stack frames
</div> <!-- stack-trace -->
                </div> <!-- method-content -->
              </div> <!-- method -->
              <div class="method">
                <div class="method-content">
                  <a name="executeTestcase(org.testng.TestRunner@2c4ca0f9)">
                  </a> <!-- executeTestcase(org.testng.TestRunner@2c4ca0f9) -->
                  <span class="method-name">executeTestcase</span>
                  <span class="parameters">(org.testng.TestRunner@2c4ca0f9)</span>
                  <div class="stack-trace">org.testng.SkipException: Skipping execution for  :TFS ID_8933:Cloud: Verify AG and AG effective date on Account termination when AG populated based on DP and Business classification is Acute
	at driver.Driver.executeTestcase(Driver.java:81)
	at java.base/java.util.ArrayList.forEach(ArrayList.java:1541)
... Removed 26 stack frames
</div> <!-- stack-trace -->
                </div> <!-- method-content -->
              </div> <!-- method -->
              <div class="method">
                <div class="method-content">
                  <a name="executeTestcase(org.testng.TestRunner@2c4ca0f9)">
                  </a> <!-- executeTestcase(org.testng.TestRunner@2c4ca0f9) -->
                  <span class="method-name">executeTestcase</span>
                  <span class="parameters">(org.testng.TestRunner@2c4ca0f9)</span>
                  <div class="stack-trace">org.testng.SkipException: Skipping execution for  :TFS ID_8926:Cloud: Verify AG and AG effective date on Account termination when AG populated based on FBO and Business classification is Alternate site
	at driver.Driver.executeTestcase(Driver.java:81)
	at java.base/java.util.ArrayList.forEach(ArrayList.java:1541)
... Removed 26 stack frames
</div> <!-- stack-trace -->
                </div> <!-- method-content -->
              </div> <!-- method -->
              <div class="method">
                <div class="method-content">
                  <a name="executeTestcase(org.testng.TestRunner@2c4ca0f9)">
                  </a> <!-- executeTestcase(org.testng.TestRunner@2c4ca0f9) -->
                  <span class="method-name">executeTestcase</span>
                  <span class="parameters">(org.testng.TestRunner@2c4ca0f9)</span>
                  <div class="stack-trace">org.testng.SkipException: Skipping execution for  :TFS ID_ 8752:Cloud : Verify once the contact is end dated then the related Contact Account Association should get terminated
	at driver.Driver.executeTestcase(Driver.java:81)
	at java.base/java.util.ArrayList.forEach(ArrayList.java:1541)
... Removed 26 stack frames
</div> <!-- stack-trace -->
                </div> <!-- method-content -->
              </div> <!-- method -->
              <div class="method">
                <div class="method-content">
                  <a name="executeTestcase(org.testng.TestRunner@2c4ca0f9)">
                  </a> <!-- executeTestcase(org.testng.TestRunner@2c4ca0f9) -->
                  <span class="method-name">executeTestcase</span>
                  <span class="parameters">(org.testng.TestRunner@2c4ca0f9)</span>
                  <div class="stack-trace">org.testng.SkipException: Skipping execution for  :TFS ID_7147:Create new Shipto account - New Member form through sub account and save it as prospect first
	at driver.Driver.executeTestcase(Driver.java:81)
	at java.base/java.util.ArrayList.forEach(ArrayList.java:1541)
... Removed 27 stack frames
</div> <!-- stack-trace -->
                </div> <!-- method-content -->
              </div> <!-- method -->
              <div class="method">
                <div class="method-content">
                  <a name="executeTestcase(org.testng.TestRunner@2c4ca0f9)">
                  </a> <!-- executeTestcase(org.testng.TestRunner@2c4ca0f9) -->
                  <span class="method-name">executeTestcase</span>
                  <span class="parameters">(org.testng.TestRunner@2c4ca0f9)</span>
                  <div class="stack-trace">org.testng.SkipException: Skipping execution for  :TFS ID_5906: Activate terminated supplier
	at driver.Driver.executeTestcase(Driver.java:81)
	at java.base/java.util.ArrayList.forEach(ArrayList.java:1541)
... Removed 26 stack frames
</div> <!-- stack-trace -->
                </div> <!-- method-content -->
              </div> <!-- method -->
              <div class="method">
                <div class="method-content">
                  <a name="executeTestcase(org.testng.TestRunner@2c4ca0f9)">
                  </a> <!-- executeTestcase(org.testng.TestRunner@2c4ca0f9) -->
                  <span class="method-name">executeTestcase</span>
                  <span class="parameters">(org.testng.TestRunner@2c4ca0f9)</span>
                  <div class="stack-trace">org.testng.SkipException: Skipping execution for  :TFS ID_9195:Cloud - Verify if Published Supplier Accounts cannot be made Inactive
	at driver.Driver.executeTestcase(Driver.java:81)
	at java.base/java.util.ArrayList.forEach(ArrayList.java:1541)
... Removed 26 stack frames
</div> <!-- stack-trace -->
                </div> <!-- method-content -->
              </div> <!-- method -->
              <div class="method">
                <div class="method-content">
                  <a name="executeTestcase(org.testng.TestRunner@2c4ca0f9)">
                  </a> <!-- executeTestcase(org.testng.TestRunner@2c4ca0f9) -->
                  <span class="method-name">executeTestcase</span>
                  <span class="parameters">(org.testng.TestRunner@2c4ca0f9)</span>
                  <div class="stack-trace">org.testng.SkipException: Skipping execution for  :TFS ID_7193:Verify and Validate &quot;Premier Start Date&quot; Logic based on Multiple GPO Membership records.
	at driver.Driver.executeTestcase(Driver.java:81)
	at java.base/java.util.ArrayList.forEach(ArrayList.java:1541)
... Removed 26 stack frames
</div> <!-- stack-trace -->
                </div> <!-- method-content -->
              </div> <!-- method -->
              <div class="method">
                <div class="method-content">
                  <a name="executeTestcase(org.testng.TestRunner@2c4ca0f9)">
                  </a> <!-- executeTestcase(org.testng.TestRunner@2c4ca0f9) -->
                  <span class="method-name">executeTestcase</span>
                  <span class="parameters">(org.testng.TestRunner@2c4ca0f9)</span>
                  <div class="stack-trace">org.testng.SkipException: Skipping execution for  :TFS ID_7313:Verify Account status is defaulted to Active on a member &amp; member entry form
	at driver.Driver.executeTestcase(Driver.java:81)
	at java.base/java.util.ArrayList.forEach(ArrayList.java:1541)
... Removed 26 stack frames
</div> <!-- stack-trace -->
                </div> <!-- method-content -->
              </div> <!-- method -->
              <div class="method">
                <div class="method-content">
                  <a name="executeTestcase(org.testng.TestRunner@2c4ca0f9)">
                  </a> <!-- executeTestcase(org.testng.TestRunner@2c4ca0f9) -->
                  <span class="method-name">executeTestcase</span>
                  <span class="parameters">(org.testng.TestRunner@2c4ca0f9)</span>
                  <div class="stack-trace">org.testng.SkipException: Skipping execution for  :TFS ID_ 7155 :Publish an existing supplier using Supplier  Supervisor Login
	at driver.Driver.executeTestcase(Driver.java:81)
	at java.base/java.util.ArrayList.forEach(ArrayList.java:1541)
... Removed 26 stack frames
</div> <!-- stack-trace -->
                </div> <!-- method-content -->
              </div> <!-- method -->
              <div class="method">
                <div class="method-content">
                  <a name="executeTestcase(org.testng.TestRunner@2c4ca0f9)">
                  </a> <!-- executeTestcase(org.testng.TestRunner@2c4ca0f9) -->
                  <span class="method-name">executeTestcase</span>
                  <span class="parameters">(org.testng.TestRunner@2c4ca0f9)</span>
                  <div class="stack-trace">org.testng.SkipException: Skipping execution for  :TFS ID_8951:Cloud -Terminate a supplier
	at driver.Driver.executeTestcase(Driver.java:81)
	at java.base/java.util.ArrayList.forEach(ArrayList.java:1541)
... Removed 26 stack frames
</div> <!-- stack-trace -->
                </div> <!-- method-content -->
              </div> <!-- method -->
              <div class="method">
                <div class="method-content">
                  <a name="executeTestcase(org.testng.TestRunner@2c4ca0f9)">
                  </a> <!-- executeTestcase(org.testng.TestRunner@2c4ca0f9) -->
                  <span class="method-name">executeTestcase</span>
                  <span class="parameters">(org.testng.TestRunner@2c4ca0f9)</span>
                  <div class="stack-trace">org.testng.SkipException: Skipping execution for  :TFS ID_8928:Cloud: Verify AG and AG effective date on Account termination when AG populated based on TP and Business classification is NON Healthcare
	at driver.Driver.executeTestcase(Driver.java:81)
	at java.base/java.util.ArrayList.forEach(ArrayList.java:1541)
... Removed 26 stack frames
</div> <!-- stack-trace -->
                </div> <!-- method-content -->
              </div> <!-- method -->
              <div class="method">
                <div class="method-content">
                  <a name="executeTestcase(org.testng.TestRunner@2c4ca0f9)">
                  </a> <!-- executeTestcase(org.testng.TestRunner@2c4ca0f9) -->
                  <span class="method-name">executeTestcase</span>
                  <span class="parameters">(org.testng.TestRunner@2c4ca0f9)</span>
                  <div class="stack-trace">org.testng.SkipException: Skipping execution for  :TFS ID_ 7423:Create New Membership Provider with type &quot;SOAR&quot;
	at driver.Driver.executeTestcase(Driver.java:81)
	at java.base/java.util.ArrayList.forEach(ArrayList.java:1541)
... Removed 26 stack frames
</div> <!-- stack-trace -->
                </div> <!-- method-content -->
              </div> <!-- method -->
              <div class="method">
                <div class="method-content">
                  <a name="executeTestcase(org.testng.TestRunner@2c4ca0f9)">
                  </a> <!-- executeTestcase(org.testng.TestRunner@2c4ca0f9) -->
                  <span class="method-name">executeTestcase</span>
                  <span class="parameters">(org.testng.TestRunner@2c4ca0f9)</span>
                  <div class="stack-trace">org.testng.SkipException: Skipping execution for  :TFS ID_ 8998:Cloud: Validate Business Key and BK Active fields
	at driver.Driver.executeTestcase(Driver.java:81)
	at java.base/java.util.ArrayList.forEach(ArrayList.java:1541)
... Removed 27 stack frames
</div> <!-- stack-trace -->
                </div> <!-- method-content -->
              </div> <!-- method -->
              <div class="method">
                <div class="method-content">
                  <a name="executeTestcase(org.testng.TestRunner@2c4ca0f9)">
                  </a> <!-- executeTestcase(org.testng.TestRunner@2c4ca0f9) -->
                  <span class="method-name">executeTestcase</span>
                  <span class="parameters">(org.testng.TestRunner@2c4ca0f9)</span>
                  <div class="stack-trace">org.testng.SkipException: Skipping execution for  :TFS ID_8942:Cloud: Verify AG and AG effective date on Account creation when AG populated based on DP and Business classification is Acute
	at driver.Driver.executeTestcase(Driver.java:81)
	at java.base/java.util.ArrayList.forEach(ArrayList.java:1541)
... Removed 26 stack frames
</div> <!-- stack-trace -->
                </div> <!-- method-content -->
              </div> <!-- method -->
            </div> <!-- main-panel-content rounded-window-bottom -->
          </div> <!-- suite-Suite-class-skipped -->
        </div> <!-- panel Suite -->
        <div panel-name="test-xml-Suite" class="panel">
          <div class="main-panel-header rounded-window-top">
            <span class="header-content">E:\schandr3\eclipse-workspace\Dynamics-CRM-Cloud\testng_CRMDev2.xml</span>
          </div> <!-- main-panel-header rounded-window-top -->
          <div class="main-panel-content rounded-window-bottom">
            <pre>
&lt;?xml version=&quot;1.0&quot; encoding=&quot;UTF-8&quot;?&gt;
&lt;!DOCTYPE suite SYSTEM &quot;https://testng.org/testng-1.0.dtd&quot;&gt;
&lt;suite name=&quot;Suite&quot; guice-stage=&quot;DEVELOPMENT&quot;&gt;
  &lt;listeners&gt;
    &lt;listener class-name=&quot;events.TestAnnotation&quot;/&gt;
  &lt;/listeners&gt;
  &lt;test thread-count=&quot;5&quot; name=&quot;Results&quot;&gt;
    &lt;classes&gt;
      &lt;class name=&quot;driver.Driver&quot;/&gt;
    &lt;/classes&gt;
  &lt;/test&gt; &lt;!-- Results --&gt;
&lt;/suite&gt; &lt;!-- Suite --&gt;
            </pre>
          </div> <!-- main-panel-content rounded-window-bottom -->
        </div> <!-- panel -->
        <div panel-name="testlist-Suite" class="panel">
          <div class="main-panel-header rounded-window-top">
            <span class="header-content">Tests for Suite</span>
          </div> <!-- main-panel-header rounded-window-top -->
          <div class="main-panel-content rounded-window-bottom">
            <ul>
              <li>
                <span class="test-name">Results (1 class)</span>
              </li>
            </ul>
          </div> <!-- main-panel-content rounded-window-bottom -->
        </div> <!-- panel -->
        <div panel-name="group-Suite" class="panel">
          <div class="main-panel-header rounded-window-top">
            <span class="header-content">Groups for Suite</span>
          </div> <!-- main-panel-header rounded-window-top -->
          <div class="main-panel-content rounded-window-bottom">
          </div> <!-- main-panel-content rounded-window-bottom -->
        </div> <!-- panel -->
        <div panel-name="times-Suite" class="panel">
          <div class="main-panel-header rounded-window-top">
            <span class="header-content">Times for Suite</span>
          </div> <!-- main-panel-header rounded-window-top -->
          <div class="main-panel-content rounded-window-bottom">
            <div class="times-div">
              <script type="text/javascript">
suiteTableInitFunctions.push('tableData_Suite');
function tableData_Suite() {
var data = new google.visualization.DataTable();
data.addColumn('number', 'Number');
data.addColumn('string', 'Method');
data.addColumn('string', 'Class');
data.addColumn('number', 'Time (ms)');
data.addRows(86);
data.setCell(0, 0, 0)
data.setCell(0, 1, 'executeTestcase')
data.setCell(0, 2, 'driver.Driver')
data.setCell(0, 3, 77126);
data.setCell(1, 0, 1)
data.setCell(1, 1, 'executeTestcase')
data.setCell(1, 2, 'driver.Driver')
data.setCell(1, 3, 24);
data.setCell(2, 0, 2)
data.setCell(2, 1, 'executeTestcase')
data.setCell(2, 2, 'driver.Driver')
data.setCell(2, 3, 5);
data.setCell(3, 0, 3)
data.setCell(3, 1, 'executeTestcase')
data.setCell(3, 2, 'driver.Driver')
data.setCell(3, 3, 4);
data.setCell(4, 0, 4)
data.setCell(4, 1, 'executeTestcase')
data.setCell(4, 2, 'driver.Driver')
data.setCell(4, 3, 4);
data.setCell(5, 0, 5)
data.setCell(5, 1, 'executeTestcase')
data.setCell(5, 2, 'driver.Driver')
data.setCell(5, 3, 4);
data.setCell(6, 0, 6)
data.setCell(6, 1, 'executeTestcase')
data.setCell(6, 2, 'driver.Driver')
data.setCell(6, 3, 4);
data.setCell(7, 0, 7)
data.setCell(7, 1, 'executeTestcase')
data.setCell(7, 2, 'driver.Driver')
data.setCell(7, 3, 4);
data.setCell(8, 0, 8)
data.setCell(8, 1, 'executeTestcase')
data.setCell(8, 2, 'driver.Driver')
data.setCell(8, 3, 4);
data.setCell(9, 0, 9)
data.setCell(9, 1, 'executeTestcase')
data.setCell(9, 2, 'driver.Driver')
data.setCell(9, 3, 4);
data.setCell(10, 0, 10)
data.setCell(10, 1, 'executeTestcase')
data.setCell(10, 2, 'driver.Driver')
data.setCell(10, 3, 4);
data.setCell(11, 0, 11)
data.setCell(11, 1, 'executeTestcase')
data.setCell(11, 2, 'driver.Driver')
data.setCell(11, 3, 3);
data.setCell(12, 0, 12)
data.setCell(12, 1, 'executeTestcase')
data.setCell(12, 2, 'driver.Driver')
data.setCell(12, 3, 3);
data.setCell(13, 0, 13)
data.setCell(13, 1, 'executeTestcase')
data.setCell(13, 2, 'driver.Driver')
data.setCell(13, 3, 3);
data.setCell(14, 0, 14)
data.setCell(14, 1, 'executeTestcase')
data.setCell(14, 2, 'driver.Driver')
data.setCell(14, 3, 3);
data.setCell(15, 0, 15)
data.setCell(15, 1, 'executeTestcase')
data.setCell(15, 2, 'driver.Driver')
data.setCell(15, 3, 3);
data.setCell(16, 0, 16)
data.setCell(16, 1, 'executeTestcase')
data.setCell(16, 2, 'driver.Driver')
data.setCell(16, 3, 3);
data.setCell(17, 0, 17)
data.setCell(17, 1, 'executeTestcase')
data.setCell(17, 2, 'driver.Driver')
data.setCell(17, 3, 3);
data.setCell(18, 0, 18)
data.setCell(18, 1, 'executeTestcase')
data.setCell(18, 2, 'driver.Driver')
data.setCell(18, 3, 3);
data.setCell(19, 0, 19)
data.setCell(19, 1, 'executeTestcase')
data.setCell(19, 2, 'driver.Driver')
data.setCell(19, 3, 3);
data.setCell(20, 0, 20)
data.setCell(20, 1, 'executeTestcase')
data.setCell(20, 2, 'driver.Driver')
data.setCell(20, 3, 3);
data.setCell(21, 0, 21)
data.setCell(21, 1, 'executeTestcase')
data.setCell(21, 2, 'driver.Driver')
data.setCell(21, 3, 3);
data.setCell(22, 0, 22)
data.setCell(22, 1, 'executeTestcase')
data.setCell(22, 2, 'driver.Driver')
data.setCell(22, 3, 3);
data.setCell(23, 0, 23)
data.setCell(23, 1, 'executeTestcase')
data.setCell(23, 2, 'driver.Driver')
data.setCell(23, 3, 3);
data.setCell(24, 0, 24)
data.setCell(24, 1, 'executeTestcase')
data.setCell(24, 2, 'driver.Driver')
data.setCell(24, 3, 3);
data.setCell(25, 0, 25)
data.setCell(25, 1, 'executeTestcase')
data.setCell(25, 2, 'driver.Driver')
data.setCell(25, 3, 3);
data.setCell(26, 0, 26)
data.setCell(26, 1, 'executeTestcase')
data.setCell(26, 2, 'driver.Driver')
data.setCell(26, 3, 3);
data.setCell(27, 0, 27)
data.setCell(27, 1, 'executeTestcase')
data.setCell(27, 2, 'driver.Driver')
data.setCell(27, 3, 3);
data.setCell(28, 0, 28)
data.setCell(28, 1, 'executeTestcase')
data.setCell(28, 2, 'driver.Driver')
data.setCell(28, 3, 3);
data.setCell(29, 0, 29)
data.setCell(29, 1, 'executeTestcase')
data.setCell(29, 2, 'driver.Driver')
data.setCell(29, 3, 3);
data.setCell(30, 0, 30)
data.setCell(30, 1, 'executeTestcase')
data.setCell(30, 2, 'driver.Driver')
data.setCell(30, 3, 3);
data.setCell(31, 0, 31)
data.setCell(31, 1, 'executeTestcase')
data.setCell(31, 2, 'driver.Driver')
data.setCell(31, 3, 3);
data.setCell(32, 0, 32)
data.setCell(32, 1, 'executeTestcase')
data.setCell(32, 2, 'driver.Driver')
data.setCell(32, 3, 3);
data.setCell(33, 0, 33)
data.setCell(33, 1, 'executeTestcase')
data.setCell(33, 2, 'driver.Driver')
data.setCell(33, 3, 3);
data.setCell(34, 0, 34)
data.setCell(34, 1, 'executeTestcase')
data.setCell(34, 2, 'driver.Driver')
data.setCell(34, 3, 3);
data.setCell(35, 0, 35)
data.setCell(35, 1, 'executeTestcase')
data.setCell(35, 2, 'driver.Driver')
data.setCell(35, 3, 3);
data.setCell(36, 0, 36)
data.setCell(36, 1, 'executeTestcase')
data.setCell(36, 2, 'driver.Driver')
data.setCell(36, 3, 3);
data.setCell(37, 0, 37)
data.setCell(37, 1, 'executeTestcase')
data.setCell(37, 2, 'driver.Driver')
data.setCell(37, 3, 3);
data.setCell(38, 0, 38)
data.setCell(38, 1, 'executeTestcase')
data.setCell(38, 2, 'driver.Driver')
data.setCell(38, 3, 3);
data.setCell(39, 0, 39)
data.setCell(39, 1, 'executeTestcase')
data.setCell(39, 2, 'driver.Driver')
data.setCell(39, 3, 3);
data.setCell(40, 0, 40)
data.setCell(40, 1, 'executeTestcase')
data.setCell(40, 2, 'driver.Driver')
data.setCell(40, 3, 3);
data.setCell(41, 0, 41)
data.setCell(41, 1, 'executeTestcase')
data.setCell(41, 2, 'driver.Driver')
data.setCell(41, 3, 3);
data.setCell(42, 0, 42)
data.setCell(42, 1, 'executeTestcase')
data.setCell(42, 2, 'driver.Driver')
data.setCell(42, 3, 3);
data.setCell(43, 0, 43)
data.setCell(43, 1, 'executeTestcase')
data.setCell(43, 2, 'driver.Driver')
data.setCell(43, 3, 3);
data.setCell(44, 0, 44)
data.setCell(44, 1, 'executeTestcase')
data.setCell(44, 2, 'driver.Driver')
data.setCell(44, 3, 3);
data.setCell(45, 0, 45)
data.setCell(45, 1, 'executeTestcase')
data.setCell(45, 2, 'driver.Driver')
data.setCell(45, 3, 3);
data.setCell(46, 0, 46)
data.setCell(46, 1, 'executeTestcase')
data.setCell(46, 2, 'driver.Driver')
data.setCell(46, 3, 3);
data.setCell(47, 0, 47)
data.setCell(47, 1, 'executeTestcase')
data.setCell(47, 2, 'driver.Driver')
data.setCell(47, 3, 3);
data.setCell(48, 0, 48)
data.setCell(48, 1, 'executeTestcase')
data.setCell(48, 2, 'driver.Driver')
data.setCell(48, 3, 3);
data.setCell(49, 0, 49)
data.setCell(49, 1, 'executeTestcase')
data.setCell(49, 2, 'driver.Driver')
data.setCell(49, 3, 2);
data.setCell(50, 0, 50)
data.setCell(50, 1, 'executeTestcase')
data.setCell(50, 2, 'driver.Driver')
data.setCell(50, 3, 2);
data.setCell(51, 0, 51)
data.setCell(51, 1, 'executeTestcase')
data.setCell(51, 2, 'driver.Driver')
data.setCell(51, 3, 2);
data.setCell(52, 0, 52)
data.setCell(52, 1, 'executeTestcase')
data.setCell(52, 2, 'driver.Driver')
data.setCell(52, 3, 2);
data.setCell(53, 0, 53)
data.setCell(53, 1, 'executeTestcase')
data.setCell(53, 2, 'driver.Driver')
data.setCell(53, 3, 2);
data.setCell(54, 0, 54)
data.setCell(54, 1, 'executeTestcase')
data.setCell(54, 2, 'driver.Driver')
data.setCell(54, 3, 2);
data.setCell(55, 0, 55)
data.setCell(55, 1, 'executeTestcase')
data.setCell(55, 2, 'driver.Driver')
data.setCell(55, 3, 2);
data.setCell(56, 0, 56)
data.setCell(56, 1, 'executeTestcase')
data.setCell(56, 2, 'driver.Driver')
data.setCell(56, 3, 2);
data.setCell(57, 0, 57)
data.setCell(57, 1, 'executeTestcase')
data.setCell(57, 2, 'driver.Driver')
data.setCell(57, 3, 2);
data.setCell(58, 0, 58)
data.setCell(58, 1, 'executeTestcase')
data.setCell(58, 2, 'driver.Driver')
data.setCell(58, 3, 2);
data.setCell(59, 0, 59)
data.setCell(59, 1, 'executeTestcase')
data.setCell(59, 2, 'driver.Driver')
data.setCell(59, 3, 2);
data.setCell(60, 0, 60)
data.setCell(60, 1, 'executeTestcase')
data.setCell(60, 2, 'driver.Driver')
data.setCell(60, 3, 2);
data.setCell(61, 0, 61)
data.setCell(61, 1, 'executeTestcase')
data.setCell(61, 2, 'driver.Driver')
data.setCell(61, 3, 2);
data.setCell(62, 0, 62)
data.setCell(62, 1, 'executeTestcase')
data.setCell(62, 2, 'driver.Driver')
data.setCell(62, 3, 2);
data.setCell(63, 0, 63)
data.setCell(63, 1, 'executeTestcase')
data.setCell(63, 2, 'driver.Driver')
data.setCell(63, 3, 2);
data.setCell(64, 0, 64)
data.setCell(64, 1, 'executeTestcase')
data.setCell(64, 2, 'driver.Driver')
data.setCell(64, 3, 2);
data.setCell(65, 0, 65)
data.setCell(65, 1, 'executeTestcase')
data.setCell(65, 2, 'driver.Driver')
data.setCell(65, 3, 2);
data.setCell(66, 0, 66)
data.setCell(66, 1, 'executeTestcase')
data.setCell(66, 2, 'driver.Driver')
data.setCell(66, 3, 2);
data.setCell(67, 0, 67)
data.setCell(67, 1, 'executeTestcase')
data.setCell(67, 2, 'driver.Driver')
data.setCell(67, 3, 2);
data.setCell(68, 0, 68)
data.setCell(68, 1, 'executeTestcase')
data.setCell(68, 2, 'driver.Driver')
data.setCell(68, 3, 2);
data.setCell(69, 0, 69)
data.setCell(69, 1, 'executeTestcase')
data.setCell(69, 2, 'driver.Driver')
data.setCell(69, 3, 2);
data.setCell(70, 0, 70)
data.setCell(70, 1, 'executeTestcase')
data.setCell(70, 2, 'driver.Driver')
data.setCell(70, 3, 2);
data.setCell(71, 0, 71)
data.setCell(71, 1, 'executeTestcase')
data.setCell(71, 2, 'driver.Driver')
data.setCell(71, 3, 2);
data.setCell(72, 0, 72)
data.setCell(72, 1, 'executeTestcase')
data.setCell(72, 2, 'driver.Driver')
data.setCell(72, 3, 2);
data.setCell(73, 0, 73)
data.setCell(73, 1, 'executeTestcase')
data.setCell(73, 2, 'driver.Driver')
data.setCell(73, 3, 2);
data.setCell(74, 0, 74)
data.setCell(74, 1, 'executeTestcase')
data.setCell(74, 2, 'driver.Driver')
data.setCell(74, 3, 2);
data.setCell(75, 0, 75)
data.setCell(75, 1, 'executeTestcase')
data.setCell(75, 2, 'driver.Driver')
data.setCell(75, 3, 2);
data.setCell(76, 0, 76)
data.setCell(76, 1, 'executeTestcase')
data.setCell(76, 2, 'driver.Driver')
data.setCell(76, 3, 2);
data.setCell(77, 0, 77)
data.setCell(77, 1, 'executeTestcase')
data.setCell(77, 2, 'driver.Driver')
data.setCell(77, 3, 2);
data.setCell(78, 0, 78)
data.setCell(78, 1, 'executeTestcase')
data.setCell(78, 2, 'driver.Driver')
data.setCell(78, 3, 2);
data.setCell(79, 0, 79)
data.setCell(79, 1, 'executeTestcase')
data.setCell(79, 2, 'driver.Driver')
data.setCell(79, 3, 2);
data.setCell(80, 0, 80)
data.setCell(80, 1, 'executeTestcase')
data.setCell(80, 2, 'driver.Driver')
data.setCell(80, 3, 2);
data.setCell(81, 0, 81)
data.setCell(81, 1, 'executeTestcase')
data.setCell(81, 2, 'driver.Driver')
data.setCell(81, 3, 2);
data.setCell(82, 0, 82)
data.setCell(82, 1, 'executeTestcase')
data.setCell(82, 2, 'driver.Driver')
data.setCell(82, 3, 2);
data.setCell(83, 0, 83)
data.setCell(83, 1, 'executeTestcase')
data.setCell(83, 2, 'driver.Driver')
data.setCell(83, 3, 2);
data.setCell(84, 0, 84)
data.setCell(84, 1, 'executeTestcase')
data.setCell(84, 2, 'driver.Driver')
data.setCell(84, 3, 2);
data.setCell(85, 0, 85)
data.setCell(85, 1, 'executeTestcase')
data.setCell(85, 2, 'driver.Driver')
data.setCell(85, 3, 2);
window.suiteTableData['Suite']= { tableData: data, tableDiv: 'times-div-Suite'}
return data;
}
              </script>
              <span class="suite-total-time">Total running time: 1 minutes</span>
              <div id="times-div-Suite">
              </div> <!-- times-div-Suite -->
            </div> <!-- times-div -->
          </div> <!-- main-panel-content rounded-window-bottom -->
        </div> <!-- panel -->
        <div panel-name="reporter-Suite" class="panel">
          <div class="main-panel-header rounded-window-top">
            <span class="header-content">Reporter output for Suite</span>
          </div> <!-- main-panel-header rounded-window-top -->
          <div class="main-panel-content rounded-window-bottom">
          </div> <!-- main-panel-content rounded-window-bottom -->
        </div> <!-- panel -->
        <div panel-name="ignored-methods-Suite" class="panel">
          <div class="main-panel-header rounded-window-top">
            <span class="header-content">0 ignored methods</span>
          </div> <!-- main-panel-header rounded-window-top -->
          <div class="main-panel-content rounded-window-bottom">
          </div> <!-- main-panel-content rounded-window-bottom -->
        </div> <!-- panel -->
        <div panel-name="chronological-Suite" class="panel">
          <div class="main-panel-header rounded-window-top">
            <span class="header-content">Methods in chronological order</span>
          </div> <!-- main-panel-header rounded-window-top -->
          <div class="main-panel-content rounded-window-bottom">
            <div class="chronological-class">
              <div class="chronological-class-name">driver.Driver</div> <!-- chronological-class-name -->
              <div class="configuration-suite before">
                <span class="method-name">setUp</span>
                <span class="method-start">0 ms</span>
              </div> <!-- configuration-suite before -->
              <div class="test-method">
                <span class="method-name">executeTestcase(org.testng.TestRunner@2c4ca0f9)</span>
                <span class="method-start">397 ms</span>
              </div> <!-- test-method -->
              <div class="configuration-method after">
                <span class="method-name">Reports([TestResult name=executeTestcase status=SKIP method=Driver.executeTestcase(org.testng.ITestContext)[...)</span>
                <span class="method-start">425 ms</span>
              </div> <!-- configuration-method after -->
              <div class="test-method">
                <span class="method-name">executeTestcase(org.testng.TestRunner@2c4ca0f9)</span>
                <span class="method-start">903 ms</span>
              </div> <!-- test-method -->
              <div class="configuration-method after">
                <span class="method-name">Reports([TestResult name=executeTestcase status=SKIP method=Driver.executeTestcase(org.testng.ITestContext)[...)</span>
                <span class="method-start">908 ms</span>
              </div> <!-- configuration-method after -->
              <div class="test-method">
                <img src="failed.png">
                </img>
                <span class="method-name">executeTestcase(org.testng.TestRunner@2c4ca0f9)</span>
                <span class="method-start">1097 ms</span>
              </div> <!-- test-method -->
              <div class="configuration-method after">
                <span class="method-name">Reports([TestResult name=executeTestcase status=FAILURE method=Driver.executeTestcase(org.testng.ITestContex...)</span>
                <span class="method-start">78226 ms</span>
              </div> <!-- configuration-method after -->
              <div class="test-method">
                <span class="method-name">executeTestcase(org.testng.TestRunner@2c4ca0f9)</span>
                <span class="method-start">78432 ms</span>
              </div> <!-- test-method -->
              <div class="configuration-method after">
                <span class="method-name">Reports([TestResult name=executeTestcase status=SKIP method=Driver.executeTestcase(org.testng.ITestContext)[...)</span>
                <span class="method-start">78437 ms</span>
              </div> <!-- configuration-method after -->
              <div class="test-method">
                <span class="method-name">executeTestcase(org.testng.TestRunner@2c4ca0f9)</span>
                <span class="method-start">78580 ms</span>
              </div> <!-- test-method -->
              <div class="configuration-method after">
                <span class="method-name">Reports([TestResult name=executeTestcase status=SKIP method=Driver.executeTestcase(org.testng.ITestContext)[...)</span>
                <span class="method-start">78584 ms</span>
              </div> <!-- configuration-method after -->
              <div class="test-method">
                <span class="method-name">executeTestcase(org.testng.TestRunner@2c4ca0f9)</span>
                <span class="method-start">78743 ms</span>
              </div> <!-- test-method -->
              <div class="configuration-method after">
                <span class="method-name">Reports([TestResult name=executeTestcase status=SKIP method=Driver.executeTestcase(org.testng.ITestContext)[...)</span>
                <span class="method-start">78747 ms</span>
              </div> <!-- configuration-method after -->
              <div class="test-method">
                <span class="method-name">executeTestcase(org.testng.TestRunner@2c4ca0f9)</span>
                <span class="method-start">78894 ms</span>
              </div> <!-- test-method -->
              <div class="configuration-method after">
                <span class="method-name">Reports([TestResult name=executeTestcase status=SKIP method=Driver.executeTestcase(org.testng.ITestContext)[...)</span>
                <span class="method-start">78898 ms</span>
              </div> <!-- configuration-method after -->
              <div class="test-method">
                <span class="method-name">executeTestcase(org.testng.TestRunner@2c4ca0f9)</span>
                <span class="method-start">79031 ms</span>
              </div> <!-- test-method -->
              <div class="configuration-method after">
                <span class="method-name">Reports([TestResult name=executeTestcase status=SKIP method=Driver.executeTestcase(org.testng.ITestContext)[...)</span>
                <span class="method-start">79035 ms</span>
              </div> <!-- configuration-method after -->
              <div class="test-method">
                <span class="method-name">executeTestcase(org.testng.TestRunner@2c4ca0f9)</span>
                <span class="method-start">79165 ms</span>
              </div> <!-- test-method -->
              <div class="configuration-method after">
                <span class="method-name">Reports([TestResult name=executeTestcase status=SKIP method=Driver.executeTestcase(org.testng.ITestContext)[...)</span>
                <span class="method-start">79170 ms</span>
              </div> <!-- configuration-method after -->
              <div class="test-method">
                <span class="method-name">executeTestcase(org.testng.TestRunner@2c4ca0f9)</span>
                <span class="method-start">79317 ms</span>
              </div> <!-- test-method -->
              <div class="configuration-method after">
                <span class="method-name">Reports([TestResult name=executeTestcase status=SKIP method=Driver.executeTestcase(org.testng.ITestContext)[...)</span>
                <span class="method-start">79321 ms</span>
              </div> <!-- configuration-method after -->
              <div class="test-method">
                <span class="method-name">executeTestcase(org.testng.TestRunner@2c4ca0f9)</span>
                <span class="method-start">79452 ms</span>
              </div> <!-- test-method -->
              <div class="configuration-method after">
                <span class="method-name">Reports([TestResult name=executeTestcase status=SKIP method=Driver.executeTestcase(org.testng.ITestContext)[...)</span>
                <span class="method-start">79456 ms</span>
              </div> <!-- configuration-method after -->
              <div class="test-method">
                <span class="method-name">executeTestcase(org.testng.TestRunner@2c4ca0f9)</span>
                <span class="method-start">79576 ms</span>
              </div> <!-- test-method -->
              <div class="configuration-method after">
                <span class="method-name">Reports([TestResult name=executeTestcase status=SKIP method=Driver.executeTestcase(org.testng.ITestContext)[...)</span>
                <span class="method-start">79582 ms</span>
              </div> <!-- configuration-method after -->
              <div class="test-method">
                <span class="method-name">executeTestcase(org.testng.TestRunner@2c4ca0f9)</span>
                <span class="method-start">79701 ms</span>
              </div> <!-- test-method -->
              <div class="configuration-method after">
                <span class="method-name">Reports([TestResult name=executeTestcase status=SKIP method=Driver.executeTestcase(org.testng.ITestContext)[...)</span>
                <span class="method-start">79705 ms</span>
              </div> <!-- configuration-method after -->
              <div class="test-method">
                <span class="method-name">executeTestcase(org.testng.TestRunner@2c4ca0f9)</span>
                <span class="method-start">79821 ms</span>
              </div> <!-- test-method -->
              <div class="configuration-method after">
                <span class="method-name">Reports([TestResult name=executeTestcase status=SKIP method=Driver.executeTestcase(org.testng.ITestContext)[...)</span>
                <span class="method-start">79825 ms</span>
              </div> <!-- configuration-method after -->
              <div class="test-method">
                <span class="method-name">executeTestcase(org.testng.TestRunner@2c4ca0f9)</span>
                <span class="method-start">79938 ms</span>
              </div> <!-- test-method -->
              <div class="configuration-method after">
                <span class="method-name">Reports([TestResult name=executeTestcase status=SKIP method=Driver.executeTestcase(org.testng.ITestContext)[...)</span>
                <span class="method-start">79942 ms</span>
              </div> <!-- configuration-method after -->
              <div class="test-method">
                <span class="method-name">executeTestcase(org.testng.TestRunner@2c4ca0f9)</span>
                <span class="method-start">80055 ms</span>
              </div> <!-- test-method -->
              <div class="configuration-method after">
                <span class="method-name">Reports([TestResult name=executeTestcase status=SKIP method=Driver.executeTestcase(org.testng.ITestContext)[...)</span>
                <span class="method-start">80060 ms</span>
              </div> <!-- configuration-method after -->
              <div class="test-method">
                <span class="method-name">executeTestcase(org.testng.TestRunner@2c4ca0f9)</span>
                <span class="method-start">80182 ms</span>
              </div> <!-- test-method -->
              <div class="configuration-method after">
                <span class="method-name">Reports([TestResult name=executeTestcase status=SKIP method=Driver.executeTestcase(org.testng.ITestContext)[...)</span>
                <span class="method-start">80185 ms</span>
              </div> <!-- configuration-method after -->
              <div class="test-method">
                <span class="method-name">executeTestcase(org.testng.TestRunner@2c4ca0f9)</span>
                <span class="method-start">80306 ms</span>
              </div> <!-- test-method -->
              <div class="configuration-method after">
                <span class="method-name">Reports([TestResult name=executeTestcase status=SKIP method=Driver.executeTestcase(org.testng.ITestContext)[...)</span>
                <span class="method-start">80310 ms</span>
              </div> <!-- configuration-method after -->
              <div class="test-method">
                <span class="method-name">executeTestcase(org.testng.TestRunner@2c4ca0f9)</span>
                <span class="method-start">80435 ms</span>
              </div> <!-- test-method -->
              <div class="configuration-method after">
                <span class="method-name">Reports([TestResult name=executeTestcase status=SKIP method=Driver.executeTestcase(org.testng.ITestContext)[...)</span>
                <span class="method-start">80438 ms</span>
              </div> <!-- configuration-method after -->
              <div class="test-method">
                <span class="method-name">executeTestcase(org.testng.TestRunner@2c4ca0f9)</span>
                <span class="method-start">80559 ms</span>
              </div> <!-- test-method -->
              <div class="configuration-method after">
                <span class="method-name">Reports([TestResult name=executeTestcase status=SKIP method=Driver.executeTestcase(org.testng.ITestContext)[...)</span>
                <span class="method-start">80564 ms</span>
              </div> <!-- configuration-method after -->
              <div class="test-method">
                <span class="method-name">executeTestcase(org.testng.TestRunner@2c4ca0f9)</span>
                <span class="method-start">80686 ms</span>
              </div> <!-- test-method -->
              <div class="configuration-method after">
                <span class="method-name">Reports([TestResult name=executeTestcase status=SKIP method=Driver.executeTestcase(org.testng.ITestContext)[...)</span>
                <span class="method-start">80689 ms</span>
              </div> <!-- configuration-method after -->
              <div class="test-method">
                <span class="method-name">executeTestcase(org.testng.TestRunner@2c4ca0f9)</span>
                <span class="method-start">80815 ms</span>
              </div> <!-- test-method -->
              <div class="configuration-method after">
                <span class="method-name">Reports([TestResult name=executeTestcase status=SKIP method=Driver.executeTestcase(org.testng.ITestContext)[...)</span>
                <span class="method-start">80819 ms</span>
              </div> <!-- configuration-method after -->
              <div class="test-method">
                <span class="method-name">executeTestcase(org.testng.TestRunner@2c4ca0f9)</span>
                <span class="method-start">80929 ms</span>
              </div> <!-- test-method -->
              <div class="configuration-method after">
                <span class="method-name">Reports([TestResult name=executeTestcase status=SKIP method=Driver.executeTestcase(org.testng.ITestContext)[...)</span>
                <span class="method-start">80933 ms</span>
              </div> <!-- configuration-method after -->
              <div class="test-method">
                <span class="method-name">executeTestcase(org.testng.TestRunner@2c4ca0f9)</span>
                <span class="method-start">81047 ms</span>
              </div> <!-- test-method -->
              <div class="configuration-method after">
                <span class="method-name">Reports([TestResult name=executeTestcase status=SKIP method=Driver.executeTestcase(org.testng.ITestContext)[...)</span>
                <span class="method-start">81050 ms</span>
              </div> <!-- configuration-method after -->
              <div class="test-method">
                <span class="method-name">executeTestcase(org.testng.TestRunner@2c4ca0f9)</span>
                <span class="method-start">81164 ms</span>
              </div> <!-- test-method -->
              <div class="configuration-method after">
                <span class="method-name">Reports([TestResult name=executeTestcase status=SKIP method=Driver.executeTestcase(org.testng.ITestContext)[...)</span>
                <span class="method-start">81167 ms</span>
              </div> <!-- configuration-method after -->
              <div class="test-method">
                <span class="method-name">executeTestcase(org.testng.TestRunner@2c4ca0f9)</span>
                <span class="method-start">81306 ms</span>
              </div> <!-- test-method -->
              <div class="configuration-method after">
                <span class="method-name">Reports([TestResult name=executeTestcase status=SKIP method=Driver.executeTestcase(org.testng.ITestContext)[...)</span>
                <span class="method-start">81310 ms</span>
              </div> <!-- configuration-method after -->
              <div class="test-method">
                <span class="method-name">executeTestcase(org.testng.TestRunner@2c4ca0f9)</span>
                <span class="method-start">81429 ms</span>
              </div> <!-- test-method -->
              <div class="configuration-method after">
                <span class="method-name">Reports([TestResult name=executeTestcase status=SKIP method=Driver.executeTestcase(org.testng.ITestContext)[...)</span>
                <span class="method-start">81432 ms</span>
              </div> <!-- configuration-method after -->
              <div class="test-method">
                <span class="method-name">executeTestcase(org.testng.TestRunner@2c4ca0f9)</span>
                <span class="method-start">81538 ms</span>
              </div> <!-- test-method -->
              <div class="configuration-method after">
                <span class="method-name">Reports([TestResult name=executeTestcase status=SKIP method=Driver.executeTestcase(org.testng.ITestContext)[...)</span>
                <span class="method-start">81541 ms</span>
              </div> <!-- configuration-method after -->
              <div class="test-method">
                <span class="method-name">executeTestcase(org.testng.TestRunner@2c4ca0f9)</span>
                <span class="method-start">81652 ms</span>
              </div> <!-- test-method -->
              <div class="configuration-method after">
                <span class="method-name">Reports([TestResult name=executeTestcase status=SKIP method=Driver.executeTestcase(org.testng.ITestContext)[...)</span>
                <span class="method-start">81656 ms</span>
              </div> <!-- configuration-method after -->
              <div class="test-method">
                <span class="method-name">executeTestcase(org.testng.TestRunner@2c4ca0f9)</span>
                <span class="method-start">81758 ms</span>
              </div> <!-- test-method -->
              <div class="configuration-method after">
                <span class="method-name">Reports([TestResult name=executeTestcase status=SKIP method=Driver.executeTestcase(org.testng.ITestContext)[...)</span>
                <span class="method-start">81761 ms</span>
              </div> <!-- configuration-method after -->
              <div class="test-method">
                <span class="method-name">executeTestcase(org.testng.TestRunner@2c4ca0f9)</span>
                <span class="method-start">81875 ms</span>
              </div> <!-- test-method -->
              <div class="configuration-method after">
                <span class="method-name">Reports([TestResult name=executeTestcase status=SKIP method=Driver.executeTestcase(org.testng.ITestContext)[...)</span>
                <span class="method-start">81881 ms</span>
              </div> <!-- configuration-method after -->
              <div class="test-method">
                <span class="method-name">executeTestcase(org.testng.TestRunner@2c4ca0f9)</span>
                <span class="method-start">81990 ms</span>
              </div> <!-- test-method -->
              <div class="configuration-method after">
                <span class="method-name">Reports([TestResult name=executeTestcase status=SKIP method=Driver.executeTestcase(org.testng.ITestContext)[...)</span>
                <span class="method-start">81994 ms</span>
              </div> <!-- configuration-method after -->
              <div class="test-method">
                <span class="method-name">executeTestcase(org.testng.TestRunner@2c4ca0f9)</span>
                <span class="method-start">82116 ms</span>
              </div> <!-- test-method -->
              <div class="configuration-method after">
                <span class="method-name">Reports([TestResult name=executeTestcase status=SKIP method=Driver.executeTestcase(org.testng.ITestContext)[...)</span>
                <span class="method-start">82120 ms</span>
              </div> <!-- configuration-method after -->
              <div class="test-method">
                <span class="method-name">executeTestcase(org.testng.TestRunner@2c4ca0f9)</span>
                <span class="method-start">82226 ms</span>
              </div> <!-- test-method -->
              <div class="configuration-method after">
                <span class="method-name">Reports([TestResult name=executeTestcase status=SKIP method=Driver.executeTestcase(org.testng.ITestContext)[...)</span>
                <span class="method-start">82229 ms</span>
              </div> <!-- configuration-method after -->
              <div class="test-method">
                <span class="method-name">executeTestcase(org.testng.TestRunner@2c4ca0f9)</span>
                <span class="method-start">82341 ms</span>
              </div> <!-- test-method -->
              <div class="configuration-method after">
                <span class="method-name">Reports([TestResult name=executeTestcase status=SKIP method=Driver.executeTestcase(org.testng.ITestContext)[...)</span>
                <span class="method-start">82344 ms</span>
              </div> <!-- configuration-method after -->
              <div class="test-method">
                <span class="method-name">executeTestcase(org.testng.TestRunner@2c4ca0f9)</span>
                <span class="method-start">82454 ms</span>
              </div> <!-- test-method -->
              <div class="configuration-method after">
                <span class="method-name">Reports([TestResult name=executeTestcase status=SKIP method=Driver.executeTestcase(org.testng.ITestContext)[...)</span>
                <span class="method-start">82457 ms</span>
              </div> <!-- configuration-method after -->
              <div class="test-method">
                <span class="method-name">executeTestcase(org.testng.TestRunner@2c4ca0f9)</span>
                <span class="method-start">82558 ms</span>
              </div> <!-- test-method -->
              <div class="configuration-method after">
                <span class="method-name">Reports([TestResult name=executeTestcase status=SKIP method=Driver.executeTestcase(org.testng.ITestContext)[...)</span>
                <span class="method-start">82561 ms</span>
              </div> <!-- configuration-method after -->
              <div class="test-method">
                <span class="method-name">executeTestcase(org.testng.TestRunner@2c4ca0f9)</span>
                <span class="method-start">82662 ms</span>
              </div> <!-- test-method -->
              <div class="configuration-method after">
                <span class="method-name">Reports([TestResult name=executeTestcase status=SKIP method=Driver.executeTestcase(org.testng.ITestContext)[...)</span>
                <span class="method-start">82665 ms</span>
              </div> <!-- configuration-method after -->
              <div class="test-method">
                <span class="method-name">executeTestcase(org.testng.TestRunner@2c4ca0f9)</span>
                <span class="method-start">82785 ms</span>
              </div> <!-- test-method -->
              <div class="configuration-method after">
                <span class="method-name">Reports([TestResult name=executeTestcase status=SKIP method=Driver.executeTestcase(org.testng.ITestContext)[...)</span>
                <span class="method-start">82788 ms</span>
              </div> <!-- configuration-method after -->
              <div class="test-method">
                <span class="method-name">executeTestcase(org.testng.TestRunner@2c4ca0f9)</span>
                <span class="method-start">82899 ms</span>
              </div> <!-- test-method -->
              <div class="configuration-method after">
                <span class="method-name">Reports([TestResult name=executeTestcase status=SKIP method=Driver.executeTestcase(org.testng.ITestContext)[...)</span>
                <span class="method-start">82902 ms</span>
              </div> <!-- configuration-method after -->
              <div class="test-method">
                <span class="method-name">executeTestcase(org.testng.TestRunner@2c4ca0f9)</span>
                <span class="method-start">83007 ms</span>
              </div> <!-- test-method -->
              <div class="configuration-method after">
                <span class="method-name">Reports([TestResult name=executeTestcase status=SKIP method=Driver.executeTestcase(org.testng.ITestContext)[...)</span>
                <span class="method-start">83010 ms</span>
              </div> <!-- configuration-method after -->
              <div class="test-method">
                <span class="method-name">executeTestcase(org.testng.TestRunner@2c4ca0f9)</span>
                <span class="method-start">83120 ms</span>
              </div> <!-- test-method -->
              <div class="configuration-method after">
                <span class="method-name">Reports([TestResult name=executeTestcase status=SKIP method=Driver.executeTestcase(org.testng.ITestContext)[...)</span>
                <span class="method-start">83123 ms</span>
              </div> <!-- configuration-method after -->
              <div class="test-method">
                <span class="method-name">executeTestcase(org.testng.TestRunner@2c4ca0f9)</span>
                <span class="method-start">83227 ms</span>
              </div> <!-- test-method -->
              <div class="configuration-method after">
                <span class="method-name">Reports([TestResult name=executeTestcase status=SKIP method=Driver.executeTestcase(org.testng.ITestContext)[...)</span>
                <span class="method-start">83230 ms</span>
              </div> <!-- configuration-method after -->
              <div class="test-method">
                <span class="method-name">executeTestcase(org.testng.TestRunner@2c4ca0f9)</span>
                <span class="method-start">83336 ms</span>
              </div> <!-- test-method -->
              <div class="configuration-method after">
                <span class="method-name">Reports([TestResult name=executeTestcase status=SKIP method=Driver.executeTestcase(org.testng.ITestContext)[...)</span>
                <span class="method-start">83341 ms</span>
              </div> <!-- configuration-method after -->
              <div class="test-method">
                <span class="method-name">executeTestcase(org.testng.TestRunner@2c4ca0f9)</span>
                <span class="method-start">83462 ms</span>
              </div> <!-- test-method -->
              <div class="configuration-method after">
                <span class="method-name">Reports([TestResult name=executeTestcase status=SKIP method=Driver.executeTestcase(org.testng.ITestContext)[...)</span>
                <span class="method-start">83465 ms</span>
              </div> <!-- configuration-method after -->
              <div class="test-method">
                <span class="method-name">executeTestcase(org.testng.TestRunner@2c4ca0f9)</span>
                <span class="method-start">83566 ms</span>
              </div> <!-- test-method -->
              <div class="configuration-method after">
                <span class="method-name">Reports([TestResult name=executeTestcase status=SKIP method=Driver.executeTestcase(org.testng.ITestContext)[...)</span>
                <span class="method-start">83569 ms</span>
              </div> <!-- configuration-method after -->
              <div class="test-method">
                <span class="method-name">executeTestcase(org.testng.TestRunner@2c4ca0f9)</span>
                <span class="method-start">83674 ms</span>
              </div> <!-- test-method -->
              <div class="configuration-method after">
                <span class="method-name">Reports([TestResult name=executeTestcase status=SKIP method=Driver.executeTestcase(org.testng.ITestContext)[...)</span>
                <span class="method-start">83676 ms</span>
              </div> <!-- configuration-method after -->
              <div class="test-method">
                <span class="method-name">executeTestcase(org.testng.TestRunner@2c4ca0f9)</span>
                <span class="method-start">83790 ms</span>
              </div> <!-- test-method -->
              <div class="configuration-method after">
                <span class="method-name">Reports([TestResult name=executeTestcase status=SKIP method=Driver.executeTestcase(org.testng.ITestContext)[...)</span>
                <span class="method-start">83794 ms</span>
              </div> <!-- configuration-method after -->
              <div class="test-method">
                <span class="method-name">executeTestcase(org.testng.TestRunner@2c4ca0f9)</span>
                <span class="method-start">83898 ms</span>
              </div> <!-- test-method -->
              <div class="configuration-method after">
                <span class="method-name">Reports([TestResult name=executeTestcase status=SKIP method=Driver.executeTestcase(org.testng.ITestContext)[...)</span>
                <span class="method-start">83901 ms</span>
              </div> <!-- configuration-method after -->
              <div class="test-method">
                <span class="method-name">executeTestcase(org.testng.TestRunner@2c4ca0f9)</span>
                <span class="method-start">84005 ms</span>
              </div> <!-- test-method -->
              <div class="configuration-method after">
                <span class="method-name">Reports([TestResult name=executeTestcase status=SKIP method=Driver.executeTestcase(org.testng.ITestContext)[...)</span>
                <span class="method-start">84008 ms</span>
              </div> <!-- configuration-method after -->
              <div class="test-method">
                <span class="method-name">executeTestcase(org.testng.TestRunner@2c4ca0f9)</span>
                <span class="method-start">84118 ms</span>
              </div> <!-- test-method -->
              <div class="configuration-method after">
                <span class="method-name">Reports([TestResult name=executeTestcase status=SKIP method=Driver.executeTestcase(org.testng.ITestContext)[...)</span>
                <span class="method-start">84122 ms</span>
              </div> <!-- configuration-method after -->
              <div class="test-method">
                <span class="method-name">executeTestcase(org.testng.TestRunner@2c4ca0f9)</span>
                <span class="method-start">84226 ms</span>
              </div> <!-- test-method -->
              <div class="configuration-method after">
                <span class="method-name">Reports([TestResult name=executeTestcase status=SKIP method=Driver.executeTestcase(org.testng.ITestContext)[...)</span>
                <span class="method-start">84229 ms</span>
              </div> <!-- configuration-method after -->
              <div class="test-method">
                <span class="method-name">executeTestcase(org.testng.TestRunner@2c4ca0f9)</span>
                <span class="method-start">84330 ms</span>
              </div> <!-- test-method -->
              <div class="configuration-method after">
                <span class="method-name">Reports([TestResult name=executeTestcase status=SKIP method=Driver.executeTestcase(org.testng.ITestContext)[...)</span>
                <span class="method-start">84333 ms</span>
              </div> <!-- configuration-method after -->
              <div class="test-method">
                <span class="method-name">executeTestcase(org.testng.TestRunner@2c4ca0f9)</span>
                <span class="method-start">84437 ms</span>
              </div> <!-- test-method -->
              <div class="configuration-method after">
                <span class="method-name">Reports([TestResult name=executeTestcase status=SKIP method=Driver.executeTestcase(org.testng.ITestContext)[...)</span>
                <span class="method-start">84440 ms</span>
              </div> <!-- configuration-method after -->
              <div class="test-method">
                <span class="method-name">executeTestcase(org.testng.TestRunner@2c4ca0f9)</span>
                <span class="method-start">84539 ms</span>
              </div> <!-- test-method -->
              <div class="configuration-method after">
                <span class="method-name">Reports([TestResult name=executeTestcase status=SKIP method=Driver.executeTestcase(org.testng.ITestContext)[...)</span>
                <span class="method-start">84542 ms</span>
              </div> <!-- configuration-method after -->
              <div class="test-method">
                <span class="method-name">executeTestcase(org.testng.TestRunner@2c4ca0f9)</span>
                <span class="method-start">84646 ms</span>
              </div> <!-- test-method -->
              <div class="configuration-method after">
                <span class="method-name">Reports([TestResult name=executeTestcase status=SKIP method=Driver.executeTestcase(org.testng.ITestContext)[...)</span>
                <span class="method-start">84649 ms</span>
              </div> <!-- configuration-method after -->
              <div class="test-method">
                <span class="method-name">executeTestcase(org.testng.TestRunner@2c4ca0f9)</span>
                <span class="method-start">84763 ms</span>
              </div> <!-- test-method -->
              <div class="configuration-method after">
                <span class="method-name">Reports([TestResult name=executeTestcase status=SKIP method=Driver.executeTestcase(org.testng.ITestContext)[...)</span>
                <span class="method-start">84766 ms</span>
              </div> <!-- configuration-method after -->
              <div class="test-method">
                <span class="method-name">executeTestcase(org.testng.TestRunner@2c4ca0f9)</span>
                <span class="method-start">84872 ms</span>
              </div> <!-- test-method -->
              <div class="configuration-method after">
                <span class="method-name">Reports([TestResult name=executeTestcase status=SKIP method=Driver.executeTestcase(org.testng.ITestContext)[...)</span>
                <span class="method-start">84875 ms</span>
              </div> <!-- configuration-method after -->
              <div class="test-method">
                <span class="method-name">executeTestcase(org.testng.TestRunner@2c4ca0f9)</span>
                <span class="method-start">84981 ms</span>
              </div> <!-- test-method -->
              <div class="configuration-method after">
                <span class="method-name">Reports([TestResult name=executeTestcase status=SKIP method=Driver.executeTestcase(org.testng.ITestContext)[...)</span>
                <span class="method-start">84984 ms</span>
              </div> <!-- configuration-method after -->
              <div class="test-method">
                <span class="method-name">executeTestcase(org.testng.TestRunner@2c4ca0f9)</span>
                <span class="method-start">85088 ms</span>
              </div> <!-- test-method -->
              <div class="configuration-method after">
                <span class="method-name">Reports([TestResult name=executeTestcase status=SKIP method=Driver.executeTestcase(org.testng.ITestContext)[...)</span>
                <span class="method-start">85091 ms</span>
              </div> <!-- configuration-method after -->
              <div class="test-method">
                <span class="method-name">executeTestcase(org.testng.TestRunner@2c4ca0f9)</span>
                <span class="method-start">85202 ms</span>
              </div> <!-- test-method -->
              <div class="configuration-method after">
                <span class="method-name">Reports([TestResult name=executeTestcase status=SKIP method=Driver.executeTestcase(org.testng.ITestContext)[...)</span>
                <span class="method-start">85206 ms</span>
              </div> <!-- configuration-method after -->
              <div class="test-method">
                <span class="method-name">executeTestcase(org.testng.TestRunner@2c4ca0f9)</span>
                <span class="method-start">85321 ms</span>
              </div> <!-- test-method -->
              <div class="configuration-method after">
                <span class="method-name">Reports([TestResult name=executeTestcase status=SKIP method=Driver.executeTestcase(org.testng.ITestContext)[...)</span>
                <span class="method-start">85324 ms</span>
              </div> <!-- configuration-method after -->
              <div class="test-method">
                <span class="method-name">executeTestcase(org.testng.TestRunner@2c4ca0f9)</span>
                <span class="method-start">85426 ms</span>
              </div> <!-- test-method -->
              <div class="configuration-method after">
                <span class="method-name">Reports([TestResult name=executeTestcase status=SKIP method=Driver.executeTestcase(org.testng.ITestContext)[...)</span>
                <span class="method-start">85430 ms</span>
              </div> <!-- configuration-method after -->
              <div class="test-method">
                <span class="method-name">executeTestcase(org.testng.TestRunner@2c4ca0f9)</span>
                <span class="method-start">85535 ms</span>
              </div> <!-- test-method -->
              <div class="configuration-method after">
                <span class="method-name">Reports([TestResult name=executeTestcase status=SKIP method=Driver.executeTestcase(org.testng.ITestContext)[...)</span>
                <span class="method-start">85538 ms</span>
              </div> <!-- configuration-method after -->
              <div class="test-method">
                <span class="method-name">executeTestcase(org.testng.TestRunner@2c4ca0f9)</span>
                <span class="method-start">85648 ms</span>
              </div> <!-- test-method -->
              <div class="configuration-method after">
                <span class="method-name">Reports([TestResult name=executeTestcase status=SKIP method=Driver.executeTestcase(org.testng.ITestContext)[...)</span>
                <span class="method-start">85651 ms</span>
              </div> <!-- configuration-method after -->
              <div class="test-method">
                <span class="method-name">executeTestcase(org.testng.TestRunner@2c4ca0f9)</span>
                <span class="method-start">85759 ms</span>
              </div> <!-- test-method -->
              <div class="configuration-method after">
                <span class="method-name">Reports([TestResult name=executeTestcase status=SKIP method=Driver.executeTestcase(org.testng.ITestContext)[...)</span>
                <span class="method-start">85761 ms</span>
              </div> <!-- configuration-method after -->
              <div class="test-method">
                <span class="method-name">executeTestcase(org.testng.TestRunner@2c4ca0f9)</span>
                <span class="method-start">85859 ms</span>
              </div> <!-- test-method -->
              <div class="configuration-method after">
                <span class="method-name">Reports([TestResult name=executeTestcase status=SKIP method=Driver.executeTestcase(org.testng.ITestContext)[...)</span>
                <span class="method-start">85862 ms</span>
              </div> <!-- configuration-method after -->
              <div class="test-method">
                <span class="method-name">executeTestcase(org.testng.TestRunner@2c4ca0f9)</span>
                <span class="method-start">85961 ms</span>
              </div> <!-- test-method -->
              <div class="configuration-method after">
                <span class="method-name">Reports([TestResult name=executeTestcase status=SKIP method=Driver.executeTestcase(org.testng.ITestContext)[...)</span>
                <span class="method-start">85964 ms</span>
              </div> <!-- configuration-method after -->
              <div class="test-method">
                <span class="method-name">executeTestcase(org.testng.TestRunner@2c4ca0f9)</span>
                <span class="method-start">86077 ms</span>
              </div> <!-- test-method -->
              <div class="configuration-method after">
                <span class="method-name">Reports([TestResult name=executeTestcase status=SKIP method=Driver.executeTestcase(org.testng.ITestContext)[...)</span>
                <span class="method-start">86081 ms</span>
              </div> <!-- configuration-method after -->
              <div class="test-method">
                <span class="method-name">executeTestcase(org.testng.TestRunner@2c4ca0f9)</span>
                <span class="method-start">86199 ms</span>
              </div> <!-- test-method -->
              <div class="configuration-method after">
                <span class="method-name">Reports([TestResult name=executeTestcase status=SKIP method=Driver.executeTestcase(org.testng.ITestContext)[...)</span>
                <span class="method-start">86203 ms</span>
              </div> <!-- configuration-method after -->
              <div class="test-method">
                <span class="method-name">executeTestcase(org.testng.TestRunner@2c4ca0f9)</span>
                <span class="method-start">86313 ms</span>
              </div> <!-- test-method -->
              <div class="configuration-method after">
                <span class="method-name">Reports([TestResult name=executeTestcase status=SKIP method=Driver.executeTestcase(org.testng.ITestContext)[...)</span>
                <span class="method-start">86316 ms</span>
              </div> <!-- configuration-method after -->
              <div class="test-method">
                <span class="method-name">executeTestcase(org.testng.TestRunner@2c4ca0f9)</span>
                <span class="method-start">86429 ms</span>
              </div> <!-- test-method -->
              <div class="configuration-method after">
                <span class="method-name">Reports([TestResult name=executeTestcase status=SKIP method=Driver.executeTestcase(org.testng.ITestContext)[...)</span>
                <span class="method-start">86432 ms</span>
              </div> <!-- configuration-method after -->
              <div class="test-method">
                <span class="method-name">executeTestcase(org.testng.TestRunner@2c4ca0f9)</span>
                <span class="method-start">86547 ms</span>
              </div> <!-- test-method -->
              <div class="configuration-method after">
                <span class="method-name">Reports([TestResult name=executeTestcase status=SKIP method=Driver.executeTestcase(org.testng.ITestContext)[...)</span>
                <span class="method-start">86550 ms</span>
              </div> <!-- configuration-method after -->
              <div class="test-method">
                <span class="method-name">executeTestcase(org.testng.TestRunner@2c4ca0f9)</span>
                <span class="method-start">86657 ms</span>
              </div> <!-- test-method -->
              <div class="configuration-method after">
                <span class="method-name">Reports([TestResult name=executeTestcase status=SKIP method=Driver.executeTestcase(org.testng.ITestContext)[...)</span>
                <span class="method-start">86661 ms</span>
              </div> <!-- configuration-method after -->
              <div class="test-method">
                <span class="method-name">executeTestcase(org.testng.TestRunner@2c4ca0f9)</span>
                <span class="method-start">86768 ms</span>
              </div> <!-- test-method -->
              <div class="configuration-method after">
                <span class="method-name">Reports([TestResult name=executeTestcase status=SKIP method=Driver.executeTestcase(org.testng.ITestContext)[...)</span>
                <span class="method-start">86770 ms</span>
              </div> <!-- configuration-method after -->
              <div class="test-method">
                <span class="method-name">executeTestcase(org.testng.TestRunner@2c4ca0f9)</span>
                <span class="method-start">86874 ms</span>
              </div> <!-- test-method -->
              <div class="configuration-method after">
                <span class="method-name">Reports([TestResult name=executeTestcase status=SKIP method=Driver.executeTestcase(org.testng.ITestContext)[...)</span>
                <span class="method-start">86877 ms</span>
              </div> <!-- configuration-method after -->
              <div class="test-method">
                <span class="method-name">executeTestcase(org.testng.TestRunner@2c4ca0f9)</span>
                <span class="method-start">86990 ms</span>
              </div> <!-- test-method -->
              <div class="configuration-method after">
                <span class="method-name">Reports([TestResult name=executeTestcase status=SKIP method=Driver.executeTestcase(org.testng.ITestContext)[...)</span>
                <span class="method-start">86993 ms</span>
              </div> <!-- configuration-method after -->
              <div class="test-method">
                <span class="method-name">executeTestcase(org.testng.TestRunner@2c4ca0f9)</span>
                <span class="method-start">87094 ms</span>
              </div> <!-- test-method -->
              <div class="configuration-method after">
                <span class="method-name">Reports([TestResult name=executeTestcase status=SKIP method=Driver.executeTestcase(org.testng.ITestContext)[...)</span>
                <span class="method-start">87097 ms</span>
              </div> <!-- configuration-method after -->
              <div class="test-method">
                <span class="method-name">executeTestcase(org.testng.TestRunner@2c4ca0f9)</span>
                <span class="method-start">87206 ms</span>
              </div> <!-- test-method -->
              <div class="configuration-method after">
                <span class="method-name">Reports([TestResult name=executeTestcase status=SKIP method=Driver.executeTestcase(org.testng.ITestContext)[...)</span>
                <span class="method-start">87209 ms</span>
              </div> <!-- configuration-method after -->
              <div class="test-method">
                <span class="method-name">executeTestcase(org.testng.TestRunner@2c4ca0f9)</span>
                <span class="method-start">87309 ms</span>
              </div> <!-- test-method -->
              <div class="configuration-method after">
                <span class="method-name">Reports([TestResult name=executeTestcase status=SKIP method=Driver.executeTestcase(org.testng.ITestContext)[...)</span>
                <span class="method-start">87312 ms</span>
              </div> <!-- configuration-method after -->
              <div class="test-method">
                <span class="method-name">executeTestcase(org.testng.TestRunner@2c4ca0f9)</span>
                <span class="method-start">87425 ms</span>
              </div> <!-- test-method -->
              <div class="configuration-method after">
                <span class="method-name">Reports([TestResult name=executeTestcase status=SKIP method=Driver.executeTestcase(org.testng.ITestContext)[...)</span>
                <span class="method-start">87428 ms</span>
              </div> <!-- configuration-method after -->
              <div class="test-method">
                <span class="method-name">executeTestcase(org.testng.TestRunner@2c4ca0f9)</span>
                <span class="method-start">87529 ms</span>
              </div> <!-- test-method -->
              <div class="configuration-method after">
                <span class="method-name">Reports([TestResult name=executeTestcase status=SKIP method=Driver.executeTestcase(org.testng.ITestContext)[...)</span>
                <span class="method-start">87532 ms</span>
              </div> <!-- configuration-method after -->
              <div class="test-method">
                <span class="method-name">executeTestcase(org.testng.TestRunner@2c4ca0f9)</span>
                <span class="method-start">87633 ms</span>
              </div> <!-- test-method -->
              <div class="configuration-method after">
                <span class="method-name">Reports([TestResult name=executeTestcase status=SKIP method=Driver.executeTestcase(org.testng.ITestContext)[...)</span>
                <span class="method-start">87636 ms</span>
              </div> <!-- configuration-method after -->
              <div class="test-method">
                <span class="method-name">executeTestcase(org.testng.TestRunner@2c4ca0f9)</span>
                <span class="method-start">87736 ms</span>
              </div> <!-- test-method -->
              <div class="configuration-method after">
                <span class="method-name">Reports([TestResult name=executeTestcase status=SKIP method=Driver.executeTestcase(org.testng.ITestContext)[...)</span>
                <span class="method-start">87739 ms</span>
              </div> <!-- configuration-method after -->
              <div class="test-method">
                <span class="method-name">executeTestcase(org.testng.TestRunner@2c4ca0f9)</span>
                <span class="method-start">87845 ms</span>
              </div> <!-- test-method -->
              <div class="configuration-method after">
                <span class="method-name">Reports([TestResult name=executeTestcase status=SKIP method=Driver.executeTestcase(org.testng.ITestContext)[...)</span>
                <span class="method-start">87848 ms</span>
              </div> <!-- configuration-method after -->
              <div class="test-method">
                <span class="method-name">executeTestcase(org.testng.TestRunner@2c4ca0f9)</span>
                <span class="method-start">87958 ms</span>
              </div> <!-- test-method -->
              <div class="configuration-method after">
                <span class="method-name">Reports([TestResult name=executeTestcase status=SKIP method=Driver.executeTestcase(org.testng.ITestContext)[...)</span>
                <span class="method-start">87960 ms</span>
              </div> <!-- configuration-method after -->
              <div class="configuration-suite after">
                <span class="method-name">tearDown</span>
                <span class="method-start">88173 ms</span>
              </div> <!-- configuration-suite after -->
          </div> <!-- main-panel-content rounded-window-bottom -->
        </div> <!-- panel -->
      </div> <!-- main-panel-root -->
    </div> <!-- wrapper -->
  </body>
<script type="text/javascript" src="testng-reports2.js"></script>
</html>
